<?xml version="1.0" encoding="UTF-8"?>
<coverage generated="1641324398368" clover="3.2.0">
  <project timestamp="1641324398368" name="All files">
    <metrics statements="1026" coveredstatements="679" conditionals="368" coveredconditionals="198" methods="328" coveredmethods="224" elements="1722" coveredelements="1101" complexity="0" loc="1026" ncloc="1026" packages="1" files="2" classes="2"/>
    <file name="dao.js" path="C:\Users\dadix\Desktop\scuola\magistrale\sofEngII\SPG3\SoftEngII-P08-SPG\server\dao.js">
      <metrics statements="528" coveredstatements="359" conditionals="170" coveredconditionals="84" methods="194" coveredmethods="149"/>
      <line num="4" count="2" type="stmt"/>
      <line num="5" count="2" type="stmt"/>
      <line num="8" count="2" type="stmt"/>
      <line num="11" count="2" type="stmt"/>
      <line num="14" count="2" type="cond" truecount="1" falsecount="1"/>
      <line num="19" count="2" type="stmt"/>
      <line num="20" count="2" type="stmt"/>
      <line num="21" count="2" type="stmt"/>
      <line num="22" count="2" type="stmt"/>
      <line num="23" count="2" type="cond" truecount="1" falsecount="1"/>
      <line num="24" count="0" type="stmt"/>
      <line num="25" count="2" type="cond" truecount="1" falsecount="1"/>
      <line num="26" count="0" type="stmt"/>
      <line num="28" count="2" type="stmt"/>
      <line num="30" count="2" type="stmt"/>
      <line num="44" count="2" type="stmt"/>
      <line num="45" count="2" type="stmt"/>
      <line num="46" count="2" type="stmt"/>
      <line num="47" count="2" type="stmt"/>
      <line num="48" count="2" type="cond" truecount="1" falsecount="1"/>
      <line num="49" count="0" type="stmt"/>
      <line num="50" count="2" type="cond" truecount="1" falsecount="1"/>
      <line num="51" count="0" type="stmt"/>
      <line num="53" count="2" type="stmt"/>
      <line num="55" count="6" type="stmt"/>
      <line num="67" count="2" type="stmt"/>
      <line num="68" count="6" type="stmt"/>
      <line num="69" count="6" type="stmt"/>
      <line num="70" count="6" type="stmt"/>
      <line num="71" count="6" type="cond" truecount="1" falsecount="1"/>
      <line num="72" count="0" type="stmt"/>
      <line num="73" count="6" type="cond" truecount="2" falsecount="0"/>
      <line num="74" count="2" type="stmt"/>
      <line num="76" count="4" type="stmt"/>
      <line num="83" count="4" type="stmt"/>
      <line num="84" count="4" type="cond" truecount="2" falsecount="0"/>
      <line num="85" count="2" type="stmt"/>
      <line num="93" count="2" type="stmt"/>
      <line num="94" count="2" type="stmt"/>
      <line num="95" count="2" type="stmt"/>
      <line num="96" count="2" type="stmt"/>
      <line num="97" count="2" type="cond" truecount="1" falsecount="1"/>
      <line num="98" count="0" type="stmt"/>
      <line num="99" count="2" type="cond" truecount="2" falsecount="0"/>
      <line num="100" count="1" type="stmt"/>
      <line num="102" count="1" type="stmt"/>
      <line num="103" count="1" type="stmt"/>
      <line num="110" count="2" type="stmt"/>
      <line num="111" count="6" type="stmt"/>
      <line num="112" count="6" type="stmt"/>
      <line num="113" count="6" type="stmt"/>
      <line num="114" count="6" type="cond" truecount="1" falsecount="1"/>
      <line num="115" count="0" type="stmt"/>
      <line num="116" count="6" type="cond" truecount="2" falsecount="0"/>
      <line num="117" count="4" type="stmt"/>
      <line num="118" count="4" type="stmt"/>
      <line num="120" count="2" type="stmt"/>
      <line num="121" count="2" type="stmt"/>
      <line num="128" count="2" type="stmt"/>
      <line num="129" count="6" type="stmt"/>
      <line num="130" count="6" type="stmt"/>
      <line num="131" count="6" type="stmt"/>
      <line num="132" count="6" type="cond" truecount="1" falsecount="1"/>
      <line num="133" count="0" type="stmt"/>
      <line num="134" count="6" type="cond" truecount="2" falsecount="0"/>
      <line num="135" count="2" type="stmt"/>
      <line num="137" count="4" type="stmt"/>
      <line num="139" count="4" type="stmt"/>
      <line num="140" count="4" type="cond" truecount="2" falsecount="0"/>
      <line num="141" count="2" type="stmt"/>
      <line num="149" count="2" type="stmt"/>
      <line num="150" count="6" type="stmt"/>
      <line num="151" count="6" type="stmt"/>
      <line num="152" count="6" type="stmt"/>
      <line num="153" count="6" type="cond" truecount="1" falsecount="1"/>
      <line num="154" count="0" type="stmt"/>
      <line num="155" count="6" type="cond" truecount="2" falsecount="0"/>
      <line num="156" count="2" type="stmt"/>
      <line num="158" count="4" type="stmt"/>
      <line num="160" count="4" type="stmt"/>
      <line num="161" count="4" type="cond" truecount="2" falsecount="0"/>
      <line num="162" count="2" type="stmt"/>
      <line num="170" count="2" type="stmt"/>
      <line num="171" count="6" type="stmt"/>
      <line num="172" count="6" type="stmt"/>
      <line num="173" count="6" type="stmt"/>
      <line num="174" count="6" type="cond" truecount="1" falsecount="1"/>
      <line num="175" count="0" type="stmt"/>
      <line num="176" count="6" type="cond" truecount="2" falsecount="0"/>
      <line num="177" count="2" type="stmt"/>
      <line num="179" count="4" type="stmt"/>
      <line num="181" count="4" type="stmt"/>
      <line num="182" count="4" type="cond" truecount="2" falsecount="0"/>
      <line num="183" count="2" type="stmt"/>
      <line num="191" count="2" type="stmt"/>
      <line num="192" count="2" type="stmt"/>
      <line num="193" count="2" type="stmt"/>
      <line num="194" count="2" type="stmt"/>
      <line num="195" count="2" type="cond" truecount="1" falsecount="1"/>
      <line num="196" count="0" type="stmt"/>
      <line num="197" count="2" type="cond" truecount="2" falsecount="0"/>
      <line num="198" count="1" type="stmt"/>
      <line num="200" count="1" type="stmt"/>
      <line num="201" count="1" type="stmt"/>
      <line num="208" count="2" type="stmt"/>
      <line num="209" count="2" type="stmt"/>
      <line num="210" count="2" type="stmt"/>
      <line num="211" count="2" type="stmt"/>
      <line num="212" count="2" type="cond" truecount="1" falsecount="1"/>
      <line num="213" count="0" type="stmt"/>
      <line num="214" count="2" type="cond" truecount="2" falsecount="0"/>
      <line num="215" count="1" type="stmt"/>
      <line num="217" count="1" type="stmt"/>
      <line num="218" count="1" type="stmt"/>
      <line num="225" count="2" type="stmt"/>
      <line num="226" count="0" type="stmt"/>
      <line num="227" count="0" type="stmt"/>
      <line num="228" count="0" type="stmt"/>
      <line num="229" count="0" type="cond" truecount="0" falsecount="2"/>
      <line num="230" count="0" type="stmt"/>
      <line num="231" count="0" type="cond" truecount="0" falsecount="2"/>
      <line num="232" count="0" type="stmt"/>
      <line num="234" count="0" type="stmt"/>
      <line num="241" count="0" type="stmt"/>
      <line num="242" count="0" type="cond" truecount="0" falsecount="2"/>
      <line num="243" count="0" type="stmt"/>
      <line num="251" count="2" type="stmt"/>
      <line num="252" count="0" type="stmt"/>
      <line num="253" count="0" type="stmt"/>
      <line num="254" count="0" type="stmt"/>
      <line num="255" count="0" type="cond" truecount="0" falsecount="2"/>
      <line num="256" count="0" type="stmt"/>
      <line num="257" count="0" type="cond" truecount="0" falsecount="2"/>
      <line num="258" count="0" type="stmt"/>
      <line num="260" count="0" type="stmt"/>
      <line num="261" count="0" type="stmt"/>
      <line num="268" count="2" type="stmt"/>
      <line num="269" count="2" type="stmt"/>
      <line num="270" count="2" type="stmt"/>
      <line num="271" count="2" type="stmt"/>
      <line num="272" count="2" type="cond" truecount="1" falsecount="1"/>
      <line num="273" count="0" type="stmt"/>
      <line num="274" count="2" type="cond" truecount="2" falsecount="0"/>
      <line num="275" count="1" type="stmt"/>
      <line num="277" count="1" type="stmt"/>
      <line num="278" count="1" type="stmt"/>
      <line num="285" count="2" type="stmt"/>
      <line num="286" count="2" type="stmt"/>
      <line num="288" count="2" type="stmt"/>
      <line num="289" count="2" type="stmt"/>
      <line num="290" count="2" type="cond" truecount="1" falsecount="1"/>
      <line num="291" count="0" type="stmt"/>
      <line num="292" count="0" type="stmt"/>
      <line num="294" count="2" type="stmt"/>
      <line num="300" count="2" type="stmt"/>
      <line num="301" count="4" type="stmt"/>
      <line num="302" count="4" type="stmt"/>
      <line num="303" count="4" type="stmt"/>
      <line num="304" count="4" type="cond" truecount="2" falsecount="0"/>
      <line num="305" count="2" type="stmt"/>
      <line num="306" count="2" type="stmt"/>
      <line num="308" count="2" type="stmt"/>
      <line num="314" count="2" type="stmt"/>
      <line num="315" count="3" type="stmt"/>
      <line num="317" count="3" type="stmt"/>
      <line num="318" count="3" type="stmt"/>
      <line num="326" count="3" type="cond" truecount="1" falsecount="1"/>
      <line num="327" count="0" type="stmt"/>
      <line num="329" count="3" type="stmt"/>
      <line num="336" count="2" type="stmt"/>
      <line num="337" count="0" type="stmt"/>
      <line num="339" count="0" type="stmt"/>
      <line num="340" count="0" type="stmt"/>
      <line num="348" count="0" type="cond" truecount="0" falsecount="2"/>
      <line num="349" count="0" type="stmt"/>
      <line num="351" count="0" type="stmt"/>
      <line num="358" count="2" type="stmt"/>
      <line num="359" count="0" type="stmt"/>
      <line num="360" count="0" type="stmt"/>
      <line num="361" count="0" type="stmt"/>
      <line num="362" count="0" type="cond" truecount="0" falsecount="2"/>
      <line num="363" count="0" type="stmt"/>
      <line num="364" count="0" type="stmt"/>
      <line num="365" count="0" type="cond" truecount="0" falsecount="2"/>
      <line num="366" count="0" type="stmt"/>
      <line num="368" count="0" type="stmt"/>
      <line num="375" count="2" type="stmt"/>
      <line num="376" count="2" type="stmt"/>
      <line num="377" count="2" type="stmt"/>
      <line num="378" count="2" type="stmt"/>
      <line num="379" count="2" type="cond" truecount="1" falsecount="1"/>
      <line num="380" count="0" type="stmt"/>
      <line num="381" count="0" type="stmt"/>
      <line num="383" count="2" type="stmt"/>
      <line num="384" count="2" type="stmt"/>
      <line num="392" count="2" type="stmt"/>
      <line num="393" count="2" type="stmt"/>
      <line num="394" count="2" type="stmt"/>
      <line num="395" count="2" type="cond" truecount="1" falsecount="1"/>
      <line num="396" count="0" type="stmt"/>
      <line num="397" count="0" type="stmt"/>
      <line num="399" count="2" type="stmt"/>
      <line num="406" count="2" type="stmt"/>
      <line num="407" count="3" type="stmt"/>
      <line num="408" count="3" type="stmt"/>
      <line num="409" count="3" type="stmt"/>
      <line num="410" count="3" type="cond" truecount="1" falsecount="1"/>
      <line num="411" count="0" type="stmt"/>
      <line num="412" count="0" type="stmt"/>
      <line num="414" count="3" type="stmt"/>
      <line num="421" count="2" type="stmt"/>
      <line num="422" count="2" type="stmt"/>
      <line num="423" count="2" type="stmt"/>
      <line num="424" count="2" type="stmt"/>
      <line num="425" count="2" type="cond" truecount="1" falsecount="1"/>
      <line num="426" count="0" type="stmt"/>
      <line num="427" count="0" type="stmt"/>
      <line num="429" count="2" type="stmt"/>
      <line num="436" count="2" type="stmt"/>
      <line num="437" count="2" type="stmt"/>
      <line num="439" count="2" type="stmt"/>
      <line num="440" count="2" type="stmt"/>
      <line num="441" count="2" type="cond" truecount="1" falsecount="1"/>
      <line num="442" count="0" type="stmt"/>
      <line num="443" count="0" type="stmt"/>
      <line num="445" count="2" type="stmt"/>
      <line num="452" count="2" type="stmt"/>
      <line num="453" count="5" type="stmt"/>
      <line num="454" count="5" type="stmt"/>
      <line num="455" count="5" type="stmt"/>
      <line num="456" count="5" type="cond" truecount="1" falsecount="1"/>
      <line num="459" count="5" type="stmt"/>
      <line num="460" count="5" type="stmt"/>
      <line num="473" count="5" type="cond" truecount="1" falsecount="1"/>
      <line num="474" count="0" type="stmt"/>
      <line num="475" count="0" type="stmt"/>
      <line num="477" count="5" type="stmt"/>
      <line num="486" count="2" type="stmt"/>
      <line num="487" count="2" type="stmt"/>
      <line num="488" count="2" type="stmt"/>
      <line num="489" count="2" type="stmt"/>
      <line num="490" count="2" type="cond" truecount="1" falsecount="1"/>
      <line num="491" count="0" type="stmt"/>
      <line num="493" count="2" type="stmt"/>
      <line num="500" count="2" type="stmt"/>
      <line num="501" count="0" type="stmt"/>
      <line num="502" count="0" type="stmt"/>
      <line num="503" count="0" type="stmt"/>
      <line num="504" count="0" type="cond" truecount="0" falsecount="2"/>
      <line num="505" count="0" type="stmt"/>
      <line num="507" count="0" type="stmt"/>
      <line num="514" count="2" type="stmt"/>
      <line num="515" count="0" type="stmt"/>
      <line num="516" count="0" type="stmt"/>
      <line num="517" count="0" type="stmt"/>
      <line num="518" count="0" type="cond" truecount="0" falsecount="2"/>
      <line num="519" count="0" type="stmt"/>
      <line num="520" count="0" type="stmt"/>
      <line num="521" count="0" type="cond" truecount="0" falsecount="2"/>
      <line num="522" count="0" type="stmt"/>
      <line num="524" count="0" type="stmt"/>
      <line num="525" count="0" type="stmt"/>
      <line num="532" count="2" type="stmt"/>
      <line num="533" count="0" type="stmt"/>
      <line num="534" count="0" type="stmt"/>
      <line num="535" count="0" type="stmt"/>
      <line num="536" count="0" type="cond" truecount="0" falsecount="2"/>
      <line num="537" count="0" type="stmt"/>
      <line num="538" count="0" type="cond" truecount="0" falsecount="2"/>
      <line num="539" count="0" type="stmt"/>
      <line num="541" count="0" type="stmt"/>
      <line num="542" count="0" type="stmt"/>
      <line num="548" count="2" type="stmt"/>
      <line num="549" count="7" type="stmt"/>
      <line num="551" count="7" type="stmt"/>
      <line num="552" count="7" type="stmt"/>
      <line num="556" count="7" type="cond" truecount="2" falsecount="0"/>
      <line num="557" count="4" type="stmt"/>
      <line num="558" count="4" type="stmt"/>
      <line num="560" count="3" type="stmt"/>
      <line num="567" count="2" type="stmt"/>
      <line num="568" count="2" type="stmt"/>
      <line num="570" count="2" type="stmt"/>
      <line num="571" count="2" type="stmt"/>
      <line num="572" count="2" type="cond" truecount="1" falsecount="1"/>
      <line num="573" count="0" type="stmt"/>
      <line num="574" count="0" type="stmt"/>
      <line num="576" count="2" type="stmt"/>
      <line num="586" count="2" type="stmt"/>
      <line num="592" count="2" type="stmt"/>
      <line num="593" count="3" type="stmt"/>
      <line num="595" count="3" type="stmt"/>
      <line num="597" count="3" type="stmt"/>
      <line num="598" count="3" type="cond" truecount="1" falsecount="1"/>
      <line num="599" count="0" type="stmt"/>
      <line num="600" count="0" type="stmt"/>
      <line num="602" count="3" type="stmt"/>
      <line num="613" count="3" type="stmt"/>
      <line num="619" count="2" type="stmt"/>
      <line num="620" count="3" type="stmt"/>
      <line num="622" count="3" type="stmt"/>
      <line num="623" count="3" type="stmt"/>
      <line num="624" count="3" type="cond" truecount="1" falsecount="1"/>
      <line num="625" count="0" type="stmt"/>
      <line num="626" count="0" type="stmt"/>
      <line num="628" count="3" type="stmt"/>
      <line num="638" count="3" type="stmt"/>
      <line num="644" count="2" type="stmt"/>
      <line num="645" count="2" type="stmt"/>
      <line num="647" count="2" type="stmt"/>
      <line num="648" count="2" type="stmt"/>
      <line num="649" count="2" type="cond" truecount="1" falsecount="1"/>
      <line num="650" count="0" type="stmt"/>
      <line num="651" count="0" type="stmt"/>
      <line num="653" count="2" type="stmt"/>
      <line num="654" count="2" type="stmt"/>
      <line num="664" count="2" type="stmt"/>
      <line num="665" count="2" type="cond" truecount="1" falsecount="1"/>
      <line num="666" count="0" type="stmt"/>
      <line num="671" count="2" type="stmt"/>
      <line num="687" count="2" type="stmt"/>
      <line num="688" count="2" type="stmt"/>
      <line num="695" count="2" type="stmt"/>
      <line num="696" count="2" type="stmt"/>
      <line num="698" count="2" type="stmt"/>
      <line num="699" count="2" type="stmt"/>
      <line num="700" count="2" type="cond" truecount="1" falsecount="1"/>
      <line num="701" count="0" type="stmt"/>
      <line num="702" count="0" type="stmt"/>
      <line num="704" count="3" type="stmt"/>
      <line num="711" count="2" type="stmt"/>
      <line num="717" count="2" type="stmt"/>
      <line num="718" count="2" type="stmt"/>
      <line num="720" count="2" type="stmt"/>
      <line num="721" count="2" type="stmt"/>
      <line num="722" count="2" type="cond" truecount="1" falsecount="1"/>
      <line num="723" count="0" type="stmt"/>
      <line num="724" count="0" type="stmt"/>
      <line num="726" count="2" type="stmt"/>
      <line num="727" count="2" type="stmt"/>
      <line num="740" count="2" type="stmt"/>
      <line num="741" count="0" type="cond" truecount="0" falsecount="2"/>
      <line num="742" count="0" type="stmt"/>
      <line num="747" count="0" type="stmt"/>
      <line num="765" count="2" type="stmt"/>
      <line num="766" count="2" type="stmt"/>
      <line num="772" count="2" type="stmt"/>
      <line num="773" count="4" type="stmt"/>
      <line num="775" count="4" type="stmt"/>
      <line num="776" count="4" type="stmt"/>
      <line num="777" count="4" type="cond" truecount="1" falsecount="1"/>
      <line num="778" count="0" type="stmt"/>
      <line num="779" count="0" type="stmt"/>
      <line num="781" count="4" type="stmt"/>
      <line num="790" count="4" type="stmt"/>
      <line num="791" count="4" type="stmt"/>
      <line num="793" count="4" type="stmt"/>
      <line num="799" count="2" type="stmt"/>
      <line num="800" count="6" type="stmt"/>
      <line num="801" count="6" type="stmt"/>
      <line num="802" count="6" type="stmt"/>
      <line num="803" count="6" type="cond" truecount="1" falsecount="1"/>
      <line num="804" count="0" type="stmt"/>
      <line num="805" count="0" type="stmt"/>
      <line num="807" count="6" type="cond" truecount="2" falsecount="0"/>
      <line num="808" count="2" type="stmt"/>
      <line num="809" count="2" type="stmt"/>
      <line num="811" count="4" type="cond" truecount="2" falsecount="0"/>
      <line num="812" count="2" type="stmt"/>
      <line num="813" count="2" type="stmt"/>
      <line num="814" count="2" type="stmt"/>
      <line num="820" count="2" type="stmt"/>
      <line num="821" count="3" type="stmt"/>
      <line num="822" count="3" type="stmt"/>
      <line num="823" count="3" type="stmt"/>
      <line num="824" count="3" type="cond" truecount="2" falsecount="0"/>
      <line num="825" count="1" type="stmt"/>
      <line num="826" count="1" type="stmt"/>
      <line num="828" count="2" type="stmt"/>
      <line num="834" count="2" type="stmt"/>
      <line num="835" count="2" type="stmt"/>
      <line num="837" count="2" type="stmt"/>
      <line num="838" count="2" type="stmt"/>
      <line num="839" count="2" type="cond" truecount="1" falsecount="1"/>
      <line num="840" count="0" type="stmt"/>
      <line num="841" count="0" type="stmt"/>
      <line num="844" count="2" type="stmt"/>
      <line num="851" count="2" type="stmt"/>
      <line num="857" count="2" type="stmt"/>
      <line num="858" count="2" type="stmt"/>
      <line num="860" count="2" type="stmt"/>
      <line num="861" count="2" type="stmt"/>
      <line num="862" count="2" type="cond" truecount="1" falsecount="1"/>
      <line num="863" count="0" type="stmt"/>
      <line num="864" count="0" type="stmt"/>
      <line num="867" count="2" type="stmt"/>
      <line num="877" count="2" type="stmt"/>
      <line num="883" count="2" type="stmt"/>
      <line num="884" count="2" type="stmt"/>
      <line num="886" count="2" type="stmt"/>
      <line num="887" count="2" type="stmt"/>
      <line num="897" count="2" type="cond" truecount="1" falsecount="1"/>
      <line num="898" count="2" type="stmt"/>
      <line num="899" count="2" type="stmt"/>
      <line num="901" count="0" type="stmt"/>
      <line num="909" count="2" type="stmt"/>
      <line num="910" count="2" type="stmt"/>
      <line num="912" count="2" type="stmt"/>
      <line num="913" count="2" type="stmt"/>
      <line num="914" count="2" type="cond" truecount="1" falsecount="1"/>
      <line num="915" count="0" type="stmt"/>
      <line num="916" count="2" type="cond" truecount="1" falsecount="1"/>
      <line num="917" count="0" type="stmt"/>
      <line num="919" count="2" type="stmt"/>
      <line num="921" count="2" type="stmt"/>
      <line num="935" count="2" type="stmt"/>
      <line num="936" count="2" type="stmt"/>
      <line num="938" count="2" type="stmt"/>
      <line num="939" count="2" type="stmt"/>
      <line num="955" count="2" type="cond" truecount="1" falsecount="1"/>
      <line num="956" count="0" type="stmt"/>
      <line num="957" count="0" type="stmt"/>
      <line num="959" count="2" type="stmt"/>
      <line num="966" count="2" type="stmt"/>
      <line num="967" count="1" type="stmt"/>
      <line num="968" count="1" type="stmt"/>
      <line num="969" count="1" type="stmt"/>
      <line num="970" count="1" type="cond" truecount="1" falsecount="1"/>
      <line num="971" count="0" type="stmt"/>
      <line num="972" count="0" type="stmt"/>
      <line num="973" count="1" type="cond" truecount="1" falsecount="1"/>
      <line num="974" count="0" type="stmt"/>
      <line num="975" count="0" type="stmt"/>
      <line num="977" count="1" type="stmt"/>
      <line num="985" count="2" type="stmt"/>
      <line num="986" count="2" type="stmt"/>
      <line num="987" count="2" type="stmt"/>
      <line num="988" count="2" type="stmt"/>
      <line num="989" count="2" type="cond" truecount="1" falsecount="1"/>
      <line num="990" count="0" type="stmt"/>
      <line num="991" count="0" type="stmt"/>
      <line num="992" count="2" type="cond" truecount="1" falsecount="1"/>
      <line num="993" count="0" type="stmt"/>
      <line num="994" count="0" type="stmt"/>
      <line num="996" count="2" type="stmt"/>
      <line num="1002" count="2" type="stmt"/>
      <line num="1008" count="2" type="stmt"/>
      <line num="1009" count="6" type="stmt"/>
      <line num="1011" count="6" type="stmt"/>
      <line num="1012" count="6" type="stmt"/>
      <line num="1013" count="6" type="cond" truecount="1" falsecount="1"/>
      <line num="1014" count="0" type="stmt"/>
      <line num="1015" count="0" type="stmt"/>
      <line num="1016" count="6" type="cond" truecount="1" falsecount="1"/>
      <line num="1017" count="0" type="stmt"/>
      <line num="1018" count="0" type="stmt"/>
      <line num="1020" count="6" type="stmt"/>
      <line num="1030" count="6" type="stmt"/>
      <line num="1036" count="2" type="stmt"/>
      <line num="1037" count="0" type="stmt"/>
      <line num="1038" count="0" type="stmt"/>
      <line num="1039" count="0" type="stmt"/>
      <line num="1047" count="0" type="cond" truecount="0" falsecount="2"/>
      <line num="1048" count="0" type="stmt"/>
      <line num="1049" count="0" type="stmt"/>
      <line num="1051" count="0" type="stmt"/>
      <line num="1059" count="2" type="stmt"/>
      <line num="1060" count="118" type="stmt"/>
      <line num="1061" count="1298" type="cond" truecount="1" falsecount="1"/>
      <line num="1062" count="0" type="stmt"/>
      <line num="1065" count="118" type="cond" truecount="1" falsecount="1"/>
      <line num="1068" count="118" type="stmt"/>
      <line num="1072" count="118" type="stmt"/>
      <line num="1076" count="118" type="stmt"/>
      <line num="1077" count="118" type="stmt"/>
      <line num="1079" count="118" type="stmt"/>
      <line num="1080" count="118" type="stmt"/>
      <line num="1082" count="118" type="stmt"/>
      <line num="1086" count="118" type="stmt"/>
      <line num="1089" count="118" type="stmt"/>
      <line num="1093" count="118" type="stmt"/>
      <line num="1097" count="118" type="stmt"/>
      <line num="1098" count="118" type="stmt"/>
      <line num="1100" count="118" type="stmt"/>
      <line num="1104" count="118" type="stmt"/>
      <line num="1108" count="118" type="stmt"/>
      <line num="1112" count="118" type="stmt"/>
      <line num="1116" count="118" type="stmt"/>
      <line num="1120" count="118" type="stmt"/>
      <line num="1124" count="118" type="stmt"/>
      <line num="1125" count="118" type="stmt"/>
      <line num="1128" count="118" type="stmt"/>
      <line num="1132" count="118" type="stmt"/>
      <line num="1141" count="2" type="stmt"/>
      <line num="1142" count="0" type="stmt"/>
      <line num="1144" count="0" type="stmt"/>
      <line num="1148" count="0" type="stmt"/>
      <line num="1149" count="0" type="cond" truecount="0" falsecount="2"/>
      <line num="1150" count="0" type="stmt"/>
      <line num="1151" count="0" type="stmt"/>
      <line num="1154" count="0" type="stmt"/>
      <line num="1160" count="0" type="stmt"/>
      <line num="1167" count="2" type="stmt"/>
      <line num="1168" count="0" type="stmt"/>
      <line num="1169" count="0" type="stmt"/>
      <line num="1170" count="0" type="stmt"/>
      <line num="1171" count="0" type="cond" truecount="0" falsecount="2"/>
      <line num="1172" count="0" type="stmt"/>
      <line num="1173" count="0" type="stmt"/>
      <line num="1175" count="0" type="stmt"/>
      <line num="1182" count="2" type="stmt"/>
      <line num="1183" count="0" type="stmt"/>
      <line num="1185" count="0" type="stmt"/>
      <line num="1189" count="0" type="stmt"/>
      <line num="1190" count="0" type="cond" truecount="0" falsecount="2"/>
      <line num="1191" count="0" type="stmt"/>
      <line num="1192" count="0" type="stmt"/>
      <line num="1195" count="0" type="stmt"/>
      <line num="1201" count="0" type="stmt"/>
      <line num="1208" count="2" type="stmt"/>
      <line num="1209" count="0" type="stmt"/>
      <line num="1211" count="0" type="stmt"/>
      <line num="1217" count="0" type="stmt"/>
      <line num="1218" count="0" type="cond" truecount="0" falsecount="2"/>
      <line num="1219" count="0" type="stmt"/>
      <line num="1220" count="0" type="stmt"/>
      <line num="1223" count="0" type="stmt"/>
      <line num="1228" count="0" type="stmt"/>
    </file>
    <file name="server.js" path="C:\Users\dadix\Desktop\scuola\magistrale\sofEngII\SPG3\SoftEngII-P08-SPG\server\server.js">
      <metrics statements="498" coveredstatements="320" conditionals="198" coveredconditionals="114" methods="134" coveredmethods="75"/>
      <line num="3" count="1" type="stmt"/>
      <line num="4" count="1" type="stmt"/>
      <line num="5" count="1" type="stmt"/>
      <line num="6" count="1" type="stmt"/>
      <line num="7" count="1" type="stmt"/>
      <line num="8" count="1" type="stmt"/>
      <line num="9" count="1" type="stmt"/>
      <line num="11" count="1" type="stmt"/>
      <line num="12" count="1" type="stmt"/>
      <line num="15" count="1" type="stmt"/>
      <line num="16" count="1" type="stmt"/>
      <line num="19" count="1" type="stmt"/>
      <line num="22" count="1" type="stmt"/>
      <line num="23" count="78" type="stmt"/>
      <line num="27" count="1" type="stmt"/>
      <line num="28" count="1" type="stmt"/>
      <line num="31" count="1" type="stmt"/>
      <line num="39" count="1" type="stmt"/>
      <line num="42" count="1" type="stmt"/>
      <line num="43" count="1" type="stmt"/>
      <line num="47" count="1" type="stmt"/>
      <line num="50" count="2" type="stmt"/>
      <line num="53" count="2" type="cond" truecount="2" falsecount="0"/>
      <line num="54" count="1" type="stmt"/>
      <line num="57" count="1" type="stmt"/>
      <line num="60" count="0" type="stmt"/>
      <line num="65" count="1" type="stmt"/>
      <line num="68" count="2" type="stmt"/>
      <line num="71" count="2" type="cond" truecount="2" falsecount="0"/>
      <line num="72" count="1" type="stmt"/>
      <line num="75" count="1" type="stmt"/>
      <line num="78" count="0" type="stmt"/>
      <line num="83" count="1" type="stmt"/>
      <line num="86" count="0" type="stmt"/>
      <line num="89" count="0" type="cond" truecount="0" falsecount="2"/>
      <line num="90" count="0" type="stmt"/>
      <line num="93" count="0" type="stmt"/>
      <line num="96" count="0" type="stmt"/>
      <line num="101" count="1" type="stmt"/>
      <line num="104" count="2" type="stmt"/>
      <line num="107" count="2" type="cond" truecount="2" falsecount="0"/>
      <line num="108" count="1" type="stmt"/>
      <line num="111" count="1" type="stmt"/>
      <line num="114" count="0" type="stmt"/>
      <line num="119" count="1" type="stmt"/>
      <line num="122" count="2" type="stmt"/>
      <line num="125" count="2" type="cond" truecount="2" falsecount="0"/>
      <line num="126" count="1" type="stmt"/>
      <line num="129" count="1" type="stmt"/>
      <line num="132" count="0" type="stmt"/>
      <line num="137" count="1" type="stmt"/>
      <line num="138" count="4" type="stmt"/>
      <line num="141" count="1" type="stmt"/>
      <line num="143" count="0" type="stmt"/>
      <line num="144" count="0" type="stmt"/>
      <line num="146" count="0" type="cond" truecount="0" falsecount="2"/>
      <line num="147" count="0" type="stmt"/>
      <line num="150" count="0" type="stmt"/>
      <line num="153" count="0" type="stmt"/>
      <line num="156" count="0" type="cond" truecount="0" falsecount="2"/>
      <line num="157" count="0" type="stmt"/>
      <line num="160" count="0" type="stmt"/>
      <line num="163" count="0" type="stmt"/>
      <line num="166" count="0" type="cond" truecount="0" falsecount="2"/>
      <line num="167" count="0" type="stmt"/>
      <line num="170" count="0" type="stmt"/>
      <line num="173" count="0" type="stmt"/>
      <line num="176" count="0" type="cond" truecount="0" falsecount="2"/>
      <line num="177" count="0" type="stmt"/>
      <line num="180" count="0" type="stmt"/>
      <line num="183" count="0" type="stmt"/>
      <line num="186" count="0" type="cond" truecount="0" falsecount="2"/>
      <line num="187" count="0" type="stmt"/>
      <line num="190" count="0" type="stmt"/>
      <line num="193" count="0" type="stmt"/>
      <line num="199" count="1" type="stmt"/>
      <line num="200" count="1" type="stmt"/>
      <line num="203" count="1" type="stmt"/>
      <line num="204" count="70" type="cond" truecount="1" falsecount="1"/>
      <line num="205" count="70" type="stmt"/>
      <line num="207" count="0" type="cond" truecount="0" falsecount="2"/>
      <line num="208" count="0" type="stmt"/>
      <line num="215" count="1" type="stmt"/>
      <line num="216" count="2" type="stmt"/>
      <line num="217" count="2" type="cond" truecount="1" falsecount="1"/>
      <line num="218" count="2" type="cond" truecount="2" falsecount="0"/>
      <line num="220" count="1" type="stmt"/>
      <line num="223" count="1" type="stmt"/>
      <line num="224" count="1" type="cond" truecount="1" falsecount="1"/>
      <line num="228" count="1" type="stmt"/>
      <line num="234" count="1" type="stmt"/>
      <line num="235" count="2" type="stmt"/>
      <line num="236" count="2" type="cond" truecount="1" falsecount="1"/>
      <line num="237" count="2" type="cond" truecount="2" falsecount="0"/>
      <line num="239" count="1" type="stmt"/>
      <line num="242" count="1" type="stmt"/>
      <line num="243" count="1" type="cond" truecount="1" falsecount="1"/>
      <line num="247" count="1" type="stmt"/>
      <line num="253" count="1" type="stmt"/>
      <line num="254" count="0" type="stmt"/>
      <line num="255" count="0" type="cond" truecount="0" falsecount="2"/>
      <line num="256" count="0" type="cond" truecount="0" falsecount="2"/>
      <line num="258" count="0" type="stmt"/>
      <line num="261" count="0" type="stmt"/>
      <line num="262" count="0" type="cond" truecount="0" falsecount="2"/>
      <line num="266" count="0" type="stmt"/>
      <line num="272" count="1" type="stmt"/>
      <line num="273" count="2" type="stmt"/>
      <line num="274" count="2" type="cond" truecount="1" falsecount="1"/>
      <line num="275" count="2" type="cond" truecount="2" falsecount="0"/>
      <line num="277" count="1" type="stmt"/>
      <line num="280" count="1" type="stmt"/>
      <line num="281" count="1" type="cond" truecount="1" falsecount="1"/>
      <line num="285" count="1" type="stmt"/>
      <line num="291" count="1" type="stmt"/>
      <line num="292" count="2" type="stmt"/>
      <line num="293" count="2" type="cond" truecount="1" falsecount="1"/>
      <line num="294" count="2" type="cond" truecount="2" falsecount="0"/>
      <line num="296" count="1" type="stmt"/>
      <line num="299" count="1" type="stmt"/>
      <line num="300" count="1" type="cond" truecount="1" falsecount="1"/>
      <line num="304" count="1" type="stmt"/>
      <line num="310" count="1" type="stmt"/>
      <line num="311" count="0" type="stmt"/>
      <line num="312" count="0" type="stmt"/>
      <line num="316" count="1" type="stmt"/>
      <line num="317" count="0" type="stmt"/>
      <line num="321" count="1" type="stmt"/>
      <line num="322" count="1" type="stmt"/>
      <line num="325" count="1" type="stmt"/>
      <line num="328" count="0" type="stmt"/>
      <line num="335" count="1" type="stmt"/>
      <line num="336" count="3" type="cond" truecount="2" falsecount="0"/>
      <line num="337" count="1" type="stmt"/>
      <line num="340" count="2" type="stmt"/>
      <line num="343" count="2" type="cond" truecount="2" falsecount="0"/>
      <line num="344" count="1" type="stmt"/>
      <line num="346" count="1" type="stmt"/>
      <line num="350" count="0" type="stmt"/>
      <line num="358" count="1" type="stmt"/>
      <line num="359" count="1" type="stmt"/>
      <line num="362" count="1" type="stmt"/>
      <line num="365" count="0" type="stmt"/>
      <line num="372" count="1" type="stmt"/>
      <line num="373" count="1" type="cond" truecount="1" falsecount="1"/>
      <line num="374" count="0" type="stmt"/>
      <line num="379" count="1" type="cond" truecount="1" falsecount="1"/>
      <line num="380" count="0" type="stmt"/>
      <line num="383" count="1" type="stmt"/>
      <line num="391" count="1" type="stmt"/>
      <line num="392" count="1" type="stmt"/>
      <line num="394" count="0" type="stmt"/>
      <line num="400" count="1" type="stmt"/>
      <line num="404" count="1" type="stmt"/>
      <line num="405" count="3" type="cond" truecount="2" falsecount="0"/>
      <line num="406" count="2" type="stmt"/>
      <line num="411" count="1" type="stmt"/>
      <line num="418" count="1" type="stmt"/>
      <line num="419" count="1" type="stmt"/>
      <line num="421" count="0" type="stmt"/>
      <line num="427" count="1" type="stmt"/>
      <line num="431" count="1" type="stmt"/>
      <line num="432" count="5" type="cond" truecount="2" falsecount="0"/>
      <line num="433" count="1" type="stmt"/>
      <line num="436" count="4" type="cond" truecount="2" falsecount="0"/>
      <line num="437" count="1" type="stmt"/>
      <line num="440" count="3" type="cond" truecount="2" falsecount="0"/>
      <line num="441" count="1" type="stmt"/>
      <line num="444" count="2" type="cond" truecount="2" falsecount="0"/>
      <line num="445" count="1" type="stmt"/>
      <line num="448" count="1" type="stmt"/>
      <line num="455" count="1" type="stmt"/>
      <line num="458" count="1" type="cond" truecount="1" falsecount="1"/>
      <line num="459" count="0" type="stmt"/>
      <line num="465" count="0" type="stmt"/>
      <line num="472" count="1" type="stmt"/>
      <line num="473" count="1" type="stmt"/>
      <line num="474" count="1" type="stmt"/>
      <line num="475" count="1" type="stmt"/>
      <line num="477" count="0" type="stmt"/>
      <line num="485" count="1" type="stmt"/>
      <line num="486" count="3" type="stmt"/>
      <line num="487" count="3" type="cond" truecount="2" falsecount="0"/>
      <line num="493" count="2" type="stmt"/>
      <line num="494" count="2" type="cond" truecount="1" falsecount="1"/>
      <line num="503" count="2" type="stmt"/>
      <line num="505" count="0" type="stmt"/>
      <line num="510" count="0" type="stmt"/>
      <line num="511" count="0" type="stmt"/>
      <line num="513" count="0" type="stmt"/>
      <line num="517" count="1" type="stmt"/>
      <line num="520" count="0" type="cond" truecount="0" falsecount="2"/>
      <line num="522" count="0" type="stmt"/>
      <line num="524" count="0" type="stmt"/>
      <line num="532" count="1" type="stmt"/>
      <line num="533" count="0" type="stmt"/>
      <line num="534" count="0" type="cond" truecount="0" falsecount="2"/>
      <line num="540" count="0" type="stmt"/>
      <line num="545" count="0" type="stmt"/>
      <line num="546" count="0" type="stmt"/>
      <line num="548" count="0" type="stmt"/>
      <line num="553" count="0" type="cond" truecount="0" falsecount="2"/>
      <line num="555" count="0" type="stmt"/>
      <line num="557" count="0" type="stmt"/>
      <line num="565" count="1" type="stmt"/>
      <line num="566" count="2" type="cond" truecount="2" falsecount="0"/>
      <line num="567" count="1" type="stmt"/>
      <line num="571" count="1" type="cond" truecount="1" falsecount="1"/>
      <line num="572" count="1" type="stmt"/>
      <line num="577" count="0" type="stmt"/>
      <line num="582" count="0" type="stmt"/>
      <line num="583" count="0" type="stmt"/>
      <line num="585" count="0" type="stmt"/>
      <line num="591" count="0" type="stmt"/>
      <line num="595" count="1" type="stmt"/>
      <line num="596" count="3" type="cond" truecount="2" falsecount="0"/>
      <line num="597" count="1" type="stmt"/>
      <line num="599" count="2" type="cond" truecount="2" falsecount="0"/>
      <line num="600" count="1" type="stmt"/>
      <line num="605" count="1" type="stmt"/>
      <line num="610" count="1" type="stmt"/>
      <line num="611" count="1" type="stmt"/>
      <line num="613" count="0" type="stmt"/>
      <line num="619" count="1" type="stmt"/>
      <line num="623" count="1" type="stmt"/>
      <line num="624" count="0" type="cond" truecount="0" falsecount="2"/>
      <line num="625" count="0" type="stmt"/>
      <line num="627" count="0" type="cond" truecount="0" falsecount="2"/>
      <line num="628" count="0" type="stmt"/>
      <line num="633" count="0" type="stmt"/>
      <line num="638" count="0" type="stmt"/>
      <line num="639" count="0" type="stmt"/>
      <line num="641" count="0" type="stmt"/>
      <line num="647" count="0" type="stmt"/>
      <line num="651" count="1" type="stmt"/>
      <line num="652" count="2" type="stmt"/>
      <line num="653" count="2" type="cond" truecount="2" falsecount="0"/>
      <line num="654" count="1" type="stmt"/>
      <line num="659" count="1" type="stmt"/>
      <line num="660" count="1" type="stmt"/>
      <line num="662" count="0" type="stmt"/>
      <line num="668" count="1" type="stmt"/>
      <line num="672" count="1" type="stmt"/>
      <line num="673" count="1" type="cond" truecount="1" falsecount="1"/>
      <line num="674" count="0" type="stmt"/>
      <line num="678" count="1" type="cond" truecount="1" falsecount="1"/>
      <line num="679" count="0" type="stmt"/>
      <line num="683" count="1" type="stmt"/>
      <line num="684" count="1" type="stmt"/>
      <line num="686" count="0" type="stmt"/>
      <line num="692" count="1" type="stmt"/>
      <line num="696" count="1" type="stmt"/>
      <line num="697" count="7" type="cond" truecount="2" falsecount="0"/>
      <line num="698" count="1" type="stmt"/>
      <line num="702" count="6" type="cond" truecount="2" falsecount="0"/>
      <line num="703" count="1" type="stmt"/>
      <line num="707" count="5" type="cond" truecount="2" falsecount="0"/>
      <line num="708" count="1" type="stmt"/>
      <line num="712" count="4" type="cond" truecount="2" falsecount="0"/>
      <line num="713" count="1" type="stmt"/>
      <line num="717" count="3" type="cond" truecount="2" falsecount="0"/>
      <line num="718" count="1" type="stmt"/>
      <line num="720" count="2" type="cond" truecount="2" falsecount="0"/>
      <line num="721" count="1" type="stmt"/>
      <line num="725" count="1" type="stmt"/>
      <line num="738" count="1" type="stmt"/>
      <line num="739" count="1" type="stmt"/>
      <line num="740" count="1" type="stmt"/>
      <line num="742" count="0" type="stmt"/>
      <line num="749" count="1" type="stmt"/>
      <line num="753" count="7" type="cond" truecount="2" falsecount="0"/>
      <line num="754" count="1" type="stmt"/>
      <line num="758" count="6" type="cond" truecount="2" falsecount="0"/>
      <line num="759" count="1" type="stmt"/>
      <line num="763" count="5" type="cond" truecount="2" falsecount="0"/>
      <line num="764" count="1" type="stmt"/>
      <line num="768" count="4" type="cond" truecount="2" falsecount="0"/>
      <line num="769" count="1" type="stmt"/>
      <line num="773" count="3" type="cond" truecount="2" falsecount="0"/>
      <line num="774" count="1" type="stmt"/>
      <line num="778" count="2" type="cond" truecount="2" falsecount="0"/>
      <line num="779" count="1" type="stmt"/>
      <line num="783" count="1" type="stmt"/>
      <line num="796" count="1" type="stmt"/>
      <line num="797" count="1" type="stmt"/>
      <line num="799" count="0" type="stmt"/>
      <line num="802" count="0" type="stmt"/>
      <line num="806" count="1" type="stmt"/>
      <line num="811" count="1" type="stmt"/>
      <line num="812" count="2" type="cond" truecount="2" falsecount="0"/>
      <line num="813" count="1" type="stmt"/>
      <line num="818" count="1" type="stmt"/>
      <line num="825" count="1" type="stmt"/>
      <line num="826" count="1" type="stmt"/>
      <line num="828" count="0" type="stmt"/>
      <line num="834" count="1" type="stmt"/>
      <line num="838" count="1" type="stmt"/>
      <line num="839" count="0" type="cond" truecount="0" falsecount="2"/>
      <line num="840" count="0" type="stmt"/>
      <line num="845" count="0" type="stmt"/>
      <line num="852" count="0" type="stmt"/>
      <line num="853" count="0" type="stmt"/>
      <line num="855" count="0" type="stmt"/>
      <line num="861" count="0" type="stmt"/>
      <line num="865" count="1" type="stmt"/>
      <line num="866" count="1" type="stmt"/>
      <line num="869" count="1" type="stmt"/>
      <line num="872" count="0" type="stmt"/>
      <line num="877" count="1" type="stmt"/>
      <line num="878" count="1" type="cond" truecount="1" falsecount="1"/>
      <line num="879" count="1" type="stmt"/>
      <line num="886" count="0" type="stmt"/>
      <line num="887" count="0" type="stmt"/>
      <line num="889" count="0" type="stmt"/>
      <line num="895" count="0" type="stmt"/>
      <line num="899" count="1" type="stmt"/>
      <line num="900" count="2" type="cond" truecount="2" falsecount="0"/>
      <line num="901" count="1" type="stmt"/>
      <line num="906" count="1" type="stmt"/>
      <line num="909" count="1" type="stmt"/>
      <line num="912" count="0" type="stmt"/>
      <line num="917" count="1" type="stmt"/>
      <line num="918" count="1" type="stmt"/>
      <line num="921" count="1" type="stmt"/>
      <line num="924" count="0" type="stmt"/>
      <line num="929" count="1" type="stmt"/>
      <line num="930" count="1" type="stmt"/>
      <line num="933" count="1" type="stmt"/>
      <line num="936" count="0" type="stmt"/>
      <line num="941" count="1" type="stmt"/>
      <line num="942" count="1" type="stmt"/>
      <line num="945" count="1" type="stmt"/>
      <line num="948" count="0" type="stmt"/>
      <line num="953" count="1" type="stmt"/>
      <line num="954" count="3" type="cond" truecount="2" falsecount="0"/>
      <line num="955" count="1" type="stmt"/>
      <line num="959" count="2" type="stmt"/>
      <line num="960" count="2" type="stmt"/>
      <line num="963" count="2" type="stmt"/>
      <line num="966" count="0" type="stmt"/>
      <line num="971" count="1" type="stmt"/>
      <line num="972" count="1" type="stmt"/>
      <line num="975" count="1" type="stmt"/>
      <line num="978" count="0" type="stmt"/>
      <line num="983" count="1" type="stmt"/>
      <line num="984" count="2" type="stmt"/>
      <line num="985" count="2" type="stmt"/>
      <line num="988" count="2" type="stmt"/>
      <line num="991" count="0" type="stmt"/>
      <line num="996" count="1" type="stmt"/>
      <line num="997" count="4" type="cond" truecount="2" falsecount="0"/>
      <line num="998" count="1" type="stmt"/>
      <line num="1002" count="3" type="stmt"/>
      <line num="1007" count="3" type="stmt"/>
      <line num="1010" count="1" type="stmt"/>
      <line num="1013" count="2" type="stmt"/>
      <line num="1018" count="1" type="stmt"/>
      <line num="1019" count="1" type="stmt"/>
      <line num="1022" count="1" type="stmt"/>
      <line num="1025" count="0" type="stmt"/>
      <line num="1031" count="1" type="stmt"/>
      <line num="1033" count="1" type="stmt"/>
      <line num="1034" count="1" type="stmt"/>
      <line num="1035" count="1" type="stmt"/>
      <line num="1036" count="1" type="cond" truecount="1" falsecount="1"/>
      <line num="1038" count="1" type="stmt"/>
      <line num="1039" count="1" type="stmt"/>
      <line num="1041" count="1" type="stmt"/>
      <line num="1042" count="1" type="stmt"/>
      <line num="1044" count="0" type="stmt"/>
      <line num="1048" count="0" type="stmt"/>
      <line num="1051" count="1" type="cond" truecount="1" falsecount="1"/>
      <line num="1053" count="0" type="stmt"/>
      <line num="1055" count="1" type="stmt"/>
      <line num="1062" count="1" type="stmt"/>
      <line num="1063" count="1" type="stmt"/>
      <line num="1065" count="1" type="stmt"/>
      <line num="1066" count="1" type="cond" truecount="1" falsecount="1"/>
      <line num="1069" count="1" type="cond" truecount="1" falsecount="1"/>
      <line num="1070" count="0" type="stmt"/>
      <line num="1078" count="1" type="stmt"/>
      <line num="1079" count="1" type="cond" truecount="1" falsecount="1"/>
      <line num="1080" count="1" type="stmt"/>
      <line num="1084" count="1" type="stmt"/>
      <line num="1085" count="1" type="stmt"/>
      <line num="1087" count="1" type="stmt"/>
      <line num="1089" count="0" type="stmt"/>
      <line num="1099" count="1" type="stmt"/>
      <line num="1100" count="1" type="stmt"/>
      <line num="1102" count="1" type="stmt"/>
      <line num="1106" count="1" type="stmt"/>
      <line num="1107" count="1" type="stmt"/>
      <line num="1122" count="1" type="stmt"/>
      <line num="1123" count="1" type="stmt"/>
      <line num="1125" count="0" type="stmt"/>
      <line num="1131" count="1" type="stmt"/>
      <line num="1135" count="1" type="stmt"/>
      <line num="1136" count="1" type="stmt"/>
      <line num="1137" count="1" type="cond" truecount="1" falsecount="1"/>
      <line num="1138" count="0" type="stmt"/>
      <line num="1142" count="1" type="stmt"/>
      <line num="1145" count="1" type="stmt"/>
      <line num="1148" count="0" type="stmt"/>
      <line num="1153" count="1" type="stmt"/>
      <line num="1155" count="3" type="stmt"/>
      <line num="1157" count="3" type="stmt"/>
      <line num="1158" count="4" type="cond" truecount="1" falsecount="1"/>
      <line num="1161" count="4" type="cond" truecount="1" falsecount="1"/>
      <line num="1162" count="0" type="stmt"/>
      <line num="1166" count="4" type="cond" truecount="2" falsecount="0"/>
      <line num="1167" count="2" type="stmt"/>
      <line num="1175" count="1" type="stmt"/>
      <line num="1176" count="2" type="cond" truecount="1" falsecount="1"/>
      <line num="1177" count="2" type="stmt"/>
      <line num="1182" count="2" type="stmt"/>
      <line num="1183" count="2" type="stmt"/>
      <line num="1185" count="0" type="stmt"/>
      <line num="1186" count="0" type="stmt"/>
      <line num="1190" count="1" type="cond" truecount="1" falsecount="1"/>
      <line num="1192" count="1" type="stmt"/>
      <line num="1194" count="0" type="stmt"/>
      <line num="1202" count="1" type="stmt"/>
      <line num="1203" count="0" type="stmt"/>
      <line num="1205" count="0" type="cond" truecount="0" falsecount="5"/>
      <line num="1206" count="0" type="stmt"/>
      <line num="1209" count="0" type="cond" truecount="0" falsecount="2"/>
      <line num="1210" count="0" type="stmt"/>
      <line num="1213" count="0" type="stmt"/>
      <line num="1214" count="0" type="stmt"/>
      <line num="1215" count="0" type="cond" truecount="0" falsecount="2"/>
      <line num="1216" count="0" type="stmt"/>
      <line num="1218" count="0" type="stmt"/>
      <line num="1219" count="0" type="stmt"/>
      <line num="1221" count="0" type="stmt"/>
      <line num="1223" count="0" type="stmt"/>
      <line num="1225" count="0" type="stmt"/>
      <line num="1232" count="0" type="stmt"/>
      <line num="1239" count="0" type="stmt"/>
      <line num="1243" count="1" type="stmt"/>
      <line num="1244" count="1" type="stmt"/>
      <line num="1245" count="1" type="stmt"/>
      <line num="1246" count="0" type="stmt"/>
      <line num="1250" count="1" type="stmt"/>
      <line num="1251" count="0" type="stmt"/>
      <line num="1255" count="1" type="stmt"/>
      <line num="1256" count="0" type="stmt"/>
      <line num="1257" count="0" type="stmt"/>
      <line num="1258" count="0" type="cond" truecount="0" falsecount="2"/>
      <line num="1260" count="0" type="stmt"/>
      <line num="1264" count="0" type="stmt"/>
      <line num="1265" count="0" type="stmt"/>
      <line num="1266" count="0" type="stmt"/>
      <line num="1267" count="0" type="stmt"/>
      <line num="1274" count="0" type="stmt"/>
      <line num="1275" count="0" type="stmt"/>
      <line num="1276" count="0" type="stmt"/>
      <line num="1281" count="0" type="stmt"/>
      <line num="1286" count="0" type="stmt"/>
      <line num="1292" count="0" type="cond" truecount="0" falsecount="2"/>
      <line num="1295" count="0" type="stmt"/>
      <line num="1297" count="0" type="stmt"/>
      <line num="1299" count="0" type="stmt"/>
      <line num="1301" count="0" type="stmt"/>
      <line num="1302" count="0" type="cond" truecount="0" falsecount="2"/>
      <line num="1304" count="0" type="stmt"/>
      <line num="1306" count="0" type="stmt"/>
      <line num="1311" count="0" type="stmt"/>
      <line num="1318" count="0" type="stmt"/>
      <line num="1320" count="0" type="stmt"/>
      <line num="1321" count="0" type="stmt"/>
      <line num="1328" count="0" type="cond" truecount="0" falsecount="2"/>
      <line num="1330" count="0" type="stmt"/>
      <line num="1331" count="0" type="stmt"/>
      <line num="1333" count="0" type="stmt"/>
      <line num="1334" count="0" type="cond" truecount="0" falsecount="2"/>
      <line num="1336" count="0" type="stmt"/>
      <line num="1338" count="0" type="stmt"/>
      <line num="1343" count="0" type="stmt"/>
      <line num="1357" count="0" type="stmt"/>
      <line num="1368" count="1" type="stmt"/>
      <line num="1369" count="2" type="stmt"/>
      <line num="1370" count="2" type="cond" truecount="2" falsecount="0"/>
      <line num="1371" count="1" type="stmt"/>
      <line num="1376" count="1" type="stmt"/>
      <line num="1379" count="1" type="stmt"/>
      <line num="1382" count="0" type="stmt"/>
      <line num="1387" count="1" type="stmt"/>
      <line num="1388" count="2" type="stmt"/>
      <line num="1389" count="2" type="stmt"/>
      <line num="1390" count="2" type="cond" truecount="2" falsecount="0"/>
      <line num="1391" count="1" type="stmt"/>
      <line num="1396" count="1" type="stmt"/>
      <line num="1399" count="1" type="stmt"/>
      <line num="1402" count="0" type="stmt"/>
      <line num="1407" count="1" type="stmt"/>
      <line num="1408" count="1" type="stmt"/>
      <line num="1411" count="1" type="stmt"/>
      <line num="1412" count="1" type="stmt"/>
    </file>
  </project>
</coverage>
