<?xml version="1.0" encoding="UTF-8"?>
<coverage generated="1639385801178" clover="3.2.0">
  <project timestamp="1639385801178" name="All files">
    <metrics statements="908" coveredstatements="652" conditionals="332" coveredconditionals="196" methods="294" coveredmethods="223" elements="1534" coveredelements="1071" complexity="0" loc="908" ncloc="908" packages="1" files="2" classes="2"/>
    <file name="dao.js" path="C:\Users\rocco\AppData\Roaming\SPB_Data\git\SPG-P08\SoftEngII-P08-SPG\server\dao.js">
      <metrics statements="472" coveredstatements="344" conditionals="156" coveredconditionals="84" methods="172" coveredmethods="149"/>
      <line num="4" count="2" type="stmt"/>
      <line num="5" count="2" type="stmt"/>
      <line num="8" count="2" type="stmt"/>
      <line num="11" count="2" type="stmt"/>
      <line num="14" count="2" type="cond" truecount="1" falsecount="1"/>
      <line num="19" count="2" type="stmt"/>
      <line num="20" count="2" type="stmt"/>
      <line num="21" count="2" type="stmt"/>
      <line num="22" count="2" type="stmt"/>
      <line num="23" count="2" type="cond" truecount="1" falsecount="1"/>
      <line num="24" count="0" type="stmt"/>
      <line num="25" count="2" type="cond" truecount="1" falsecount="1"/>
      <line num="26" count="0" type="stmt"/>
      <line num="28" count="2" type="stmt"/>
      <line num="30" count="2" type="stmt"/>
      <line num="44" count="2" type="stmt"/>
      <line num="45" count="2" type="stmt"/>
      <line num="46" count="2" type="stmt"/>
      <line num="47" count="2" type="stmt"/>
      <line num="48" count="2" type="cond" truecount="1" falsecount="1"/>
      <line num="49" count="0" type="stmt"/>
      <line num="50" count="2" type="cond" truecount="1" falsecount="1"/>
      <line num="51" count="0" type="stmt"/>
      <line num="53" count="2" type="stmt"/>
      <line num="55" count="6" type="stmt"/>
      <line num="67" count="2" type="stmt"/>
      <line num="68" count="6" type="stmt"/>
      <line num="69" count="6" type="stmt"/>
      <line num="70" count="6" type="stmt"/>
      <line num="71" count="6" type="cond" truecount="1" falsecount="1"/>
      <line num="72" count="0" type="stmt"/>
      <line num="73" count="6" type="cond" truecount="2" falsecount="0"/>
      <line num="74" count="2" type="stmt"/>
      <line num="76" count="4" type="stmt"/>
      <line num="83" count="4" type="stmt"/>
      <line num="84" count="4" type="cond" truecount="2" falsecount="0"/>
      <line num="85" count="2" type="stmt"/>
      <line num="93" count="2" type="stmt"/>
      <line num="94" count="2" type="stmt"/>
      <line num="95" count="2" type="stmt"/>
      <line num="96" count="2" type="stmt"/>
      <line num="97" count="2" type="cond" truecount="1" falsecount="1"/>
      <line num="98" count="0" type="stmt"/>
      <line num="99" count="2" type="cond" truecount="2" falsecount="0"/>
      <line num="100" count="1" type="stmt"/>
      <line num="102" count="1" type="stmt"/>
      <line num="103" count="1" type="stmt"/>
      <line num="110" count="2" type="stmt"/>
      <line num="111" count="6" type="stmt"/>
      <line num="112" count="6" type="stmt"/>
      <line num="113" count="6" type="stmt"/>
      <line num="114" count="6" type="cond" truecount="1" falsecount="1"/>
      <line num="115" count="0" type="stmt"/>
      <line num="116" count="6" type="cond" truecount="2" falsecount="0"/>
      <line num="117" count="4" type="stmt"/>
      <line num="118" count="4" type="stmt"/>
      <line num="120" count="2" type="stmt"/>
      <line num="121" count="2" type="stmt"/>
      <line num="128" count="2" type="stmt"/>
      <line num="129" count="6" type="stmt"/>
      <line num="130" count="6" type="stmt"/>
      <line num="131" count="6" type="stmt"/>
      <line num="132" count="6" type="cond" truecount="1" falsecount="1"/>
      <line num="133" count="0" type="stmt"/>
      <line num="134" count="6" type="cond" truecount="2" falsecount="0"/>
      <line num="135" count="2" type="stmt"/>
      <line num="137" count="4" type="stmt"/>
      <line num="139" count="4" type="stmt"/>
      <line num="140" count="4" type="cond" truecount="2" falsecount="0"/>
      <line num="141" count="2" type="stmt"/>
      <line num="149" count="2" type="stmt"/>
      <line num="150" count="6" type="stmt"/>
      <line num="151" count="6" type="stmt"/>
      <line num="152" count="6" type="stmt"/>
      <line num="153" count="6" type="cond" truecount="1" falsecount="1"/>
      <line num="154" count="0" type="stmt"/>
      <line num="155" count="6" type="cond" truecount="2" falsecount="0"/>
      <line num="156" count="2" type="stmt"/>
      <line num="158" count="4" type="stmt"/>
      <line num="160" count="4" type="stmt"/>
      <line num="161" count="4" type="cond" truecount="2" falsecount="0"/>
      <line num="162" count="2" type="stmt"/>
      <line num="170" count="2" type="stmt"/>
      <line num="171" count="6" type="stmt"/>
      <line num="172" count="6" type="stmt"/>
      <line num="173" count="6" type="stmt"/>
      <line num="174" count="6" type="cond" truecount="1" falsecount="1"/>
      <line num="175" count="0" type="stmt"/>
      <line num="176" count="6" type="cond" truecount="2" falsecount="0"/>
      <line num="177" count="2" type="stmt"/>
      <line num="179" count="4" type="stmt"/>
      <line num="181" count="4" type="stmt"/>
      <line num="182" count="4" type="cond" truecount="2" falsecount="0"/>
      <line num="183" count="2" type="stmt"/>
      <line num="191" count="2" type="stmt"/>
      <line num="192" count="2" type="stmt"/>
      <line num="193" count="2" type="stmt"/>
      <line num="194" count="2" type="stmt"/>
      <line num="195" count="2" type="cond" truecount="1" falsecount="1"/>
      <line num="196" count="0" type="stmt"/>
      <line num="197" count="2" type="cond" truecount="2" falsecount="0"/>
      <line num="198" count="1" type="stmt"/>
      <line num="200" count="1" type="stmt"/>
      <line num="201" count="1" type="stmt"/>
      <line num="208" count="2" type="stmt"/>
      <line num="209" count="2" type="stmt"/>
      <line num="210" count="2" type="stmt"/>
      <line num="211" count="2" type="stmt"/>
      <line num="212" count="2" type="cond" truecount="1" falsecount="1"/>
      <line num="213" count="0" type="stmt"/>
      <line num="214" count="2" type="cond" truecount="2" falsecount="0"/>
      <line num="215" count="1" type="stmt"/>
      <line num="217" count="1" type="stmt"/>
      <line num="218" count="1" type="stmt"/>
      <line num="225" count="2" type="stmt"/>
      <line num="226" count="0" type="stmt"/>
      <line num="227" count="0" type="stmt"/>
      <line num="228" count="0" type="stmt"/>
      <line num="229" count="0" type="cond" truecount="0" falsecount="2"/>
      <line num="230" count="0" type="stmt"/>
      <line num="231" count="0" type="cond" truecount="0" falsecount="2"/>
      <line num="232" count="0" type="stmt"/>
      <line num="234" count="0" type="stmt"/>
      <line num="241" count="0" type="stmt"/>
      <line num="242" count="0" type="cond" truecount="0" falsecount="2"/>
      <line num="243" count="0" type="stmt"/>
      <line num="251" count="2" type="stmt"/>
      <line num="252" count="0" type="stmt"/>
      <line num="253" count="0" type="stmt"/>
      <line num="254" count="0" type="stmt"/>
      <line num="255" count="0" type="cond" truecount="0" falsecount="2"/>
      <line num="256" count="0" type="stmt"/>
      <line num="257" count="0" type="cond" truecount="0" falsecount="2"/>
      <line num="258" count="0" type="stmt"/>
      <line num="260" count="0" type="stmt"/>
      <line num="261" count="0" type="stmt"/>
      <line num="268" count="2" type="stmt"/>
      <line num="269" count="2" type="stmt"/>
      <line num="270" count="2" type="stmt"/>
      <line num="271" count="2" type="stmt"/>
      <line num="272" count="2" type="cond" truecount="1" falsecount="1"/>
      <line num="273" count="0" type="stmt"/>
      <line num="274" count="2" type="cond" truecount="2" falsecount="0"/>
      <line num="275" count="1" type="stmt"/>
      <line num="277" count="1" type="stmt"/>
      <line num="278" count="1" type="stmt"/>
      <line num="285" count="2" type="stmt"/>
      <line num="286" count="2" type="stmt"/>
      <line num="288" count="2" type="stmt"/>
      <line num="289" count="2" type="stmt"/>
      <line num="290" count="2" type="cond" truecount="1" falsecount="1"/>
      <line num="291" count="0" type="stmt"/>
      <line num="292" count="0" type="stmt"/>
      <line num="294" count="2" type="stmt"/>
      <line num="300" count="2" type="stmt"/>
      <line num="301" count="4" type="stmt"/>
      <line num="302" count="4" type="stmt"/>
      <line num="303" count="4" type="stmt"/>
      <line num="304" count="4" type="cond" truecount="2" falsecount="0"/>
      <line num="305" count="2" type="stmt"/>
      <line num="306" count="2" type="stmt"/>
      <line num="308" count="2" type="stmt"/>
      <line num="314" count="2" type="stmt"/>
      <line num="315" count="1" type="stmt"/>
      <line num="317" count="1" type="stmt"/>
      <line num="318" count="1" type="stmt"/>
      <line num="326" count="1" type="cond" truecount="1" falsecount="1"/>
      <line num="327" count="0" type="stmt"/>
      <line num="329" count="1" type="stmt"/>
      <line num="336" count="2" type="stmt"/>
      <line num="337" count="0" type="stmt"/>
      <line num="338" count="0" type="stmt"/>
      <line num="339" count="0" type="stmt"/>
      <line num="340" count="0" type="cond" truecount="0" falsecount="2"/>
      <line num="341" count="0" type="stmt"/>
      <line num="342" count="0" type="stmt"/>
      <line num="343" count="0" type="cond" truecount="0" falsecount="2"/>
      <line num="344" count="0" type="stmt"/>
      <line num="346" count="0" type="stmt"/>
      <line num="353" count="2" type="stmt"/>
      <line num="354" count="2" type="stmt"/>
      <line num="355" count="2" type="stmt"/>
      <line num="356" count="2" type="stmt"/>
      <line num="357" count="2" type="cond" truecount="1" falsecount="1"/>
      <line num="358" count="0" type="stmt"/>
      <line num="359" count="0" type="stmt"/>
      <line num="361" count="2" type="stmt"/>
      <line num="362" count="2" type="stmt"/>
      <line num="370" count="2" type="stmt"/>
      <line num="371" count="2" type="stmt"/>
      <line num="372" count="2" type="stmt"/>
      <line num="373" count="2" type="cond" truecount="1" falsecount="1"/>
      <line num="374" count="0" type="stmt"/>
      <line num="375" count="0" type="stmt"/>
      <line num="377" count="2" type="stmt"/>
      <line num="384" count="2" type="stmt"/>
      <line num="385" count="3" type="stmt"/>
      <line num="386" count="3" type="stmt"/>
      <line num="387" count="3" type="stmt"/>
      <line num="388" count="3" type="cond" truecount="1" falsecount="1"/>
      <line num="389" count="0" type="stmt"/>
      <line num="390" count="0" type="stmt"/>
      <line num="392" count="3" type="stmt"/>
      <line num="399" count="2" type="stmt"/>
      <line num="400" count="2" type="stmt"/>
      <line num="401" count="2" type="stmt"/>
      <line num="402" count="2" type="stmt"/>
      <line num="403" count="2" type="cond" truecount="1" falsecount="1"/>
      <line num="404" count="0" type="stmt"/>
      <line num="405" count="0" type="stmt"/>
      <line num="407" count="2" type="stmt"/>
      <line num="414" count="2" type="stmt"/>
      <line num="415" count="5" type="stmt"/>
      <line num="416" count="5" type="stmt"/>
      <line num="417" count="5" type="stmt"/>
      <line num="421" count="5" type="cond" truecount="1" falsecount="1"/>
      <line num="422" count="0" type="stmt"/>
      <line num="425" count="5" type="stmt"/>
      <line num="426" count="5" type="stmt"/>
      <line num="439" count="5" type="cond" truecount="1" falsecount="1"/>
      <line num="440" count="0" type="stmt"/>
      <line num="441" count="0" type="stmt"/>
      <line num="443" count="5" type="stmt"/>
      <line num="453" count="2" type="stmt"/>
      <line num="454" count="2" type="stmt"/>
      <line num="455" count="2" type="stmt"/>
      <line num="456" count="2" type="stmt"/>
      <line num="457" count="2" type="cond" truecount="1" falsecount="1"/>
      <line num="458" count="0" type="stmt"/>
      <line num="460" count="2" type="stmt"/>
      <line num="467" count="2" type="stmt"/>
      <line num="468" count="0" type="stmt"/>
      <line num="469" count="0" type="stmt"/>
      <line num="470" count="0" type="stmt"/>
      <line num="471" count="0" type="cond" truecount="0" falsecount="2"/>
      <line num="472" count="0" type="stmt"/>
      <line num="474" count="0" type="stmt"/>
      <line num="481" count="2" type="stmt"/>
      <line num="482" count="0" type="stmt"/>
      <line num="483" count="0" type="stmt"/>
      <line num="484" count="0" type="stmt"/>
      <line num="485" count="0" type="cond" truecount="0" falsecount="2"/>
      <line num="486" count="0" type="stmt"/>
      <line num="487" count="0" type="stmt"/>
      <line num="488" count="0" type="cond" truecount="0" falsecount="2"/>
      <line num="489" count="0" type="stmt"/>
      <line num="491" count="0" type="stmt"/>
      <line num="492" count="0" type="stmt"/>
      <line num="499" count="2" type="stmt"/>
      <line num="500" count="0" type="stmt"/>
      <line num="501" count="0" type="stmt"/>
      <line num="502" count="0" type="stmt"/>
      <line num="503" count="0" type="cond" truecount="0" falsecount="2"/>
      <line num="504" count="0" type="stmt"/>
      <line num="505" count="0" type="cond" truecount="0" falsecount="2"/>
      <line num="506" count="0" type="stmt"/>
      <line num="508" count="0" type="stmt"/>
      <line num="509" count="0" type="stmt"/>
      <line num="515" count="2" type="stmt"/>
      <line num="516" count="7" type="stmt"/>
      <line num="518" count="7" type="stmt"/>
      <line num="519" count="7" type="stmt"/>
      <line num="523" count="7" type="cond" truecount="2" falsecount="0"/>
      <line num="524" count="4" type="stmt"/>
      <line num="525" count="4" type="stmt"/>
      <line num="527" count="3" type="stmt"/>
      <line num="534" count="2" type="stmt"/>
      <line num="535" count="2" type="stmt"/>
      <line num="537" count="2" type="stmt"/>
      <line num="538" count="2" type="stmt"/>
      <line num="539" count="2" type="cond" truecount="1" falsecount="1"/>
      <line num="540" count="0" type="stmt"/>
      <line num="541" count="0" type="stmt"/>
      <line num="543" count="2" type="stmt"/>
      <line num="553" count="2" type="stmt"/>
      <line num="559" count="2" type="stmt"/>
      <line num="560" count="3" type="stmt"/>
      <line num="562" count="3" type="stmt"/>
      <line num="564" count="3" type="stmt"/>
      <line num="565" count="3" type="cond" truecount="1" falsecount="1"/>
      <line num="566" count="0" type="stmt"/>
      <line num="567" count="0" type="stmt"/>
      <line num="569" count="3" type="stmt"/>
      <line num="580" count="3" type="stmt"/>
      <line num="586" count="2" type="stmt"/>
      <line num="587" count="3" type="stmt"/>
      <line num="589" count="3" type="stmt"/>
      <line num="590" count="3" type="stmt"/>
      <line num="591" count="3" type="cond" truecount="1" falsecount="1"/>
      <line num="592" count="0" type="stmt"/>
      <line num="593" count="0" type="stmt"/>
      <line num="595" count="3" type="stmt"/>
      <line num="605" count="3" type="stmt"/>
      <line num="611" count="2" type="stmt"/>
      <line num="612" count="2" type="stmt"/>
      <line num="614" count="2" type="stmt"/>
      <line num="615" count="2" type="stmt"/>
      <line num="616" count="2" type="cond" truecount="1" falsecount="1"/>
      <line num="617" count="0" type="stmt"/>
      <line num="618" count="0" type="stmt"/>
      <line num="620" count="2" type="stmt"/>
      <line num="621" count="4" type="stmt"/>
      <line num="631" count="2" type="stmt"/>
      <line num="632" count="4" type="cond" truecount="2" falsecount="0"/>
      <line num="633" count="2" type="stmt"/>
      <line num="638" count="2" type="stmt"/>
      <line num="654" count="2" type="stmt"/>
      <line num="655" count="2" type="stmt"/>
      <line num="661" count="2" type="stmt"/>
      <line num="662" count="2" type="stmt"/>
      <line num="664" count="2" type="stmt"/>
      <line num="665" count="2" type="stmt"/>
      <line num="666" count="2" type="cond" truecount="1" falsecount="1"/>
      <line num="667" count="0" type="stmt"/>
      <line num="668" count="0" type="stmt"/>
      <line num="670" count="2" type="stmt"/>
      <line num="677" count="2" type="stmt"/>
      <line num="683" count="2" type="stmt"/>
      <line num="684" count="2" type="stmt"/>
      <line num="686" count="2" type="stmt"/>
      <line num="687" count="2" type="stmt"/>
      <line num="688" count="2" type="cond" truecount="1" falsecount="1"/>
      <line num="689" count="0" type="stmt"/>
      <line num="690" count="0" type="stmt"/>
      <line num="692" count="2" type="stmt"/>
      <line num="699" count="2" type="stmt"/>
      <line num="705" count="2" type="stmt"/>
      <line num="706" count="4" type="stmt"/>
      <line num="708" count="4" type="stmt"/>
      <line num="709" count="4" type="stmt"/>
      <line num="710" count="4" type="cond" truecount="1" falsecount="1"/>
      <line num="711" count="0" type="stmt"/>
      <line num="712" count="0" type="stmt"/>
      <line num="714" count="4" type="stmt"/>
      <line num="723" count="4" type="stmt"/>
      <line num="729" count="2" type="stmt"/>
      <line num="730" count="6" type="stmt"/>
      <line num="731" count="6" type="stmt"/>
      <line num="732" count="6" type="stmt"/>
      <line num="733" count="6" type="cond" truecount="1" falsecount="1"/>
      <line num="734" count="0" type="stmt"/>
      <line num="735" count="0" type="stmt"/>
      <line num="737" count="6" type="cond" truecount="2" falsecount="0"/>
      <line num="738" count="2" type="stmt"/>
      <line num="739" count="2" type="stmt"/>
      <line num="741" count="4" type="cond" truecount="2" falsecount="0"/>
      <line num="742" count="2" type="stmt"/>
      <line num="743" count="2" type="stmt"/>
      <line num="744" count="2" type="stmt"/>
      <line num="750" count="2" type="stmt"/>
      <line num="751" count="3" type="stmt"/>
      <line num="752" count="3" type="stmt"/>
      <line num="753" count="3" type="stmt"/>
      <line num="754" count="3" type="cond" truecount="2" falsecount="0"/>
      <line num="755" count="1" type="stmt"/>
      <line num="756" count="1" type="stmt"/>
      <line num="758" count="2" type="stmt"/>
      <line num="764" count="2" type="stmt"/>
      <line num="765" count="2" type="stmt"/>
      <line num="767" count="2" type="stmt"/>
      <line num="768" count="2" type="stmt"/>
      <line num="769" count="2" type="cond" truecount="1" falsecount="1"/>
      <line num="770" count="0" type="stmt"/>
      <line num="771" count="0" type="stmt"/>
      <line num="774" count="2" type="stmt"/>
      <line num="781" count="2" type="stmt"/>
      <line num="787" count="2" type="stmt"/>
      <line num="788" count="2" type="stmt"/>
      <line num="790" count="2" type="stmt"/>
      <line num="791" count="2" type="stmt"/>
      <line num="792" count="2" type="cond" truecount="1" falsecount="1"/>
      <line num="793" count="0" type="stmt"/>
      <line num="794" count="0" type="stmt"/>
      <line num="797" count="4" type="stmt"/>
      <line num="807" count="2" type="stmt"/>
      <line num="813" count="2" type="stmt"/>
      <line num="814" count="2" type="stmt"/>
      <line num="816" count="2" type="stmt"/>
      <line num="817" count="2" type="stmt"/>
      <line num="827" count="2" type="cond" truecount="1" falsecount="1"/>
      <line num="828" count="2" type="stmt"/>
      <line num="829" count="2" type="stmt"/>
      <line num="831" count="0" type="stmt"/>
      <line num="839" count="2" type="stmt"/>
      <line num="840" count="2" type="stmt"/>
      <line num="842" count="2" type="stmt"/>
      <line num="843" count="2" type="stmt"/>
      <line num="844" count="2" type="cond" truecount="1" falsecount="1"/>
      <line num="845" count="0" type="stmt"/>
      <line num="846" count="2" type="cond" truecount="1" falsecount="1"/>
      <line num="847" count="0" type="stmt"/>
      <line num="849" count="2" type="stmt"/>
      <line num="851" count="2" type="stmt"/>
      <line num="865" count="2" type="stmt"/>
      <line num="866" count="2" type="stmt"/>
      <line num="868" count="2" type="stmt"/>
      <line num="869" count="2" type="stmt"/>
      <line num="885" count="2" type="cond" truecount="1" falsecount="1"/>
      <line num="886" count="0" type="stmt"/>
      <line num="887" count="0" type="stmt"/>
      <line num="889" count="2" type="stmt"/>
      <line num="896" count="2" type="stmt"/>
      <line num="897" count="1" type="stmt"/>
      <line num="898" count="1" type="stmt"/>
      <line num="899" count="1" type="stmt"/>
      <line num="900" count="1" type="cond" truecount="1" falsecount="1"/>
      <line num="901" count="0" type="stmt"/>
      <line num="902" count="0" type="stmt"/>
      <line num="903" count="1" type="cond" truecount="1" falsecount="1"/>
      <line num="904" count="0" type="stmt"/>
      <line num="905" count="0" type="stmt"/>
      <line num="907" count="1" type="stmt"/>
      <line num="915" count="2" type="stmt"/>
      <line num="916" count="2" type="stmt"/>
      <line num="917" count="2" type="stmt"/>
      <line num="918" count="2" type="stmt"/>
      <line num="919" count="2" type="cond" truecount="1" falsecount="1"/>
      <line num="920" count="0" type="stmt"/>
      <line num="921" count="0" type="stmt"/>
      <line num="922" count="2" type="cond" truecount="1" falsecount="1"/>
      <line num="923" count="0" type="stmt"/>
      <line num="924" count="0" type="stmt"/>
      <line num="926" count="2" type="stmt"/>
      <line num="932" count="2" type="stmt"/>
      <line num="938" count="2" type="stmt"/>
      <line num="939" count="2" type="stmt"/>
      <line num="940" count="2" type="stmt"/>
      <line num="941" count="2" type="stmt"/>
      <line num="942" count="2" type="cond" truecount="1" falsecount="1"/>
      <line num="943" count="0" type="stmt"/>
      <line num="944" count="0" type="stmt"/>
      <line num="945" count="2" type="cond" truecount="1" falsecount="1"/>
      <line num="946" count="0" type="stmt"/>
      <line num="947" count="0" type="stmt"/>
      <line num="949" count="4" type="stmt"/>
      <line num="959" count="2" type="stmt"/>
      <line num="966" count="2" type="stmt"/>
      <line num="967" count="117" type="stmt"/>
      <line num="968" count="1287" type="cond" truecount="1" falsecount="1"/>
      <line num="969" count="0" type="stmt"/>
      <line num="972" count="117" type="cond" truecount="1" falsecount="1"/>
      <line num="975" count="117" type="stmt"/>
      <line num="979" count="117" type="stmt"/>
      <line num="983" count="117" type="stmt"/>
      <line num="984" count="117" type="stmt"/>
      <line num="986" count="117" type="stmt"/>
      <line num="987" count="117" type="stmt"/>
      <line num="989" count="117" type="stmt"/>
      <line num="990" count="117" type="stmt"/>
      <line num="992" count="117" type="stmt"/>
      <line num="996" count="117" type="stmt"/>
      <line num="1000" count="117" type="stmt"/>
      <line num="1001" count="117" type="stmt"/>
      <line num="1003" count="117" type="stmt"/>
      <line num="1004" count="117" type="stmt"/>
      <line num="1007" count="117" type="stmt"/>
      <line num="1011" count="117" type="stmt"/>
      <line num="1015" count="117" type="stmt"/>
      <line num="1019" count="117" type="stmt"/>
      <line num="1023" count="117" type="stmt"/>
      <line num="1024" count="117" type="stmt"/>
      <line num="1027" count="117" type="stmt"/>
      <line num="1031" count="117" type="stmt"/>
      <line num="1038" count="2" type="stmt"/>
      <line num="1039" count="0" type="stmt"/>
      <line num="1041" count="0" type="stmt"/>
      <line num="1045" count="0" type="stmt"/>
      <line num="1046" count="0" type="cond" truecount="0" falsecount="2"/>
      <line num="1047" count="0" type="stmt"/>
      <line num="1048" count="0" type="stmt"/>
      <line num="1051" count="0" type="stmt"/>
      <line num="1057" count="0" type="stmt"/>
    </file>
    <file name="server.js" path="C:\Users\rocco\AppData\Roaming\SPB_Data\git\SPG-P08\SoftEngII-P08-SPG\server\server.js">
      <metrics statements="436" coveredstatements="308" conditionals="176" coveredconditionals="112" methods="122" coveredmethods="74"/>
      <line num="3" count="1" type="stmt"/>
      <line num="4" count="1" type="stmt"/>
      <line num="5" count="1" type="stmt"/>
      <line num="6" count="1" type="stmt"/>
      <line num="7" count="1" type="stmt"/>
      <line num="8" count="1" type="stmt"/>
      <line num="9" count="1" type="stmt"/>
      <line num="11" count="1" type="stmt"/>
      <line num="12" count="1" type="stmt"/>
      <line num="15" count="1" type="stmt"/>
      <line num="16" count="1" type="stmt"/>
      <line num="19" count="1" type="stmt"/>
      <line num="22" count="1" type="stmt"/>
      <line num="23" count="77" type="stmt"/>
      <line num="27" count="1" type="stmt"/>
      <line num="28" count="1" type="stmt"/>
      <line num="31" count="1" type="stmt"/>
      <line num="39" count="1" type="stmt"/>
      <line num="42" count="1" type="stmt"/>
      <line num="43" count="1" type="stmt"/>
      <line num="47" count="1" type="stmt"/>
      <line num="50" count="2" type="stmt"/>
      <line num="53" count="2" type="cond" truecount="2" falsecount="0"/>
      <line num="54" count="1" type="stmt"/>
      <line num="57" count="1" type="stmt"/>
      <line num="60" count="0" type="stmt"/>
      <line num="65" count="1" type="stmt"/>
      <line num="68" count="2" type="stmt"/>
      <line num="71" count="2" type="cond" truecount="2" falsecount="0"/>
      <line num="72" count="1" type="stmt"/>
      <line num="75" count="1" type="stmt"/>
      <line num="78" count="0" type="stmt"/>
      <line num="83" count="1" type="stmt"/>
      <line num="86" count="0" type="stmt"/>
      <line num="89" count="0" type="cond" truecount="0" falsecount="2"/>
      <line num="90" count="0" type="stmt"/>
      <line num="93" count="0" type="stmt"/>
      <line num="96" count="0" type="stmt"/>
      <line num="101" count="1" type="stmt"/>
      <line num="104" count="2" type="stmt"/>
      <line num="107" count="2" type="cond" truecount="2" falsecount="0"/>
      <line num="108" count="1" type="stmt"/>
      <line num="111" count="1" type="stmt"/>
      <line num="114" count="0" type="stmt"/>
      <line num="119" count="1" type="stmt"/>
      <line num="122" count="2" type="stmt"/>
      <line num="125" count="2" type="cond" truecount="2" falsecount="0"/>
      <line num="126" count="1" type="stmt"/>
      <line num="129" count="1" type="stmt"/>
      <line num="132" count="0" type="stmt"/>
      <line num="137" count="1" type="stmt"/>
      <line num="138" count="4" type="stmt"/>
      <line num="141" count="1" type="stmt"/>
      <line num="143" count="0" type="stmt"/>
      <line num="144" count="0" type="stmt"/>
      <line num="146" count="0" type="cond" truecount="0" falsecount="2"/>
      <line num="147" count="0" type="stmt"/>
      <line num="150" count="0" type="stmt"/>
      <line num="153" count="0" type="stmt"/>
      <line num="156" count="0" type="cond" truecount="0" falsecount="2"/>
      <line num="157" count="0" type="stmt"/>
      <line num="160" count="0" type="stmt"/>
      <line num="163" count="0" type="stmt"/>
      <line num="166" count="0" type="cond" truecount="0" falsecount="2"/>
      <line num="167" count="0" type="stmt"/>
      <line num="170" count="0" type="stmt"/>
      <line num="173" count="0" type="stmt"/>
      <line num="176" count="0" type="cond" truecount="0" falsecount="2"/>
      <line num="177" count="0" type="stmt"/>
      <line num="180" count="0" type="stmt"/>
      <line num="183" count="0" type="stmt"/>
      <line num="186" count="0" type="cond" truecount="0" falsecount="2"/>
      <line num="187" count="0" type="stmt"/>
      <line num="190" count="0" type="stmt"/>
      <line num="193" count="0" type="stmt"/>
      <line num="199" count="1" type="stmt"/>
      <line num="200" count="1" type="stmt"/>
      <line num="203" count="1" type="stmt"/>
      <line num="204" count="53" type="cond" truecount="1" falsecount="1"/>
      <line num="205" count="53" type="stmt"/>
      <line num="207" count="0" type="cond" truecount="0" falsecount="2"/>
      <line num="208" count="0" type="stmt"/>
      <line num="215" count="1" type="stmt"/>
      <line num="216" count="2" type="stmt"/>
      <line num="217" count="2" type="cond" truecount="1" falsecount="1"/>
      <line num="218" count="2" type="cond" truecount="2" falsecount="0"/>
      <line num="220" count="1" type="stmt"/>
      <line num="223" count="1" type="stmt"/>
      <line num="224" count="1" type="cond" truecount="1" falsecount="1"/>
      <line num="228" count="1" type="stmt"/>
      <line num="234" count="1" type="stmt"/>
      <line num="235" count="2" type="stmt"/>
      <line num="236" count="2" type="cond" truecount="1" falsecount="1"/>
      <line num="237" count="2" type="cond" truecount="2" falsecount="0"/>
      <line num="239" count="1" type="stmt"/>
      <line num="242" count="1" type="stmt"/>
      <line num="243" count="1" type="cond" truecount="1" falsecount="1"/>
      <line num="247" count="1" type="stmt"/>
      <line num="253" count="1" type="stmt"/>
      <line num="254" count="0" type="stmt"/>
      <line num="255" count="0" type="cond" truecount="0" falsecount="2"/>
      <line num="256" count="0" type="cond" truecount="0" falsecount="2"/>
      <line num="258" count="0" type="stmt"/>
      <line num="261" count="0" type="stmt"/>
      <line num="262" count="0" type="cond" truecount="0" falsecount="2"/>
      <line num="266" count="0" type="stmt"/>
      <line num="272" count="1" type="stmt"/>
      <line num="273" count="2" type="stmt"/>
      <line num="274" count="2" type="cond" truecount="1" falsecount="1"/>
      <line num="275" count="2" type="cond" truecount="2" falsecount="0"/>
      <line num="277" count="1" type="stmt"/>
      <line num="280" count="1" type="stmt"/>
      <line num="281" count="1" type="cond" truecount="1" falsecount="1"/>
      <line num="285" count="1" type="stmt"/>
      <line num="291" count="1" type="stmt"/>
      <line num="292" count="2" type="stmt"/>
      <line num="293" count="2" type="cond" truecount="1" falsecount="1"/>
      <line num="294" count="2" type="cond" truecount="2" falsecount="0"/>
      <line num="296" count="1" type="stmt"/>
      <line num="299" count="1" type="stmt"/>
      <line num="300" count="1" type="cond" truecount="1" falsecount="1"/>
      <line num="304" count="1" type="stmt"/>
      <line num="310" count="1" type="stmt"/>
      <line num="311" count="0" type="stmt"/>
      <line num="312" count="0" type="stmt"/>
      <line num="316" count="1" type="stmt"/>
      <line num="317" count="0" type="stmt"/>
      <line num="321" count="1" type="stmt"/>
      <line num="322" count="1" type="stmt"/>
      <line num="325" count="1" type="stmt"/>
      <line num="328" count="0" type="stmt"/>
      <line num="335" count="1" type="stmt"/>
      <line num="336" count="3" type="cond" truecount="2" falsecount="0"/>
      <line num="337" count="1" type="stmt"/>
      <line num="340" count="2" type="stmt"/>
      <line num="343" count="2" type="cond" truecount="2" falsecount="0"/>
      <line num="344" count="1" type="stmt"/>
      <line num="346" count="1" type="stmt"/>
      <line num="350" count="0" type="stmt"/>
      <line num="358" count="1" type="stmt"/>
      <line num="359" count="1" type="stmt"/>
      <line num="362" count="1" type="stmt"/>
      <line num="365" count="0" type="stmt"/>
      <line num="372" count="1" type="stmt"/>
      <line num="373" count="1" type="cond" truecount="1" falsecount="1"/>
      <line num="374" count="0" type="stmt"/>
      <line num="379" count="1" type="cond" truecount="1" falsecount="1"/>
      <line num="380" count="0" type="stmt"/>
      <line num="383" count="1" type="stmt"/>
      <line num="391" count="1" type="stmt"/>
      <line num="392" count="1" type="stmt"/>
      <line num="394" count="0" type="stmt"/>
      <line num="400" count="1" type="stmt"/>
      <line num="404" count="1" type="stmt"/>
      <line num="405" count="3" type="cond" truecount="2" falsecount="0"/>
      <line num="406" count="2" type="stmt"/>
      <line num="411" count="1" type="stmt"/>
      <line num="418" count="1" type="stmt"/>
      <line num="419" count="1" type="stmt"/>
      <line num="421" count="0" type="stmt"/>
      <line num="427" count="1" type="stmt"/>
      <line num="431" count="1" type="stmt"/>
      <line num="432" count="5" type="cond" truecount="2" falsecount="0"/>
      <line num="433" count="1" type="stmt"/>
      <line num="436" count="4" type="cond" truecount="2" falsecount="0"/>
      <line num="437" count="1" type="stmt"/>
      <line num="440" count="3" type="cond" truecount="2" falsecount="0"/>
      <line num="441" count="1" type="stmt"/>
      <line num="444" count="2" type="cond" truecount="2" falsecount="0"/>
      <line num="445" count="1" type="stmt"/>
      <line num="448" count="1" type="stmt"/>
      <line num="455" count="1" type="stmt"/>
      <line num="458" count="1" type="cond" truecount="1" falsecount="1"/>
      <line num="459" count="0" type="stmt"/>
      <line num="465" count="0" type="stmt"/>
      <line num="472" count="1" type="stmt"/>
      <line num="473" count="1" type="stmt"/>
      <line num="474" count="1" type="stmt"/>
      <line num="475" count="1" type="stmt"/>
      <line num="477" count="0" type="stmt"/>
      <line num="485" count="1" type="stmt"/>
      <line num="529" count="3" type="stmt"/>
      <line num="530" count="3" type="cond" truecount="2" falsecount="0"/>
      <line num="536" count="2" type="stmt"/>
      <line num="537" count="2" type="cond" truecount="1" falsecount="1"/>
      <line num="546" count="2" type="stmt"/>
      <line num="548" count="0" type="stmt"/>
      <line num="553" count="0" type="stmt"/>
      <line num="554" count="0" type="stmt"/>
      <line num="556" count="0" type="stmt"/>
      <line num="560" count="1" type="stmt"/>
      <line num="563" count="0" type="cond" truecount="0" falsecount="2"/>
      <line num="565" count="0" type="stmt"/>
      <line num="567" count="0" type="stmt"/>
      <line num="574" count="1" type="stmt"/>
      <line num="575" count="2" type="cond" truecount="2" falsecount="0"/>
      <line num="576" count="1" type="stmt"/>
      <line num="580" count="1" type="cond" truecount="1" falsecount="1"/>
      <line num="581" count="1" type="stmt"/>
      <line num="586" count="0" type="stmt"/>
      <line num="591" count="0" type="stmt"/>
      <line num="592" count="0" type="stmt"/>
      <line num="594" count="0" type="stmt"/>
      <line num="600" count="0" type="stmt"/>
      <line num="604" count="1" type="stmt"/>
      <line num="605" count="3" type="cond" truecount="2" falsecount="0"/>
      <line num="606" count="1" type="stmt"/>
      <line num="608" count="2" type="cond" truecount="2" falsecount="0"/>
      <line num="609" count="1" type="stmt"/>
      <line num="614" count="1" type="stmt"/>
      <line num="619" count="1" type="stmt"/>
      <line num="620" count="1" type="stmt"/>
      <line num="622" count="0" type="stmt"/>
      <line num="628" count="1" type="stmt"/>
      <line num="632" count="1" type="stmt"/>
      <line num="633" count="0" type="cond" truecount="0" falsecount="2"/>
      <line num="634" count="0" type="stmt"/>
      <line num="636" count="0" type="cond" truecount="0" falsecount="2"/>
      <line num="637" count="0" type="stmt"/>
      <line num="642" count="0" type="stmt"/>
      <line num="647" count="0" type="stmt"/>
      <line num="648" count="0" type="stmt"/>
      <line num="650" count="0" type="stmt"/>
      <line num="656" count="0" type="stmt"/>
      <line num="660" count="1" type="stmt"/>
      <line num="661" count="2" type="stmt"/>
      <line num="662" count="2" type="cond" truecount="2" falsecount="0"/>
      <line num="663" count="1" type="stmt"/>
      <line num="668" count="1" type="stmt"/>
      <line num="669" count="1" type="stmt"/>
      <line num="671" count="0" type="stmt"/>
      <line num="677" count="1" type="stmt"/>
      <line num="681" count="1" type="stmt"/>
      <line num="682" count="7" type="cond" truecount="2" falsecount="0"/>
      <line num="683" count="1" type="stmt"/>
      <line num="687" count="6" type="cond" truecount="2" falsecount="0"/>
      <line num="688" count="1" type="stmt"/>
      <line num="692" count="5" type="cond" truecount="2" falsecount="0"/>
      <line num="693" count="1" type="stmt"/>
      <line num="697" count="4" type="cond" truecount="2" falsecount="0"/>
      <line num="698" count="1" type="stmt"/>
      <line num="702" count="3" type="cond" truecount="2" falsecount="0"/>
      <line num="703" count="1" type="stmt"/>
      <line num="705" count="2" type="cond" truecount="2" falsecount="0"/>
      <line num="706" count="1" type="stmt"/>
      <line num="710" count="1" type="stmt"/>
      <line num="723" count="1" type="stmt"/>
      <line num="724" count="1" type="stmt"/>
      <line num="725" count="1" type="stmt"/>
      <line num="727" count="0" type="stmt"/>
      <line num="734" count="1" type="stmt"/>
      <line num="738" count="7" type="cond" truecount="2" falsecount="0"/>
      <line num="739" count="1" type="stmt"/>
      <line num="743" count="6" type="cond" truecount="2" falsecount="0"/>
      <line num="744" count="1" type="stmt"/>
      <line num="748" count="5" type="cond" truecount="2" falsecount="0"/>
      <line num="749" count="1" type="stmt"/>
      <line num="753" count="4" type="cond" truecount="2" falsecount="0"/>
      <line num="754" count="1" type="stmt"/>
      <line num="758" count="3" type="cond" truecount="2" falsecount="0"/>
      <line num="759" count="1" type="stmt"/>
      <line num="763" count="2" type="cond" truecount="2" falsecount="0"/>
      <line num="764" count="1" type="stmt"/>
      <line num="768" count="1" type="stmt"/>
      <line num="781" count="1" type="stmt"/>
      <line num="782" count="1" type="stmt"/>
      <line num="784" count="0" type="stmt"/>
      <line num="787" count="0" type="stmt"/>
      <line num="791" count="1" type="stmt"/>
      <line num="796" count="1" type="stmt"/>
      <line num="797" count="2" type="cond" truecount="2" falsecount="0"/>
      <line num="798" count="1" type="stmt"/>
      <line num="803" count="1" type="stmt"/>
      <line num="810" count="1" type="stmt"/>
      <line num="811" count="1" type="stmt"/>
      <line num="813" count="0" type="stmt"/>
      <line num="819" count="1" type="stmt"/>
      <line num="823" count="1" type="stmt"/>
      <line num="824" count="0" type="cond" truecount="0" falsecount="2"/>
      <line num="825" count="0" type="stmt"/>
      <line num="830" count="0" type="stmt"/>
      <line num="837" count="0" type="stmt"/>
      <line num="838" count="0" type="stmt"/>
      <line num="840" count="0" type="stmt"/>
      <line num="846" count="0" type="stmt"/>
      <line num="850" count="1" type="stmt"/>
      <line num="851" count="1" type="stmt"/>
      <line num="854" count="1" type="stmt"/>
      <line num="857" count="0" type="stmt"/>
      <line num="862" count="1" type="stmt"/>
      <line num="863" count="1" type="cond" truecount="1" falsecount="1"/>
      <line num="864" count="1" type="stmt"/>
      <line num="871" count="0" type="stmt"/>
      <line num="872" count="0" type="stmt"/>
      <line num="874" count="0" type="stmt"/>
      <line num="880" count="0" type="stmt"/>
      <line num="884" count="1" type="stmt"/>
      <line num="885" count="2" type="cond" truecount="2" falsecount="0"/>
      <line num="886" count="1" type="stmt"/>
      <line num="891" count="1" type="stmt"/>
      <line num="894" count="1" type="stmt"/>
      <line num="897" count="0" type="stmt"/>
      <line num="902" count="1" type="stmt"/>
      <line num="903" count="1" type="stmt"/>
      <line num="906" count="1" type="stmt"/>
      <line num="909" count="0" type="stmt"/>
      <line num="914" count="1" type="stmt"/>
      <line num="915" count="1" type="stmt"/>
      <line num="918" count="1" type="stmt"/>
      <line num="921" count="0" type="stmt"/>
      <line num="926" count="1" type="stmt"/>
      <line num="927" count="1" type="stmt"/>
      <line num="930" count="1" type="stmt"/>
      <line num="933" count="0" type="stmt"/>
      <line num="938" count="1" type="stmt"/>
      <line num="939" count="3" type="cond" truecount="2" falsecount="0"/>
      <line num="940" count="1" type="stmt"/>
      <line num="944" count="2" type="stmt"/>
      <line num="945" count="2" type="stmt"/>
      <line num="948" count="2" type="stmt"/>
      <line num="951" count="0" type="stmt"/>
      <line num="956" count="1" type="stmt"/>
      <line num="957" count="1" type="stmt"/>
      <line num="960" count="1" type="stmt"/>
      <line num="963" count="0" type="stmt"/>
      <line num="968" count="1" type="stmt"/>
      <line num="969" count="2" type="stmt"/>
      <line num="970" count="2" type="stmt"/>
      <line num="973" count="2" type="stmt"/>
      <line num="976" count="0" type="stmt"/>
      <line num="981" count="1" type="stmt"/>
      <line num="982" count="4" type="cond" truecount="2" falsecount="0"/>
      <line num="983" count="1" type="stmt"/>
      <line num="987" count="3" type="stmt"/>
      <line num="992" count="3" type="stmt"/>
      <line num="995" count="1" type="stmt"/>
      <line num="998" count="2" type="stmt"/>
      <line num="1003" count="1" type="stmt"/>
      <line num="1004" count="1" type="stmt"/>
      <line num="1007" count="1" type="stmt"/>
      <line num="1010" count="0" type="stmt"/>
      <line num="1016" count="1" type="stmt"/>
      <line num="1018" count="1" type="stmt"/>
      <line num="1019" count="1" type="stmt"/>
      <line num="1020" count="1" type="stmt"/>
      <line num="1021" count="1" type="cond" truecount="1" falsecount="1"/>
      <line num="1023" count="1" type="stmt"/>
      <line num="1024" count="1" type="stmt"/>
      <line num="1026" count="1" type="stmt"/>
      <line num="1027" count="1" type="stmt"/>
      <line num="1029" count="0" type="stmt"/>
      <line num="1033" count="0" type="stmt"/>
      <line num="1036" count="1" type="cond" truecount="1" falsecount="1"/>
      <line num="1038" count="0" type="stmt"/>
      <line num="1040" count="1" type="stmt"/>
      <line num="1047" count="1" type="stmt"/>
      <line num="1048" count="1" type="stmt"/>
      <line num="1050" count="1" type="stmt"/>
      <line num="1051" count="1" type="cond" truecount="1" falsecount="1"/>
      <line num="1054" count="1" type="cond" truecount="1" falsecount="1"/>
      <line num="1055" count="0" type="stmt"/>
      <line num="1063" count="1" type="stmt"/>
      <line num="1064" count="1" type="cond" truecount="1" falsecount="1"/>
      <line num="1065" count="1" type="stmt"/>
      <line num="1069" count="1" type="stmt"/>
      <line num="1070" count="1" type="stmt"/>
      <line num="1072" count="1" type="stmt"/>
      <line num="1074" count="0" type="stmt"/>
      <line num="1084" count="1" type="stmt"/>
      <line num="1085" count="1" type="stmt"/>
      <line num="1087" count="1" type="stmt"/>
      <line num="1091" count="1" type="stmt"/>
      <line num="1092" count="1" type="stmt"/>
      <line num="1107" count="1" type="stmt"/>
      <line num="1108" count="1" type="stmt"/>
      <line num="1110" count="0" type="stmt"/>
      <line num="1116" count="1" type="stmt"/>
      <line num="1120" count="1" type="stmt"/>
      <line num="1123" count="1" type="stmt"/>
      <line num="1124" count="1" type="cond" truecount="1" falsecount="1"/>
      <line num="1125" count="0" type="stmt"/>
      <line num="1129" count="1" type="stmt"/>
      <line num="1132" count="1" type="stmt"/>
      <line num="1135" count="0" type="stmt"/>
      <line num="1141" count="1" type="stmt"/>
      <line num="1143" count="3" type="stmt"/>
      <line num="1145" count="3" type="stmt"/>
      <line num="1146" count="4" type="cond" truecount="1" falsecount="1"/>
      <line num="1149" count="4" type="cond" truecount="1" falsecount="1"/>
      <line num="1150" count="0" type="stmt"/>
      <line num="1154" count="4" type="cond" truecount="2" falsecount="0"/>
      <line num="1155" count="2" type="stmt"/>
      <line num="1163" count="1" type="stmt"/>
      <line num="1164" count="2" type="cond" truecount="1" falsecount="1"/>
      <line num="1165" count="2" type="stmt"/>
      <line num="1170" count="2" type="stmt"/>
      <line num="1171" count="2" type="stmt"/>
      <line num="1173" count="0" type="stmt"/>
      <line num="1174" count="0" type="stmt"/>
      <line num="1178" count="1" type="cond" truecount="1" falsecount="1"/>
      <line num="1180" count="1" type="stmt"/>
      <line num="1182" count="0" type="stmt"/>
      <line num="1190" count="1" type="stmt"/>
      <line num="1191" count="0" type="stmt"/>
      <line num="1193" count="0" type="cond" truecount="0" falsecount="5"/>
      <line num="1194" count="0" type="stmt"/>
      <line num="1197" count="0" type="cond" truecount="0" falsecount="2"/>
      <line num="1198" count="0" type="stmt"/>
      <line num="1201" count="0" type="stmt"/>
      <line num="1202" count="0" type="stmt"/>
      <line num="1203" count="0" type="cond" truecount="0" falsecount="2"/>
      <line num="1204" count="0" type="stmt"/>
      <line num="1206" count="0" type="stmt"/>
      <line num="1208" count="0" type="stmt"/>
      <line num="1210" count="0" type="stmt"/>
      <line num="1216" count="0" type="stmt"/>
      <line num="1223" count="0" type="stmt"/>
      <line num="1228" count="1" type="stmt"/>
      <line num="1229" count="2" type="stmt"/>
      <line num="1230" count="2" type="cond" truecount="2" falsecount="0"/>
      <line num="1231" count="1" type="stmt"/>
      <line num="1236" count="1" type="stmt"/>
      <line num="1239" count="1" type="stmt"/>
      <line num="1242" count="0" type="stmt"/>
      <line num="1247" count="1" type="stmt"/>
      <line num="1248" count="2" type="stmt"/>
      <line num="1249" count="2" type="stmt"/>
      <line num="1250" count="2" type="cond" truecount="2" falsecount="0"/>
      <line num="1251" count="1" type="stmt"/>
      <line num="1256" count="1" type="stmt"/>
      <line num="1259" count="1" type="stmt"/>
      <line num="1262" count="0" type="stmt"/>
      <line num="1267" count="1" type="stmt"/>
      <line num="1268" count="1" type="stmt"/>
      <line num="1271" count="1" type="stmt"/>
      <line num="1272" count="1" type="stmt"/>
    </file>
  </project>
</coverage>
