{"C:\\Users\\dadix\\Desktop\\scuola\\magistrale\\sofEngII\\SPG3\\SoftEngII-P08-SPG\\server\\dao.js": {"path":"C:\\Users\\dadix\\Desktop\\scuola\\magistrale\\sofEngII\\SPG3\\SoftEngII-P08-SPG\\server\\dao.js","statementMap":{"0":{"start":{"line":4,"column":15},"end":{"line":4,"column":33}},"1":{"start":{"line":5,"column":15},"end":{"line":5,"column":32}},"2":{"start":{"line":8,"column":17},"end":{"line":8,"column":21}},"3":{"start":{"line":11,"column":11},"end":{"line":16,"column":1}},"4":{"start":{"line":14,"column":4},"end":{"line":14,"column":23}},"5":{"start":{"line":14,"column":13},"end":{"line":14,"column":23}},"6":{"start":{"line":19,"column":0},"end":{"line":42,"column":2}},"7":{"start":{"line":20,"column":2},"end":{"line":41,"column":5}},"8":{"start":{"line":21,"column":16},"end":{"line":21,"column":38}},"9":{"start":{"line":22,"column":4},"end":{"line":40,"column":7}},"10":{"start":{"line":23,"column":6},"end":{"line":39,"column":7}},"11":{"start":{"line":24,"column":8},"end":{"line":24,"column":20}},"12":{"start":{"line":25,"column":13},"end":{"line":39,"column":7}},"13":{"start":{"line":26,"column":8},"end":{"line":26,"column":23}},"14":{"start":{"line":28,"column":8},"end":{"line":38,"column":10}},"15":{"start":{"line":30,"column":12},"end":{"line":36,"column":14}},"16":{"start":{"line":45,"column":0},"end":{"line":65,"column":2}},"17":{"start":{"line":46,"column":2},"end":{"line":64,"column":5}},"18":{"start":{"line":47,"column":16},"end":{"line":47,"column":40}},"19":{"start":{"line":48,"column":4},"end":{"line":63,"column":7}},"20":{"start":{"line":49,"column":6},"end":{"line":62,"column":7}},"21":{"start":{"line":50,"column":8},"end":{"line":50,"column":20}},"22":{"start":{"line":51,"column":13},"end":{"line":62,"column":7}},"23":{"start":{"line":52,"column":8},"end":{"line":52,"column":23}},"24":{"start":{"line":54,"column":8},"end":{"line":61,"column":10}},"25":{"start":{"line":56,"column":12},"end":{"line":59,"column":14}},"26":{"start":{"line":68,"column":0},"end":{"line":92,"column":2}},"27":{"start":{"line":69,"column":2},"end":{"line":91,"column":5}},"28":{"start":{"line":70,"column":16},"end":{"line":70,"column":54}},"29":{"start":{"line":71,"column":4},"end":{"line":90,"column":7}},"30":{"start":{"line":72,"column":6},"end":{"line":89,"column":7}},"31":{"start":{"line":73,"column":8},"end":{"line":73,"column":20}},"32":{"start":{"line":74,"column":13},"end":{"line":89,"column":7}},"33":{"start":{"line":75,"column":8},"end":{"line":75,"column":23}},"34":{"start":{"line":77,"column":21},"end":{"line":83,"column":9}},"35":{"start":{"line":85,"column":8},"end":{"line":88,"column":11}},"36":{"start":{"line":86,"column":10},"end":{"line":87,"column":30}},"37":{"start":{"line":86,"column":22},"end":{"line":86,"column":36}},"38":{"start":{"line":87,"column":15},"end":{"line":87,"column":30}},"39":{"start":{"line":95,"column":0},"end":{"line":109,"column":2}},"40":{"start":{"line":96,"column":2},"end":{"line":108,"column":5}},"41":{"start":{"line":97,"column":16},"end":{"line":97,"column":51}},"42":{"start":{"line":98,"column":4},"end":{"line":107,"column":7}},"43":{"start":{"line":99,"column":6},"end":{"line":106,"column":7}},"44":{"start":{"line":100,"column":8},"end":{"line":100,"column":20}},"45":{"start":{"line":101,"column":13},"end":{"line":106,"column":7}},"46":{"start":{"line":102,"column":8},"end":{"line":102,"column":23}},"47":{"start":{"line":104,"column":21},"end":{"line":104,"column":62}},"48":{"start":{"line":105,"column":8},"end":{"line":105,"column":22}},"49":{"start":{"line":112,"column":0},"end":{"line":126,"column":2}},"50":{"start":{"line":113,"column":2},"end":{"line":125,"column":5}},"51":{"start":{"line":114,"column":16},"end":{"line":114,"column":54}},"52":{"start":{"line":115,"column":4},"end":{"line":124,"column":7}},"53":{"start":{"line":116,"column":6},"end":{"line":123,"column":7}},"54":{"start":{"line":117,"column":8},"end":{"line":117,"column":20}},"55":{"start":{"line":118,"column":13},"end":{"line":123,"column":7}},"56":{"start":{"line":119,"column":8},"end":{"line":119,"column":20}},"57":{"start":{"line":121,"column":21},"end":{"line":121,"column":41}},"58":{"start":{"line":122,"column":8},"end":{"line":122,"column":22}},"59":{"start":{"line":129,"column":0},"end":{"line":147,"column":2}},"60":{"start":{"line":130,"column":2},"end":{"line":146,"column":5}},"61":{"start":{"line":131,"column":16},"end":{"line":131,"column":64}},"62":{"start":{"line":132,"column":4},"end":{"line":145,"column":7}},"63":{"start":{"line":133,"column":6},"end":{"line":144,"column":7}},"64":{"start":{"line":134,"column":8},"end":{"line":134,"column":20}},"65":{"start":{"line":135,"column":13},"end":{"line":144,"column":7}},"66":{"start":{"line":136,"column":8},"end":{"line":136,"column":23}},"67":{"start":{"line":138,"column":21},"end":{"line":138,"column":62}},"68":{"start":{"line":140,"column":8},"end":{"line":143,"column":11}},"69":{"start":{"line":141,"column":10},"end":{"line":142,"column":30}},"70":{"start":{"line":141,"column":22},"end":{"line":141,"column":36}},"71":{"start":{"line":142,"column":15},"end":{"line":142,"column":30}},"72":{"start":{"line":150,"column":0},"end":{"line":168,"column":2}},"73":{"start":{"line":151,"column":2},"end":{"line":167,"column":5}},"74":{"start":{"line":152,"column":16},"end":{"line":152,"column":54}},"75":{"start":{"line":153,"column":4},"end":{"line":166,"column":7}},"76":{"start":{"line":154,"column":6},"end":{"line":165,"column":7}},"77":{"start":{"line":155,"column":8},"end":{"line":155,"column":20}},"78":{"start":{"line":156,"column":13},"end":{"line":165,"column":7}},"79":{"start":{"line":157,"column":8},"end":{"line":157,"column":23}},"80":{"start":{"line":159,"column":21},"end":{"line":159,"column":62}},"81":{"start":{"line":161,"column":8},"end":{"line":164,"column":11}},"82":{"start":{"line":162,"column":10},"end":{"line":163,"column":30}},"83":{"start":{"line":162,"column":22},"end":{"line":162,"column":36}},"84":{"start":{"line":163,"column":15},"end":{"line":163,"column":30}},"85":{"start":{"line":171,"column":0},"end":{"line":189,"column":2}},"86":{"start":{"line":172,"column":2},"end":{"line":188,"column":5}},"87":{"start":{"line":173,"column":16},"end":{"line":173,"column":61}},"88":{"start":{"line":174,"column":4},"end":{"line":187,"column":7}},"89":{"start":{"line":175,"column":6},"end":{"line":186,"column":7}},"90":{"start":{"line":176,"column":8},"end":{"line":176,"column":20}},"91":{"start":{"line":177,"column":13},"end":{"line":186,"column":7}},"92":{"start":{"line":178,"column":8},"end":{"line":178,"column":23}},"93":{"start":{"line":180,"column":21},"end":{"line":180,"column":62}},"94":{"start":{"line":182,"column":8},"end":{"line":185,"column":11}},"95":{"start":{"line":183,"column":10},"end":{"line":184,"column":30}},"96":{"start":{"line":183,"column":22},"end":{"line":183,"column":36}},"97":{"start":{"line":184,"column":15},"end":{"line":184,"column":30}},"98":{"start":{"line":192,"column":0},"end":{"line":206,"column":2}},"99":{"start":{"line":193,"column":2},"end":{"line":205,"column":5}},"100":{"start":{"line":194,"column":16},"end":{"line":194,"column":51}},"101":{"start":{"line":195,"column":4},"end":{"line":204,"column":7}},"102":{"start":{"line":196,"column":6},"end":{"line":203,"column":7}},"103":{"start":{"line":197,"column":8},"end":{"line":197,"column":20}},"104":{"start":{"line":198,"column":13},"end":{"line":203,"column":7}},"105":{"start":{"line":199,"column":8},"end":{"line":199,"column":23}},"106":{"start":{"line":201,"column":21},"end":{"line":201,"column":62}},"107":{"start":{"line":202,"column":8},"end":{"line":202,"column":22}},"108":{"start":{"line":209,"column":0},"end":{"line":223,"column":2}},"109":{"start":{"line":210,"column":2},"end":{"line":222,"column":5}},"110":{"start":{"line":211,"column":16},"end":{"line":211,"column":58}},"111":{"start":{"line":212,"column":4},"end":{"line":221,"column":7}},"112":{"start":{"line":213,"column":6},"end":{"line":220,"column":7}},"113":{"start":{"line":214,"column":8},"end":{"line":214,"column":20}},"114":{"start":{"line":215,"column":13},"end":{"line":220,"column":7}},"115":{"start":{"line":216,"column":8},"end":{"line":216,"column":23}},"116":{"start":{"line":218,"column":21},"end":{"line":218,"column":62}},"117":{"start":{"line":219,"column":8},"end":{"line":219,"column":22}},"118":{"start":{"line":226,"column":0},"end":{"line":249,"column":2}},"119":{"start":{"line":227,"column":2},"end":{"line":248,"column":5}},"120":{"start":{"line":228,"column":16},"end":{"line":228,"column":55}},"121":{"start":{"line":229,"column":4},"end":{"line":247,"column":7}},"122":{"start":{"line":230,"column":6},"end":{"line":246,"column":7}},"123":{"start":{"line":231,"column":8},"end":{"line":231,"column":20}},"124":{"start":{"line":232,"column":13},"end":{"line":246,"column":7}},"125":{"start":{"line":233,"column":8},"end":{"line":233,"column":23}},"126":{"start":{"line":235,"column":21},"end":{"line":240,"column":9}},"127":{"start":{"line":242,"column":8},"end":{"line":245,"column":11}},"128":{"start":{"line":243,"column":10},"end":{"line":244,"column":30}},"129":{"start":{"line":243,"column":22},"end":{"line":243,"column":36}},"130":{"start":{"line":244,"column":15},"end":{"line":244,"column":30}},"131":{"start":{"line":252,"column":0},"end":{"line":266,"column":2}},"132":{"start":{"line":253,"column":2},"end":{"line":265,"column":5}},"133":{"start":{"line":254,"column":16},"end":{"line":254,"column":52}},"134":{"start":{"line":255,"column":4},"end":{"line":264,"column":7}},"135":{"start":{"line":256,"column":6},"end":{"line":263,"column":7}},"136":{"start":{"line":257,"column":8},"end":{"line":257,"column":20}},"137":{"start":{"line":258,"column":13},"end":{"line":263,"column":7}},"138":{"start":{"line":259,"column":8},"end":{"line":259,"column":23}},"139":{"start":{"line":261,"column":21},"end":{"line":261,"column":62}},"140":{"start":{"line":262,"column":8},"end":{"line":262,"column":22}},"141":{"start":{"line":269,"column":0},"end":{"line":283,"column":2}},"142":{"start":{"line":270,"column":2},"end":{"line":282,"column":5}},"143":{"start":{"line":271,"column":16},"end":{"line":271,"column":61}},"144":{"start":{"line":272,"column":4},"end":{"line":281,"column":7}},"145":{"start":{"line":273,"column":6},"end":{"line":280,"column":7}},"146":{"start":{"line":274,"column":8},"end":{"line":274,"column":20}},"147":{"start":{"line":275,"column":13},"end":{"line":280,"column":7}},"148":{"start":{"line":276,"column":8},"end":{"line":276,"column":23}},"149":{"start":{"line":278,"column":21},"end":{"line":278,"column":62}},"150":{"start":{"line":279,"column":8},"end":{"line":279,"column":22}},"151":{"start":{"line":286,"column":0},"end":{"line":309,"column":2}},"152":{"start":{"line":287,"column":2},"end":{"line":308,"column":5}},"153":{"start":{"line":288,"column":16},"end":{"line":288,"column":53}},"154":{"start":{"line":289,"column":4},"end":{"line":307,"column":7}},"155":{"start":{"line":290,"column":6},"end":{"line":306,"column":7}},"156":{"start":{"line":291,"column":8},"end":{"line":291,"column":20}},"157":{"start":{"line":292,"column":13},"end":{"line":306,"column":7}},"158":{"start":{"line":293,"column":8},"end":{"line":293,"column":23}},"159":{"start":{"line":295,"column":21},"end":{"line":300,"column":9}},"160":{"start":{"line":302,"column":8},"end":{"line":305,"column":11}},"161":{"start":{"line":303,"column":10},"end":{"line":304,"column":30}},"162":{"start":{"line":303,"column":22},"end":{"line":303,"column":36}},"163":{"start":{"line":304,"column":15},"end":{"line":304,"column":30}},"164":{"start":{"line":312,"column":0},"end":{"line":326,"column":2}},"165":{"start":{"line":313,"column":2},"end":{"line":325,"column":5}},"166":{"start":{"line":314,"column":16},"end":{"line":314,"column":50}},"167":{"start":{"line":315,"column":4},"end":{"line":324,"column":7}},"168":{"start":{"line":316,"column":6},"end":{"line":323,"column":7}},"169":{"start":{"line":317,"column":8},"end":{"line":317,"column":20}},"170":{"start":{"line":318,"column":13},"end":{"line":323,"column":7}},"171":{"start":{"line":319,"column":8},"end":{"line":319,"column":23}},"172":{"start":{"line":321,"column":21},"end":{"line":321,"column":62}},"173":{"start":{"line":322,"column":8},"end":{"line":322,"column":22}},"174":{"start":{"line":329,"column":0},"end":{"line":341,"column":2}},"175":{"start":{"line":330,"column":2},"end":{"line":340,"column":5}},"176":{"start":{"line":332,"column":6},"end":{"line":332,"column":82}},"177":{"start":{"line":333,"column":4},"end":{"line":339,"column":7}},"178":{"start":{"line":334,"column":6},"end":{"line":337,"column":7}},"179":{"start":{"line":335,"column":8},"end":{"line":335,"column":20}},"180":{"start":{"line":336,"column":8},"end":{"line":336,"column":15}},"181":{"start":{"line":338,"column":6},"end":{"line":338,"column":27}},"182":{"start":{"line":344,"column":0},"end":{"line":355,"column":2}},"183":{"start":{"line":345,"column":2},"end":{"line":354,"column":5}},"184":{"start":{"line":346,"column":16},"end":{"line":346,"column":69}},"185":{"start":{"line":347,"column":4},"end":{"line":353,"column":7}},"186":{"start":{"line":348,"column":6},"end":{"line":351,"column":7}},"187":{"start":{"line":349,"column":8},"end":{"line":349,"column":20}},"188":{"start":{"line":350,"column":8},"end":{"line":350,"column":15}},"189":{"start":{"line":352,"column":6},"end":{"line":352,"column":27}},"190":{"start":{"line":358,"column":0},"end":{"line":377,"column":2}},"191":{"start":{"line":359,"column":2},"end":{"line":376,"column":5}},"192":{"start":{"line":361,"column":6},"end":{"line":361,"column":82}},"193":{"start":{"line":362,"column":4},"end":{"line":375,"column":6}},"194":{"start":{"line":370,"column":8},"end":{"line":372,"column":9}},"195":{"start":{"line":371,"column":10},"end":{"line":371,"column":22}},"196":{"start":{"line":373,"column":8},"end":{"line":373,"column":29}},"197":{"start":{"line":380,"column":0},"end":{"line":399,"column":2}},"198":{"start":{"line":381,"column":2},"end":{"line":398,"column":5}},"199":{"start":{"line":383,"column":6},"end":{"line":383,"column":83}},"200":{"start":{"line":384,"column":4},"end":{"line":397,"column":6}},"201":{"start":{"line":392,"column":8},"end":{"line":394,"column":9}},"202":{"start":{"line":393,"column":10},"end":{"line":393,"column":22}},"203":{"start":{"line":395,"column":8},"end":{"line":395,"column":22}},"204":{"start":{"line":402,"column":0},"end":{"line":416,"column":2}},"205":{"start":{"line":403,"column":2},"end":{"line":415,"column":5}},"206":{"start":{"line":404,"column":16},"end":{"line":404,"column":68}},"207":{"start":{"line":405,"column":4},"end":{"line":414,"column":7}},"208":{"start":{"line":406,"column":6},"end":{"line":413,"column":7}},"209":{"start":{"line":407,"column":8},"end":{"line":407,"column":20}},"210":{"start":{"line":408,"column":8},"end":{"line":408,"column":15}},"211":{"start":{"line":409,"column":13},"end":{"line":413,"column":7}},"212":{"start":{"line":410,"column":8},"end":{"line":410,"column":23}},"213":{"start":{"line":412,"column":8},"end":{"line":412,"column":22}},"214":{"start":{"line":419,"column":0},"end":{"line":431,"column":2}},"215":{"start":{"line":420,"column":2},"end":{"line":430,"column":5}},"216":{"start":{"line":421,"column":16},"end":{"line":421,"column":68}},"217":{"start":{"line":422,"column":4},"end":{"line":429,"column":7}},"218":{"start":{"line":423,"column":6},"end":{"line":428,"column":7}},"219":{"start":{"line":424,"column":8},"end":{"line":424,"column":20}},"220":{"start":{"line":426,"column":29},"end":{"line":426,"column":59}},"221":{"start":{"line":427,"column":8},"end":{"line":427,"column":32}},"222":{"start":{"line":435,"column":2},"end":{"line":444,"column":5}},"223":{"start":{"line":436,"column":16},"end":{"line":436,"column":57}},"224":{"start":{"line":437,"column":4},"end":{"line":443,"column":7}},"225":{"start":{"line":438,"column":6},"end":{"line":442,"column":7}},"226":{"start":{"line":439,"column":8},"end":{"line":439,"column":20}},"227":{"start":{"line":441,"column":8},"end":{"line":441,"column":21}},"228":{"start":{"line":448,"column":0},"end":{"line":459,"column":2}},"229":{"start":{"line":449,"column":2},"end":{"line":458,"column":5}},"230":{"start":{"line":450,"column":16},"end":{"line":450,"column":64}},"231":{"start":{"line":451,"column":4},"end":{"line":457,"column":7}},"232":{"start":{"line":452,"column":6},"end":{"line":456,"column":7}},"233":{"start":{"line":453,"column":8},"end":{"line":453,"column":20}},"234":{"start":{"line":455,"column":8},"end":{"line":455,"column":22}},"235":{"start":{"line":462,"column":0},"end":{"line":473,"column":2}},"236":{"start":{"line":463,"column":2},"end":{"line":472,"column":5}},"237":{"start":{"line":464,"column":16},"end":{"line":464,"column":55}},"238":{"start":{"line":465,"column":4},"end":{"line":471,"column":7}},"239":{"start":{"line":466,"column":6},"end":{"line":470,"column":7}},"240":{"start":{"line":467,"column":8},"end":{"line":467,"column":20}},"241":{"start":{"line":469,"column":8},"end":{"line":469,"column":22}},"242":{"start":{"line":476,"column":0},"end":{"line":488,"column":2}},"243":{"start":{"line":477,"column":2},"end":{"line":487,"column":5}},"244":{"start":{"line":479,"column":6},"end":{"line":479,"column":74}},"245":{"start":{"line":480,"column":4},"end":{"line":486,"column":7}},"246":{"start":{"line":481,"column":6},"end":{"line":485,"column":7}},"247":{"start":{"line":482,"column":8},"end":{"line":482,"column":20}},"248":{"start":{"line":484,"column":8},"end":{"line":484,"column":22}},"249":{"start":{"line":491,"column":0},"end":{"line":521,"column":2}},"250":{"start":{"line":492,"column":2},"end":{"line":520,"column":5}},"251":{"start":{"line":493,"column":21},"end":{"line":493,"column":61}},"252":{"start":{"line":494,"column":4},"end":{"line":519,"column":7}},"253":{"start":{"line":495,"column":6},"end":{"line":518,"column":7}},"254":{"start":{"line":495,"column":15},"end":{"line":495,"column":27}},"255":{"start":{"line":498,"column":10},"end":{"line":498,"column":140}},"256":{"start":{"line":499,"column":8},"end":{"line":517,"column":10}},"257":{"start":{"line":512,"column":12},"end":{"line":514,"column":13}},"258":{"start":{"line":513,"column":14},"end":{"line":513,"column":26}},"259":{"start":{"line":515,"column":12},"end":{"line":515,"column":33}},"260":{"start":{"line":524,"column":0},"end":{"line":535,"column":2}},"261":{"start":{"line":525,"column":2},"end":{"line":534,"column":5}},"262":{"start":{"line":526,"column":16},"end":{"line":526,"column":67}},"263":{"start":{"line":527,"column":4},"end":{"line":533,"column":7}},"264":{"start":{"line":528,"column":6},"end":{"line":532,"column":7}},"265":{"start":{"line":529,"column":8},"end":{"line":529,"column":20}},"266":{"start":{"line":531,"column":8},"end":{"line":531,"column":22}},"267":{"start":{"line":538,"column":0},"end":{"line":549,"column":2}},"268":{"start":{"line":539,"column":2},"end":{"line":548,"column":5}},"269":{"start":{"line":540,"column":16},"end":{"line":540,"column":72}},"270":{"start":{"line":541,"column":4},"end":{"line":547,"column":7}},"271":{"start":{"line":542,"column":6},"end":{"line":546,"column":7}},"272":{"start":{"line":543,"column":8},"end":{"line":543,"column":20}},"273":{"start":{"line":545,"column":8},"end":{"line":545,"column":22}},"274":{"start":{"line":552,"column":0},"end":{"line":567,"column":2}},"275":{"start":{"line":553,"column":2},"end":{"line":566,"column":5}},"276":{"start":{"line":554,"column":16},"end":{"line":554,"column":52}},"277":{"start":{"line":555,"column":4},"end":{"line":565,"column":7}},"278":{"start":{"line":556,"column":6},"end":{"line":564,"column":7}},"279":{"start":{"line":557,"column":8},"end":{"line":557,"column":20}},"280":{"start":{"line":558,"column":8},"end":{"line":558,"column":15}},"281":{"start":{"line":559,"column":13},"end":{"line":564,"column":7}},"282":{"start":{"line":560,"column":8},"end":{"line":560,"column":23}},"283":{"start":{"line":562,"column":24},"end":{"line":562,"column":46}},"284":{"start":{"line":563,"column":8},"end":{"line":563,"column":25}},"285":{"start":{"line":570,"column":0},"end":{"line":584,"column":2}},"286":{"start":{"line":571,"column":2},"end":{"line":583,"column":5}},"287":{"start":{"line":572,"column":16},"end":{"line":572,"column":65}},"288":{"start":{"line":573,"column":4},"end":{"line":582,"column":7}},"289":{"start":{"line":574,"column":6},"end":{"line":581,"column":7}},"290":{"start":{"line":575,"column":8},"end":{"line":575,"column":20}},"291":{"start":{"line":576,"column":13},"end":{"line":581,"column":7}},"292":{"start":{"line":577,"column":8},"end":{"line":577,"column":23}},"293":{"start":{"line":579,"column":23},"end":{"line":579,"column":46}},"294":{"start":{"line":580,"column":8},"end":{"line":580,"column":24}},"295":{"start":{"line":586,"column":0},"end":{"line":602,"column":2}},"296":{"start":{"line":587,"column":2},"end":{"line":601,"column":5}},"297":{"start":{"line":589,"column":6},"end":{"line":589,"column":88}},"298":{"start":{"line":590,"column":4},"end":{"line":600,"column":6}},"299":{"start":{"line":594,"column":8},"end":{"line":597,"column":9}},"300":{"start":{"line":595,"column":10},"end":{"line":595,"column":22}},"301":{"start":{"line":596,"column":10},"end":{"line":596,"column":17}},"302":{"start":{"line":598,"column":8},"end":{"line":598,"column":29}},"303":{"start":{"line":605,"column":0},"end":{"line":626,"column":2}},"304":{"start":{"line":606,"column":2},"end":{"line":625,"column":5}},"305":{"start":{"line":608,"column":6},"end":{"line":608,"column":216}},"306":{"start":{"line":609,"column":4},"end":{"line":624,"column":7}},"307":{"start":{"line":610,"column":6},"end":{"line":612,"column":7}},"308":{"start":{"line":611,"column":8},"end":{"line":611,"column":20}},"309":{"start":{"line":613,"column":23},"end":{"line":622,"column":9}},"310":{"start":{"line":613,"column":40},"end":{"line":622,"column":7}},"311":{"start":{"line":623,"column":6},"end":{"line":623,"column":24}},"312":{"start":{"line":629,"column":0},"end":{"line":652,"column":2}},"313":{"start":{"line":630,"column":2},"end":{"line":651,"column":5}},"314":{"start":{"line":632,"column":6},"end":{"line":632,"column":232}},"315":{"start":{"line":634,"column":4},"end":{"line":650,"column":7}},"316":{"start":{"line":635,"column":6},"end":{"line":637,"column":7}},"317":{"start":{"line":636,"column":8},"end":{"line":636,"column":20}},"318":{"start":{"line":638,"column":23},"end":{"line":648,"column":9}},"319":{"start":{"line":638,"column":40},"end":{"line":648,"column":7}},"320":{"start":{"line":649,"column":6},"end":{"line":649,"column":24}},"321":{"start":{"line":655,"column":0},"end":{"line":676,"column":2}},"322":{"start":{"line":656,"column":2},"end":{"line":675,"column":5}},"323":{"start":{"line":658,"column":6},"end":{"line":658,"column":236}},"324":{"start":{"line":659,"column":4},"end":{"line":674,"column":7}},"325":{"start":{"line":660,"column":6},"end":{"line":662,"column":7}},"326":{"start":{"line":661,"column":8},"end":{"line":661,"column":20}},"327":{"start":{"line":663,"column":23},"end":{"line":672,"column":9}},"328":{"start":{"line":663,"column":40},"end":{"line":672,"column":7}},"329":{"start":{"line":673,"column":6},"end":{"line":673,"column":24}},"330":{"start":{"line":679,"column":0},"end":{"line":726,"column":2}},"331":{"start":{"line":680,"column":2},"end":{"line":724,"column":5}},"332":{"start":{"line":682,"column":6},"end":{"line":682,"column":254}},"333":{"start":{"line":683,"column":4},"end":{"line":723,"column":7}},"334":{"start":{"line":684,"column":6},"end":{"line":686,"column":7}},"335":{"start":{"line":685,"column":8},"end":{"line":685,"column":20}},"336":{"start":{"line":687,"column":23},"end":{"line":687,"column":25}},"337":{"start":{"line":688,"column":27},"end":{"line":697,"column":9}},"338":{"start":{"line":688,"column":44},"end":{"line":697,"column":7}},"339":{"start":{"line":698,"column":6},"end":{"line":720,"column":9}},"340":{"start":{"line":699,"column":8},"end":{"line":719,"column":9}},"341":{"start":{"line":700,"column":10},"end":{"line":703,"column":12}},"342":{"start":{"line":705,"column":10},"end":{"line":718,"column":12}},"343":{"start":{"line":721,"column":19},"end":{"line":721,"column":53}},"344":{"start":{"line":721,"column":42},"end":{"line":721,"column":52}},"345":{"start":{"line":722,"column":6},"end":{"line":722,"column":20}},"346":{"start":{"line":729,"column":0},"end":{"line":747,"column":2}},"347":{"start":{"line":730,"column":2},"end":{"line":746,"column":5}},"348":{"start":{"line":732,"column":6},"end":{"line":732,"column":185}},"349":{"start":{"line":733,"column":4},"end":{"line":745,"column":7}},"350":{"start":{"line":734,"column":6},"end":{"line":736,"column":7}},"351":{"start":{"line":735,"column":8},"end":{"line":735,"column":20}},"352":{"start":{"line":737,"column":23},"end":{"line":743,"column":9}},"353":{"start":{"line":737,"column":40},"end":{"line":743,"column":7}},"354":{"start":{"line":744,"column":6},"end":{"line":744,"column":24}},"355":{"start":{"line":750,"column":0},"end":{"line":801,"column":2}},"356":{"start":{"line":751,"column":2},"end":{"line":800,"column":5}},"357":{"start":{"line":753,"column":6},"end":{"line":753,"column":365}},"358":{"start":{"line":754,"column":4},"end":{"line":799,"column":7}},"359":{"start":{"line":755,"column":6},"end":{"line":757,"column":7}},"360":{"start":{"line":756,"column":8},"end":{"line":756,"column":20}},"361":{"start":{"line":758,"column":23},"end":{"line":758,"column":25}},"362":{"start":{"line":759,"column":27},"end":{"line":771,"column":9}},"363":{"start":{"line":759,"column":44},"end":{"line":771,"column":7}},"364":{"start":{"line":772,"column":6},"end":{"line":796,"column":9}},"365":{"start":{"line":773,"column":8},"end":{"line":795,"column":9}},"366":{"start":{"line":774,"column":10},"end":{"line":777,"column":12}},"367":{"start":{"line":779,"column":10},"end":{"line":794,"column":12}},"368":{"start":{"line":797,"column":19},"end":{"line":797,"column":53}},"369":{"start":{"line":797,"column":42},"end":{"line":797,"column":52}},"370":{"start":{"line":798,"column":6},"end":{"line":798,"column":20}},"371":{"start":{"line":804,"column":0},"end":{"line":828,"column":2}},"372":{"start":{"line":805,"column":2},"end":{"line":827,"column":5}},"373":{"start":{"line":807,"column":6},"end":{"line":807,"column":130}},"374":{"start":{"line":808,"column":4},"end":{"line":826,"column":7}},"375":{"start":{"line":809,"column":6},"end":{"line":812,"column":7}},"376":{"start":{"line":810,"column":8},"end":{"line":810,"column":20}},"377":{"start":{"line":811,"column":8},"end":{"line":811,"column":15}},"378":{"start":{"line":813,"column":23},"end":{"line":820,"column":9}},"379":{"start":{"line":813,"column":40},"end":{"line":820,"column":7}},"380":{"start":{"line":822,"column":6},"end":{"line":823,"column":68}},"381":{"start":{"line":823,"column":8},"end":{"line":823,"column":68}},"382":{"start":{"line":825,"column":6},"end":{"line":825,"column":24}},"383":{"start":{"line":831,"column":0},"end":{"line":848,"column":2}},"384":{"start":{"line":832,"column":2},"end":{"line":847,"column":5}},"385":{"start":{"line":833,"column":16},"end":{"line":833,"column":70}},"386":{"start":{"line":834,"column":4},"end":{"line":846,"column":7}},"387":{"start":{"line":835,"column":6},"end":{"line":837,"column":7}},"388":{"start":{"line":836,"column":8},"end":{"line":836,"column":28}},"389":{"start":{"line":838,"column":6},"end":{"line":841,"column":7}},"390":{"start":{"line":839,"column":8},"end":{"line":839,"column":50}},"391":{"start":{"line":840,"column":8},"end":{"line":840,"column":15}},"392":{"start":{"line":842,"column":6},"end":{"line":845,"column":29}},"393":{"start":{"line":843,"column":8},"end":{"line":843,"column":44}},"394":{"start":{"line":844,"column":8},"end":{"line":844,"column":15}},"395":{"start":{"line":845,"column":13},"end":{"line":845,"column":29}},"396":{"start":{"line":851,"column":0},"end":{"line":862,"column":2}},"397":{"start":{"line":852,"column":2},"end":{"line":861,"column":5}},"398":{"start":{"line":853,"column":16},"end":{"line":853,"column":75}},"399":{"start":{"line":854,"column":4},"end":{"line":860,"column":7}},"400":{"start":{"line":855,"column":6},"end":{"line":858,"column":7}},"401":{"start":{"line":856,"column":8},"end":{"line":856,"column":22}},"402":{"start":{"line":857,"column":8},"end":{"line":857,"column":15}},"403":{"start":{"line":859,"column":6},"end":{"line":859,"column":20}},"404":{"start":{"line":865,"column":0},"end":{"line":884,"column":2}},"405":{"start":{"line":866,"column":2},"end":{"line":883,"column":5}},"406":{"start":{"line":868,"column":6},"end":{"line":868,"column":87}},"407":{"start":{"line":869,"column":4},"end":{"line":882,"column":7}},"408":{"start":{"line":870,"column":6},"end":{"line":872,"column":7}},"409":{"start":{"line":871,"column":8},"end":{"line":871,"column":20}},"410":{"start":{"line":874,"column":19},"end":{"line":879,"column":9}},"411":{"start":{"line":874,"column":36},"end":{"line":879,"column":7}},"412":{"start":{"line":881,"column":6},"end":{"line":881,"column":20}},"413":{"start":{"line":887,"column":0},"end":{"line":909,"column":2}},"414":{"start":{"line":888,"column":2},"end":{"line":908,"column":5}},"415":{"start":{"line":890,"column":6},"end":{"line":890,"column":295}},"416":{"start":{"line":891,"column":4},"end":{"line":907,"column":7}},"417":{"start":{"line":892,"column":6},"end":{"line":894,"column":7}},"418":{"start":{"line":893,"column":8},"end":{"line":893,"column":20}},"419":{"start":{"line":896,"column":23},"end":{"line":904,"column":9}},"420":{"start":{"line":896,"column":40},"end":{"line":904,"column":7}},"421":{"start":{"line":906,"column":6},"end":{"line":906,"column":24}},"422":{"start":{"line":912,"column":0},"end":{"line":933,"column":2}},"423":{"start":{"line":913,"column":2},"end":{"line":932,"column":5}},"424":{"start":{"line":915,"column":6},"end":{"line":915,"column":98}},"425":{"start":{"line":916,"column":4},"end":{"line":931,"column":6}},"426":{"start":{"line":926,"column":8},"end":{"line":928,"column":9}},"427":{"start":{"line":927,"column":10},"end":{"line":927,"column":24}},"428":{"start":{"line":929,"column":8},"end":{"line":929,"column":29}},"429":{"start":{"line":937,"column":0},"end":{"line":960,"column":2}},"430":{"start":{"line":938,"column":2},"end":{"line":959,"column":5}},"431":{"start":{"line":940,"column":6},"end":{"line":940,"column":174}},"432":{"start":{"line":941,"column":4},"end":{"line":958,"column":7}},"433":{"start":{"line":942,"column":6},"end":{"line":957,"column":7}},"434":{"start":{"line":943,"column":8},"end":{"line":943,"column":20}},"435":{"start":{"line":944,"column":13},"end":{"line":957,"column":7}},"436":{"start":{"line":945,"column":8},"end":{"line":945,"column":23}},"437":{"start":{"line":947,"column":8},"end":{"line":956,"column":10}},"438":{"start":{"line":949,"column":12},"end":{"line":954,"column":14}},"439":{"start":{"line":963,"column":0},"end":{"line":990,"column":2}},"440":{"start":{"line":964,"column":2},"end":{"line":989,"column":5}},"441":{"start":{"line":966,"column":6},"end":{"line":966,"column":171}},"442":{"start":{"line":967,"column":4},"end":{"line":988,"column":6}},"443":{"start":{"line":983,"column":8},"end":{"line":985,"column":9}},"444":{"start":{"line":984,"column":10},"end":{"line":984,"column":22}},"445":{"start":{"line":986,"column":8},"end":{"line":986,"column":29}},"446":{"start":{"line":993,"column":0},"end":{"line":1008,"column":2}},"447":{"start":{"line":994,"column":2},"end":{"line":1007,"column":5}},"448":{"start":{"line":995,"column":16},"end":{"line":995,"column":72}},"449":{"start":{"line":996,"column":4},"end":{"line":1006,"column":7}},"450":{"start":{"line":997,"column":6},"end":{"line":1005,"column":7}},"451":{"start":{"line":998,"column":8},"end":{"line":998,"column":30}},"452":{"start":{"line":999,"column":8},"end":{"line":999,"column":15}},"453":{"start":{"line":1000,"column":13},"end":{"line":1005,"column":7}},"454":{"start":{"line":1001,"column":8},"end":{"line":1001,"column":55}},"455":{"start":{"line":1002,"column":8},"end":{"line":1002,"column":15}},"456":{"start":{"line":1004,"column":8},"end":{"line":1004,"column":20}},"457":{"start":{"line":1012,"column":0},"end":{"line":1032,"column":2}},"458":{"start":{"line":1013,"column":2},"end":{"line":1031,"column":5}},"459":{"start":{"line":1014,"column":16},"end":{"line":1014,"column":76}},"460":{"start":{"line":1015,"column":4},"end":{"line":1030,"column":7}},"461":{"start":{"line":1016,"column":6},"end":{"line":1029,"column":7}},"462":{"start":{"line":1017,"column":8},"end":{"line":1017,"column":20}},"463":{"start":{"line":1018,"column":13},"end":{"line":1029,"column":7}},"464":{"start":{"line":1019,"column":8},"end":{"line":1019,"column":52}},"465":{"start":{"line":1020,"column":8},"end":{"line":1020,"column":23}},"466":{"start":{"line":1022,"column":25},"end":{"line":1026,"column":11}},"467":{"start":{"line":1022,"column":42},"end":{"line":1026,"column":9}},"468":{"start":{"line":1028,"column":8},"end":{"line":1028,"column":26}},"469":{"start":{"line":1034,"column":0},"end":{"line":1059,"column":2}},"470":{"start":{"line":1035,"column":2},"end":{"line":1058,"column":5}},"471":{"start":{"line":1037,"column":6},"end":{"line":1037,"column":279}},"472":{"start":{"line":1038,"column":4},"end":{"line":1057,"column":7}},"473":{"start":{"line":1039,"column":6},"end":{"line":1056,"column":7}},"474":{"start":{"line":1040,"column":8},"end":{"line":1040,"column":20}},"475":{"start":{"line":1041,"column":13},"end":{"line":1056,"column":7}},"476":{"start":{"line":1042,"column":8},"end":{"line":1042,"column":52}},"477":{"start":{"line":1043,"column":8},"end":{"line":1043,"column":23}},"478":{"start":{"line":1045,"column":25},"end":{"line":1053,"column":11}},"479":{"start":{"line":1045,"column":42},"end":{"line":1053,"column":9}},"480":{"start":{"line":1055,"column":8},"end":{"line":1055,"column":26}},"481":{"start":{"line":1061,"column":0},"end":{"line":1079,"column":2}},"482":{"start":{"line":1062,"column":2},"end":{"line":1078,"column":5}},"483":{"start":{"line":1063,"column":15},"end":{"line":1063,"column":120}},"484":{"start":{"line":1064,"column":4},"end":{"line":1077,"column":7}},"485":{"start":{"line":1072,"column":6},"end":{"line":1076,"column":7}},"486":{"start":{"line":1073,"column":8},"end":{"line":1073,"column":20}},"487":{"start":{"line":1075,"column":8},"end":{"line":1075,"column":22}},"488":{"start":{"line":1082,"column":0},"end":{"line":1126,"column":2}},"489":{"start":{"line":1083,"column":2},"end":{"line":1125,"column":5}},"490":{"start":{"line":1084,"column":15},"end":{"line":1084,"column":231}},"491":{"start":{"line":1085,"column":4},"end":{"line":1124,"column":7}},"492":{"start":{"line":1086,"column":6},"end":{"line":1123,"column":7}},"493":{"start":{"line":1087,"column":8},"end":{"line":1087,"column":20}},"494":{"start":{"line":1088,"column":13},"end":{"line":1123,"column":7}},"495":{"start":{"line":1089,"column":8},"end":{"line":1089,"column":52}},"496":{"start":{"line":1090,"column":8},"end":{"line":1090,"column":23}},"497":{"start":{"line":1092,"column":29},"end":{"line":1098,"column":11}},"498":{"start":{"line":1092,"column":46},"end":{"line":1098,"column":9}},"499":{"start":{"line":1100,"column":23},"end":{"line":1100,"column":25}},"500":{"start":{"line":1101,"column":8},"end":{"line":1120,"column":11}},"501":{"start":{"line":1102,"column":10},"end":{"line":1119,"column":11}},"502":{"start":{"line":1103,"column":12},"end":{"line":1106,"column":14}},"503":{"start":{"line":1108,"column":12},"end":{"line":1118,"column":14}},"504":{"start":{"line":1121,"column":21},"end":{"line":1121,"column":55}},"505":{"start":{"line":1121,"column":44},"end":{"line":1121,"column":54}},"506":{"start":{"line":1122,"column":8},"end":{"line":1122,"column":22}},"507":{"start":{"line":1128,"column":0},"end":{"line":1140,"column":2}},"508":{"start":{"line":1129,"column":2},"end":{"line":1139,"column":5}},"509":{"start":{"line":1131,"column":6},"end":{"line":1131,"column":48}},"510":{"start":{"line":1132,"column":4},"end":{"line":1138,"column":7}},"511":{"start":{"line":1133,"column":6},"end":{"line":1137,"column":7}},"512":{"start":{"line":1134,"column":8},"end":{"line":1134,"column":20}},"513":{"start":{"line":1136,"column":8},"end":{"line":1136,"column":22}},"514":{"start":{"line":1143,"column":0},"end":{"line":1220,"column":2}},"515":{"start":{"line":1144,"column":18},"end":{"line":1148,"column":3}},"516":{"start":{"line":1145,"column":4},"end":{"line":1147,"column":5}},"517":{"start":{"line":1146,"column":6},"end":{"line":1146,"column":16}},"518":{"start":{"line":1149,"column":2},"end":{"line":1219,"column":3}},"519":{"start":{"line":1152,"column":4},"end":{"line":1158,"column":6}},"520":{"start":{"line":1156,"column":8},"end":{"line":1156,"column":21}},"521":{"start":{"line":1160,"column":4},"end":{"line":1162,"column":7}},"522":{"start":{"line":1161,"column":6},"end":{"line":1161,"column":19}},"523":{"start":{"line":1163,"column":4},"end":{"line":1165,"column":7}},"524":{"start":{"line":1164,"column":6},"end":{"line":1164,"column":19}},"525":{"start":{"line":1166,"column":4},"end":{"line":1172,"column":6}},"526":{"start":{"line":1170,"column":8},"end":{"line":1170,"column":21}},"527":{"start":{"line":1173,"column":4},"end":{"line":1179,"column":6}},"528":{"start":{"line":1177,"column":8},"end":{"line":1177,"column":21}},"529":{"start":{"line":1181,"column":4},"end":{"line":1183,"column":7}},"530":{"start":{"line":1182,"column":6},"end":{"line":1182,"column":19}},"531":{"start":{"line":1184,"column":4},"end":{"line":1190,"column":6}},"532":{"start":{"line":1188,"column":8},"end":{"line":1188,"column":21}},"533":{"start":{"line":1192,"column":4},"end":{"line":1198,"column":6}},"534":{"start":{"line":1196,"column":8},"end":{"line":1196,"column":21}},"535":{"start":{"line":1200,"column":4},"end":{"line":1206,"column":6}},"536":{"start":{"line":1204,"column":8},"end":{"line":1204,"column":21}},"537":{"start":{"line":1208,"column":4},"end":{"line":1210,"column":7}},"538":{"start":{"line":1209,"column":6},"end":{"line":1209,"column":19}},"539":{"start":{"line":1212,"column":4},"end":{"line":1218,"column":6}},"540":{"start":{"line":1216,"column":8},"end":{"line":1216,"column":21}},"541":{"start":{"line":1225,"column":0},"end":{"line":1256,"column":2}},"542":{"start":{"line":1226,"column":2},"end":{"line":1255,"column":5}},"543":{"start":{"line":1234,"column":6},"end":{"line":1237,"column":42}},"544":{"start":{"line":1238,"column":4},"end":{"line":1254,"column":7}},"545":{"start":{"line":1239,"column":6},"end":{"line":1242,"column":7}},"546":{"start":{"line":1240,"column":8},"end":{"line":1240,"column":20}},"547":{"start":{"line":1241,"column":8},"end":{"line":1241,"column":15}},"548":{"start":{"line":1253,"column":5},"end":{"line":1253,"column":44}},"549":{"start":{"line":1260,"column":0},"end":{"line":1271,"column":2}},"550":{"start":{"line":1261,"column":2},"end":{"line":1270,"column":5}},"551":{"start":{"line":1262,"column":16},"end":{"line":1262,"column":172}},"552":{"start":{"line":1263,"column":4},"end":{"line":1269,"column":7}},"553":{"start":{"line":1264,"column":6},"end":{"line":1268,"column":7}},"554":{"start":{"line":1265,"column":8},"end":{"line":1265,"column":20}},"555":{"start":{"line":1267,"column":8},"end":{"line":1267,"column":22}},"556":{"start":{"line":1274,"column":0},"end":{"line":1305,"column":2}},"557":{"start":{"line":1275,"column":2},"end":{"line":1304,"column":5}},"558":{"start":{"line":1285,"column":4},"end":{"line":1288,"column":40}},"559":{"start":{"line":1289,"column":4},"end":{"line":1303,"column":7}},"560":{"start":{"line":1290,"column":6},"end":{"line":1293,"column":7}},"561":{"start":{"line":1291,"column":8},"end":{"line":1291,"column":20}},"562":{"start":{"line":1292,"column":8},"end":{"line":1292,"column":15}},"563":{"start":{"line":1302,"column":6},"end":{"line":1302,"column":45}},"564":{"start":{"line":1307,"column":32},"end":{"line":1313,"column":1}},"565":{"start":{"line":1308,"column":2},"end":{"line":1312,"column":6}},"566":{"start":{"line":1308,"column":32},"end":{"line":1312,"column":3}},"567":{"start":{"line":1316,"column":0},"end":{"line":1347,"column":2}},"568":{"start":{"line":1317,"column":2},"end":{"line":1346,"column":5}},"569":{"start":{"line":1327,"column":10},"end":{"line":1332,"column":41}},"570":{"start":{"line":1333,"column":4},"end":{"line":1345,"column":7}},"571":{"start":{"line":1334,"column":6},"end":{"line":1337,"column":7}},"572":{"start":{"line":1335,"column":8},"end":{"line":1335,"column":20}},"573":{"start":{"line":1336,"column":8},"end":{"line":1336,"column":15}},"574":{"start":{"line":1339,"column":23},"end":{"line":1342,"column":9}},"575":{"start":{"line":1339,"column":40},"end":{"line":1342,"column":7}},"576":{"start":{"line":1344,"column":6},"end":{"line":1344,"column":24}},"577":{"start":{"line":1350,"column":0},"end":{"line":1367,"column":2}},"578":{"start":{"line":1351,"column":2},"end":{"line":1366,"column":5}},"579":{"start":{"line":1353,"column":6},"end":{"line":1353,"column":64}},"580":{"start":{"line":1354,"column":4},"end":{"line":1365,"column":7}},"581":{"start":{"line":1355,"column":6},"end":{"line":1358,"column":7}},"582":{"start":{"line":1356,"column":8},"end":{"line":1356,"column":20}},"583":{"start":{"line":1357,"column":8},"end":{"line":1357,"column":15}},"584":{"start":{"line":1359,"column":23},"end":{"line":1363,"column":9}},"585":{"start":{"line":1359,"column":40},"end":{"line":1363,"column":7}},"586":{"start":{"line":1364,"column":6},"end":{"line":1364,"column":24}},"587":{"start":{"line":1370,"column":0},"end":{"line":1388,"column":2}},"588":{"start":{"line":1371,"column":2},"end":{"line":1387,"column":5}},"589":{"start":{"line":1373,"column":6},"end":{"line":1373,"column":50}},"590":{"start":{"line":1374,"column":4},"end":{"line":1386,"column":6}},"591":{"start":{"line":1381,"column":8},"end":{"line":1383,"column":9}},"592":{"start":{"line":1382,"column":10},"end":{"line":1382,"column":22}},"593":{"start":{"line":1384,"column":8},"end":{"line":1384,"column":22}}},"fnMap":{"0":{"name":"(anonymous_0)","decl":{"start":{"line":13,"column":2},"end":{"line":13,"column":3}},"loc":{"start":{"line":13,"column":11},"end":{"line":15,"column":3}},"line":13},"1":{"name":"(anonymous_1)","decl":{"start":{"line":19,"column":21},"end":{"line":19,"column":22}},"loc":{"start":{"line":19,"column":27},"end":{"line":42,"column":1}},"line":19},"2":{"name":"(anonymous_2)","decl":{"start":{"line":20,"column":21},"end":{"line":20,"column":22}},"loc":{"start":{"line":20,"column":42},"end":{"line":41,"column":3}},"line":20},"3":{"name":"(anonymous_3)","decl":{"start":{"line":22,"column":20},"end":{"line":22,"column":21}},"loc":{"start":{"line":22,"column":35},"end":{"line":40,"column":5}},"line":22},"4":{"name":"(anonymous_4)","decl":{"start":{"line":29,"column":19},"end":{"line":29,"column":20}},"loc":{"start":{"line":29,"column":26},"end":{"line":37,"column":11}},"line":29},"5":{"name":"(anonymous_5)","decl":{"start":{"line":45,"column":24},"end":{"line":45,"column":25}},"loc":{"start":{"line":45,"column":30},"end":{"line":65,"column":1}},"line":45},"6":{"name":"(anonymous_6)","decl":{"start":{"line":46,"column":21},"end":{"line":46,"column":22}},"loc":{"start":{"line":46,"column":42},"end":{"line":64,"column":3}},"line":46},"7":{"name":"(anonymous_7)","decl":{"start":{"line":48,"column":20},"end":{"line":48,"column":21}},"loc":{"start":{"line":48,"column":35},"end":{"line":63,"column":5}},"line":48},"8":{"name":"(anonymous_8)","decl":{"start":{"line":55,"column":19},"end":{"line":55,"column":20}},"loc":{"start":{"line":55,"column":26},"end":{"line":60,"column":11}},"line":55},"9":{"name":"(anonymous_9)","decl":{"start":{"line":68,"column":20},"end":{"line":68,"column":21}},"loc":{"start":{"line":68,"column":41},"end":{"line":92,"column":1}},"line":68},"10":{"name":"(anonymous_10)","decl":{"start":{"line":69,"column":21},"end":{"line":69,"column":22}},"loc":{"start":{"line":69,"column":42},"end":{"line":91,"column":3}},"line":69},"11":{"name":"(anonymous_11)","decl":{"start":{"line":71,"column":25},"end":{"line":71,"column":26}},"loc":{"start":{"line":71,"column":39},"end":{"line":90,"column":5}},"line":71},"12":{"name":"(anonymous_12)","decl":{"start":{"line":85,"column":52},"end":{"line":85,"column":53}},"loc":{"start":{"line":85,"column":64},"end":{"line":88,"column":9}},"line":85},"13":{"name":"(anonymous_13)","decl":{"start":{"line":95,"column":24},"end":{"line":95,"column":25}},"loc":{"start":{"line":95,"column":32},"end":{"line":109,"column":1}},"line":95},"14":{"name":"(anonymous_14)","decl":{"start":{"line":96,"column":21},"end":{"line":96,"column":22}},"loc":{"start":{"line":96,"column":42},"end":{"line":108,"column":3}},"line":96},"15":{"name":"(anonymous_15)","decl":{"start":{"line":98,"column":22},"end":{"line":98,"column":23}},"loc":{"start":{"line":98,"column":36},"end":{"line":107,"column":5}},"line":98},"16":{"name":"(anonymous_16)","decl":{"start":{"line":112,"column":27},"end":{"line":112,"column":28}},"loc":{"start":{"line":112,"column":38},"end":{"line":126,"column":1}},"line":112},"17":{"name":"(anonymous_17)","decl":{"start":{"line":113,"column":21},"end":{"line":113,"column":22}},"loc":{"start":{"line":113,"column":42},"end":{"line":125,"column":3}},"line":113},"18":{"name":"(anonymous_18)","decl":{"start":{"line":115,"column":25},"end":{"line":115,"column":26}},"loc":{"start":{"line":115,"column":39},"end":{"line":124,"column":5}},"line":115},"19":{"name":"(anonymous_19)","decl":{"start":{"line":129,"column":29},"end":{"line":129,"column":30}},"loc":{"start":{"line":129,"column":50},"end":{"line":147,"column":1}},"line":129},"20":{"name":"(anonymous_20)","decl":{"start":{"line":130,"column":21},"end":{"line":130,"column":22}},"loc":{"start":{"line":130,"column":42},"end":{"line":146,"column":3}},"line":130},"21":{"name":"(anonymous_21)","decl":{"start":{"line":132,"column":25},"end":{"line":132,"column":26}},"loc":{"start":{"line":132,"column":39},"end":{"line":145,"column":5}},"line":132},"22":{"name":"(anonymous_22)","decl":{"start":{"line":140,"column":52},"end":{"line":140,"column":53}},"loc":{"start":{"line":140,"column":64},"end":{"line":143,"column":9}},"line":140},"23":{"name":"(anonymous_23)","decl":{"start":{"line":150,"column":20},"end":{"line":150,"column":21}},"loc":{"start":{"line":150,"column":41},"end":{"line":168,"column":1}},"line":150},"24":{"name":"(anonymous_24)","decl":{"start":{"line":151,"column":21},"end":{"line":151,"column":22}},"loc":{"start":{"line":151,"column":42},"end":{"line":167,"column":3}},"line":151},"25":{"name":"(anonymous_25)","decl":{"start":{"line":153,"column":25},"end":{"line":153,"column":26}},"loc":{"start":{"line":153,"column":39},"end":{"line":166,"column":5}},"line":153},"26":{"name":"(anonymous_26)","decl":{"start":{"line":161,"column":52},"end":{"line":161,"column":53}},"loc":{"start":{"line":161,"column":64},"end":{"line":164,"column":9}},"line":161},"27":{"name":"(anonymous_27)","decl":{"start":{"line":171,"column":26},"end":{"line":171,"column":27}},"loc":{"start":{"line":171,"column":47},"end":{"line":189,"column":1}},"line":171},"28":{"name":"(anonymous_28)","decl":{"start":{"line":172,"column":21},"end":{"line":172,"column":22}},"loc":{"start":{"line":172,"column":42},"end":{"line":188,"column":3}},"line":172},"29":{"name":"(anonymous_29)","decl":{"start":{"line":174,"column":25},"end":{"line":174,"column":26}},"loc":{"start":{"line":174,"column":39},"end":{"line":187,"column":5}},"line":174},"30":{"name":"(anonymous_30)","decl":{"start":{"line":182,"column":52},"end":{"line":182,"column":53}},"loc":{"start":{"line":182,"column":64},"end":{"line":185,"column":9}},"line":182},"31":{"name":"(anonymous_31)","decl":{"start":{"line":192,"column":24},"end":{"line":192,"column":25}},"loc":{"start":{"line":192,"column":32},"end":{"line":206,"column":1}},"line":192},"32":{"name":"(anonymous_32)","decl":{"start":{"line":193,"column":21},"end":{"line":193,"column":22}},"loc":{"start":{"line":193,"column":42},"end":{"line":205,"column":3}},"line":193},"33":{"name":"(anonymous_33)","decl":{"start":{"line":195,"column":22},"end":{"line":195,"column":23}},"loc":{"start":{"line":195,"column":36},"end":{"line":204,"column":5}},"line":195},"34":{"name":"(anonymous_34)","decl":{"start":{"line":209,"column":30},"end":{"line":209,"column":31}},"loc":{"start":{"line":209,"column":38},"end":{"line":223,"column":1}},"line":209},"35":{"name":"(anonymous_35)","decl":{"start":{"line":210,"column":21},"end":{"line":210,"column":22}},"loc":{"start":{"line":210,"column":42},"end":{"line":222,"column":3}},"line":210},"36":{"name":"(anonymous_36)","decl":{"start":{"line":212,"column":22},"end":{"line":212,"column":23}},"loc":{"start":{"line":212,"column":36},"end":{"line":221,"column":5}},"line":212},"37":{"name":"(anonymous_37)","decl":{"start":{"line":226,"column":30},"end":{"line":226,"column":31}},"loc":{"start":{"line":226,"column":51},"end":{"line":249,"column":1}},"line":226},"38":{"name":"(anonymous_38)","decl":{"start":{"line":227,"column":21},"end":{"line":227,"column":22}},"loc":{"start":{"line":227,"column":42},"end":{"line":248,"column":3}},"line":227},"39":{"name":"(anonymous_39)","decl":{"start":{"line":229,"column":25},"end":{"line":229,"column":26}},"loc":{"start":{"line":229,"column":39},"end":{"line":247,"column":5}},"line":229},"40":{"name":"(anonymous_40)","decl":{"start":{"line":242,"column":52},"end":{"line":242,"column":53}},"loc":{"start":{"line":242,"column":64},"end":{"line":245,"column":9}},"line":242},"41":{"name":"(anonymous_41)","decl":{"start":{"line":252,"column":34},"end":{"line":252,"column":35}},"loc":{"start":{"line":252,"column":42},"end":{"line":266,"column":1}},"line":252},"42":{"name":"(anonymous_42)","decl":{"start":{"line":253,"column":21},"end":{"line":253,"column":22}},"loc":{"start":{"line":253,"column":42},"end":{"line":265,"column":3}},"line":253},"43":{"name":"(anonymous_43)","decl":{"start":{"line":255,"column":22},"end":{"line":255,"column":23}},"loc":{"start":{"line":255,"column":36},"end":{"line":264,"column":5}},"line":255},"44":{"name":"(anonymous_44)","decl":{"start":{"line":269,"column":33},"end":{"line":269,"column":34}},"loc":{"start":{"line":269,"column":41},"end":{"line":283,"column":1}},"line":269},"45":{"name":"(anonymous_45)","decl":{"start":{"line":270,"column":21},"end":{"line":270,"column":22}},"loc":{"start":{"line":270,"column":42},"end":{"line":282,"column":3}},"line":270},"46":{"name":"(anonymous_46)","decl":{"start":{"line":272,"column":22},"end":{"line":272,"column":23}},"loc":{"start":{"line":272,"column":36},"end":{"line":281,"column":5}},"line":272},"47":{"name":"(anonymous_47)","decl":{"start":{"line":286,"column":21},"end":{"line":286,"column":22}},"loc":{"start":{"line":286,"column":42},"end":{"line":309,"column":1}},"line":286},"48":{"name":"(anonymous_48)","decl":{"start":{"line":287,"column":21},"end":{"line":287,"column":22}},"loc":{"start":{"line":287,"column":42},"end":{"line":308,"column":3}},"line":287},"49":{"name":"(anonymous_49)","decl":{"start":{"line":289,"column":25},"end":{"line":289,"column":26}},"loc":{"start":{"line":289,"column":39},"end":{"line":307,"column":5}},"line":289},"50":{"name":"(anonymous_50)","decl":{"start":{"line":302,"column":52},"end":{"line":302,"column":53}},"loc":{"start":{"line":302,"column":64},"end":{"line":305,"column":9}},"line":302},"51":{"name":"(anonymous_51)","decl":{"start":{"line":312,"column":25},"end":{"line":312,"column":26}},"loc":{"start":{"line":312,"column":33},"end":{"line":326,"column":1}},"line":312},"52":{"name":"(anonymous_52)","decl":{"start":{"line":313,"column":21},"end":{"line":313,"column":22}},"loc":{"start":{"line":313,"column":42},"end":{"line":325,"column":3}},"line":313},"53":{"name":"(anonymous_53)","decl":{"start":{"line":315,"column":22},"end":{"line":315,"column":23}},"loc":{"start":{"line":315,"column":36},"end":{"line":324,"column":5}},"line":315},"54":{"name":"(anonymous_54)","decl":{"start":{"line":329,"column":28},"end":{"line":329,"column":29}},"loc":{"start":{"line":329,"column":37},"end":{"line":341,"column":1}},"line":329},"55":{"name":"(anonymous_55)","decl":{"start":{"line":330,"column":21},"end":{"line":330,"column":22}},"loc":{"start":{"line":330,"column":42},"end":{"line":340,"column":3}},"line":330},"56":{"name":"(anonymous_56)","decl":{"start":{"line":333,"column":54},"end":{"line":333,"column":55}},"loc":{"start":{"line":333,"column":69},"end":{"line":339,"column":5}},"line":333},"57":{"name":"(anonymous_57)","decl":{"start":{"line":344,"column":24},"end":{"line":344,"column":25}},"loc":{"start":{"line":344,"column":37},"end":{"line":355,"column":1}},"line":344},"58":{"name":"(anonymous_58)","decl":{"start":{"line":345,"column":21},"end":{"line":345,"column":22}},"loc":{"start":{"line":345,"column":42},"end":{"line":354,"column":3}},"line":345},"59":{"name":"(anonymous_59)","decl":{"start":{"line":347,"column":51},"end":{"line":347,"column":52}},"loc":{"start":{"line":347,"column":66},"end":{"line":353,"column":5}},"line":347},"60":{"name":"(anonymous_60)","decl":{"start":{"line":358,"column":31},"end":{"line":358,"column":32}},"loc":{"start":{"line":358,"column":51},"end":{"line":377,"column":1}},"line":358},"61":{"name":"(anonymous_61)","decl":{"start":{"line":359,"column":21},"end":{"line":359,"column":22}},"loc":{"start":{"line":359,"column":42},"end":{"line":376,"column":3}},"line":359},"62":{"name":"(anonymous_62)","decl":{"start":{"line":369,"column":6},"end":{"line":369,"column":7}},"loc":{"start":{"line":369,"column":21},"end":{"line":374,"column":7}},"line":369},"63":{"name":"(anonymous_63)","decl":{"start":{"line":380,"column":31},"end":{"line":380,"column":32}},"loc":{"start":{"line":380,"column":51},"end":{"line":399,"column":1}},"line":380},"64":{"name":"(anonymous_64)","decl":{"start":{"line":381,"column":21},"end":{"line":381,"column":22}},"loc":{"start":{"line":381,"column":42},"end":{"line":398,"column":3}},"line":381},"65":{"name":"(anonymous_65)","decl":{"start":{"line":391,"column":6},"end":{"line":391,"column":7}},"loc":{"start":{"line":391,"column":21},"end":{"line":396,"column":7}},"line":391},"66":{"name":"(anonymous_66)","decl":{"start":{"line":402,"column":29},"end":{"line":402,"column":30}},"loc":{"start":{"line":402,"column":42},"end":{"line":416,"column":1}},"line":402},"67":{"name":"(anonymous_67)","decl":{"start":{"line":403,"column":21},"end":{"line":403,"column":22}},"loc":{"start":{"line":403,"column":42},"end":{"line":415,"column":3}},"line":403},"68":{"name":"(anonymous_68)","decl":{"start":{"line":405,"column":55},"end":{"line":405,"column":56}},"loc":{"start":{"line":405,"column":75},"end":{"line":414,"column":5}},"line":405},"69":{"name":"(anonymous_69)","decl":{"start":{"line":419,"column":34},"end":{"line":419,"column":35}},"loc":{"start":{"line":419,"column":47},"end":{"line":431,"column":1}},"line":419},"70":{"name":"(anonymous_70)","decl":{"start":{"line":420,"column":21},"end":{"line":420,"column":22}},"loc":{"start":{"line":420,"column":42},"end":{"line":430,"column":3}},"line":420},"71":{"name":"(anonymous_71)","decl":{"start":{"line":422,"column":55},"end":{"line":422,"column":56}},"loc":{"start":{"line":422,"column":70},"end":{"line":429,"column":5}},"line":422},"72":{"name":"getProduct","decl":{"start":{"line":434,"column":9},"end":{"line":434,"column":19}},"loc":{"start":{"line":434,"column":24},"end":{"line":445,"column":1}},"line":434},"73":{"name":"(anonymous_73)","decl":{"start":{"line":435,"column":21},"end":{"line":435,"column":22}},"loc":{"start":{"line":435,"column":42},"end":{"line":444,"column":3}},"line":435},"74":{"name":"(anonymous_74)","decl":{"start":{"line":437,"column":22},"end":{"line":437,"column":23}},"loc":{"start":{"line":437,"column":42},"end":{"line":443,"column":5}},"line":437},"75":{"name":"(anonymous_75)","decl":{"start":{"line":448,"column":31},"end":{"line":448,"column":32}},"loc":{"start":{"line":448,"column":44},"end":{"line":459,"column":1}},"line":448},"76":{"name":"(anonymous_76)","decl":{"start":{"line":449,"column":21},"end":{"line":449,"column":22}},"loc":{"start":{"line":449,"column":42},"end":{"line":458,"column":3}},"line":449},"77":{"name":"(anonymous_77)","decl":{"start":{"line":451,"column":45},"end":{"line":451,"column":46}},"loc":{"start":{"line":451,"column":60},"end":{"line":457,"column":5}},"line":451},"78":{"name":"(anonymous_78)","decl":{"start":{"line":462,"column":24},"end":{"line":462,"column":25}},"loc":{"start":{"line":462,"column":39},"end":{"line":473,"column":1}},"line":462},"79":{"name":"(anonymous_79)","decl":{"start":{"line":463,"column":21},"end":{"line":463,"column":22}},"loc":{"start":{"line":463,"column":42},"end":{"line":472,"column":3}},"line":463},"80":{"name":"(anonymous_80)","decl":{"start":{"line":465,"column":29},"end":{"line":465,"column":30}},"loc":{"start":{"line":465,"column":44},"end":{"line":471,"column":5}},"line":465},"81":{"name":"(anonymous_81)","decl":{"start":{"line":476,"column":31},"end":{"line":476,"column":32}},"loc":{"start":{"line":476,"column":57},"end":{"line":488,"column":1}},"line":476},"82":{"name":"(anonymous_82)","decl":{"start":{"line":477,"column":21},"end":{"line":477,"column":22}},"loc":{"start":{"line":477,"column":42},"end":{"line":487,"column":3}},"line":477},"83":{"name":"(anonymous_83)","decl":{"start":{"line":480,"column":40},"end":{"line":480,"column":41}},"loc":{"start":{"line":480,"column":55},"end":{"line":486,"column":5}},"line":480},"84":{"name":"(anonymous_84)","decl":{"start":{"line":491,"column":33},"end":{"line":491,"column":34}},"loc":{"start":{"line":491,"column":46},"end":{"line":521,"column":1}},"line":491},"85":{"name":"(anonymous_85)","decl":{"start":{"line":492,"column":21},"end":{"line":492,"column":22}},"loc":{"start":{"line":492,"column":42},"end":{"line":520,"column":3}},"line":492},"86":{"name":"(anonymous_86)","decl":{"start":{"line":494,"column":44},"end":{"line":494,"column":45}},"loc":{"start":{"line":494,"column":58},"end":{"line":519,"column":5}},"line":494},"87":{"name":"(anonymous_87)","decl":{"start":{"line":511,"column":10},"end":{"line":511,"column":11}},"loc":{"start":{"line":511,"column":25},"end":{"line":516,"column":11}},"line":511},"88":{"name":"(anonymous_88)","decl":{"start":{"line":524,"column":27},"end":{"line":524,"column":28}},"loc":{"start":{"line":524,"column":40},"end":{"line":535,"column":1}},"line":524},"89":{"name":"(anonymous_89)","decl":{"start":{"line":525,"column":21},"end":{"line":525,"column":22}},"loc":{"start":{"line":525,"column":42},"end":{"line":534,"column":3}},"line":525},"90":{"name":"(anonymous_90)","decl":{"start":{"line":527,"column":45},"end":{"line":527,"column":46}},"loc":{"start":{"line":527,"column":60},"end":{"line":533,"column":5}},"line":527},"91":{"name":"(anonymous_91)","decl":{"start":{"line":538,"column":23},"end":{"line":538,"column":24}},"loc":{"start":{"line":538,"column":32},"end":{"line":549,"column":1}},"line":538},"92":{"name":"(anonymous_92)","decl":{"start":{"line":539,"column":21},"end":{"line":539,"column":22}},"loc":{"start":{"line":539,"column":42},"end":{"line":548,"column":3}},"line":539},"93":{"name":"(anonymous_93)","decl":{"start":{"line":541,"column":37},"end":{"line":541,"column":38}},"loc":{"start":{"line":541,"column":52},"end":{"line":547,"column":5}},"line":541},"94":{"name":"(anonymous_94)","decl":{"start":{"line":552,"column":21},"end":{"line":552,"column":22}},"loc":{"start":{"line":552,"column":29},"end":{"line":567,"column":1}},"line":552},"95":{"name":"(anonymous_95)","decl":{"start":{"line":553,"column":21},"end":{"line":553,"column":22}},"loc":{"start":{"line":553,"column":42},"end":{"line":566,"column":3}},"line":553},"96":{"name":"(anonymous_96)","decl":{"start":{"line":555,"column":22},"end":{"line":555,"column":23}},"loc":{"start":{"line":555,"column":42},"end":{"line":565,"column":5}},"line":555},"97":{"name":"(anonymous_97)","decl":{"start":{"line":570,"column":20},"end":{"line":570,"column":21}},"loc":{"start":{"line":570,"column":28},"end":{"line":584,"column":1}},"line":570},"98":{"name":"(anonymous_98)","decl":{"start":{"line":571,"column":21},"end":{"line":571,"column":22}},"loc":{"start":{"line":571,"column":42},"end":{"line":583,"column":3}},"line":571},"99":{"name":"(anonymous_99)","decl":{"start":{"line":573,"column":22},"end":{"line":573,"column":23}},"loc":{"start":{"line":573,"column":36},"end":{"line":582,"column":5}},"line":573},"100":{"name":"(anonymous_100)","decl":{"start":{"line":586,"column":23},"end":{"line":586,"column":24}},"loc":{"start":{"line":586,"column":35},"end":{"line":602,"column":1}},"line":586},"101":{"name":"(anonymous_101)","decl":{"start":{"line":587,"column":21},"end":{"line":587,"column":22}},"loc":{"start":{"line":587,"column":42},"end":{"line":601,"column":3}},"line":587},"102":{"name":"(anonymous_102)","decl":{"start":{"line":593,"column":6},"end":{"line":593,"column":7}},"loc":{"start":{"line":593,"column":21},"end":{"line":599,"column":7}},"line":593},"103":{"name":"(anonymous_103)","decl":{"start":{"line":605,"column":25},"end":{"line":605,"column":26}},"loc":{"start":{"line":605,"column":31},"end":{"line":626,"column":1}},"line":605},"104":{"name":"(anonymous_104)","decl":{"start":{"line":606,"column":21},"end":{"line":606,"column":22}},"loc":{"start":{"line":606,"column":42},"end":{"line":625,"column":3}},"line":606},"105":{"name":"(anonymous_105)","decl":{"start":{"line":609,"column":16},"end":{"line":609,"column":17}},"loc":{"start":{"line":609,"column":31},"end":{"line":624,"column":5}},"line":609},"106":{"name":"(anonymous_106)","decl":{"start":{"line":613,"column":32},"end":{"line":613,"column":33}},"loc":{"start":{"line":613,"column":40},"end":{"line":622,"column":7}},"line":613},"107":{"name":"(anonymous_107)","decl":{"start":{"line":629,"column":42},"end":{"line":629,"column":43}},"loc":{"start":{"line":629,"column":56},"end":{"line":652,"column":1}},"line":629},"108":{"name":"(anonymous_108)","decl":{"start":{"line":630,"column":21},"end":{"line":630,"column":22}},"loc":{"start":{"line":630,"column":42},"end":{"line":651,"column":3}},"line":630},"109":{"name":"(anonymous_109)","decl":{"start":{"line":634,"column":40},"end":{"line":634,"column":41}},"loc":{"start":{"line":634,"column":55},"end":{"line":650,"column":5}},"line":634},"110":{"name":"(anonymous_110)","decl":{"start":{"line":638,"column":32},"end":{"line":638,"column":33}},"loc":{"start":{"line":638,"column":40},"end":{"line":648,"column":7}},"line":638},"111":{"name":"(anonymous_111)","decl":{"start":{"line":655,"column":43},"end":{"line":655,"column":44}},"loc":{"start":{"line":655,"column":57},"end":{"line":676,"column":1}},"line":655},"112":{"name":"(anonymous_112)","decl":{"start":{"line":656,"column":21},"end":{"line":656,"column":22}},"loc":{"start":{"line":656,"column":42},"end":{"line":675,"column":3}},"line":656},"113":{"name":"(anonymous_113)","decl":{"start":{"line":659,"column":28},"end":{"line":659,"column":29}},"loc":{"start":{"line":659,"column":43},"end":{"line":674,"column":5}},"line":659},"114":{"name":"(anonymous_114)","decl":{"start":{"line":663,"column":32},"end":{"line":663,"column":33}},"loc":{"start":{"line":663,"column":40},"end":{"line":672,"column":7}},"line":663},"115":{"name":"(anonymous_115)","decl":{"start":{"line":679,"column":25},"end":{"line":679,"column":26}},"loc":{"start":{"line":679,"column":31},"end":{"line":726,"column":1}},"line":679},"116":{"name":"(anonymous_116)","decl":{"start":{"line":680,"column":21},"end":{"line":680,"column":22}},"loc":{"start":{"line":680,"column":42},"end":{"line":724,"column":3}},"line":680},"117":{"name":"(anonymous_117)","decl":{"start":{"line":683,"column":16},"end":{"line":683,"column":17}},"loc":{"start":{"line":683,"column":31},"end":{"line":723,"column":5}},"line":683},"118":{"name":"(anonymous_118)","decl":{"start":{"line":688,"column":36},"end":{"line":688,"column":37}},"loc":{"start":{"line":688,"column":44},"end":{"line":697,"column":7}},"line":688},"119":{"name":"(anonymous_119)","decl":{"start":{"line":698,"column":27},"end":{"line":698,"column":28}},"loc":{"start":{"line":698,"column":34},"end":{"line":720,"column":7}},"line":698},"120":{"name":"(anonymous_120)","decl":{"start":{"line":721,"column":35},"end":{"line":721,"column":36}},"loc":{"start":{"line":721,"column":42},"end":{"line":721,"column":52}},"line":721},"121":{"name":"(anonymous_121)","decl":{"start":{"line":729,"column":35},"end":{"line":729,"column":36}},"loc":{"start":{"line":729,"column":41},"end":{"line":747,"column":1}},"line":729},"122":{"name":"(anonymous_122)","decl":{"start":{"line":730,"column":21},"end":{"line":730,"column":22}},"loc":{"start":{"line":730,"column":42},"end":{"line":746,"column":3}},"line":730},"123":{"name":"(anonymous_123)","decl":{"start":{"line":733,"column":50},"end":{"line":733,"column":51}},"loc":{"start":{"line":733,"column":65},"end":{"line":745,"column":5}},"line":733},"124":{"name":"(anonymous_124)","decl":{"start":{"line":737,"column":32},"end":{"line":737,"column":33}},"loc":{"start":{"line":737,"column":40},"end":{"line":743,"column":7}},"line":737},"125":{"name":"(anonymous_125)","decl":{"start":{"line":750,"column":37},"end":{"line":750,"column":38}},"loc":{"start":{"line":750,"column":43},"end":{"line":801,"column":1}},"line":750},"126":{"name":"(anonymous_126)","decl":{"start":{"line":751,"column":21},"end":{"line":751,"column":22}},"loc":{"start":{"line":751,"column":42},"end":{"line":800,"column":3}},"line":751},"127":{"name":"(anonymous_127)","decl":{"start":{"line":754,"column":36},"end":{"line":754,"column":37}},"loc":{"start":{"line":754,"column":51},"end":{"line":799,"column":5}},"line":754},"128":{"name":"(anonymous_128)","decl":{"start":{"line":759,"column":36},"end":{"line":759,"column":37}},"loc":{"start":{"line":759,"column":44},"end":{"line":771,"column":7}},"line":759},"129":{"name":"(anonymous_129)","decl":{"start":{"line":772,"column":27},"end":{"line":772,"column":28}},"loc":{"start":{"line":772,"column":34},"end":{"line":796,"column":7}},"line":772},"130":{"name":"(anonymous_130)","decl":{"start":{"line":797,"column":35},"end":{"line":797,"column":36}},"loc":{"start":{"line":797,"column":42},"end":{"line":797,"column":52}},"line":797},"131":{"name":"(anonymous_131)","decl":{"start":{"line":804,"column":34},"end":{"line":804,"column":35}},"loc":{"start":{"line":804,"column":48},"end":{"line":828,"column":1}},"line":804},"132":{"name":"(anonymous_132)","decl":{"start":{"line":805,"column":21},"end":{"line":805,"column":22}},"loc":{"start":{"line":805,"column":42},"end":{"line":827,"column":3}},"line":805},"133":{"name":"(anonymous_133)","decl":{"start":{"line":808,"column":28},"end":{"line":808,"column":29}},"loc":{"start":{"line":808,"column":49},"end":{"line":826,"column":5}},"line":808},"134":{"name":"(anonymous_134)","decl":{"start":{"line":813,"column":32},"end":{"line":813,"column":33}},"loc":{"start":{"line":813,"column":40},"end":{"line":820,"column":7}},"line":813},"135":{"name":"(anonymous_135)","decl":{"start":{"line":831,"column":23},"end":{"line":831,"column":24}},"loc":{"start":{"line":831,"column":35},"end":{"line":848,"column":1}},"line":831},"136":{"name":"(anonymous_136)","decl":{"start":{"line":832,"column":21},"end":{"line":832,"column":22}},"loc":{"start":{"line":832,"column":42},"end":{"line":847,"column":3}},"line":832},"137":{"name":"(anonymous_137)","decl":{"start":{"line":834,"column":44},"end":{"line":834,"column":45}},"loc":{"start":{"line":834,"column":59},"end":{"line":846,"column":5}},"line":834},"138":{"name":"(anonymous_138)","decl":{"start":{"line":851,"column":23},"end":{"line":851,"column":24}},"loc":{"start":{"line":851,"column":31},"end":{"line":862,"column":1}},"line":851},"139":{"name":"(anonymous_139)","decl":{"start":{"line":852,"column":21},"end":{"line":852,"column":22}},"loc":{"start":{"line":852,"column":42},"end":{"line":861,"column":3}},"line":852},"140":{"name":"(anonymous_140)","decl":{"start":{"line":854,"column":27},"end":{"line":854,"column":28}},"loc":{"start":{"line":854,"column":42},"end":{"line":860,"column":5}},"line":854},"141":{"name":"(anonymous_141)","decl":{"start":{"line":865,"column":26},"end":{"line":865,"column":27}},"loc":{"start":{"line":865,"column":32},"end":{"line":884,"column":1}},"line":865},"142":{"name":"(anonymous_142)","decl":{"start":{"line":866,"column":21},"end":{"line":866,"column":22}},"loc":{"start":{"line":866,"column":42},"end":{"line":883,"column":3}},"line":866},"143":{"name":"(anonymous_143)","decl":{"start":{"line":869,"column":16},"end":{"line":869,"column":17}},"loc":{"start":{"line":869,"column":31},"end":{"line":882,"column":5}},"line":869},"144":{"name":"(anonymous_144)","decl":{"start":{"line":874,"column":28},"end":{"line":874,"column":29}},"loc":{"start":{"line":874,"column":36},"end":{"line":879,"column":7}},"line":874},"145":{"name":"(anonymous_145)","decl":{"start":{"line":887,"column":45},"end":{"line":887,"column":46}},"loc":{"start":{"line":887,"column":51},"end":{"line":909,"column":1}},"line":887},"146":{"name":"(anonymous_146)","decl":{"start":{"line":888,"column":21},"end":{"line":888,"column":22}},"loc":{"start":{"line":888,"column":42},"end":{"line":908,"column":3}},"line":888},"147":{"name":"(anonymous_147)","decl":{"start":{"line":891,"column":16},"end":{"line":891,"column":17}},"loc":{"start":{"line":891,"column":31},"end":{"line":907,"column":5}},"line":891},"148":{"name":"(anonymous_148)","decl":{"start":{"line":896,"column":32},"end":{"line":896,"column":33}},"loc":{"start":{"line":896,"column":40},"end":{"line":904,"column":7}},"line":896},"149":{"name":"(anonymous_149)","decl":{"start":{"line":912,"column":37},"end":{"line":912,"column":38}},"loc":{"start":{"line":912,"column":49},"end":{"line":933,"column":1}},"line":912},"150":{"name":"(anonymous_150)","decl":{"start":{"line":913,"column":21},"end":{"line":913,"column":22}},"loc":{"start":{"line":913,"column":42},"end":{"line":932,"column":3}},"line":913},"151":{"name":"(anonymous_151)","decl":{"start":{"line":925,"column":6},"end":{"line":925,"column":7}},"loc":{"start":{"line":925,"column":21},"end":{"line":930,"column":7}},"line":925},"152":{"name":"(anonymous_152)","decl":{"start":{"line":937,"column":32},"end":{"line":937,"column":33}},"loc":{"start":{"line":937,"column":47},"end":{"line":960,"column":1}},"line":937},"153":{"name":"(anonymous_153)","decl":{"start":{"line":938,"column":21},"end":{"line":938,"column":22}},"loc":{"start":{"line":938,"column":42},"end":{"line":959,"column":3}},"line":938},"154":{"name":"(anonymous_154)","decl":{"start":{"line":941,"column":29},"end":{"line":941,"column":30}},"loc":{"start":{"line":941,"column":44},"end":{"line":958,"column":5}},"line":941},"155":{"name":"(anonymous_155)","decl":{"start":{"line":948,"column":19},"end":{"line":948,"column":20}},"loc":{"start":{"line":948,"column":26},"end":{"line":955,"column":11}},"line":948},"156":{"name":"(anonymous_156)","decl":{"start":{"line":963,"column":28},"end":{"line":963,"column":29}},"loc":{"start":{"line":963,"column":45},"end":{"line":990,"column":1}},"line":963},"157":{"name":"(anonymous_157)","decl":{"start":{"line":964,"column":21},"end":{"line":964,"column":22}},"loc":{"start":{"line":964,"column":42},"end":{"line":989,"column":3}},"line":964},"158":{"name":"(anonymous_158)","decl":{"start":{"line":982,"column":6},"end":{"line":982,"column":7}},"loc":{"start":{"line":982,"column":21},"end":{"line":987,"column":7}},"line":982},"159":{"name":"(anonymous_159)","decl":{"start":{"line":993,"column":33},"end":{"line":993,"column":34}},"loc":{"start":{"line":993,"column":41},"end":{"line":1008,"column":1}},"line":993},"160":{"name":"(anonymous_160)","decl":{"start":{"line":994,"column":21},"end":{"line":994,"column":22}},"loc":{"start":{"line":994,"column":42},"end":{"line":1007,"column":3}},"line":994},"161":{"name":"(anonymous_161)","decl":{"start":{"line":996,"column":37},"end":{"line":996,"column":38}},"loc":{"start":{"line":996,"column":54},"end":{"line":1006,"column":5}},"line":996},"162":{"name":"(anonymous_162)","decl":{"start":{"line":1012,"column":40},"end":{"line":1012,"column":41}},"loc":{"start":{"line":1012,"column":48},"end":{"line":1032,"column":1}},"line":1012},"163":{"name":"(anonymous_163)","decl":{"start":{"line":1013,"column":21},"end":{"line":1013,"column":22}},"loc":{"start":{"line":1013,"column":42},"end":{"line":1031,"column":3}},"line":1013},"164":{"name":"(anonymous_164)","decl":{"start":{"line":1015,"column":22},"end":{"line":1015,"column":23}},"loc":{"start":{"line":1015,"column":37},"end":{"line":1030,"column":5}},"line":1015},"165":{"name":"(anonymous_165)","decl":{"start":{"line":1022,"column":34},"end":{"line":1022,"column":35}},"loc":{"start":{"line":1022,"column":42},"end":{"line":1026,"column":9}},"line":1022},"166":{"name":"(anonymous_166)","decl":{"start":{"line":1034,"column":28},"end":{"line":1034,"column":29}},"loc":{"start":{"line":1034,"column":36},"end":{"line":1059,"column":1}},"line":1034},"167":{"name":"(anonymous_167)","decl":{"start":{"line":1035,"column":21},"end":{"line":1035,"column":22}},"loc":{"start":{"line":1035,"column":42},"end":{"line":1058,"column":3}},"line":1035},"168":{"name":"(anonymous_168)","decl":{"start":{"line":1038,"column":22},"end":{"line":1038,"column":23}},"loc":{"start":{"line":1038,"column":37},"end":{"line":1057,"column":5}},"line":1038},"169":{"name":"(anonymous_169)","decl":{"start":{"line":1045,"column":34},"end":{"line":1045,"column":35}},"loc":{"start":{"line":1045,"column":42},"end":{"line":1053,"column":9}},"line":1045},"170":{"name":"(anonymous_170)","decl":{"start":{"line":1061,"column":36},"end":{"line":1061,"column":37}},"loc":{"start":{"line":1061,"column":49},"end":{"line":1079,"column":1}},"line":1061},"171":{"name":"(anonymous_171)","decl":{"start":{"line":1062,"column":21},"end":{"line":1062,"column":22}},"loc":{"start":{"line":1062,"column":42},"end":{"line":1078,"column":3}},"line":1062},"172":{"name":"(anonymous_172)","decl":{"start":{"line":1071,"column":9},"end":{"line":1071,"column":10}},"loc":{"start":{"line":1071,"column":18},"end":{"line":1077,"column":5}},"line":1071},"173":{"name":"(anonymous_173)","decl":{"start":{"line":1082,"column":33},"end":{"line":1082,"column":34}},"loc":{"start":{"line":1082,"column":39},"end":{"line":1126,"column":1}},"line":1082},"174":{"name":"(anonymous_174)","decl":{"start":{"line":1083,"column":21},"end":{"line":1083,"column":22}},"loc":{"start":{"line":1083,"column":42},"end":{"line":1125,"column":3}},"line":1083},"175":{"name":"(anonymous_175)","decl":{"start":{"line":1085,"column":16},"end":{"line":1085,"column":17}},"loc":{"start":{"line":1085,"column":31},"end":{"line":1124,"column":5}},"line":1085},"176":{"name":"(anonymous_176)","decl":{"start":{"line":1092,"column":38},"end":{"line":1092,"column":39}},"loc":{"start":{"line":1092,"column":46},"end":{"line":1098,"column":9}},"line":1092},"177":{"name":"(anonymous_177)","decl":{"start":{"line":1101,"column":29},"end":{"line":1101,"column":30}},"loc":{"start":{"line":1101,"column":36},"end":{"line":1120,"column":9}},"line":1101},"178":{"name":"(anonymous_178)","decl":{"start":{"line":1121,"column":37},"end":{"line":1121,"column":38}},"loc":{"start":{"line":1121,"column":44},"end":{"line":1121,"column":54}},"line":1121},"179":{"name":"(anonymous_179)","decl":{"start":{"line":1128,"column":24},"end":{"line":1128,"column":25}},"loc":{"start":{"line":1128,"column":39},"end":{"line":1140,"column":1}},"line":1128},"180":{"name":"(anonymous_180)","decl":{"start":{"line":1129,"column":21},"end":{"line":1129,"column":22}},"loc":{"start":{"line":1129,"column":42},"end":{"line":1139,"column":3}},"line":1129},"181":{"name":"(anonymous_181)","decl":{"start":{"line":1132,"column":29},"end":{"line":1132,"column":30}},"loc":{"start":{"line":1132,"column":44},"end":{"line":1138,"column":5}},"line":1132},"182":{"name":"(anonymous_182)","decl":{"start":{"line":1143,"column":18},"end":{"line":1143,"column":19}},"loc":{"start":{"line":1143,"column":30},"end":{"line":1220,"column":1}},"line":1143},"183":{"name":"(anonymous_183)","decl":{"start":{"line":1144,"column":18},"end":{"line":1144,"column":19}},"loc":{"start":{"line":1144,"column":27},"end":{"line":1148,"column":3}},"line":1144},"184":{"name":"(anonymous_184)","decl":{"start":{"line":1155,"column":6},"end":{"line":1155,"column":7}},"loc":{"start":{"line":1155,"column":15},"end":{"line":1157,"column":7}},"line":1155},"185":{"name":"(anonymous_185)","decl":{"start":{"line":1160,"column":66},"end":{"line":1160,"column":67}},"loc":{"start":{"line":1160,"column":75},"end":{"line":1162,"column":5}},"line":1160},"186":{"name":"(anonymous_186)","decl":{"start":{"line":1163,"column":70},"end":{"line":1163,"column":71}},"loc":{"start":{"line":1163,"column":79},"end":{"line":1165,"column":5}},"line":1163},"187":{"name":"(anonymous_187)","decl":{"start":{"line":1169,"column":6},"end":{"line":1169,"column":7}},"loc":{"start":{"line":1169,"column":15},"end":{"line":1171,"column":7}},"line":1169},"188":{"name":"(anonymous_188)","decl":{"start":{"line":1176,"column":6},"end":{"line":1176,"column":7}},"loc":{"start":{"line":1176,"column":15},"end":{"line":1178,"column":7}},"line":1176},"189":{"name":"(anonymous_189)","decl":{"start":{"line":1181,"column":64},"end":{"line":1181,"column":65}},"loc":{"start":{"line":1181,"column":73},"end":{"line":1183,"column":5}},"line":1181},"190":{"name":"(anonymous_190)","decl":{"start":{"line":1187,"column":6},"end":{"line":1187,"column":7}},"loc":{"start":{"line":1187,"column":15},"end":{"line":1189,"column":7}},"line":1187},"191":{"name":"(anonymous_191)","decl":{"start":{"line":1195,"column":6},"end":{"line":1195,"column":7}},"loc":{"start":{"line":1195,"column":15},"end":{"line":1197,"column":7}},"line":1195},"192":{"name":"(anonymous_192)","decl":{"start":{"line":1203,"column":6},"end":{"line":1203,"column":7}},"loc":{"start":{"line":1203,"column":15},"end":{"line":1205,"column":7}},"line":1203},"193":{"name":"(anonymous_193)","decl":{"start":{"line":1208,"column":58},"end":{"line":1208,"column":59}},"loc":{"start":{"line":1208,"column":67},"end":{"line":1210,"column":5}},"line":1208},"194":{"name":"(anonymous_194)","decl":{"start":{"line":1215,"column":6},"end":{"line":1215,"column":7}},"loc":{"start":{"line":1215,"column":15},"end":{"line":1217,"column":7}},"line":1215},"195":{"name":"(anonymous_195)","decl":{"start":{"line":1225,"column":19},"end":{"line":1225,"column":20}},"loc":{"start":{"line":1225,"column":25},"end":{"line":1256,"column":1}},"line":1225},"196":{"name":"(anonymous_196)","decl":{"start":{"line":1226,"column":21},"end":{"line":1226,"column":22}},"loc":{"start":{"line":1226,"column":42},"end":{"line":1255,"column":3}},"line":1226},"197":{"name":"(anonymous_197)","decl":{"start":{"line":1238,"column":39},"end":{"line":1238,"column":40}},"loc":{"start":{"line":1238,"column":54},"end":{"line":1254,"column":5}},"line":1238},"198":{"name":"(anonymous_198)","decl":{"start":{"line":1260,"column":40},"end":{"line":1260,"column":41}},"loc":{"start":{"line":1260,"column":46},"end":{"line":1271,"column":1}},"line":1260},"199":{"name":"(anonymous_199)","decl":{"start":{"line":1261,"column":21},"end":{"line":1261,"column":22}},"loc":{"start":{"line":1261,"column":42},"end":{"line":1270,"column":3}},"line":1261},"200":{"name":"(anonymous_200)","decl":{"start":{"line":1263,"column":30},"end":{"line":1263,"column":31}},"loc":{"start":{"line":1263,"column":45},"end":{"line":1
[...]
ne":825,"column":5}},{"start":{},"end":{}}],"line":821},"71":{"loc":{"start":{"line":826,"column":4},"end":{"line":830,"column":5}},"type":"if","locations":[{"start":{"line":826,"column":4},"end":{"line":830,"column":5}},{"start":{},"end":{}}],"line":826},"72":{"loc":{"start":{"line":831,"column":4},"end":{"line":835,"column":5}},"type":"if","locations":[{"start":{"line":831,"column":4},"end":{"line":835,"column":5}},{"start":{},"end":{}}],"line":831},"73":{"loc":{"start":{"line":865,"column":2},"end":{"line":869,"column":3}},"type":"if","locations":[{"start":{"line":865,"column":2},"end":{"line":869,"column":3}},{"start":{},"end":{}}],"line":865},"74":{"loc":{"start":{"line":892,"column":2},"end":{"line":896,"column":3}},"type":"if","locations":[{"start":{"line":892,"column":2},"end":{"line":896,"column":3}},{"start":{},"end":{}}],"line":892},"75":{"loc":{"start":{"line":931,"column":2},"end":{"line":935,"column":3}},"type":"if","locations":[{"start":{"line":931,"column":2},"end":{"line":935,"column":3}},{"start":{},"end":{}}],"line":931},"76":{"loc":{"start":{"line":953,"column":2},"end":{"line":957,"column":3}},"type":"if","locations":[{"start":{"line":953,"column":2},"end":{"line":957,"column":3}},{"start":{},"end":{}}],"line":953},"77":{"loc":{"start":{"line":1007,"column":2},"end":{"line":1011,"column":3}},"type":"if","locations":[{"start":{"line":1007,"column":2},"end":{"line":1011,"column":3}},{"start":{},"end":{}}],"line":1007},"78":{"loc":{"start":{"line":1050,"column":2},"end":{"line":1054,"column":3}},"type":"if","locations":[{"start":{"line":1050,"column":2},"end":{"line":1054,"column":3}},{"start":{},"end":{}}],"line":1050},"79":{"loc":{"start":{"line":1103,"column":4},"end":{"line":1116,"column":5}},"type":"if","locations":[{"start":{"line":1103,"column":4},"end":{"line":1116,"column":5}},{"start":{},"end":{}}],"line":1103},"80":{"loc":{"start":{"line":1118,"column":2},"end":{"line":1125,"column":3}},"type":"if","locations":[{"start":{"line":1118,"column":2},"end":{"line":1125,"column":3}},{"start":{"line":1121,"column":9},"end":{"line":1125,"column":3}}],"line":1118},"81":{"loc":{"start":{"line":1133,"column":4},"end":{"line":1141,"column":5}},"type":"if","locations":[{"start":{"line":1133,"column":4},"end":{"line":1141,"column":5}},{"start":{},"end":{}}],"line":1133},"82":{"loc":{"start":{"line":1136,"column":6},"end":{"line":1140,"column":7}},"type":"if","locations":[{"start":{"line":1136,"column":6},"end":{"line":1140,"column":7}},{"start":{},"end":{}}],"line":1136},"83":{"loc":{"start":{"line":1146,"column":4},"end":{"line":1160,"column":5}},"type":"if","locations":[{"start":{"line":1146,"column":4},"end":{"line":1160,"column":5}},{"start":{},"end":{}}],"line":1146},"84":{"loc":{"start":{"line":1204,"column":2},"end":{"line":1208,"column":3}},"type":"if","locations":[{"start":{"line":1204,"column":2},"end":{"line":1208,"column":3}},{"start":{},"end":{}}],"line":1204},"85":{"loc":{"start":{"line":1225,"column":4},"end":{"line":1238,"column":5}},"type":"if","locations":[{"start":{"line":1225,"column":4},"end":{"line":1238,"column":5}},{"start":{},"end":{}}],"line":1225},"86":{"loc":{"start":{"line":1228,"column":6},"end":{"line":1232,"column":7}},"type":"if","locations":[{"start":{"line":1228,"column":6},"end":{"line":1232,"column":7}},{"start":{},"end":{}}],"line":1228},"87":{"loc":{"start":{"line":1233,"column":6},"end":{"line":1237,"column":7}},"type":"if","locations":[{"start":{"line":1233,"column":6},"end":{"line":1237,"column":7}},{"start":{},"end":{}}],"line":1233},"88":{"loc":{"start":{"line":1243,"column":4},"end":{"line":1255,"column":5}},"type":"if","locations":[{"start":{"line":1243,"column":4},"end":{"line":1255,"column":5}},{"start":{},"end":{}}],"line":1243},"89":{"loc":{"start":{"line":1257,"column":2},"end":{"line":1264,"column":3}},"type":"if","locations":[{"start":{"line":1257,"column":2},"end":{"line":1264,"column":3}},{"start":{"line":1260,"column":9},"end":{"line":1264,"column":3}}],"line":1257},"90":{"loc":{"start":{"line":1272,"column":2},"end":{"line":1275,"column":7}},"type":"if","locations":[{"start":{"line":1272,"column":2},"end":{"line":1275,"column":7}},{"start":{},"end":{}}],"line":1272},"91":{"loc":{"start":{"line":1272,"column":6},"end":{"line":1272,"column":35}},"type":"binary-expr","locations":[{"start":{"line":1272,"column":6},"end":{"line":1272,"column":11}},{"start":{"line":1272,"column":15},"end":{"line":1272,"column":23}},{"start":{"line":1272,"column":27},"end":{"line":1272,"column":35}}],"line":1272},"92":{"loc":{"start":{"line":1276,"column":2},"end":{"line":1303,"column":3}},"type":"if","locations":[{"start":{"line":1276,"column":2},"end":{"line":1303,"column":3}},{"start":{},"end":{}}],"line":1276},"93":{"loc":{"start":{"line":1282,"column":10},"end":{"line":1293,"column":11}},"type":"if","locations":[{"start":{"line":1282,"column":10},"end":{"line":1293,"column":11}},{"start":{"line":1289,"column":17},"end":{"line":1293,"column":11}}],"line":1282},"94":{"loc":{"start":{"line":1330,"column":4},"end":{"line":1350,"column":5}},"type":"if","locations":[{"start":{"line":1330,"column":4},"end":{"line":1350,"column":5}},{"start":{"line":1344,"column":11},"end":{"line":1350,"column":5}}],"line":1330},"95":{"loc":{"start":{"line":1366,"column":4},"end":{"line":1415,"column":5}},"type":"if","locations":[{"start":{"line":1366,"column":4},"end":{"line":1415,"column":5}},{"start":{},"end":{}}],"line":1366},"96":{"loc":{"start":{"line":1368,"column":6},"end":{"line":1401,"column":7}},"type":"if","locations":[{"start":{"line":1368,"column":6},"end":{"line":1401,"column":7}},{"start":{},"end":{}}],"line":1368},"97":{"loc":{"start":{"line":1377,"column":10},"end":{"line":1389,"column":11}},"type":"if","locations":[{"start":{"line":1377,"column":10},"end":{"line":1389,"column":11}},{"start":{"line":1386,"column":15},"end":{"line":1389,"column":11}}],"line":1377},"98":{"loc":{"start":{"line":1403,"column":6},"end":{"line":1414,"column":7}},"type":"if","locations":[{"start":{"line":1403,"column":6},"end":{"line":1414,"column":7}},{"start":{},"end":{}}],"line":1403},"99":{"loc":{"start":{"line":1408,"column":10},"end":{"line":1412,"column":11}},"type":"if","locations":[{"start":{"line":1408,"column":10},"end":{"line":1412,"column":11}},{"start":{},"end":{}}],"line":1408},"100":{"loc":{"start":{"line":1421,"column":4},"end":{"line":1446,"column":5}},"type":"if","locations":[{"start":{"line":1421,"column":4},"end":{"line":1446,"column":5}},{"start":{},"end":{}}],"line":1421},"101":{"loc":{"start":{"line":1421,"column":7},"end":{"line":1421,"column":40}},"type":"binary-expr","locations":[{"start":{"line":1421,"column":7},"end":{"line":1421,"column":29}},{"start":{"line":1421,"column":33},"end":{"line":1421,"column":40}}],"line":1421},"102":{"loc":{"start":{"line":1427,"column":8},"end":{"line":1440,"column":9}},"type":"if","locations":[{"start":{"line":1427,"column":8},"end":{"line":1440,"column":9}},{"start":{"line":1437,"column":13},"end":{"line":1440,"column":9}}],"line":1427},"103":{"loc":{"start":{"line":1455,"column":4},"end":{"line":1506,"column":5}},"type":"if","locations":[{"start":{"line":1455,"column":4},"end":{"line":1506,"column":5}},{"start":{},"end":{}}],"line":1455},"104":{"loc":{"start":{"line":1455,"column":7},"end":{"line":1455,"column":40}},"type":"binary-expr","locations":[{"start":{"line":1455,"column":7},"end":{"line":1455,"column":29}},{"start":{"line":1455,"column":33},"end":{"line":1455,"column":40}}],"line":1455},"105":{"loc":{"start":{"line":1467,"column":8},"end":{"line":1497,"column":9}},"type":"if","locations":[{"start":{"line":1467,"column":8},"end":{"line":1497,"column":9}},{"start":{"line":1477,"column":13},"end":{"line":1497,"column":9}}],"line":1467},"106":{"loc":{"start":{"line":1467,"column":11},"end":{"line":1467,"column":97}},"type":"binary-expr","locations":[{"start":{"line":1467,"column":12},"end":{"line":1467,"column":35}},{"start":{"line":1467,"column":39},"end":{"line":1467,"column":66}},{"start":{"line":1467,"column":70},"end":{"line":1467,"column":96}}],"line":1467},"107":{"loc":{"start":{"line":1477,"column":13},"end":{"line":1497,"column":9}},"type":"if","locations":[{"start":{"line":1477,"column":13},"end":{"line":1497,"column":9}},{"start":{"line":1488,"column":12},"end":{"line":1497,"column":9}}],"line":1477},"108":{"loc":{"start":{"line":1477,"column":16},"end":{"line":1477,"column":69}},"type":"binary-expr","locations":[{"start":{"line":1477,"column":16},"end":{"line":1477,"column":43}},{"start":{"line":1477,"column":47},"end":{"line":1477,"column":69}}],"line":1477},"109":{"loc":{"start":{"line":1509,"column":4},"end":{"line":1519,"column":5}},"type":"if","locations":[{"start":{"line":1509,"column":4},"end":{"line":1519,"column":5}},{"start":{},"end":{}}],"line":1509},"110":{"loc":{"start":{"line":1509,"column":7},"end":{"line":1509,"column":40}},"type":"binary-expr","locations":[{"start":{"line":1509,"column":7},"end":{"line":1509,"column":29}},{"start":{"line":1509,"column":33},"end":{"line":1509,"column":40}}],"line":1509},"111":{"loc":{"start":{"line":1537,"column":2},"end":{"line":1541,"column":3}},"type":"if","locations":[{"start":{"line":1537,"column":2},"end":{"line":1541,"column":3}},{"start":{},"end":{}}],"line":1537},"112":{"loc":{"start":{"line":1557,"column":2},"end":{"line":1561,"column":3}},"type":"if","locations":[{"start":{"line":1557,"column":2},"end":{"line":1561,"column":3}},{"start":{},"end":{}}],"line":1557}},"s":{"0":1,"1":1,"2":1,"3":1,"4":1,"5":1,"6":1,"7":1,"8":1,"9":1,"10":1,"11":1,"12":1,"13":1,"14":7,"15":1,"16":1,"17":1,"18":1,"19":1,"20":1,"21":1,"22":0,"23":0,"24":0,"25":0,"26":0,"27":1,"28":0,"29":0,"30":0,"31":0,"32":0,"33":1,"34":0,"35":0,"36":0,"37":0,"38":0,"39":1,"40":0,"41":0,"42":0,"43":0,"44":0,"45":1,"46":0,"47":0,"48":0,"49":0,"50":0,"51":1,"52":0,"53":0,"54":0,"55":0,"56":0,"57":1,"58":0,"59":1,"60":0,"61":0,"62":0,"63":0,"64":0,"65":0,"66":0,"67":0,"68":0,"69":0,"70":0,"71":0,"72":0,"73":0,"74":0,"75":0,"76":0,"77":0,"78":0,"79":0,"80":0,"81":0,"82":0,"83":0,"84":0,"85":0,"86":1,"87":1,"88":1,"89":6,"90":6,"91":0,"92":0,"93":0,"94":1,"95":0,"96":0,"97":0,"98":0,"99":0,"100":0,"101":0,"102":0,"103":0,"104":1,"105":0,"106":0,"107":0,"108":0,"109":0,"110":0,"111":0,"112":0,"113":0,"114":1,"115":0,"116":0,"117":0,"118":0,"119":0,"120":0,"121":0,"122":0,"123":0,"124":1,"125":0,"126":0,"127":0,"128":0,"129":0,"130":0,"131":0,"132":0,"133":0,"134":1,"135":0,"136":0,"137":0,"138":0,"139":0,"140":0,"141":0,"142":0,"143":0,"144":1,"145":0,"146":0,"147":0,"148":0,"149":0,"150":0,"151":0,"152":0,"153":0,"154":1,"155":0,"156":0,"157":1,"158":0,"159":1,"160":0,"161":0,"162":0,"163":1,"164":1,"165":0,"166":1,"167":1,"168":0,"169":1,"170":0,"171":1,"172":0,"173":0,"174":0,"175":1,"176":1,"177":1,"178":0,"179":0,"180":0,"181":0,"182":0,"183":0,"184":0,"185":1,"186":0,"187":0,"188":0,"189":0,"190":0,"191":0,"192":0,"193":1,"194":0,"195":0,"196":0,"197":0,"198":0,"199":0,"200":0,"201":0,"202":0,"203":0,"204":0,"205":0,"206":0,"207":0,"208":0,"209":0,"210":0,"211":0,"212":0,"213":0,"214":1,"215":0,"216":0,"217":0,"218":0,"219":0,"220":0,"221":0,"222":0,"223":0,"224":0,"225":0,"226":0,"227":0,"228":1,"229":0,"230":0,"231":0,"232":0,"233":0,"234":0,"235":0,"236":0,"237":0,"238":1,"239":1,"240":0,"241":1,"242":0,"243":1,"244":1,"245":1,"246":0,"247":1,"248":1,"249":0,"250":0,"251":0,"252":0,"253":0,"254":0,"255":0,"256":0,"257":0,"258":1,"259":3,"260":1,"261":2,"262":1,"263":1,"264":1,"265":1,"266":0,"267":1,"268":1,"269":0,"270":0,"271":0,"272":0,"273":0,"274":0,"275":0,"276":1,"277":0,"278":0,"279":0,"280":0,"281":0,"282":0,"283":0,"284":0,"285":1,"286":0,"287":0,"288":0,"289":0,"290":0,"291":0,"292":0,"293":0,"294":0,"295":0,"296":0,"297":0,"298":0,"299":0,"300":0,"301":0,"302":0,"303":1,"304":1,"305":0,"306":1,"307":0,"308":1,"309":0,"310":1,"311":0,"312":1,"313":0,"314":1,"315":0,"316":1,"317":1,"318":1,"319":0,"320":0,"321":1,"322":1,"323":0,"324":0,"325":0,"326":0,"327":0,"328":0,"329":0,"330":1,"331":0,"332":0,"333":0,"334":0,"335":0,"336":0,"337":0,"338":1,"339":0,"340":0,"341":0,"342":1,"343":0,"344":0,"345":0,"346":0,"347":0,"348":0,"349":1,"350":0,"351":0,"352":0,"353":0,"354":0,"355":1,"356":0,"357":0,"358":0,"359":1,"360":0,"361":0,"362":0,"363":1,"364":0,"365":0,"366":0,"367":1,"368":0,"369":0,"370":0,"371":0,"372":0,"373":0,"374":1,"375":0,"376":0,"377":0,"378":1,"379":0,"380":0,"381":0,"382":0,"383":1,"384":0,"385":0,"386":0,"387":0,"388":0,"389":0,"390":0,"391":0,"392":1,"393":0,"394":0,"395":0,"396":1,"397":0,"398":0,"399":0,"400":1,"401":0,"402":0,"403":0,"404":0,"405":0,"406":0,"407":0,"408":0,"409":0,"410":0,"411":0,"412":0,"413":0,"414":1,"415":0,"416":0,"417":0,"418":0,"419":0,"420":0,"421":0,"422":0,"423":0,"424":0,"425":0,"426":0,"427":0,"428":0,"429":0,"430":1,"431":0,"432":0,"433":0,"434":0,"435":0,"436":1,"437":0,"438":0,"439":0,"440":0,"441":0,"442":0,"443":1,"444":0,"445":0,"446":0,"447":0,"448":0,"449":0,"450":0,"451":0,"452":0,"453":0,"454":0,"455":0,"456":0,"457":0,"458":0,"459":0,"460":0,"461":1,"462":0,"463":0,"464":0,"465":0,"466":0,"467":0,"468":0,"469":0,"470":0,"471":0,"472":0,"473":0,"474":0,"475":0,"476":0,"477":0,"478":0,"479":1,"480":1,"481":1,"482":0,"483":0,"484":1,"485":1,"486":1,"487":0,"488":1,"489":0,"490":0,"491":0,"492":0,"493":0,"494":0,"495":0,"496":0,"497":0,"498":0,"499":0,"500":0,"501":0,"502":0,"503":0,"504":0,"505":0,"506":0,"507":0,"508":0,"509":0,"510":0,"511":0,"512":0,"513":0,"514":0,"515":0,"516":0,"517":0,"518":0,"519":0,"520":0,"521":0,"522":0,"523":0,"524":0,"525":0,"526":0,"527":0,"528":0,"529":0,"530":0,"531":0,"532":0,"533":0,"534":0,"535":0,"536":0,"537":0,"538":0,"539":0,"540":0,"541":0,"542":0,"543":0,"544":0,"545":0,"546":0,"547":0,"548":0,"549":0,"550":0,"551":0,"552":0,"553":0,"554":0,"555":0,"556":0,"557":0,"558":0,"559":0,"560":0,"561":0,"562":0,"563":0,"564":0,"565":0,"566":0,"567":0,"568":1,"569":0,"570":0,"571":0,"572":0,"573":0,"574":0,"575":1,"576":0,"577":0,"578":0,"579":0,"580":0,"581":0,"582":0,"583":1,"584":1,"585":1,"586":1},"f":{"0":7,"1":0,"2":0,"3":0,"4":0,"5":0,"6":0,"7":0,"8":0,"9":0,"10":0,"11":0,"12":0,"13":0,"14":0,"15":0,"16":0,"17":0,"18":0,"19":0,"20":0,"21":0,"22":0,"23":0,"24":0,"25":0,"26":0,"27":0,"28":0,"29":0,"30":0,"31":0,"32":0,"33":6,"34":0,"35":0,"36":0,"37":0,"38":0,"39":0,"40":0,"41":0,"42":0,"43":0,"44":0,"45":0,"46":0,"47":0,"48":0,"49":0,"50":0,"51":0,"52":0,"53":0,"54":0,"55":0,"56":0,"57":1,"58":1,"59":0,"60":0,"61":0,"62":0,"63":1,"64":0,"65":0,"66":0,"67":0,"68":0,"69":0,"70":1,"71":0,"72":3,"73":0,"74":0,"75":0,"76":1,"77":0,"78":0,"79":0,"80":0,"81":0,"82":0,"83":0,"84":0,"85":0,"86":0,"87":0,"88":0,"89":0,"90":0,"91":0,"92":0,"93":0,"94":0,"95":0,"96":0,"97":0,"98":0,"99":0,"100":0,"101":0,"102":0,"103":0,"104":0,"105":0,"106":0,"107":0,"108":0,"109":0,"110":0,"111":0,"112":0,"113":0,"114":0,"115":0,"116":0,"117":0,"118":0,"119":0,"120":0,"121":0,"122":0,"123":0,"124":0,"125":0,"126":0,"127":0,"128":0,"129":0,"130":0,"131":0,"132":0,"133":0,"134":0,"135":0,"136":0,"137":0,"138":0,"139":0,"140":0,"141":0,"142":0,"143":0,"144":0,"145":0,"146":0,"147":1},"b":{"0":[0,0],"1":[0,0],"2":[0,0],"3":[0,0],"4":[0,0],"5":[0,0],"6":[0,0],"7":[0,0],"8":[0,0],"9":[0,0],"10":[0,0],"11":[0,0],"12":[6,0],"13":[0,0],"14":[0,0],"15":[0,0],"16":[0,0],"17":[0,0],"18":[0,0],"19":[0,0],"20":[0,0],"21":[0,0],"22":[0,0],"23":[0,0],"24":[0,0],"25":[0,0],"26":[0,0],"27":[0,0],"28":[0,0],"29":[0,0],"30":[0,0],"31":[0,0],"32":[0,1],"33":[0,1],"34":[1,0],"35":[0,0],"36":[0,0],"37":[0,0],"38":[0,0],"39":[0,0],"40":[0,0],"41":[0,0],"42":[0,0],"43":[0,0],"44":[0,0,0,0],"45":[0,0],"46":[0,0,0,0],"47":[0,0,0],"48":[0,0],"49":[0,0],"50":[0,0,0,0],"51":[0,0],"52":[0,1],"53":[0,1],"54":[0,0],"55":[0,0],"56":[1,2],"57":[1,1],"58":[0,0],"59":[0,0],"60":[0,0],"61":[0,0],"62":[0,0],"63":[0,0],"64":[0,0],"65":[0,0],"66":[0,0],"67":[0,1],"68":[0,1],"69":[0,1],"70":[0,1],"71":[0,1],"72":[0,1],"73":[0,0],"74":[0,0],"75":[0,0],"76":[0,0],"77":[0,0],"78":[0,0],"79":[0,0],"80":[0,0],"81":[0,0],"82":[0,0],"83":[0,0],"84":[0,0],"85":[0,0],"86":[0,0],"87":[0,0],"88":[0,0],"89":[0,0],"90":[0,0],"91":[0,0,0],"92":[0,0],"93":[0,0],"94":[0,0],"95":[0,0],"96":[0,0],"97":[0,0],"98":[0,0],"99":[0,0],"100":[0,0],"101":[0,0],"102":[0,0],"103":[0,0],"104":[0,0],"105":[0,0],"106":[0,0,0],"107":[0,0],"108":[0,0],"109":[0,0],"110":[0,0],"111":[0,0],"112":[0,0]},"_coverageSchema":"1a1c01bbd47fc00a2c39e90264f33305004495a9","hash":"fd013de45462889453e3c041d69ada08217ad318"}
,"C:\\Users\\dadix\\Desktop\\scuola\\magistrale\\sofEngII\\SPG3\\SoftEngII-P08-SPG\\server\\telegrambot\\SendMessage.js": {"path":"C:\\Users\\dadix\\Desktop\\scuola\\magistrale\\sofEngII\\SPG3\\SoftEngII-P08-SPG\\server\\telegrambot\\SendMessage.js","statementMap":{"0":{"start":{"line":2,"column":14},"end":{"line":2,"column":62}},"1":{"start":{"line":3,"column":15},"end":{"line":3,"column":33}},"2":{"start":{"line":5,"column":31},"end":{"line":5,"column":50}},"3":{"start":{"line":8,"column":17},"end":{"line":8,"column":21}},"4":{"start":{"line":11,"column":11},"end":{"line":16,"column":1}},"5":{"start":{"line":14,"column":4},"end":{"line":14,"column":23}},"6":{"start":{"line":14,"column":13},"end":{"line":14,"column":23}},"7":{"start":{"line":18,"column":0},"end":{"line":33,"column":2}},"8":{"start":{"line":19,"column":14},"end":{"line":19,"column":33}},"9":{"start":{"line":20,"column":2},"end":{"line":32,"column":5}},"10":{"start":{"line":21,"column":16},"end":{"line":21,"column":65}},"11":{"start":{"line":22,"column":4},"end":{"line":31,"column":7}},"12":{"start":{"line":23,"column":6},"end":{"line":30,"column":7}},"13":{"start":{"line":24,"column":8},"end":{"line":24,"column":20}},"14":{"start":{"line":25,"column":13},"end":{"line":30,"column":7}},"15":{"start":{"line":26,"column":8},"end":{"line":26,"column":23}},"16":{"start":{"line":28,"column":8},"end":{"line":28,"column":41}},"17":{"start":{"line":29,"column":8},"end":{"line":29,"column":22}}},"fnMap":{"0":{"name":"(anonymous_0)","decl":{"start":{"line":13,"column":2},"end":{"line":13,"column":3}},"loc":{"start":{"line":13,"column":11},"end":{"line":15,"column":3}},"line":13},"1":{"name":"(anonymous_1)","decl":{"start":{"line":18,"column":22},"end":{"line":18,"column":23}},"loc":{"start":{"line":18,"column":41},"end":{"line":33,"column":1}},"line":18},"2":{"name":"(anonymous_2)","decl":{"start":{"line":20,"column":21},"end":{"line":20,"column":22}},"loc":{"start":{"line":20,"column":42},"end":{"line":32,"column":3}},"line":20},"3":{"name":"(anonymous_3)","decl":{"start":{"line":22,"column":28},"end":{"line":22,"column":29}},"loc":{"start":{"line":22,"column":42},"end":{"line":31,"column":5}},"line":22}},"branchMap":{"0":{"loc":{"start":{"line":12,"column":2},"end":{"line":12,"column":50}},"type":"cond-expr","locations":[{"start":{"line":12,"column":13},"end":{"line":12,"column":32}},{"start":{"line":12,"column":35},"end":{"line":12,"column":50}}],"line":12},"1":{"loc":{"start":{"line":14,"column":4},"end":{"line":14,"column":23}},"type":"if","locations":[{"start":{"line":14,"column":4},"end":{"line":14,"column":23}},{"start":{},"end":{}}],"line":14},"2":{"loc":{"start":{"line":23,"column":6},"end":{"line":30,"column":7}},"type":"if","locations":[{"start":{"line":23,"column":6},"end":{"line":30,"column":7}},{"start":{"line":25,"column":13},"end":{"line":30,"column":7}}],"line":23},"3":{"loc":{"start":{"line":25,"column":13},"end":{"line":30,"column":7}},"type":"if","locations":[{"start":{"line":25,"column":13},"end":{"line":30,"column":7}},{"start":{"line":27,"column":13},"end":{"line":30,"column":7}}],"line":25}},"s":{"0":1,"1":1,"2":1,"3":1,"4":1,"5":1,"6":0,"7":1,"8":0,"9":0,"10":0,"11":0,"12":0,"13":0,"14":0,"15":0,"16":0,"17":0},"f":{"0":1,"1":0,"2":0,"3":0},"b":{"0":[1,0],"1":[0,1],"2":[0,0],"3":[0,0]},"_coverageSchema":"1a1c01bbd47fc00a2c39e90264f33305004495a9","hash":"98c677b0c8b3f6456995416cd8b2ebae239ff0b5"}
}
