TN:
SF:dao.js
FN:13,(anonymous_0)
FN:19,(anonymous_1)
FN:20,(anonymous_2)
FN:22,(anonymous_3)
FN:29,(anonymous_4)
FN:44,(anonymous_5)
FN:45,(anonymous_6)
FN:47,(anonymous_7)
FN:54,(anonymous_8)
FN:68,(anonymous_9)
FN:69,(anonymous_10)
FN:71,(anonymous_11)
FN:84,(anonymous_12)
FN:94,(anonymous_13)
FN:95,(anonymous_14)
FN:97,(anonymous_15)
FN:111,(anonymous_16)
FN:112,(anonymous_17)
FN:114,(anonymous_18)
FN:129,(anonymous_19)
FN:130,(anonymous_20)
FN:132,(anonymous_21)
FN:140,(anonymous_22)
FN:150,(anonymous_23)
FN:151,(anonymous_24)
FN:153,(anonymous_25)
FN:161,(anonymous_26)
FN:171,(anonymous_27)
FN:172,(anonymous_28)
FN:174,(anonymous_29)
FN:182,(anonymous_30)
FN:192,(anonymous_31)
FN:193,(anonymous_32)
FN:195,(anonymous_33)
FN:209,(anonymous_34)
FN:210,(anonymous_35)
FN:212,(anonymous_36)
FN:226,(anonymous_37)
FN:227,(anonymous_38)
FN:229,(anonymous_39)
FN:242,(anonymous_40)
FN:252,(anonymous_41)
FN:253,(anonymous_42)
FN:255,(anonymous_43)
FN:269,(anonymous_44)
FN:270,(anonymous_45)
FN:272,(anonymous_46)
FN:286,(anonymous_47)
FN:287,(anonymous_48)
FN:290,(anonymous_49)
FN:301,(anonymous_50)
FN:302,(anonymous_51)
FN:304,(anonymous_52)
FN:315,(anonymous_53)
FN:316,(anonymous_54)
FN:326,(anonymous_55)
FN:337,(anonymous_56)
FN:338,(anonymous_57)
FN:340,(anonymous_58)
FN:354,(anonymous_59)
FN:355,(anonymous_60)
FN:357,(anonymous_61)
FN:371,(anonymous_62)
FN:372,(anonymous_63)
FN:374,(anonymous_64)
FN:386,(anonymous_65)
FN:387,(anonymous_66)
FN:389,(anonymous_67)
FN:401,(anonymous_68)
FN:402,(anonymous_69)
FN:417,(anonymous_70)
FN:429,(anonymous_71)
FN:430,(anonymous_72)
FN:432,(anonymous_73)
FN:443,(anonymous_74)
FN:444,(anonymous_75)
FN:446,(anonymous_76)
FN:457,(anonymous_77)
FN:458,(anonymous_78)
FN:460,(anonymous_79)
FN:475,(anonymous_80)
FN:476,(anonymous_81)
FN:478,(anonymous_82)
FN:491,(anonymous_83)
FN:492,(anonymous_84)
FN:498,(anonymous_85)
FN:510,(anonymous_86)
FN:511,(anonymous_87)
FN:514,(anonymous_88)
FN:519,(anonymous_89)
FN:535,(anonymous_90)
FN:536,(anonymous_91)
FN:540,(anonymous_92)
FN:545,(anonymous_93)
FN:562,(anonymous_94)
FN:563,(anonymous_95)
FN:566,(anonymous_96)
FN:571,(anonymous_97)
FN:587,(anonymous_98)
FN:588,(anonymous_99)
FN:591,(anonymous_100)
FN:597,(anonymous_101)
FN:607,(anonymous_102)
FN:630,(anonymous_103)
FN:637,(anonymous_104)
FN:638,(anonymous_105)
FN:641,(anonymous_106)
FN:646,(anonymous_107)
FN:659,(anonymous_108)
FN:660,(anonymous_109)
FN:663,(anonymous_110)
FN:668,(anonymous_111)
FN:681,(anonymous_112)
FN:682,(anonymous_113)
FN:685,(anonymous_114)
FN:690,(anonymous_115)
FN:705,(anonymous_116)
FN:706,(anonymous_117)
FN:708,(anonymous_118)
FN:726,(anonymous_119)
FN:727,(anonymous_120)
FN:729,(anonymous_121)
FN:740,(anonymous_122)
FN:741,(anonymous_123)
FN:744,(anonymous_124)
FN:750,(anonymous_125)
FN:763,(anonymous_126)
FN:764,(anonymous_127)
FN:767,(anonymous_128)
FN:773,(anonymous_129)
FN:789,(anonymous_130)
FN:790,(anonymous_131)
FN:802,(anonymous_132)
FN:815,(anonymous_133)
FN:816,(anonymous_134)
FN:819,(anonymous_135)
FN:826,(anonymous_136)
FN:841,(anonymous_137)
FN:842,(anonymous_138)
FN:860,(anonymous_139)
FN:872,(anonymous_140)
FN:873,(anonymous_141)
FN:875,(anonymous_142)
FN:891,(anonymous_143)
FN:892,(anonymous_144)
FN:894,(anonymous_145)
FN:902,(anonymous_146)
FN:915,(anonymous_147)
FN:916,(anonymous_148)
FN:927,(anonymous_149)
FN:932,(anonymous_150)
FN:935,(anonymous_151)
FN:942,(anonymous_152)
FN:947,(anonymous_153)
FN:954,(anonymous_154)
FN:962,(anonymous_155)
FN:967,(anonymous_156)
FN:974,(anonymous_157)
FN:982,(anonymous_158)
FN:983,(anonymous_159)
FN:989,(anonymous_160)
FN:995,(anonymous_161)
FNF:162
FNH:126
FNDA:2,(anonymous_0)
FNDA:2,(anonymous_1)
FNDA:2,(anonymous_2)
FNDA:2,(anonymous_3)
FNDA:2,(anonymous_4)
FNDA:2,(anonymous_5)
FNDA:2,(anonymous_6)
FNDA:2,(anonymous_7)
FNDA:6,(anonymous_8)
FNDA:6,(anonymous_9)
FNDA:6,(anonymous_10)
FNDA:6,(anonymous_11)
FNDA:4,(anonymous_12)
FNDA:2,(anonymous_13)
FNDA:2,(anonymous_14)
FNDA:2,(anonymous_15)
FNDA:7,(anonymous_16)
FNDA:7,(anonymous_17)
FNDA:7,(anonymous_18)
FNDA:6,(anonymous_19)
FNDA:6,(anonymous_20)
FNDA:6,(anonymous_21)
FNDA:4,(anonymous_22)
FNDA:6,(anonymous_23)
FNDA:6,(anonymous_24)
FNDA:6,(anonymous_25)
FNDA:4,(anonymous_26)
FNDA:6,(anonymous_27)
FNDA:6,(anonymous_28)
FNDA:6,(anonymous_29)
FNDA:4,(anonymous_30)
FNDA:2,(anonymous_31)
FNDA:2,(anonymous_32)
FNDA:2,(anonymous_33)
FNDA:2,(anonymous_34)
FNDA:2,(anonymous_35)
FNDA:2,(anonymous_36)
FNDA:0,(anonymous_37)
FNDA:0,(anonymous_38)
FNDA:0,(anonymous_39)
FNDA:0,(anonymous_40)
FNDA:0,(anonymous_41)
FNDA:0,(anonymous_42)
FNDA:0,(anonymous_43)
FNDA:2,(anonymous_44)
FNDA:2,(anonymous_45)
FNDA:2,(anonymous_46)
FNDA:2,(anonymous_47)
FNDA:2,(anonymous_48)
FNDA:2,(anonymous_49)
FNDA:4,(anonymous_50)
FNDA:4,(anonymous_51)
FNDA:4,(anonymous_52)
FNDA:1,(anonymous_53)
FNDA:1,(anonymous_54)
FNDA:1,(anonymous_55)
FNDA:0,(anonymous_56)
FNDA:0,(anonymous_57)
FNDA:0,(anonymous_58)
FNDA:0,(anonymous_59)
FNDA:0,(anonymous_60)
FNDA:0,(anonymous_61)
FNDA:3,(anonymous_62)
FNDA:3,(anonymous_63)
FNDA:3,(anonymous_64)
FNDA:0,(anonymous_65)
FNDA:0,(anonymous_66)
FNDA:0,(anonymous_67)
FNDA:1,(anonymous_68)
FNDA:1,(anonymous_69)
FNDA:1,(anonymous_70)
FNDA:2,(anonymous_71)
FNDA:2,(anonymous_72)
FNDA:2,(anonymous_73)
FNDA:0,(anonymous_74)
FNDA:0,(anonymous_75)
FNDA:0,(anonymous_76)
FNDA:0,(anonymous_77)
FNDA:0,(anonymous_78)
FNDA:0,(anonymous_79)
FNDA:0,(anonymous_80)
FNDA:0,(anonymous_81)
FNDA:0,(anonymous_82)
FNDA:7,(anonymous_83)
FNDA:7,(anonymous_84)
FNDA:7,(anonymous_85)
FNDA:2,(anonymous_86)
FNDA:2,(anonymous_87)
FNDA:2,(anonymous_88)
FNDA:2,(anonymous_89)
FNDA:3,(anonymous_90)
FNDA:3,(anonymous_91)
FNDA:3,(anonymous_92)
FNDA:2,(anonymous_93)
FNDA:3,(anonymous_94)
FNDA:3,(anonymous_95)
FNDA:3,(anonymous_96)
FNDA:6,(anonymous_97)
FNDA:2,(anonymous_98)
FNDA:2,(anonymous_99)
FNDA:2,(anonymous_100)
FNDA:4,(anonymous_101)
FNDA:4,(anonymous_102)
FNDA:2,(anonymous_103)
FNDA:2,(anonymous_104)
FNDA:2,(anonymous_105)
FNDA:2,(anonymous_106)
FNDA:2,(anonymous_107)
FNDA:2,(anonymous_108)
FNDA:2,(anonymous_109)
FNDA:2,(anonymous_110)
FNDA:2,(anonymous_111)
FNDA:4,(anonymous_112)
FNDA:4,(anonymous_113)
FNDA:4,(anonymous_114)
FNDA:4,(anonymous_115)
FNDA:6,(anonymous_116)
FNDA:6,(anonymous_117)
FNDA:6,(anonymous_118)
FNDA:3,(anonymous_119)
FNDA:3,(anonymous_120)
FNDA:3,(anonymous_121)
FNDA:2,(anonymous_122)
FNDA:2,(anonymous_123)
FNDA:2,(anonymous_124)
FNDA:2,(anonymous_125)
FNDA:2,(anonymous_126)
FNDA:2,(anonymous_127)
FNDA:2,(anonymous_128)
FNDA:4,(anonymous_129)
FNDA:2,(anonymous_130)
FNDA:2,(anonymous_131)
FNDA:2,(anonymous_132)
FNDA:2,(anonymous_133)
FNDA:2,(anonymous_134)
FNDA:2,(anonymous_135)
FNDA:2,(anonymous_136)
FNDA:2,(anonymous_137)
FNDA:2,(anonymous_138)
FNDA:2,(anonymous_139)
FNDA:0,(anonymous_140)
FNDA:0,(anonymous_141)
FNDA:0,(anonymous_142)
FNDA:0,(anonymous_143)
FNDA:0,(anonymous_144)
FNDA:0,(anonymous_145)
FNDA:0,(anonymous_146)
FNDA:91,(anonymous_147)
FNDA:819,(anonymous_148)
FNDA:91,(anonymous_149)
FNDA:91,(anonymous_150)
FNDA:91,(anonymous_151)
FNDA:91,(anonymous_152)
FNDA:91,(anonymous_153)
FNDA:91,(anonymous_154)
FNDA:91,(anonymous_155)
FNDA:91,(anonymous_156)
FNDA:91,(anonymous_157)
FNDA:0,(anonymous_158)
FNDA:0,(anonymous_159)
FNDA:0,(anonymous_160)
FNDA:0,(anonymous_161)
DA:4,2
DA:5,2
DA:8,2
DA:11,2
DA:14,2
DA:19,2
DA:20,2
DA:21,2
DA:22,2
DA:23,2
DA:24,0
DA:25,2
DA:26,0
DA:28,2
DA:30,2
DA:44,2
DA:45,2
DA:46,2
DA:47,2
DA:48,2
DA:49,0
DA:50,2
DA:51,0
DA:53,2
DA:55,6
DA:68,2
DA:69,6
DA:70,6
DA:71,6
DA:72,6
DA:73,0
DA:74,6
DA:75,2
DA:77,4
DA:84,4
DA:85,4
DA:86,2
DA:94,2
DA:95,2
DA:96,2
DA:97,2
DA:98,2
DA:99,0
DA:100,2
DA:101,1
DA:103,1
DA:104,1
DA:111,2
DA:112,7
DA:113,7
DA:114,7
DA:115,7
DA:116,0
DA:117,7
DA:118,5
DA:119,5
DA:121,2
DA:122,2
DA:129,2
DA:130,6
DA:131,6
DA:132,6
DA:133,6
DA:134,0
DA:135,6
DA:136,2
DA:138,4
DA:140,4
DA:141,4
DA:142,2
DA:150,2
DA:151,6
DA:152,6
DA:153,6
DA:154,6
DA:155,0
DA:156,6
DA:157,2
DA:159,4
DA:161,4
DA:162,4
DA:163,2
DA:171,2
DA:172,6
DA:173,6
DA:174,6
DA:175,6
DA:176,0
DA:177,6
DA:178,2
DA:180,4
DA:182,4
DA:183,4
DA:184,2
DA:192,2
DA:193,2
DA:194,2
DA:195,2
DA:196,2
DA:197,0
DA:198,2
DA:199,1
DA:201,1
DA:202,1
DA:209,2
DA:210,2
DA:211,2
DA:212,2
DA:213,2
DA:214,0
DA:215,2
DA:216,1
DA:218,1
DA:219,1
DA:226,2
DA:227,0
DA:228,0
DA:229,0
DA:230,0
DA:231,0
DA:232,0
DA:233,0
DA:235,0
DA:242,0
DA:243,0
DA:244,0
DA:252,2
DA:253,0
DA:254,0
DA:255,0
DA:256,0
DA:257,0
DA:258,0
DA:259,0
DA:261,0
DA:262,0
DA:269,2
DA:270,2
DA:271,2
DA:272,2
DA:273,2
DA:274,0
DA:275,2
DA:276,1
DA:278,1
DA:279,1
DA:286,2
DA:287,2
DA:289,2
DA:290,2
DA:291,2
DA:292,0
DA:293,0
DA:295,2
DA:301,2
DA:302,4
DA:303,4
DA:304,4
DA:305,4
DA:306,2
DA:307,2
DA:309,2
DA:315,2
DA:316,1
DA:318,1
DA:319,1
DA:327,1
DA:328,0
DA:330,1
DA:337,2
DA:338,0
DA:339,0
DA:340,0
DA:341,0
DA:342,0
DA:343,0
DA:344,0
DA:345,0
DA:347,0
DA:354,2
DA:355,0
DA:356,0
DA:357,0
DA:358,0
DA:359,0
DA:360,0
DA:361,0
DA:362,0
DA:364,0
DA:371,2
DA:372,3
DA:373,3
DA:374,3
DA:375,3
DA:376,0
DA:377,0
DA:379,3
DA:386,2
DA:387,0
DA:388,0
DA:389,0
DA:390,0
DA:391,0
DA:392,0
DA:394,0
DA:401,2
DA:402,1
DA:404,1
DA:405,1
DA:418,1
DA:419,0
DA:420,0
DA:422,1
DA:429,2
DA:430,2
DA:431,2
DA:432,2
DA:433,2
DA:434,0
DA:436,2
DA:443,2
DA:444,0
DA:445,0
DA:446,0
DA:447,0
DA:448,0
DA:450,0
DA:457,2
DA:458,0
DA:459,0
DA:460,0
DA:461,0
DA:462,0
DA:463,0
DA:464,0
DA:465,0
DA:467,0
DA:468,0
DA:475,2
DA:476,0
DA:477,0
DA:478,0
DA:479,0
DA:480,0
DA:481,0
DA:482,0
DA:484,0
DA:485,0
DA:491,2
DA:492,7
DA:494,7
DA:495,7
DA:499,7
DA:500,4
DA:501,4
DA:503,3
DA:510,2
DA:511,2
DA:513,2
DA:514,2
DA:515,2
DA:516,0
DA:517,0
DA:519,2
DA:529,2
DA:535,2
DA:536,3
DA:538,3
DA:540,3
DA:541,3
DA:542,0
DA:543,0
DA:545,3
DA:556,3
DA:562,2
DA:563,3
DA:565,3
DA:566,3
DA:567,3
DA:568,0
DA:569,0
DA:571,6
DA:581,3
DA:587,2
DA:588,2
DA:590,2
DA:591,2
DA:592,2
DA:593,0
DA:594,0
DA:596,2
DA:597,4
DA:607,2
DA:608,4
DA:609,2
DA:614,2
DA:630,2
DA:631,2
DA:637,2
DA:638,2
DA:640,2
DA:641,2
DA:642,2
DA:643,0
DA:644,0
DA:646,2
DA:653,2
DA:659,2
DA:660,2
DA:662,2
DA:663,2
DA:664,2
DA:665,0
DA:666,0
DA:668,2
DA:675,2
DA:681,2
DA:682,4
DA:684,4
DA:685,4
DA:686,4
DA:687,0
DA:688,0
DA:690,4
DA:699,4
DA:705,2
DA:706,6
DA:707,6
DA:708,6
DA:709,6
DA:710,0
DA:711,0
DA:713,6
DA:714,2
DA:715,2
DA:717,4
DA:718,2
DA:719,2
DA:720,2
DA:726,2
DA:727,3
DA:728,3
DA:729,3
DA:730,3
DA:731,1
DA:732,1
DA:734,2
DA:740,2
DA:741,2
DA:743,2
DA:744,2
DA:745,2
DA:746,0
DA:747,0
DA:750,2
DA:757,2
DA:763,2
DA:764,2
DA:766,2
DA:767,2
DA:768,2
DA:769,0
DA:770,0
DA:773,4
DA:783,2
DA:789,2
DA:790,2
DA:792,2
DA:793,2
DA:803,2
DA:804,2
DA:805,2
DA:807,0
DA:815,2
DA:816,2
DA:818,2
DA:819,2
DA:820,2
DA:821,0
DA:822,2
DA:823,0
DA:825,2
DA:827,2
DA:841,2
DA:842,2
DA:844,2
DA:845,2
DA:861,2
DA:862,0
DA:863,0
DA:865,2
DA:872,2
DA:873,0
DA:874,0
DA:875,0
DA:876,0
DA:877,0
DA:878,0
DA:879,0
DA:880,0
DA:881,0
DA:883,0
DA:891,2
DA:892,0
DA:893,0
DA:894,0
DA:895,0
DA:896,0
DA:897,0
DA:898,0
DA:899,0
DA:900,0
DA:902,0
DA:908,0
DA:915,2
DA:916,91
DA:917,819
DA:918,0
DA:921,91
DA:924,91
DA:928,91
DA:932,91
DA:933,91
DA:935,91
DA:936,91
DA:939,91
DA:943,91
DA:947,91
DA:948,91
DA:951,91
DA:955,91
DA:959,91
DA:963,91
DA:967,91
DA:968,91
DA:971,91
DA:975,91
DA:982,2
DA:983,0
DA:985,0
DA:989,0
DA:990,0
DA:991,0
DA:992,0
DA:995,0
DA:1001,0
LF:446
LH:300
BRDA:12,0,0,2
BRDA:12,0,1,0
BRDA:14,1,0,0
BRDA:14,1,1,2
BRDA:23,2,0,0
BRDA:23,2,1,2
BRDA:25,3,0,0
BRDA:25,3,1,2
BRDA:48,4,0,0
BRDA:48,4,1,2
BRDA:50,5,0,0
BRDA:50,5,1,2
BRDA:72,6,0,0
BRDA:72,6,1,6
BRDA:74,7,0,2
BRDA:74,7,1,4
BRDA:85,8,0,2
BRDA:85,8,1,2
BRDA:98,9,0,0
BRDA:98,9,1,2
BRDA:100,10,0,1
BRDA:100,10,1,1
BRDA:115,11,0,0
BRDA:115,11,1,7
BRDA:117,12,0,5
BRDA:117,12,1,2
BRDA:133,13,0,0
BRDA:133,13,1,6
BRDA:135,14,0,2
BRDA:135,14,1,4
BRDA:141,15,0,2
BRDA:141,15,1,2
BRDA:154,16,0,0
BRDA:154,16,1,6
BRDA:156,17,0,2
BRDA:156,17,1,4
BRDA:162,18,0,2
BRDA:162,18,1,2
BRDA:175,19,0,0
BRDA:175,19,1,6
BRDA:177,20,0,2
BRDA:177,20,1,4
BRDA:183,21,0,2
BRDA:183,21,1,2
BRDA:196,22,0,0
BRDA:196,22,1,2
BRDA:198,23,0,1
BRDA:198,23,1,1
BRDA:213,24,0,0
BRDA:213,24,1,2
BRDA:215,25,0,1
BRDA:215,25,1,1
BRDA:230,26,0,0
BRDA:230,26,1,0
BRDA:232,27,0,0
BRDA:232,27,1,0
BRDA:243,28,0,0
BRDA:243,28,1,0
BRDA:256,29,0,0
BRDA:256,29,1,0
BRDA:258,30,0,0
BRDA:258,30,1,0
BRDA:273,31,0,0
BRDA:273,31,1,2
BRDA:275,32,0,1
BRDA:275,32,1,1
BRDA:291,33,0,0
BRDA:291,33,1,2
BRDA:305,34,0,2
BRDA:305,34,1,2
BRDA:327,35,0,0
BRDA:327,35,1,1
BRDA:341,36,0,0
BRDA:341,36,1,0
BRDA:344,37,0,0
BRDA:344,37,1,0
BRDA:358,38,0,0
BRDA:358,38,1,0
BRDA:361,39,0,0
BRDA:361,39,1,0
BRDA:375,40,0,0
BRDA:375,40,1,3
BRDA:390,41,0,0
BRDA:390,41,1,0
BRDA:418,42,0,0
BRDA:418,42,1,1
BRDA:433,43,0,0
BRDA:433,43,1,2
BRDA:447,44,0,0
BRDA:447,44,1,0
BRDA:461,45,0,0
BRDA:461,45,1,0
BRDA:464,46,0,0
BRDA:464,46,1,0
BRDA:479,47,0,0
BRDA:479,47,1,0
BRDA:481,48,0,0
BRDA:481,48,1,0
BRDA:499,49,0,4
BRDA:499,49,1,3
BRDA:515,50,0,0
BRDA:515,50,1,2
BRDA:541,51,0,0
BRDA:541,51,1,3
BRDA:567,52,0,0
BRDA:567,52,1,3
BRDA:592,53,0,0
BRDA:592,53,1,2
BRDA:608,54,0,2
BRDA:608,54,1,2
BRDA:642,55,0,0
BRDA:642,55,1,2
BRDA:664,56,0,0
BRDA:664,56,1,2
BRDA:686,57,0,0
BRDA:686,57,1,4
BRDA:709,58,0,0
BRDA:709,58,1,6
BRDA:713,59,0,2
BRDA:713,59,1,4
BRDA:717,60,0,2
BRDA:717,60,1,2
BRDA:730,61,0,1
BRDA:730,61,1,2
BRDA:745,62,0,0
BRDA:745,62,1,2
BRDA:768,63,0,0
BRDA:768,63,1,2
BRDA:803,64,0,2
BRDA:803,64,1,0
BRDA:820,65,0,0
BRDA:820,65,1,2
BRDA:822,66,0,0
BRDA:822,66,1,2
BRDA:861,67,0,0
BRDA:861,67,1,2
BRDA:876,68,0,0
BRDA:876,68,1,0
BRDA:879,69,0,0
BRDA:879,69,1,0
BRDA:895,70,0,0
BRDA:895,70,1,0
BRDA:898,71,0,0
BRDA:898,71,1,0
BRDA:917,72,0,0
BRDA:917,72,1,819
BRDA:921,73,0,91
BRDA:921,73,1,0
BRDA:990,74,0,0
BRDA:990,74,1,0
BRF:150
BRH:74
end_of_record
TN:
SF:server.js
FN:22,(anonymous_0)
FN:49,(anonymous_1)
FN:52,(anonymous_2)
FN:59,(anonymous_3)
FN:67,(anonymous_4)
FN:70,(anonymous_5)
FN:77,(anonymous_6)
FN:85,(anonymous_7)
FN:88,(anonymous_8)
FN:95,(anonymous_9)
FN:103,(anonymous_10)
FN:106,(anonymous_11)
FN:113,(anonymous_12)
FN:121,(anonymous_13)
FN:124,(anonymous_14)
FN:131,(anonymous_15)
FN:137,(anonymous_16)
FN:141,(anonymous_17)
FN:149,(anonymous_18)
FN:152,(anonymous_19)
FN:159,(anonymous_20)
FN:162,(anonymous_21)
FN:169,(anonymous_22)
FN:172,(anonymous_23)
FN:179,(anonymous_24)
FN:182,(anonymous_25)
FN:189,(anonymous_26)
FN:192,(anonymous_27)
FN:203,(anonymous_28)
FN:215,(anonymous_29)
FN:216,(anonymous_30)
FN:223,(anonymous_31)
FN:234,(anonymous_32)
FN:235,(anonymous_33)
FN:242,(anonymous_34)
FN:253,(anonymous_35)
FN:254,(anonymous_36)
FN:261,(anonymous_37)
FN:272,(anonymous_38)
FN:273,(anonymous_39)
FN:280,(anonymous_40)
FN:291,(anonymous_41)
FN:292,(anonymous_42)
FN:299,(anonymous_43)
FN:310,(anonymous_44)
FN:316,(anonymous_45)
FN:321,(anonymous_46)
FN:324,(anonymous_47)
FN:327,(anonymous_48)
FN:337,(anonymous_49)
FN:340,(anonymous_50)
FN:347,(anonymous_51)
FN:357,(anonymous_52)
FN:360,(anonymous_53)
FN:363,(anonymous_54)
FN:373,(anonymous_55)
FN:406,(anonymous_56)
FN:435,(anonymous_57)
FN:461,(anonymous_58)
FN:468,(anonymous_59)
FN:492,(anonymous_60)
FN:550,(anonymous_61)
FN:583,(anonymous_62)
FN:616,(anonymous_63)
FN:647,(anonymous_64)
FN:671,(anonymous_65)
FN:701,(anonymous_66)
FN:732,(anonymous_67)
FN:762,(anonymous_68)
FN:790,(anonymous_69)
FN:793,(anonymous_70)
FN:796,(anonymous_71)
FN:804,(anonymous_72)
FN:827,(anonymous_73)
FN:830,(anonymous_74)
FN:833,(anonymous_75)
FN:839,(anonymous_76)
FN:842,(anonymous_77)
FN:845,(anonymous_78)
FN:853,(anonymous_79)
FN:856,(anonymous_80)
FN:859,(anonymous_81)
FN:868,(anonymous_82)
FN:871,(anonymous_83)
FN:874,(anonymous_84)
FN:881,(anonymous_85)
FN:885,(anonymous_86)
FN:888,(anonymous_87)
FN:894,(anonymous_88)
FN:897,(anonymous_89)
FN:900,(anonymous_90)
FN:906,(anonymous_91)
FN:910,(anonymous_92)
FN:913,(anonymous_93)
FN:919,(anonymous_94)
FN:932,(anonymous_95)
FN:935,(anonymous_96)
FN:941,(anonymous_97)
FN:944,(anonymous_98)
FN:947,(anonymous_99)
FN:954,(anonymous_100)
FN:985,(anonymous_101)
FN:1023,(anonymous_102)
FN:1031,(anonymous_103)
FN:1062,(anonymous_104)
FN:1071,(anonymous_105)
FN:1074,(anonymous_106)
FN:1081,(anonymous_107)
FN:1130,(anonymous_108)
FN:1140,(anonymous_109)
FN:1141,(anonymous_110)
FN:1142,(anonymous_111)
FN:1146,(anonymous_112)
FN:1150,(anonymous_113)
FN:1155,(anonymous_114)
FN:1168,(anonymous_115)
FN:1179,(anonymous_116)
FN:1182,(anonymous_117)
FN:1188,(anonymous_118)
FNF:119
FNH:64
FNDA:51,(anonymous_0)
FNDA:2,(anonymous_1)
FNDA:2,(anonymous_2)
FNDA:0,(anonymous_3)
FNDA:2,(anonymous_4)
FNDA:2,(anonymous_5)
FNDA:0,(anonymous_6)
FNDA:0,(anonymous_7)
FNDA:0,(anonymous_8)
FNDA:0,(anonymous_9)
FNDA:2,(anonymous_10)
FNDA:2,(anonymous_11)
FNDA:0,(anonymous_12)
FNDA:2,(anonymous_13)
FNDA:2,(anonymous_14)
FNDA:0,(anonymous_15)
FNDA:4,(anonymous_16)
FNDA:0,(anonymous_17)
FNDA:0,(anonymous_18)
FNDA:0,(anonymous_19)
FNDA:0,(anonymous_20)
FNDA:0,(anonymous_21)
FNDA:0,(anonymous_22)
FNDA:0,(anonymous_23)
FNDA:0,(anonymous_24)
FNDA:0,(anonymous_25)
FNDA:0,(anonymous_26)
FNDA:0,(anonymous_27)
FNDA:4,(anonymous_28)
FNDA:2,(anonymous_29)
FNDA:2,(anonymous_30)
FNDA:1,(anonymous_31)
FNDA:2,(anonymous_32)
FNDA:2,(anonymous_33)
FNDA:1,(anonymous_34)
FNDA:0,(anonymous_35)
FNDA:0,(anonymous_36)
FNDA:0,(anonymous_37)
FNDA:2,(anonymous_38)
FNDA:2,(anonymous_39)
FNDA:1,(anonymous_40)
FNDA:2,(anonymous_41)
FNDA:2,(anonymous_42)
FNDA:1,(anonymous_43)
FNDA:0,(anonymous_44)
FNDA:0,(anonymous_45)
FNDA:1,(anonymous_46)
FNDA:1,(anonymous_47)
FNDA:0,(anonymous_48)
FNDA:3,(anonymous_49)
FNDA:3,(anonymous_50)
FNDA:0,(anonymous_51)
FNDA:1,(anonymous_52)
FNDA:1,(anonymous_53)
FNDA:0,(anonymous_54)
FNDA:1,(anonymous_55)
FNDA:3,(anonymous_56)
FNDA:5,(anonymous_57)
FNDA:1,(anonymous_58)
FNDA:0,(anonymous_59)
FNDA:3,(anonymous_60)
FNDA:2,(anonymous_61)
FNDA:0,(anonymous_62)
FNDA:0,(anonymous_63)
FNDA:0,(anonymous_64)
FNDA:0,(anonymous_65)
FNDA:0,(anonymous_66)
FNDA:2,(anonymous_67)
FNDA:0,(anonymous_68)
FNDA:1,(anonymous_69)
FNDA:1,(anonymous_70)
FNDA:0,(anonymous_71)
FNDA:1,(anonymous_72)
FNDA:1,(anonymous_73)
FNDA:1,(anonymous_74)
FNDA:0,(anonymous_75)
FNDA:1,(anonymous_76)
FNDA:1,(anonymous_77)
FNDA:0,(anonymous_78)
FNDA:1,(anonymous_79)
FNDA:1,(anonymous_80)
FNDA:0,(anonymous_81)
FNDA:1,(anonymous_82)
FNDA:1,(anonymous_83)
FNDA:0,(anonymous_84)
FNDA:2,(anonymous_85)
FNDA:2,(anonymous_86)
FNDA:0,(anonymous_87)
FNDA:1,(anonymous_88)
FNDA:1,(anonymous_89)
FNDA:0,(anonymous_90)
FNDA:2,(anonymous_91)
FNDA:2,(anonymous_92)
FNDA:0,(anonymous_93)
FNDA:4,(anonymous_94)
FNDA:1,(anonymous_95)
FNDA:2,(anonymous_96)
FNDA:1,(anonymous_97)
FNDA:1,(anonymous_98)
FNDA:0,(anonymous_99)
FNDA:1,(anonymous_100)
FNDA:1,(anonymous_101)
FNDA:1,(anonymous_102)
FNDA:1,(anonymous_103)
FNDA:0,(anonymous_104)
FNDA:0,(anonymous_105)
FNDA:0,(anonymous_106)
FNDA:3,(anonymous_107)
FNDA:0,(anonymous_108)
FNDA:0,(anonymous_109)
FNDA:0,(anonymous_110)
FNDA:0,(anonymous_111)
FNDA:0,(anonymous_112)
FNDA:0,(anonymous_113)
FNDA:0,(anonymous_114)
FNDA:0,(anonymous_115)
FNDA:0,(anonymous_116)
FNDA:0,(anonymous_117)
FNDA:1,(anonymous_118)
DA:3,1
DA:4,1
DA:5,1
DA:6,1
DA:7,1
DA:8,1
DA:9,1
DA:11,1
DA:12,1
DA:15,1
DA:16,1
DA:19,1
DA:22,1
DA:23,51
DA:27,1
DA:28,1
DA:31,1
DA:39,1
DA:42,1
DA:43,1
DA:47,1
DA:50,2
DA:53,2
DA:54,1
DA:57,1
DA:60,0
DA:65,1
DA:68,2
DA:71,2
DA:72,1
DA:75,1
DA:78,0
DA:83,1
DA:86,0
DA:89,0
DA:90,0
DA:93,0
DA:96,0
DA:101,1
DA:104,2
DA:107,2
DA:108,1
DA:111,1
DA:114,0
DA:119,1
DA:122,2
DA:125,2
DA:126,1
DA:129,1
DA:132,0
DA:137,1
DA:138,4
DA:141,1
DA:143,0
DA:144,0
DA:146,0
DA:147,0
DA:150,0
DA:153,0
DA:156,0
DA:157,0
DA:160,0
DA:163,0
DA:166,0
DA:167,0
DA:170,0
DA:173,0
DA:176,0
DA:177,0
DA:180,0
DA:183,0
DA:186,0
DA:187,0
DA:190,0
DA:193,0
DA:199,1
DA:200,1
DA:203,1
DA:204,4
DA:205,4
DA:207,0
DA:208,0
DA:215,1
DA:216,2
DA:217,2
DA:218,2
DA:220,1
DA:223,1
DA:224,1
DA:228,1
DA:234,1
DA:235,2
DA:236,2
DA:237,2
DA:239,1
DA:242,1
DA:243,1
DA:247,1
DA:253,1
DA:254,0
DA:255,0
DA:256,0
DA:258,0
DA:261,0
DA:262,0
DA:266,0
DA:272,1
DA:273,2
DA:274,2
DA:275,2
DA:277,1
DA:280,1
DA:281,1
DA:285,1
DA:291,1
DA:292,2
DA:293,2
DA:294,2
DA:296,1
DA:299,1
DA:300,1
DA:304,1
DA:310,1
DA:311,0
DA:312,0
DA:316,1
DA:317,0
DA:321,1
DA:322,1
DA:325,1
DA:328,0
DA:335,1
DA:338,3
DA:341,3
DA:342,2
DA:344,1
DA:348,0
DA:357,1
DA:358,1
DA:361,1
DA:364,0
DA:371,1
DA:374,1
DA:375,0
DA:380,1
DA:381,0
DA:384,1
DA:392,1
DA:393,1
DA:395,0
DA:401,1
DA:406,1
DA:407,3
DA:408,2
DA:413,1
DA:420,1
DA:421,1
DA:423,0
DA:429,1
DA:433,1
DA:436,5
DA:437,1
DA:440,4
DA:441,1
DA:444,3
DA:445,1
DA:448,2
DA:449,1
DA:452,1
DA:459,1
DA:462,1
DA:463,0
DA:469,0
DA:476,1
DA:477,1
DA:478,1
DA:479,1
DA:481,0
DA:490,1
DA:493,3
DA:494,3
DA:495,3
DA:496,1
DA:500,2
DA:501,1
DA:506,1
DA:507,1
DA:514,0
DA:515,0
DA:518,0
DA:519,0
DA:520,0
DA:526,0
DA:527,0
DA:528,0
DA:530,0
DA:531,0
DA:536,0
DA:538,0
DA:540,0
DA:548,1
DA:551,2
DA:552,1
DA:556,1
DA:557,1
DA:562,0
DA:567,0
DA:568,0
DA:570,0
DA:576,0
DA:581,1
DA:584,0
DA:585,0
DA:589,0
DA:590,0
DA:595,0
DA:600,0
DA:601,0
DA:603,0
DA:609,0
DA:614,1
DA:617,0
DA:618,0
DA:620,0
DA:621,0
DA:626,0
DA:631,0
DA:632,0
DA:634,0
DA:640,0
DA:645,1
DA:648,0
DA:649,0
DA:650,0
DA:655,0
DA:656,0
DA:658,0
DA:664,0
DA:669,1
DA:672,0
DA:685,0
DA:686,0
DA:688,0
DA:694,0
DA:699,1
DA:702,0
DA:715,0
DA:716,0
DA:718,0
DA:721,0
DA:725,0
DA:730,1
DA:733,2
DA:734,1
DA:739,1
DA:746,1
DA:747,1
DA:749,0
DA:755,1
DA:760,1
DA:763,0
DA:764,0
DA:769,0
DA:776,0
DA:777,0
DA:779,0
DA:785,0
DA:790,1
DA:791,1
DA:794,1
DA:797,0
DA:802,1
DA:805,1
DA:806,1
DA:813,0
DA:814,0
DA:816,0
DA:822,0
DA:827,1
DA:828,1
DA:831,1
DA:834,0
DA:839,1
DA:840,1
DA:843,1
DA:846,0
DA:851,1
DA:854,1
DA:857,1
DA:860,0
DA:866,1
DA:869,1
DA:872,1
DA:875,0
DA:881,1
DA:882,2
DA:883,2
DA:886,2
DA:889,0
DA:894,1
DA:895,1
DA:898,1
DA:901,0
DA:906,1
DA:907,2
DA:908,2
DA:911,2
DA:914,0
DA:919,1
DA:920,4
DA:921,1
DA:925,3
DA:930,3
DA:933,1
DA:936,2
DA:941,1
DA:942,1
DA:945,1
DA:948,0
DA:954,1
DA:956,1
DA:957,1
DA:958,1
DA:959,1
DA:961,1
DA:962,1
DA:964,1
DA:965,1
DA:967,0
DA:971,0
DA:974,1
DA:976,0
DA:978,1
DA:985,1
DA:986,1
DA:988,1
DA:989,1
DA:992,1
DA:993,0
DA:1001,1
DA:1002,1
DA:1003,1
DA:1007,1
DA:1008,1
DA:1010,1
DA:1011,1
DA:1013,0
DA:1023,1
DA:1024,1
DA:1026,1
DA:1027,1
DA:1031,1
DA:1032,1
DA:1047,1
DA:1048,1
DA:1050,0
DA:1056,1
DA:1060,1
DA:1063,0
DA:1064,0
DA:1065,0
DA:1069,0
DA:1072,0
DA:1075,0
DA:1081,1
DA:1083,3
DA:1085,3
DA:1086,4
DA:1089,4
DA:1090,0
DA:1094,4
DA:1095,2
DA:1103,1
DA:1104,2
DA:1105,2
DA:1110,2
DA:1111,2
DA:1113,0
DA:1114,0
DA:1118,1
DA:1120,1
DA:1122,0
DA:1130,1
DA:1131,0
DA:1133,0
DA:1134,0
DA:1137,0
DA:1138,0
DA:1141,0
DA:1142,0
DA:1143,0
DA:1144,0
DA:1146,0
DA:1148,0
DA:1150,0
DA:1156,0
DA:1163,0
DA:1168,1
DA:1169,0
DA:1170,0
DA:1171,0
DA:1172,0
DA:1177,0
DA:1180,0
DA:1183,0
DA:1188,1
DA:1189,1
DA:1192,1
DA:1193,1
LF:409
LH:244
BRDA:53,0,0,1
BRDA:53,0,1,1
BRDA:71,1,0,1
BRDA:71,1,1,1
BRDA:89,2,0,0
BRDA:89,2,1,0
BRDA:107,3,0,1
BRDA:107,3,1,1
BRDA:125,4,0,1
BRDA:125,4,1,1
BRDA:146,5,0,0
BRDA:146,5,1,0
BRDA:156,6,0,0
BRDA:156,6,1,0
BRDA:166,7,0,0
BRDA:166,7,1,0
BRDA:176,8,0,0
BRDA:176,8,1,0
BRDA:186,9,0,0
BRDA:186,9,1,0
BRDA:204,10,0,4
BRDA:204,10,1,0
BRDA:207,11,0,0
BRDA:207,11,1,0
BRDA:217,12,0,0
BRDA:217,12,1,2
BRDA:218,13,0,1
BRDA:218,13,1,1
BRDA:224,14,0,0
BRDA:224,14,1,1
BRDA:236,15,0,0
BRDA:236,15,1,2
BRDA:237,16,0,1
BRDA:237,16,1,1
BRDA:243,17,0,0
BRDA:243,17,1,1
BRDA:255,18,0,0
BRDA:255,18,1,0
BRDA:256,19,0,0
BRDA:256,19,1,0
BRDA:262,20,0,0
BRDA:262,20,1,0
BRDA:274,21,0,0
BRDA:274,21,1,2
BRDA:275,22,0,1
BRDA:275,22,1,1
BRDA:281,23,0,0
BRDA:281,23,1,1
BRDA:293,24,0,0
BRDA:293,24,1,2
BRDA:294,25,0,1
BRDA:294,25,1,1
BRDA:300,26,0,0
BRDA:300,26,1,1
BRDA:341,27,0,2
BRDA:341,27,1,1
BRDA:374,28,0,0
BRDA:374,28,1,1
BRDA:380,29,0,0
BRDA:380,29,1,1
BRDA:407,30,0,2
BRDA:407,30,1,1
BRDA:436,31,0,1
BRDA:436,31,1,4
BRDA:440,32,0,1
BRDA:440,32,1,3
BRDA:444,33,0,1
BRDA:444,33,1,2
BRDA:448,34,0,1
BRDA:448,34,1,1
BRDA:462,35,0,0
BRDA:462,35,1,1
BRDA:494,36,0,3
BRDA:494,36,1,0
BRDA:495,37,0,1
BRDA:495,37,1,2
BRDA:500,38,0,1
BRDA:500,38,1,1
BRDA:506,39,0,1
BRDA:506,39,1,0
BRDA:519,40,0,0
BRDA:519,40,1,0
BRDA:536,41,0,0
BRDA:536,41,1,0
BRDA:551,42,0,1
BRDA:551,42,1,1
BRDA:556,43,0,1
BRDA:556,43,1,0
BRDA:584,44,0,0
BRDA:584,44,1,0
BRDA:589,45,0,0
BRDA:589,45,1,0
BRDA:617,46,0,0
BRDA:617,46,1,0
BRDA:620,47,0,0
BRDA:620,47,1,0
BRDA:649,48,0,0
BRDA:649,48,1,0
BRDA:733,49,0,1
BRDA:733,49,1,1
BRDA:763,50,0,0
BRDA:763,50,1,0
BRDA:805,51,0,1
BRDA:805,51,1,0
BRDA:920,52,0,1
BRDA:920,52,1,3
BRDA:959,53,0,1
BRDA:959,53,1,0
BRDA:974,54,0,0
BRDA:974,54,1,1
BRDA:989,55,0,1
BRDA:989,55,1,0
BRDA:992,56,0,0
BRDA:992,56,1,1
BRDA:1002,57,0,1
BRDA:1002,57,1,0
BRDA:1064,58,0,0
BRDA:1064,58,1,0
BRDA:1086,59,0,4
BRDA:1086,59,1,0
BRDA:1089,60,0,0
BRDA:1089,60,1,4
BRDA:1094,61,0,2
BRDA:1094,61,1,2
BRDA:1104,62,0,2
BRDA:1104,62,1,0
BRDA:1118,63,0,1
BRDA:1118,63,1,0
BRDA:1133,64,0,0
BRDA:1133,64,1,0
BRDA:1133,65,0,0
BRDA:1133,65,1,0
BRDA:1133,65,2,0
BRDA:1137,66,0,0
BRDA:1137,66,1,0
BRDA:1143,67,0,0
BRDA:1143,67,1,0
BRDA:1171,68,0,0
BRDA:1171,68,1,0
BRF:139
BRH:65
end_of_record
