TN:
SF:dao.js
FN:13,(anonymous_0)
FN:19,(anonymous_1)
FN:20,(anonymous_2)
FN:22,(anonymous_3)
FN:29,(anonymous_4)
FN:44,(anonymous_5)
FN:45,(anonymous_6)
FN:47,(anonymous_7)
FN:54,(anonymous_8)
FN:68,(anonymous_9)
FN:69,(anonymous_10)
FN:71,(anonymous_11)
FN:84,(anonymous_12)
FN:94,(anonymous_13)
FN:95,(anonymous_14)
FN:97,(anonymous_15)
FN:111,(anonymous_16)
FN:112,(anonymous_17)
FN:114,(anonymous_18)
FN:129,(anonymous_19)
FN:130,(anonymous_20)
FN:132,(anonymous_21)
FN:140,(anonymous_22)
FN:150,(anonymous_23)
FN:151,(anonymous_24)
FN:153,(anonymous_25)
FN:161,(anonymous_26)
FN:171,(anonymous_27)
FN:172,(anonymous_28)
FN:174,(anonymous_29)
FN:182,(anonymous_30)
FN:192,(anonymous_31)
FN:193,(anonymous_32)
FN:195,(anonymous_33)
FN:209,(anonymous_34)
FN:210,(anonymous_35)
FN:212,(anonymous_36)
FN:226,(anonymous_37)
FN:227,(anonymous_38)
FN:229,(anonymous_39)
FN:242,(anonymous_40)
FN:252,(anonymous_41)
FN:253,(anonymous_42)
FN:255,(anonymous_43)
FN:269,(anonymous_44)
FN:270,(anonymous_45)
FN:272,(anonymous_46)
FN:286,(anonymous_47)
FN:287,(anonymous_48)
FN:290,(anonymous_49)
FN:301,(anonymous_50)
FN:302,(anonymous_51)
FN:304,(anonymous_52)
FN:315,(anonymous_53)
FN:316,(anonymous_54)
FN:326,(anonymous_55)
FN:337,(anonymous_56)
FN:338,(anonymous_57)
FN:340,(anonymous_58)
FN:354,(anonymous_59)
FN:355,(anonymous_60)
FN:357,(anonymous_61)
FN:370,getProduct
FN:371,(anonymous_63)
FN:373,(anonymous_64)
FN:385,(anonymous_65)
FN:386,(anonymous_66)
FN:388,(anonymous_67)
FN:400,(anonymous_68)
FN:401,(anonymous_69)
FN:403,(anonymous_70)
FN:415,(anonymous_71)
FN:416,(anonymous_72)
FN:431,(anonymous_73)
FN:443,(anonymous_74)
FN:444,(anonymous_75)
FN:446,(anonymous_76)
FN:457,(anonymous_77)
FN:458,(anonymous_78)
FN:460,(anonymous_79)
FN:471,(anonymous_80)
FN:472,(anonymous_81)
FN:474,(anonymous_82)
FN:489,(anonymous_83)
FN:490,(anonymous_84)
FN:492,(anonymous_85)
FN:505,(anonymous_86)
FN:506,(anonymous_87)
FN:512,(anonymous_88)
FN:524,(anonymous_89)
FN:525,(anonymous_90)
FN:528,(anonymous_91)
FN:533,(anonymous_92)
FN:549,(anonymous_93)
FN:550,(anonymous_94)
FN:554,(anonymous_95)
FN:559,(anonymous_96)
FN:576,(anonymous_97)
FN:577,(anonymous_98)
FN:580,(anonymous_99)
FN:585,(anonymous_100)
FN:601,(anonymous_101)
FN:602,(anonymous_102)
FN:605,(anonymous_103)
FN:611,(anonymous_104)
FN:621,(anonymous_105)
FN:644,(anonymous_106)
FN:651,(anonymous_107)
FN:652,(anonymous_108)
FN:655,(anonymous_109)
FN:660,(anonymous_110)
FN:673,(anonymous_111)
FN:674,(anonymous_112)
FN:677,(anonymous_113)
FN:682,(anonymous_114)
FN:695,(anonymous_115)
FN:696,(anonymous_116)
FN:699,(anonymous_117)
FN:704,(anonymous_118)
FN:719,(anonymous_119)
FN:720,(anonymous_120)
FN:722,(anonymous_121)
FN:740,(anonymous_122)
FN:741,(anonymous_123)
FN:743,(anonymous_124)
FN:754,(anonymous_125)
FN:755,(anonymous_126)
FN:758,(anonymous_127)
FN:764,(anonymous_128)
FN:777,(anonymous_129)
FN:778,(anonymous_130)
FN:781,(anonymous_131)
FN:787,(anonymous_132)
FN:803,(anonymous_133)
FN:804,(anonymous_134)
FN:816,(anonymous_135)
FN:829,(anonymous_136)
FN:830,(anonymous_137)
FN:833,(anonymous_138)
FN:840,(anonymous_139)
FN:855,(anonymous_140)
FN:856,(anonymous_141)
FN:874,(anonymous_142)
FN:886,(anonymous_143)
FN:887,(anonymous_144)
FN:889,(anonymous_145)
FN:905,(anonymous_146)
FN:906,(anonymous_147)
FN:908,(anonymous_148)
FN:916,(anonymous_149)
FN:928,(anonymous_150)
FN:929,(anonymous_151)
FN:931,(anonymous_152)
FN:939,(anonymous_153)
FN:956,(anonymous_154)
FN:957,(anonymous_155)
FN:968,(anonymous_156)
FN:973,(anonymous_157)
FN:976,(anonymous_158)
FN:979,(anonymous_159)
FN:985,(anonymous_160)
FN:990,(anonymous_161)
FN:993,(anonymous_162)
FN:1000,(anonymous_163)
FN:1008,(anonymous_164)
FN:1013,(anonymous_165)
FN:1020,(anonymous_166)
FN:1028,(anonymous_167)
FN:1029,(anonymous_168)
FN:1035,(anonymous_169)
FN:1041,(anonymous_170)
FNF:171
FNH:140
FNDA:2,(anonymous_0)
FNDA:2,(anonymous_1)
FNDA:2,(anonymous_2)
FNDA:2,(anonymous_3)
FNDA:2,(anonymous_4)
FNDA:2,(anonymous_5)
FNDA:2,(anonymous_6)
FNDA:2,(anonymous_7)
FNDA:6,(anonymous_8)
FNDA:6,(anonymous_9)
FNDA:6,(anonymous_10)
FNDA:6,(anonymous_11)
FNDA:4,(anonymous_12)
FNDA:2,(anonymous_13)
FNDA:2,(anonymous_14)
FNDA:2,(anonymous_15)
FNDA:6,(anonymous_16)
FNDA:6,(anonymous_17)
FNDA:6,(anonymous_18)
FNDA:6,(anonymous_19)
FNDA:6,(anonymous_20)
FNDA:6,(anonymous_21)
FNDA:4,(anonymous_22)
FNDA:6,(anonymous_23)
FNDA:6,(anonymous_24)
FNDA:6,(anonymous_25)
FNDA:4,(anonymous_26)
FNDA:6,(anonymous_27)
FNDA:6,(anonymous_28)
FNDA:6,(anonymous_29)
FNDA:4,(anonymous_30)
FNDA:2,(anonymous_31)
FNDA:2,(anonymous_32)
FNDA:2,(anonymous_33)
FNDA:2,(anonymous_34)
FNDA:2,(anonymous_35)
FNDA:2,(anonymous_36)
FNDA:0,(anonymous_37)
FNDA:0,(anonymous_38)
FNDA:0,(anonymous_39)
FNDA:0,(anonymous_40)
FNDA:0,(anonymous_41)
FNDA:0,(anonymous_42)
FNDA:0,(anonymous_43)
FNDA:2,(anonymous_44)
FNDA:2,(anonymous_45)
FNDA:2,(anonymous_46)
FNDA:2,(anonymous_47)
FNDA:2,(anonymous_48)
FNDA:2,(anonymous_49)
FNDA:4,(anonymous_50)
FNDA:4,(anonymous_51)
FNDA:4,(anonymous_52)
FNDA:1,(anonymous_53)
FNDA:1,(anonymous_54)
FNDA:1,(anonymous_55)
FNDA:0,(anonymous_56)
FNDA:0,(anonymous_57)
FNDA:0,(anonymous_58)
FNDA:2,(anonymous_59)
FNDA:2,(anonymous_60)
FNDA:2,(anonymous_61)
FNDA:2,getProduct
FNDA:2,(anonymous_63)
FNDA:2,(anonymous_64)
FNDA:3,(anonymous_65)
FNDA:3,(anonymous_66)
FNDA:3,(anonymous_67)
FNDA:2,(anonymous_68)
FNDA:2,(anonymous_69)
FNDA:2,(anonymous_70)
FNDA:3,(anonymous_71)
FNDA:3,(anonymous_72)
FNDA:3,(anonymous_73)
FNDA:2,(anonymous_74)
FNDA:2,(anonymous_75)
FNDA:2,(anonymous_76)
FNDA:0,(anonymous_77)
FNDA:0,(anonymous_78)
FNDA:0,(anonymous_79)
FNDA:0,(anonymous_80)
FNDA:0,(anonymous_81)
FNDA:0,(anonymous_82)
FNDA:0,(anonymous_83)
FNDA:0,(anonymous_84)
FNDA:0,(anonymous_85)
FNDA:7,(anonymous_86)
FNDA:7,(anonymous_87)
FNDA:7,(anonymous_88)
FNDA:2,(anonymous_89)
FNDA:2,(anonymous_90)
FNDA:2,(anonymous_91)
FNDA:2,(anonymous_92)
FNDA:3,(anonymous_93)
FNDA:3,(anonymous_94)
FNDA:3,(anonymous_95)
FNDA:2,(anonymous_96)
FNDA:3,(anonymous_97)
FNDA:3,(anonymous_98)
FNDA:3,(anonymous_99)
FNDA:3,(anonymous_100)
FNDA:2,(anonymous_101)
FNDA:2,(anonymous_102)
FNDA:2,(anonymous_103)
FNDA:4,(anonymous_104)
FNDA:4,(anonymous_105)
FNDA:2,(anonymous_106)
FNDA:2,(anonymous_107)
FNDA:2,(anonymous_108)
FNDA:2,(anonymous_109)
FNDA:2,(anonymous_110)
FNDA:2,(anonymous_111)
FNDA:2,(anonymous_112)
FNDA:2,(anonymous_113)
FNDA:2,(anonymous_114)
FNDA:4,(anonymous_115)
FNDA:4,(anonymous_116)
FNDA:4,(anonymous_117)
FNDA:4,(anonymous_118)
FNDA:6,(anonymous_119)
FNDA:6,(anonymous_120)
FNDA:6,(anonymous_121)
FNDA:3,(anonymous_122)
FNDA:3,(anonymous_123)
FNDA:3,(anonymous_124)
FNDA:2,(anonymous_125)
FNDA:2,(anonymous_126)
FNDA:2,(anonymous_127)
FNDA:2,(anonymous_128)
FNDA:2,(anonymous_129)
FNDA:2,(anonymous_130)
FNDA:2,(anonymous_131)
FNDA:4,(anonymous_132)
FNDA:2,(anonymous_133)
FNDA:2,(anonymous_134)
FNDA:2,(anonymous_135)
FNDA:2,(anonymous_136)
FNDA:2,(anonymous_137)
FNDA:2,(anonymous_138)
FNDA:2,(anonymous_139)
FNDA:2,(anonymous_140)
FNDA:2,(anonymous_141)
FNDA:2,(anonymous_142)
FNDA:1,(anonymous_143)
FNDA:1,(anonymous_144)
FNDA:1,(anonymous_145)
FNDA:0,(anonymous_146)
FNDA:0,(anonymous_147)
FNDA:0,(anonymous_148)
FNDA:0,(anonymous_149)
FNDA:0,(anonymous_150)
FNDA:0,(anonymous_151)
FNDA:0,(anonymous_152)
FNDA:0,(anonymous_153)
FNDA:97,(anonymous_154)
FNDA:1067,(anonymous_155)
FNDA:97,(anonymous_156)
FNDA:97,(anonymous_157)
FNDA:97,(anonymous_158)
FNDA:97,(anonymous_159)
FNDA:97,(anonymous_160)
FNDA:97,(anonymous_161)
FNDA:97,(anonymous_162)
FNDA:97,(anonymous_163)
FNDA:97,(anonymous_164)
FNDA:97,(anonymous_165)
FNDA:97,(anonymous_166)
FNDA:0,(anonymous_167)
FNDA:0,(anonymous_168)
FNDA:0,(anonymous_169)
FNDA:0,(anonymous_170)
DA:4,2
DA:5,2
DA:8,2
DA:11,2
DA:14,2
DA:19,2
DA:20,2
DA:21,2
DA:22,2
DA:23,2
DA:24,0
DA:25,2
DA:26,0
DA:28,2
DA:30,2
DA:44,2
DA:45,2
DA:46,2
DA:47,2
DA:48,2
DA:49,0
DA:50,2
DA:51,0
DA:53,2
DA:55,6
DA:68,2
DA:69,6
DA:70,6
DA:71,6
DA:72,6
DA:73,0
DA:74,6
DA:75,2
DA:77,4
DA:84,4
DA:85,4
DA:86,2
DA:94,2
DA:95,2
DA:96,2
DA:97,2
DA:98,2
DA:99,0
DA:100,2
DA:101,1
DA:103,1
DA:104,1
DA:111,2
DA:112,6
DA:113,6
DA:114,6
DA:115,6
DA:116,0
DA:117,6
DA:118,4
DA:119,4
DA:121,2
DA:122,2
DA:129,2
DA:130,6
DA:131,6
DA:132,6
DA:133,6
DA:134,0
DA:135,6
DA:136,2
DA:138,4
DA:140,4
DA:141,4
DA:142,2
DA:150,2
DA:151,6
DA:152,6
DA:153,6
DA:154,6
DA:155,0
DA:156,6
DA:157,2
DA:159,4
DA:161,4
DA:162,4
DA:163,2
DA:171,2
DA:172,6
DA:173,6
DA:174,6
DA:175,6
DA:176,0
DA:177,6
DA:178,2
DA:180,4
DA:182,4
DA:183,4
DA:184,2
DA:192,2
DA:193,2
DA:194,2
DA:195,2
DA:196,2
DA:197,0
DA:198,2
DA:199,1
DA:201,1
DA:202,1
DA:209,2
DA:210,2
DA:211,2
DA:212,2
DA:213,2
DA:214,0
DA:215,2
DA:216,1
DA:218,1
DA:219,1
DA:226,2
DA:227,0
DA:228,0
DA:229,0
DA:230,0
DA:231,0
DA:232,0
DA:233,0
DA:235,0
DA:242,0
DA:243,0
DA:244,0
DA:252,2
DA:253,0
DA:254,0
DA:255,0
DA:256,0
DA:257,0
DA:258,0
DA:259,0
DA:261,0
DA:262,0
DA:269,2
DA:270,2
DA:271,2
DA:272,2
DA:273,2
DA:274,0
DA:275,2
DA:276,1
DA:278,1
DA:279,1
DA:286,2
DA:287,2
DA:289,2
DA:290,2
DA:291,2
DA:292,0
DA:293,0
DA:295,2
DA:301,2
DA:302,4
DA:303,4
DA:304,4
DA:305,4
DA:306,2
DA:307,2
DA:309,2
DA:315,2
DA:316,1
DA:318,1
DA:319,1
DA:327,1
DA:328,0
DA:330,1
DA:337,2
DA:338,0
DA:339,0
DA:340,0
DA:341,0
DA:342,0
DA:343,0
DA:344,0
DA:345,0
DA:347,0
DA:354,2
DA:355,2
DA:356,2
DA:357,2
DA:358,2
DA:359,0
DA:360,0
DA:362,2
DA:363,2
DA:371,2
DA:372,2
DA:373,2
DA:374,2
DA:375,0
DA:376,0
DA:378,2
DA:385,2
DA:386,3
DA:387,3
DA:388,3
DA:389,3
DA:390,0
DA:391,0
DA:393,3
DA:400,2
DA:401,2
DA:402,2
DA:403,2
DA:404,2
DA:405,0
DA:406,0
DA:408,2
DA:415,2
DA:416,3
DA:418,3
DA:419,3
DA:432,3
DA:433,0
DA:434,0
DA:436,3
DA:443,2
DA:444,2
DA:445,2
DA:446,2
DA:447,2
DA:448,0
DA:450,2
DA:457,2
DA:458,0
DA:459,0
DA:460,0
DA:461,0
DA:462,0
DA:464,0
DA:471,2
DA:472,0
DA:473,0
DA:474,0
DA:475,0
DA:476,0
DA:477,0
DA:478,0
DA:479,0
DA:481,0
DA:482,0
DA:489,2
DA:490,0
DA:491,0
DA:492,0
DA:493,0
DA:494,0
DA:495,0
DA:496,0
DA:498,0
DA:499,0
DA:505,2
DA:506,7
DA:508,7
DA:509,7
DA:513,7
DA:514,4
DA:515,4
DA:517,3
DA:524,2
DA:525,2
DA:527,2
DA:528,2
DA:529,2
DA:530,0
DA:531,0
DA:533,2
DA:543,2
DA:549,2
DA:550,3
DA:552,3
DA:554,3
DA:555,3
DA:556,0
DA:557,0
DA:559,3
DA:570,3
DA:576,2
DA:577,3
DA:579,3
DA:580,3
DA:581,3
DA:582,0
DA:583,0
DA:585,3
DA:595,3
DA:601,2
DA:602,2
DA:604,2
DA:605,2
DA:606,2
DA:607,0
DA:608,0
DA:610,2
DA:611,4
DA:621,2
DA:622,4
DA:623,2
DA:628,2
DA:644,2
DA:645,2
DA:651,2
DA:652,2
DA:654,2
DA:655,2
DA:656,2
DA:657,0
DA:658,0
DA:660,2
DA:667,2
DA:673,2
DA:674,2
DA:676,2
DA:677,2
DA:678,2
DA:679,0
DA:680,0
DA:682,2
DA:689,2
DA:695,2
DA:696,4
DA:698,4
DA:699,4
DA:700,4
DA:701,0
DA:702,0
DA:704,4
DA:713,4
DA:719,2
DA:720,6
DA:721,6
DA:722,6
DA:723,6
DA:724,0
DA:725,0
DA:727,6
DA:728,2
DA:729,2
DA:731,4
DA:732,2
DA:733,2
DA:734,2
DA:740,2
DA:741,3
DA:742,3
DA:743,3
DA:744,3
DA:745,1
DA:746,1
DA:748,2
DA:754,2
DA:755,2
DA:757,2
DA:758,2
DA:759,2
DA:760,0
DA:761,0
DA:764,2
DA:771,2
DA:777,2
DA:778,2
DA:780,2
DA:781,2
DA:782,2
DA:783,0
DA:784,0
DA:787,4
DA:797,2
DA:803,2
DA:804,2
DA:806,2
DA:807,2
DA:817,2
DA:818,2
DA:819,2
DA:821,0
DA:829,2
DA:830,2
DA:832,2
DA:833,2
DA:834,2
DA:835,0
DA:836,2
DA:837,0
DA:839,2
DA:841,2
DA:855,2
DA:856,2
DA:858,2
DA:859,2
DA:875,2
DA:876,0
DA:877,0
DA:879,2
DA:886,2
DA:887,1
DA:888,1
DA:889,1
DA:890,1
DA:891,0
DA:892,0
DA:893,1
DA:894,0
DA:895,0
DA:897,1
DA:905,2
DA:906,0
DA:907,0
DA:908,0
DA:909,0
DA:910,0
DA:911,0
DA:912,0
DA:913,0
DA:914,0
DA:916,0
DA:922,0
DA:928,2
DA:929,0
DA:930,0
DA:931,0
DA:932,0
DA:933,0
DA:934,0
DA:935,0
DA:936,0
DA:937,0
DA:939,0
DA:949,0
DA:956,2
DA:957,97
DA:958,1067
DA:959,0
DA:962,97
DA:965,97
DA:969,97
DA:973,97
DA:974,97
DA:976,97
DA:977,97
DA:979,97
DA:980,97
DA:982,97
DA:986,97
DA:990,97
DA:991,97
DA:993,97
DA:994,97
DA:997,97
DA:1001,97
DA:1005,97
DA:1009,97
DA:1013,97
DA:1014,97
DA:1017,97
DA:1021,97
DA:1028,2
DA:1029,0
DA:1031,0
DA:1035,0
DA:1036,0
DA:1037,0
DA:1038,0
DA:1041,0
DA:1047,0
LF:468
LH:327
BRDA:12,0,0,2
BRDA:12,0,1,0
BRDA:14,1,0,0
BRDA:14,1,1,2
BRDA:23,2,0,0
BRDA:23,2,1,2
BRDA:25,3,0,0
BRDA:25,3,1,2
BRDA:48,4,0,0
BRDA:48,4,1,2
BRDA:50,5,0,0
BRDA:50,5,1,2
BRDA:72,6,0,0
BRDA:72,6,1,6
BRDA:74,7,0,2
BRDA:74,7,1,4
BRDA:85,8,0,2
BRDA:85,8,1,2
BRDA:98,9,0,0
BRDA:98,9,1,2
BRDA:100,10,0,1
BRDA:100,10,1,1
BRDA:115,11,0,0
BRDA:115,11,1,6
BRDA:117,12,0,4
BRDA:117,12,1,2
BRDA:133,13,0,0
BRDA:133,13,1,6
BRDA:135,14,0,2
BRDA:135,14,1,4
BRDA:141,15,0,2
BRDA:141,15,1,2
BRDA:154,16,0,0
BRDA:154,16,1,6
BRDA:156,17,0,2
BRDA:156,17,1,4
BRDA:162,18,0,2
BRDA:162,18,1,2
BRDA:175,19,0,0
BRDA:175,19,1,6
BRDA:177,20,0,2
BRDA:177,20,1,4
BRDA:183,21,0,2
BRDA:183,21,1,2
BRDA:196,22,0,0
BRDA:196,22,1,2
BRDA:198,23,0,1
BRDA:198,23,1,1
BRDA:213,24,0,0
BRDA:213,24,1,2
BRDA:215,25,0,1
BRDA:215,25,1,1
BRDA:230,26,0,0
BRDA:230,26,1,0
BRDA:232,27,0,0
BRDA:232,27,1,0
BRDA:243,28,0,0
BRDA:243,28,1,0
BRDA:256,29,0,0
BRDA:256,29,1,0
BRDA:258,30,0,0
BRDA:258,30,1,0
BRDA:273,31,0,0
BRDA:273,31,1,2
BRDA:275,32,0,1
BRDA:275,32,1,1
BRDA:291,33,0,0
BRDA:291,33,1,2
BRDA:305,34,0,2
BRDA:305,34,1,2
BRDA:327,35,0,0
BRDA:327,35,1,1
BRDA:341,36,0,0
BRDA:341,36,1,0
BRDA:344,37,0,0
BRDA:344,37,1,0
BRDA:358,38,0,0
BRDA:358,38,1,2
BRDA:374,39,0,0
BRDA:374,39,1,2
BRDA:389,40,0,0
BRDA:389,40,1,3
BRDA:404,41,0,0
BRDA:404,41,1,2
BRDA:432,42,0,0
BRDA:432,42,1,3
BRDA:447,43,0,0
BRDA:447,43,1,2
BRDA:461,44,0,0
BRDA:461,44,1,0
BRDA:475,45,0,0
BRDA:475,45,1,0
BRDA:478,46,0,0
BRDA:478,46,1,0
BRDA:493,47,0,0
BRDA:493,47,1,0
BRDA:495,48,0,0
BRDA:495,48,1,0
BRDA:513,49,0,4
BRDA:513,49,1,3
BRDA:529,50,0,0
BRDA:529,50,1,2
BRDA:555,51,0,0
BRDA:555,51,1,3
BRDA:581,52,0,0
BRDA:581,52,1,3
BRDA:606,53,0,0
BRDA:606,53,1,2
BRDA:622,54,0,2
BRDA:622,54,1,2
BRDA:656,55,0,0
BRDA:656,55,1,2
BRDA:678,56,0,0
BRDA:678,56,1,2
BRDA:700,57,0,0
BRDA:700,57,1,4
BRDA:723,58,0,0
BRDA:723,58,1,6
BRDA:727,59,0,2
BRDA:727,59,1,4
BRDA:731,60,0,2
BRDA:731,60,1,2
BRDA:744,61,0,1
BRDA:744,61,1,2
BRDA:759,62,0,0
BRDA:759,62,1,2
BRDA:782,63,0,0
BRDA:782,63,1,2
BRDA:817,64,0,2
BRDA:817,64,1,0
BRDA:834,65,0,0
BRDA:834,65,1,2
BRDA:836,66,0,0
BRDA:836,66,1,2
BRDA:875,67,0,0
BRDA:875,67,1,2
BRDA:890,68,0,0
BRDA:890,68,1,1
BRDA:893,69,0,0
BRDA:893,69,1,1
BRDA:909,70,0,0
BRDA:909,70,1,0
BRDA:912,71,0,0
BRDA:912,71,1,0
BRDA:932,72,0,0
BRDA:932,72,1,0
BRDA:935,73,0,0
BRDA:935,73,1,0
BRDA:958,74,0,0
BRDA:958,74,1,1067
BRDA:962,75,0,97
BRDA:962,75,1,0
BRDA:1036,76,0,0
BRDA:1036,76,1,0
BRF:154
BRH:79
end_of_record
TN:
SF:server.js
FN:22,(anonymous_0)
FN:49,(anonymous_1)
FN:52,(anonymous_2)
FN:59,(anonymous_3)
FN:67,(anonymous_4)
FN:70,(anonymous_5)
FN:77,(anonymous_6)
FN:85,(anonymous_7)
FN:88,(anonymous_8)
FN:95,(anonymous_9)
FN:103,(anonymous_10)
FN:106,(anonymous_11)
FN:113,(anonymous_12)
FN:121,(anonymous_13)
FN:124,(anonymous_14)
FN:131,(anonymous_15)
FN:137,(anonymous_16)
FN:141,(anonymous_17)
FN:149,(anonymous_18)
FN:152,(anonymous_19)
FN:159,(anonymous_20)
FN:162,(anonymous_21)
FN:169,(anonymous_22)
FN:172,(anonymous_23)
FN:179,(anonymous_24)
FN:182,(anonymous_25)
FN:189,(anonymous_26)
FN:192,(anonymous_27)
FN:203,(anonymous_28)
FN:215,(anonymous_29)
FN:216,(anonymous_30)
FN:223,(anonymous_31)
FN:234,(anonymous_32)
FN:235,(anonymous_33)
FN:242,(anonymous_34)
FN:253,(anonymous_35)
FN:254,(anonymous_36)
FN:261,(anonymous_37)
FN:272,(anonymous_38)
FN:273,(anonymous_39)
FN:280,(anonymous_40)
FN:291,(anonymous_41)
FN:292,(anonymous_42)
FN:299,(anonymous_43)
FN:310,(anonymous_44)
FN:316,(anonymous_45)
FN:321,(anonymous_46)
FN:324,(anonymous_47)
FN:327,(anonymous_48)
FN:335,(anonymous_49)
FN:342,(anonymous_50)
FN:349,(anonymous_51)
FN:358,(anonymous_52)
FN:361,(anonymous_53)
FN:364,(anonymous_54)
FN:374,(anonymous_55)
FN:407,(anonymous_56)
FN:436,(anonymous_57)
FN:462,(anonymous_58)
FN:469,(anonymous_59)
FN:491,(anonymous_60)
FN:576,(anonymous_61)
FN:609,(anonymous_62)
FN:642,(anonymous_63)
FN:673,(anonymous_64)
FN:697,(anonymous_65)
FN:727,(anonymous_66)
FN:758,(anonymous_67)
FN:788,(anonymous_68)
FN:816,(anonymous_69)
FN:819,(anonymous_70)
FN:822,(anonymous_71)
FN:830,(anonymous_72)
FN:853,(anonymous_73)
FN:856,(anonymous_74)
FN:859,(anonymous_75)
FN:865,(anonymous_76)
FN:868,(anonymous_77)
FN:871,(anonymous_78)
FN:879,(anonymous_79)
FN:882,(anonymous_80)
FN:885,(anonymous_81)
FN:894,(anonymous_82)
FN:897,(anonymous_83)
FN:900,(anonymous_84)
FN:907,(anonymous_85)
FN:911,(anonymous_86)
FN:914,(anonymous_87)
FN:920,(anonymous_88)
FN:923,(anonymous_89)
FN:926,(anonymous_90)
FN:932,(anonymous_91)
FN:936,(anonymous_92)
FN:939,(anonymous_93)
FN:945,(anonymous_94)
FN:958,(anonymous_95)
FN:961,(anonymous_96)
FN:967,(anonymous_97)
FN:970,(anonymous_98)
FN:973,(anonymous_99)
FN:980,(anonymous_100)
FN:1011,(anonymous_101)
FN:1048,(anonymous_102)
FN:1055,(anonymous_103)
FN:1086,(anonymous_104)
FN:1095,(anonymous_105)
FN:1098,(anonymous_106)
FN:1105,(anonymous_107)
FN:1154,(anonymous_108)
FN:1164,(anonymous_109)
FN:1165,(anonymous_110)
FN:1166,(anonymous_111)
FN:1170,(anonymous_112)
FN:1174,(anonymous_113)
FN:1179,(anonymous_114)
FN:1192,(anonymous_115)
FN:1202,(anonymous_116)
FN:1205,(anonymous_117)
FN:1211,(anonymous_118)
FN:1222,(anonymous_119)
FN:1225,(anonymous_120)
FN:1231,(anonymous_121)
FNF:122
FNH:68
FNDA:57,(anonymous_0)
FNDA:2,(anonymous_1)
FNDA:2,(anonymous_2)
FNDA:0,(anonymous_3)
FNDA:2,(anonymous_4)
FNDA:2,(anonymous_5)
FNDA:0,(anonymous_6)
FNDA:0,(anonymous_7)
FNDA:0,(anonymous_8)
FNDA:0,(anonymous_9)
FNDA:2,(anonymous_10)
FNDA:2,(anonymous_11)
FNDA:0,(anonymous_12)
FNDA:2,(anonymous_13)
FNDA:2,(anonymous_14)
FNDA:0,(anonymous_15)
FNDA:4,(anonymous_16)
FNDA:0,(anonymous_17)
FNDA:0,(anonymous_18)
FNDA:0,(anonymous_19)
FNDA:0,(anonymous_20)
FNDA:0,(anonymous_21)
FNDA:0,(anonymous_22)
FNDA:0,(anonymous_23)
FNDA:0,(anonymous_24)
FNDA:0,(anonymous_25)
FNDA:0,(anonymous_26)
FNDA:0,(anonymous_27)
FNDA:11,(anonymous_28)
FNDA:2,(anonymous_29)
FNDA:2,(anonymous_30)
FNDA:1,(anonymous_31)
FNDA:2,(anonymous_32)
FNDA:2,(anonymous_33)
FNDA:1,(anonymous_34)
FNDA:0,(anonymous_35)
FNDA:0,(anonymous_36)
FNDA:0,(anonymous_37)
FNDA:2,(anonymous_38)
FNDA:2,(anonymous_39)
FNDA:1,(anonymous_40)
FNDA:2,(anonymous_41)
FNDA:2,(anonymous_42)
FNDA:1,(anonymous_43)
FNDA:0,(anonymous_44)
FNDA:0,(anonymous_45)
FNDA:1,(anonymous_46)
FNDA:1,(anonymous_47)
FNDA:0,(anonymous_48)
FNDA:3,(anonymous_49)
FNDA:2,(anonymous_50)
FNDA:0,(anonymous_51)
FNDA:1,(anonymous_52)
FNDA:1,(anonymous_53)
FNDA:0,(anonymous_54)
FNDA:1,(anonymous_55)
FNDA:3,(anonymous_56)
FNDA:5,(anonymous_57)
FNDA:1,(anonymous_58)
FNDA:0,(anonymous_59)
FNDA:3,(anonymous_60)
FNDA:2,(anonymous_61)
FNDA:3,(anonymous_62)
FNDA:0,(anonymous_63)
FNDA:2,(anonymous_64)
FNDA:0,(anonymous_65)
FNDA:0,(anonymous_66)
FNDA:2,(anonymous_67)
FNDA:0,(anonymous_68)
FNDA:1,(anonymous_69)
FNDA:1,(anonymous_70)
FNDA:0,(anonymous_71)
FNDA:1,(anonymous_72)
FNDA:1,(anonymous_73)
FNDA:1,(anonymous_74)
FNDA:0,(anonymous_75)
FNDA:1,(anonymous_76)
FNDA:1,(anonymous_77)
FNDA:0,(anonymous_78)
FNDA:1,(anonymous_79)
FNDA:1,(anonymous_80)
FNDA:0,(anonymous_81)
FNDA:1,(anonymous_82)
FNDA:1,(anonymous_83)
FNDA:0,(anonymous_84)
FNDA:2,(anonymous_85)
FNDA:2,(anonymous_86)
FNDA:0,(anonymous_87)
FNDA:1,(anonymous_88)
FNDA:1,(anonymous_89)
FNDA:0,(anonymous_90)
FNDA:2,(anonymous_91)
FNDA:2,(anonymous_92)
FNDA:0,(anonymous_93)
FNDA:4,(anonymous_94)
FNDA:1,(anonymous_95)
FNDA:2,(anonymous_96)
FNDA:1,(anonymous_97)
FNDA:1,(anonymous_98)
FNDA:0,(anonymous_99)
FNDA:1,(anonymous_100)
FNDA:1,(anonymous_101)
FNDA:1,(anonymous_102)
FNDA:1,(anonymous_103)
FNDA:1,(anonymous_104)
FNDA:1,(anonymous_105)
FNDA:0,(anonymous_106)
FNDA:3,(anonymous_107)
FNDA:0,(anonymous_108)
FNDA:0,(anonymous_109)
FNDA:0,(anonymous_110)
FNDA:0,(anonymous_111)
FNDA:0,(anonymous_112)
FNDA:0,(anonymous_113)
FNDA:0,(anonymous_114)
FNDA:0,(anonymous_115)
FNDA:0,(anonymous_116)
FNDA:0,(anonymous_117)
FNDA:0,(anonymous_118)
FNDA:0,(anonymous_119)
FNDA:0,(anonymous_120)
FNDA:1,(anonymous_121)
DA:3,1
DA:4,1
DA:5,1
DA:6,1
DA:7,1
DA:8,1
DA:9,1
DA:11,1
DA:12,1
DA:15,1
DA:16,1
DA:19,1
DA:22,1
DA:23,57
DA:27,1
DA:28,1
DA:31,1
DA:39,1
DA:42,1
DA:43,1
DA:47,1
DA:50,2
DA:53,2
DA:54,1
DA:57,1
DA:60,0
DA:65,1
DA:68,2
DA:71,2
DA:72,1
DA:75,1
DA:78,0
DA:83,1
DA:86,0
DA:89,0
DA:90,0
DA:93,0
DA:96,0
DA:101,1
DA:104,2
DA:107,2
DA:108,1
DA:111,1
DA:114,0
DA:119,1
DA:122,2
DA:125,2
DA:126,1
DA:129,1
DA:132,0
DA:137,1
DA:138,4
DA:141,1
DA:143,0
DA:144,0
DA:146,0
DA:147,0
DA:150,0
DA:153,0
DA:156,0
DA:157,0
DA:160,0
DA:163,0
DA:166,0
DA:167,0
DA:170,0
DA:173,0
DA:176,0
DA:177,0
DA:180,0
DA:183,0
DA:186,0
DA:187,0
DA:190,0
DA:193,0
DA:199,1
DA:200,1
DA:203,1
DA:204,11
DA:205,11
DA:207,0
DA:208,0
DA:215,1
DA:216,2
DA:217,2
DA:218,2
DA:220,1
DA:223,1
DA:224,1
DA:228,1
DA:234,1
DA:235,2
DA:236,2
DA:237,2
DA:239,1
DA:242,1
DA:243,1
DA:247,1
DA:253,1
DA:254,0
DA:255,0
DA:256,0
DA:258,0
DA:261,0
DA:262,0
DA:266,0
DA:272,1
DA:273,2
DA:274,2
DA:275,2
DA:277,1
DA:280,1
DA:281,1
DA:285,1
DA:291,1
DA:292,2
DA:293,2
DA:294,2
DA:296,1
DA:299,1
DA:300,1
DA:304,1
DA:310,1
DA:311,0
DA:312,0
DA:316,1
DA:317,0
DA:321,1
DA:322,1
DA:325,1
DA:328,0
DA:335,1
DA:336,3
DA:337,1
DA:340,2
DA:343,2
DA:344,1
DA:346,1
DA:350,0
DA:358,1
DA:359,1
DA:362,1
DA:365,0
DA:372,1
DA:375,1
DA:376,0
DA:381,1
DA:382,0
DA:385,1
DA:393,1
DA:394,1
DA:396,0
DA:402,1
DA:407,1
DA:408,3
DA:409,2
DA:414,1
DA:421,1
DA:422,1
DA:424,0
DA:430,1
DA:434,1
DA:437,5
DA:438,1
DA:441,4
DA:442,1
DA:445,3
DA:446,1
DA:449,2
DA:450,1
DA:453,1
DA:460,1
DA:463,1
DA:464,0
DA:470,0
DA:477,1
DA:478,1
DA:479,1
DA:480,1
DA:482,0
DA:491,1
DA:535,3
DA:536,3
DA:537,2
DA:538,2
DA:546,2
DA:548,0
DA:553,0
DA:554,0
DA:556,0
DA:560,1
DA:563,0
DA:565,0
DA:567,0
DA:574,1
DA:577,2
DA:578,1
DA:582,1
DA:583,1
DA:588,0
DA:593,0
DA:594,0
DA:596,0
DA:602,0
DA:607,1
DA:610,3
DA:611,1
DA:615,2
DA:616,1
DA:621,1
DA:626,1
DA:627,1
DA:629,0
DA:635,1
DA:640,1
DA:643,0
DA:644,0
DA:646,0
DA:647,0
DA:652,0
DA:657,0
DA:658,0
DA:660,0
DA:666,0
DA:671,1
DA:674,2
DA:675,2
DA:676,1
DA:681,1
DA:682,1
DA:684,0
DA:690,1
DA:695,1
DA:698,0
DA:711,0
DA:712,0
DA:714,0
DA:720,0
DA:725,1
DA:728,0
DA:741,0
DA:742,0
DA:744,0
DA:747,0
DA:751,0
DA:756,1
DA:759,2
DA:760,1
DA:765,1
DA:772,1
DA:773,1
DA:775,0
DA:781,1
DA:786,1
DA:789,0
DA:790,0
DA:795,0
DA:802,0
DA:803,0
DA:805,0
DA:811,0
DA:816,1
DA:817,1
DA:820,1
DA:823,0
DA:828,1
DA:831,1
DA:832,1
DA:839,0
DA:840,0
DA:842,0
DA:848,0
DA:853,1
DA:854,1
DA:857,1
DA:860,0
DA:865,1
DA:866,1
DA:869,1
DA:872,0
DA:877,1
DA:880,1
DA:883,1
DA:886,0
DA:892,1
DA:895,1
DA:898,1
DA:901,0
DA:907,1
DA:908,2
DA:909,2
DA:912,2
DA:915,0
DA:920,1
DA:921,1
DA:924,1
DA:927,0
DA:932,1
DA:933,2
DA:934,2
DA:937,2
DA:940,0
DA:945,1
DA:946,4
DA:947,1
DA:951,3
DA:956,3
DA:959,1
DA:962,2
DA:967,1
DA:968,1
DA:971,1
DA:974,0
DA:980,1
DA:982,1
DA:983,1
DA:984,1
DA:985,1
DA:987,1
DA:988,1
DA:990,1
DA:991,1
DA:993,0
DA:997,0
DA:1000,1
DA:1002,0
DA:1004,1
DA:1011,1
DA:1012,1
DA:1014,1
DA:1015,1
DA:1018,1
DA:1019,0
DA:1027,1
DA:1028,1
DA:1029,1
DA:1033,1
DA:1034,1
DA:1036,1
DA:1038,0
DA:1048,1
DA:1049,1
DA:1051,1
DA:1055,1
DA:1056,1
DA:1071,1
DA:1072,1
DA:1074,0
DA:1080,1
DA:1084,1
DA:1087,1
DA:1088,1
DA:1089,0
DA:1093,1
DA:1096,1
DA:1099,0
DA:1105,1
DA:1107,3
DA:1109,3
DA:1110,4
DA:1113,4
DA:1114,0
DA:1118,4
DA:1119,2
DA:1127,1
DA:1128,2
DA:1129,2
DA:1134,2
DA:1135,2
DA:1137,0
DA:1138,0
DA:1142,1
DA:1144,1
DA:1146,0
DA:1154,1
DA:1155,0
DA:1157,0
DA:1158,0
DA:1161,0
DA:1162,0
DA:1165,0
DA:1166,0
DA:1167,0
DA:1168,0
DA:1170,0
DA:1172,0
DA:1174,0
DA:1180,0
DA:1187,0
DA:1192,1
DA:1193,0
DA:1194,0
DA:1195,0
DA:1200,0
DA:1203,0
DA:1206,0
DA:1211,1
DA:1212,0
DA:1213,0
DA:1214,0
DA:1215,0
DA:1220,0
DA:1223,0
DA:1226,0
DA:1231,1
DA:1232,1
DA:1235,1
DA:1236,1
LF:408
LH:261
BRDA:53,0,0,1
BRDA:53,0,1,1
BRDA:71,1,0,1
BRDA:71,1,1,1
BRDA:89,2,0,0
BRDA:89,2,1,0
BRDA:107,3,0,1
BRDA:107,3,1,1
BRDA:125,4,0,1
BRDA:125,4,1,1
BRDA:146,5,0,0
BRDA:146,5,1,0
BRDA:156,6,0,0
BRDA:156,6,1,0
BRDA:166,7,0,0
BRDA:166,7,1,0
BRDA:176,8,0,0
BRDA:176,8,1,0
BRDA:186,9,0,0
BRDA:186,9,1,0
BRDA:204,10,0,11
BRDA:204,10,1,0
BRDA:207,11,0,0
BRDA:207,11,1,0
BRDA:217,12,0,0
BRDA:217,12,1,2
BRDA:218,13,0,1
BRDA:218,13,1,1
BRDA:224,14,0,0
BRDA:224,14,1,1
BRDA:236,15,0,0
BRDA:236,15,1,2
BRDA:237,16,0,1
BRDA:237,16,1,1
BRDA:243,17,0,0
BRDA:243,17,1,1
BRDA:255,18,0,0
BRDA:255,18,1,0
BRDA:256,19,0,0
BRDA:256,19,1,0
BRDA:262,20,0,0
BRDA:262,20,1,0
BRDA:274,21,0,0
BRDA:274,21,1,2
BRDA:275,22,0,1
BRDA:275,22,1,1
BRDA:281,23,0,0
BRDA:281,23,1,1
BRDA:293,24,0,0
BRDA:293,24,1,2
BRDA:294,25,0,1
BRDA:294,25,1,1
BRDA:300,26,0,0
BRDA:300,26,1,1
BRDA:336,27,0,1
BRDA:336,27,1,2
BRDA:343,28,0,1
BRDA:343,28,1,1
BRDA:375,29,0,0
BRDA:375,29,1,1
BRDA:381,30,0,0
BRDA:381,30,1,1
BRDA:408,31,0,2
BRDA:408,31,1,1
BRDA:437,32,0,1
BRDA:437,32,1,4
BRDA:441,33,0,1
BRDA:441,33,1,3
BRDA:445,34,0,1
BRDA:445,34,1,2
BRDA:449,35,0,1
BRDA:449,35,1,1
BRDA:463,36,0,0
BRDA:463,36,1,1
BRDA:536,37,0,2
BRDA:536,37,1,1
BRDA:536,38,0,3
BRDA:536,38,1,3
BRDA:536,38,2,3
BRDA:536,38,3,3
BRDA:538,39,0,2
BRDA:538,39,1,0
BRDA:539,40,0,2
BRDA:539,40,1,2
BRDA:539,40,2,2
BRDA:539,40,3,1
BRDA:542,41,0,1
BRDA:542,41,1,0
BRDA:542,41,2,0
BRDA:563,42,0,0
BRDA:563,42,1,0
BRDA:577,43,0,1
BRDA:577,43,1,1
BRDA:582,44,0,1
BRDA:582,44,1,0
BRDA:610,45,0,1
BRDA:610,45,1,2
BRDA:615,46,0,1
BRDA:615,46,1,1
BRDA:643,47,0,0
BRDA:643,47,1,0
BRDA:646,48,0,0
BRDA:646,48,1,0
BRDA:675,49,0,1
BRDA:675,49,1,1
BRDA:759,50,0,1
BRDA:759,50,1,1
BRDA:789,51,0,0
BRDA:789,51,1,0
BRDA:831,52,0,1
BRDA:831,52,1,0
BRDA:946,53,0,1
BRDA:946,53,1,3
BRDA:985,54,0,1
BRDA:985,54,1,0
BRDA:1000,55,0,0
BRDA:1000,55,1,1
BRDA:1015,56,0,1
BRDA:1015,56,1,0
BRDA:1018,57,0,0
BRDA:1018,57,1,1
BRDA:1028,58,0,1
BRDA:1028,58,1,0
BRDA:1088,59,0,0
BRDA:1088,59,1,1
BRDA:1110,60,0,4
BRDA:1110,60,1,0
BRDA:1113,61,0,0
BRDA:1113,61,1,4
BRDA:1118,62,0,2
BRDA:1118,62,1,2
BRDA:1128,63,0,2
BRDA:1128,63,1,0
BRDA:1142,64,0,1
BRDA:1142,64,1,0
BRDA:1157,65,0,0
BRDA:1157,65,1,0
BRDA:1157,66,0,0
BRDA:1157,66,1,0
BRDA:1157,66,2,0
BRDA:1161,67,0,0
BRDA:1161,67,1,0
BRDA:1167,68,0,0
BRDA:1167,68,1,0
BRDA:1194,69,0,0
BRDA:1194,69,1,0
BRDA:1214,70,0,0
BRDA:1214,70,1,0
BRF:148
BRH:80
end_of_record
