{"C:\\Users\\rocco\\AppData\\Roaming\\SPB_Data\\git\\SPG-P08\\SoftEngII-P08-SPG\\client\\src\\API.js": {"path":"C:\\Users\\rocco\\AppData\\Roaming\\SPB_Data\\git\\SPG-P08\\SoftEngII-P08-SPG\\client\\src\\API.js","statementMap":{"0":{"start":{"line":1,"column":12},"end":{"line":1,"column":18}},"1":{"start":{"line":5,"column":2},"end":{"line":40,"column":5}},"2":{"start":{"line":6,"column":4},"end":{"line":39,"column":9}},"3":{"start":{"line":20,"column":8},"end":{"line":35,"column":9}},"4":{"start":{"line":21,"column":10},"end":{"line":21,"column":35}},"5":{"start":{"line":23,"column":10},"end":{"line":34,"column":15}},"6":{"start":{"line":26,"column":14},"end":{"line":26,"column":26}},"7":{"start":{"line":29,"column":14},"end":{"line":33,"column":17}},"8":{"start":{"line":38,"column":8},"end":{"line":38,"column":77}},"9":{"start":{"line":45,"column":17},"end":{"line":45,"column":21}},"10":{"start":{"line":46,"column":2},"end":{"line":105,"column":3}},"11":{"start":{"line":48,"column":6},"end":{"line":54,"column":9}},"12":{"start":{"line":55,"column":6},"end":{"line":55,"column":12}},"13":{"start":{"line":57,"column":6},"end":{"line":63,"column":9}},"14":{"start":{"line":64,"column":6},"end":{"line":64,"column":12}},"15":{"start":{"line":66,"column":6},"end":{"line":72,"column":9}},"16":{"start":{"line":73,"column":6},"end":{"line":73,"column":12}},"17":{"start":{"line":75,"column":6},"end":{"line":81,"column":9}},"18":{"start":{"line":82,"column":6},"end":{"line":82,"column":12}},"19":{"start":{"line":84,"column":6},"end":{"line":90,"column":9}},"20":{"start":{"line":91,"column":6},"end":{"line":91,"column":12}},"21":{"start":{"line":93,"column":6},"end":{"line":99,"column":9}},"22":{"start":{"line":100,"column":6},"end":{"line":100,"column":12}},"23":{"start":{"line":103,"column":6},"end":{"line":103,"column":43}},"24":{"start":{"line":104,"column":6},"end":{"line":104,"column":18}},"25":{"start":{"line":106,"column":2},"end":{"line":117,"column":3}},"26":{"start":{"line":107,"column":4},"end":{"line":107,"column":57}},"27":{"start":{"line":108,"column":17},"end":{"line":108,"column":38}},"28":{"start":{"line":109,"column":4},"end":{"line":109,"column":16}},"29":{"start":{"line":111,"column":4},"end":{"line":116,"column":5}},"30":{"start":{"line":112,"column":24},"end":{"line":112,"column":45}},"31":{"start":{"line":113,"column":6},"end":{"line":113,"column":30}},"32":{"start":{"line":115,"column":6},"end":{"line":115,"column":16}},"33":{"start":{"line":121,"column":2},"end":{"line":121,"column":53}},"34":{"start":{"line":125,"column":19},"end":{"line":125,"column":49}},"35":{"start":{"line":126,"column":19},"end":{"line":126,"column":40}},"36":{"start":{"line":127,"column":2},"end":{"line":131,"column":3}},"37":{"start":{"line":128,"column":4},"end":{"line":128,"column":20}},"38":{"start":{"line":130,"column":4},"end":{"line":130,"column":19}},"39":{"start":{"line":135,"column":2},"end":{"line":150,"column":5}},"40":{"start":{"line":137,"column":4},"end":{"line":149,"column":7}},"41":{"start":{"line":144,"column":6},"end":{"line":148,"column":7}},"42":{"start":{"line":145,"column":8},"end":{"line":145,"column":33}},"43":{"start":{"line":147,"column":8},"end":{"line":147,"column":20}},"44":{"start":{"line":155,"column":19},"end":{"line":161,"column":4}},"45":{"start":{"line":162,"column":17},"end":{"line":162,"column":38}},"46":{"start":{"line":163,"column":2},"end":{"line":167,"column":3}},"47":{"start":{"line":164,"column":4},"end":{"line":164,"column":18}},"48":{"start":{"line":166,"column":4},"end":{"line":166,"column":17}},"49":{"start":{"line":171,"column":2},"end":{"line":203,"column":5}},"50":{"start":{"line":172,"column":4},"end":{"line":202,"column":9}},"51":{"start":{"line":183,"column":8},"end":{"line":198,"column":9}},"52":{"start":{"line":184,"column":10},"end":{"line":184,"column":35}},"53":{"start":{"line":186,"column":10},"end":{"line":197,"column":15}},"54":{"start":{"line":189,"column":14},"end":{"line":189,"column":26}},"55":{"start":{"line":192,"column":14},"end":{"line":196,"column":17}},"56":{"start":{"line":201,"column":8},"end":{"line":201,"column":77}},"57":{"start":{"line":208,"column":16},"end":{"line":221,"column":3}},"58":{"start":{"line":209,"column":21},"end":{"line":215,"column":6}},"59":{"start":{"line":217,"column":15},"end":{"line":217,"column":36}},"60":{"start":{"line":218,"column":4},"end":{"line":220,"column":5}},"61":{"start":{"line":219,"column":6},"end":{"line":219,"column":26}},"62":{"start":{"line":225,"column":4},"end":{"line":262,"column":7}},"63":{"start":{"line":226,"column":6},"end":{"line":261,"column":11}},"64":{"start":{"line":237,"column":10},"end":{"line":257,"column":11}},"65":{"start":{"line":240,"column":12},"end":{"line":240,"column":37}},"66":{"start":{"line":242,"column":12},"end":{"line":256,"column":17}},"67":{"start":{"line":245,"column":16},"end":{"line":245,"column":28}},"68":{"start":{"line":248,"column":16},"end":{"line":255,"column":19}},"69":{"start":{"line":260,"column":10},"end":{"line":260,"column":79}},"70":{"start":{"line":265,"column":11},"end":{"line":265,"column":32}},"71":{"start":{"line":266,"column":2},"end":{"line":266,"column":18}},"72":{"start":{"line":267,"column":15},"end":{"line":267,"column":52}},"73":{"start":{"line":269,"column":2},"end":{"line":269,"column":16}},"74":{"start":{"line":273,"column":2},"end":{"line":305,"column":5}},"75":{"start":{"line":274,"column":4},"end":{"line":304,"column":9}},"76":{"start":{"line":285,"column":8},"end":{"line":300,"column":9}},"77":{"start":{"line":286,"column":10},"end":{"line":286,"column":35}},"78":{"start":{"line":288,"column":10},"end":{"line":299,"column":15}},"79":{"start":{"line":291,"column":14},"end":{"line":291,"column":26}},"80":{"start":{"line":294,"column":14},"end":{"line":298,"column":17}},"81":{"start":{"line":303,"column":8},"end":{"line":303,"column":77}},"82":{"start":{"line":310,"column":2},"end":{"line":339,"column":5}},"83":{"start":{"line":311,"column":4},"end":{"line":338,"column":9}},"84":{"start":{"line":319,"column":8},"end":{"line":334,"column":9}},"85":{"start":{"line":320,"column":10},"end":{"line":320,"column":35}},"86":{"start":{"line":322,"column":10},"end":{"line":333,"column":15}},"87":{"start":{"line":325,"column":14},"end":{"line":325,"column":26}},"88":{"start":{"line":328,"column":14},"end":{"line":332,"column":17}},"89":{"start":{"line":337,"column":8},"end":{"line":337,"column":77}},"90":{"start":{"line":344,"column":2},"end":{"line":376,"column":5}},"91":{"start":{"line":345,"column":4},"end":{"line":375,"column":9}},"92":{"start":{"line":356,"column":8},"end":{"line":371,"column":9}},"93":{"start":{"line":357,"column":10},"end":{"line":357,"column":35}},"94":{"start":{"line":359,"column":10},"end":{"line":370,"column":15}},"95":{"start":{"line":362,"column":14},"end":{"line":362,"column":26}},"96":{"start":{"line":365,"column":14},"end":{"line":369,"column":17}},"97":{"start":{"line":374,"column":8},"end":{"line":374,"column":77}},"98":{"start":{"line":380,"column":2},"end":{"line":412,"column":5}},"99":{"start":{"line":381,"column":4},"end":{"line":411,"column":9}},"100":{"start":{"line":392,"column":8},"end":{"line":407,"column":9}},"101":{"start":{"line":393,"column":10},"end":{"line":393,"column":35}},"102":{"start":{"line":395,"column":10},"end":{"line":406,"column":15}},"103":{"start":{"line":398,"column":14},"end":{"line":398,"column":26}},"104":{"start":{"line":401,"column":14},"end":{"line":405,"column":17}},"105":{"start":{"line":410,"column":8},"end":{"line":410,"column":77}},"106":{"start":{"line":416,"column":2},"end":{"line":451,"column":5}},"107":{"start":{"line":417,"column":25},"end":{"line":422,"column":6}},"108":{"start":{"line":418,"column":6},"end":{"line":421,"column":8}},"109":{"start":{"line":423,"column":4},"end":{"line":450,"column":9}},"110":{"start":{"line":431,"column":8},"end":{"line":446,"column":9}},"111":{"start":{"line":432,"column":10},"end":{"line":432,"column":35}},"112":{"start":{"line":434,"column":10},"end":{"line":445,"column":15}},"113":{"start":{"line":437,"column":14},"end":{"line":437,"column":26}},"114":{"start":{"line":440,"column":14},"end":{"line":444,"column":17}},"115":{"start":{"line":449,"column":8},"end":{"line":449,"column":77}},"116":{"start":{"line":455,"column":2},"end":{"line":484,"column":5}},"117":{"start":{"line":456,"column":4},"end":{"line":483,"column":9}},"118":{"start":{"line":464,"column":8},"end":{"line":479,"column":9}},"119":{"start":{"line":465,"column":10},"end":{"line":465,"column":35}},"120":{"start":{"line":467,"column":10},"end":{"line":478,"column":15}},"121":{"start":{"line":470,"column":14},"end":{"line":470,"column":26}},"122":{"start":{"line":473,"column":14},"end":{"line":477,"column":17}},"123":{"start":{"line":482,"column":8},"end":{"line":482,"column":77}},"124":{"start":{"line":489,"column":2},"end":{"line":518,"column":5}},"125":{"start":{"line":490,"column":4},"end":{"line":517,"column":9}},"126":{"start":{"line":498,"column":8},"end":{"line":513,"column":9}},"127":{"start":{"line":499,"column":10},"end":{"line":499,"column":35}},"128":{"start":{"line":501,"column":10},"end":{"line":512,"column":15}},"129":{"start":{"line":504,"column":14},"end":{"line":504,"column":26}},"130":{"start":{"line":507,"column":14},"end":{"line":511,"column":17}},"131":{"start":{"line":516,"column":8},"end":{"line":516,"column":77}},"132":{"start":{"line":523,"column":2},"end":{"line":556,"column":4}},"133":{"start":{"line":525,"column":6},"end":{"line":555,"column":10}},"134":{"start":{"line":533,"column":10},"end":{"line":551,"column":11}},"135":{"start":{"line":534,"column":12},"end":{"line":534,"column":37}},"136":{"start":{"line":536,"column":12},"end":{"line":550,"column":17}},"137":{"start":{"line":539,"column":16},"end":{"line":539,"column":28}},"138":{"start":{"line":542,"column":16},"end":{"line":549,"column":19}},"139":{"start":{"line":554,"column":10},"end":{"line":554,"column":79}},"140":{"start":{"line":560,"column":2},"end":{"line":588,"column":5}},"141":{"start":{"line":561,"column":4},"end":{"line":587,"column":9}},"142":{"start":{"line":568,"column":8},"end":{"line":583,"column":9}},"143":{"start":{"line":569,"column":10},"end":{"line":569,"column":35}},"144":{"start":{"line":571,"column":10},"end":{"line":582,"column":15}},"145":{"start":{"line":574,"column":14},"end":{"line":574,"column":26}},"146":{"start":{"line":577,"column":14},"end":{"line":581,"column":17}},"147":{"start":{"line":586,"column":8},"end":{"line":586,"column":77}},"148":{"start":{"line":592,"column":2},"end":{"line":627,"column":5}},"149":{"start":{"line":593,"column":28},"end":{"line":598,"column":6}},"150":{"start":{"line":594,"column":6},"end":{"line":597,"column":8}},"151":{"start":{"line":599,"column":4},"end":{"line":626,"column":9}},"152":{"start":{"line":607,"column":8},"end":{"line":622,"column":9}},"153":{"start":{"line":608,"column":10},"end":{"line":608,"column":35}},"154":{"start":{"line":610,"column":10},"end":{"line":621,"column":15}},"155":{"start":{"line":613,"column":14},"end":{"line":613,"column":26}},"156":{"start":{"line":616,"column":14},"end":{"line":620,"column":17}},"157":{"start":{"line":625,"column":8},"end":{"line":625,"column":77}},"158":{"start":{"line":631,"column":17},"end":{"line":646,"column":3}},"159":{"start":{"line":632,"column":21},"end":{"line":638,"column":6}},"160":{"start":{"line":640,"column":19},"end":{"line":640,"column":40}},"161":{"start":{"line":641,"column":4},"end":{"line":645,"column":5}},"162":{"start":{"line":642,"column":6},"end":{"line":642,"column":20}},"163":{"start":{"line":644,"column":6},"end":{"line":644,"column":21}},"164":{"start":{"line":648,"column":17},"end":{"line":648,"column":32}},"165":{"start":{"line":649,"column":2},"end":{"line":649,"column":18}},"166":{"start":{"line":655,"column":2},"end":{"line":689,"column":4}},"167":{"start":{"line":657,"column":6},"end":{"line":688,"column":10}},"168":{"start":{"line":666,"column":10},"end":{"line":684,"column":11}},"169":{"start":{"line":667,"column":12},"end":{"line":667,"column":37}},"170":{"start":{"line":669,"column":12},"end":{"line":683,"column":17}},"171":{"start":{"line":672,"column":16},"end":{"line":672,"column":28}},"172":{"start":{"line":675,"column":16},"end":{"line":682,"column":19}},"173":{"start":{"line":687,"column":10},"end":{"line":687,"column":79}},"174":{"start":{"line":694,"column":19},"end":{"line":694,"column":43}},"175":{"start":{"line":695,"column":15},"end":{"line":695,"column":36}},"176":{"start":{"line":696,"column":2},"end":{"line":698,"column":3}},"177":{"start":{"line":697,"column":4},"end":{"line":697,"column":16}},"178":{"start":{"line":702,"column":19},"end":{"line":702,"column":50}},"179":{"start":{"line":703,"column":15},"end":{"line":703,"column":36}},"180":{"start":{"line":704,"column":2},"end":{"line":706,"column":3}},"181":{"start":{"line":705,"column":4},"end":{"line":705,"column":16}},"182":{"start":{"line":711,"column":2},"end":{"line":722,"column":5}},"183":{"start":{"line":726,"column":22},"end":{"line":761,"column":3}},"184":{"start":{"line":729,"column":4},"end":{"line":760,"column":5}},"185":{"start":{"line":730,"column":18},"end":{"line":730,"column":20}},"186":{"start":{"line":731,"column":26},"end":{"line":739,"column":7}},"187":{"start":{"line":732,"column":25},"end":{"line":734,"column":9}},"188":{"start":{"line":735,"column":28},"end":{"line":735,"column":49}},"189":{"start":{"line":736,"column":8},"end":{"line":738,"column":9}},"190":{"start":{"line":737,"column":10},"end":{"line":737,"column":48}},"191":{"start":{"line":737,"column":33},"end":{"line":737,"column":46}},"192":{"start":{"line":740,"column":27},"end":{"line":748,"column":7}},"193":{"start":{"line":741,"column":26},"end":{"line":743,"column":9}},"194":{"start":{"line":744,"column":29},"end":{"line":744,"column":51}},"195":{"start":{"line":745,"column":8},"end":{"line":747,"column":9}},"196":{"start":{"line":746,"column":10},"end":{"line":746,"column":49}},"197":{"start":{"line":746,"column":34},"end":{"line":746,"column":47}},"198":{"start":{"line":750,"column":6},"end":{"line":750,"column":34}},"199":{"start":{"line":751,"column":6},"end":{"line":751,"column":35}},"200":{"start":{"line":753,"column":6},"end":{"line":753,"column":19}},"201":{"start":{"line":755,"column":23},"end":{"line":755,"column":51}},"202":{"start":{"line":756,"column":26},"end":{"line":756,"column":47}},"203":{"start":{"line":757,"column":6},"end":{"line":759,"column":7}},"204":{"start":{"line":758,"column":8},"end":{"line":758,"column":27}},"205":{"start":{"line":763,"column":22},"end":{"line":801,"column":3}},"206":{"start":{"line":765,"column":4},"end":{"line":800,"column":5}},"207":{"start":{"line":766,"column":21},"end":{"line":766,"column":22}},"208":{"start":{"line":767,"column":24},"end":{"line":767,"column":26}},"209":{"start":{"line":768,"column":6},"end":{"line":799,"column":7}},"210":{"start":{"line":770,"column":10},"end":{"line":770,"column":65}},"211":{"start":{"line":771,"column":10},"end":{"line":771,"column":46}},"212":{"start":{"line":772,"column":10},"end":{"line":774,"column":11}},"213":{"start":{"line":773,"column":12},"end":{"line":773,"column":31}},"214":{"start":{"line":775,"column":10},"end":{"line":775,"column":16}},"215":{"start":{"line":777,"column":10},"end":{"line":779,"column":12}},"216":{"start":{"line":780,"column":10},"end":{"line":780,"column":46}},"217":{"start":{"line":781,"column":10},"end":{"line":783,"column":11}},"218":{"start":{"line":782,"column":12},"end":{"line":782,"column":31}},"219":{"start":{"line":784,"column":10},"end":{"line":784,"column":16}},"220":{"start":{"line":786,"column":10},"end":{"line":786,"column":64}},"221":{"start":{"line":787,"column":10},"end":{"line":787,"column":46}},"222":{"start":{"line":788,"column":10},"end":{"line":790,"column":11}},"223":{"start":{"line":789,"column":12},"end":{"line":789,"column":31}},"224":{"start":{"line":791,"column":10},"end":{"line":791,"column":16}},"225":{"start":{"line":793,"column":10},"end":{"line":793,"column":64}},"226":{"start":{"line":794,"column":10},"end":{"line":794,"column":46}},"227":{"start":{"line":795,"column":10},"end":{"line":797,"column":11}},"228":{"start":{"line":796,"column":12},"end":{"line":796,"column":31}},"229":{"start":{"line":798,"column":10},"end":{"line":798,"column":16}},"230":{"start":{"line":803,"column":21},"end":{"line":812,"column":3}},"231":{"start":{"line":805,"column":4},"end":{"line":811,"column":5}},"232":{"start":{"line":806,"column":23},"end":{"line":806,"column":50}},"233":{"start":{"line":807,"column":25},"end":{"line":807,"column":46}},"234":{"start":{"line":808,"column":6},"end":{"line":810,"column":7}},"235":{"start":{"line":809,"column":8},"end":{"line":809,"column":26}},"236":{"start":{"line":814,"column":20},"end":{"line":819,"column":3}},"237":{"start":{"line":815,"column":4},"end":{"line":818,"column":5}},"238":{"start":{"line":816,"column":21},"end":{"line":816,"column":66}},"239":{"start":{"line":817,"column":6},"end":{"line":817,"column":20}},"240":{"start":{"line":821,"column":24},"end":{"line":828,"column":3}},"241":{"start":{"line":823,"column":21},"end":{"line":823,"column":51}},"242":{"start":{"line":824,"column":23},"end":{"line":824,"column":44}},"243":{"start":{"line":825,"column":4},"end":{"line":827,"column":5}},"244":{"start":{"line":826,"column":6},"end":{"line":826,"column":24}},"245":{"start":{"line":830,"column":25},"end":{"line":839,"column":3}},"246":{"start":{"line":832,"column":4},"end":{"line":838,"column":5}},"247":{"start":{"line":833,"column":23},"end":{"line":833,"column":51}},"248":{"start":{"line":834,"column":23},"end":{"line":834,"column":44}},"249":{"start":{"line":835,"column":6},"end":{"line":837,"column":7}},"250":{"start":{"line":836,"column":8},"end":{"line":836,"column":24}},"251":{"start":{"line":841,"column":33},"end":{"line":850,"column":3}},"252":{"start":{"line":843,"column":4},"end":{"line":849,"column":5}},"253":{"start":{"line":844,"column":23},"end":{"line":844,"column":62}},"254":{"start":{"line":845,"column":34},"end":{"line":845,"column":55}},"255":{"start":{"line":846,"column":6},"end":{"line":848,"column":7}},"256":{"start":{"line":847,"column":8},"end":{"line":847,"column":35}},"257":{"start":{"line":852,"column":17},"end":{"line":852,"column":36}},"258":{"start":{"line":853,"column":17},"end":{"line":853,"column":36}},"259":{"start":{"line":854,"column":16},"end":{"line":854,"column":34}},"260":{"start":{"line":855,"column":19},"end":{"line":855,"column":40}},"261":{"start":{"line":856,"column":20},"end":{"line":856,"column":42}},"262":{"start":{"line":857,"column":28},"end":{"line":857,"column":58}},"263":{"start":{"line":858,"column":15},"end":{"line":858,"column":32}},"264":{"start":{"line":860,"column":2},"end":{"line":868,"column":4}},"265":{"start":{"line":871,"column":12},"end":{"line":896,"column":1}}},"fnMap":{"0":{"name":"addUser","decl":{"start":{"line":3,"column":9},"end":{"line":3,"column":16}},"loc":{"start":{"line":3,"column":26},"end":{"line":41,"column":1}},"line":3},"1":{"name":"(anonymous_1)","decl":{"start":{"line":5,"column":21},"end":{"line":5,"column":22}},"loc":{"start":{"line":5,"column":42},"end":{"line":40,"column":3}},"line":5},"2":{"name":"(anonymous_2)","decl":{"start":{"line":19,"column":12},"end":{"line":19,"column":13}},"loc":{"start":{"line":19,"column":26},"end":{"line":36,"column":7}},"line":19},"3":{"name":"(anonymous_3)","decl":{"start":{"line":25,"column":18},"end":{"line":25,"column":19}},"loc":{"start":{"line":25,"column":27},"end":{"line":27,"column":13}},"line":25},"4":{"name":"(anonymous_4)","decl":{"start":{"line":28,"column":19},"end":{"line":28,"column":20}},"loc":{"start":{"line":28,"column":28},"end":{"line":34,"column":13}},"line":28},"5":{"name":"(anonymous_5)","decl":{"start":{"line":37,"column":13},"end":{"line":37,"column":14}},"loc":{"start":{"line":37,"column":22},"end":{"line":39,"column":7}},"line":37},"6":{"name":"logIn","decl":{"start":{"line":43,"column":15},"end":{"line":43,"column":20}},"loc":{"start":{"line":43,"column":40},"end":{"line":118,"column":1}},"line":43},"7":{"name":"logOut","decl":{"start":{"line":120,"column":15},"end":{"line":120,"column":21}},"loc":{"start":{"line":120,"column":24},"end":{"line":122,"column":1}},"line":120},"8":{"name":"getUserInfo","decl":{"start":{"line":124,"column":15},"end":{"line":124,"column":26}},"loc":{"start":{"line":124,"column":29},"end":{"line":132,"column":1}},"line":124},"9":{"name":"getClientByEmail","decl":{"start":{"line":134,"column":15},"end":{"line":134,"column":31}},"loc":{"start":{"line":134,"column":39},"end":{"line":151,"column":1}},"line":134},"10":{"name":"(anonymous_10)","decl":{"start":{"line":135,"column":21},"end":{"line":135,"column":22}},"loc":{"start":{"line":135,"column":42},"end":{"line":150,"column":3}},"line":135},"11":{"name":"(anonymous_11)","decl":{"start":{"line":143,"column":12},"end":{"line":143,"column":13}},"loc":{"start":{"line":143,"column":26},"end":{"line":149,"column":5}},"line":143},"12":{"name":"getWalletById","decl":{"start":{"line":153,"column":15},"end":{"line":153,"column":28}},"loc":{"start":{"line":153,"column":33},"end":{"line":168,"column":1}},"line":153},"13":{"name":"setNewWallet","decl":{"start":{"line":170,"column":15},"end":{"line":170,"column":27}},"loc":{"start":{"line":170,"column":40},"end":{"line":204,"column":1}},"line":170},"14":{"name":"(anonymous_14)","decl":{"start":{"line":171,"column":21},"end":{"line":171,"column":22}},"loc":{"start":{"line":171,"column":42},"end":{"line":203,"column":3}},"line":171},"15":{"name":"(anonymous_15)","decl":{"start":{"line":182,"column":12},"end":{"line":182,"column":13}},"loc":{"start":{"line":182,"column":26},"end":{"line":199,"column":7}},"line":182},"16":{"name":"(anonymous_16)","decl":{"start":{"line":188,"column":18},"end":{"line":188,"column":19}},"loc":{"start":{"line":188,"column":27},"end":{"line":190,"column":13}},"line":188},"17":{"name":"(anonymous_17)","decl":{"start":{"line":191,"column":19},"end":{"line":191,"column":20}},"loc":{"start":{"line":191,"column":28},"end":{"line":197,"column":13}},"line":191},"18":{"name":"(anonymous_18)","decl":{"start":{"line":200,"column":13},"end":{"line":200,"column":14}},"loc":{"start":{"line":200,"column":22},"end":{"line":202,"column":7}},"line":200},"19":{"name":"newBooking","decl":{"start":{"line":206,"column":15},"end":{"line":206,"column":25}},"loc":{"start":{"line":206,"column":46},"end":{"line":270,"column":1}},"line":206},"20":{"name":"(anonymous_20)","decl":{"start":{"line":208,"column":16},"end":{"line":208,"column":17}},"loc":{"start":{"line":208,"column":36},"end":{"line":221,"column":3}},"line":208},"21":{"name":"newBookingProduct","decl":{"start":{"line":223,"column":17},"end":{"line":223,"column":34}},"loc":{"start":{"line":223,"column":57},"end":{"line":263,"column":3}},"line":223},"22":{"name":"(anonymous_22)","decl":{"start":{"line":225,"column":23},"end":{"line":225,"column":24}},"loc":{"start":{"line":225,"column":44},"end":{"line":262,"column":5}},"line":225},"23":{"name":"(anonymous_23)","decl":{"start":{"line":236,"column":14},"end":{"line":236,"column":15}},"loc":{"start":{"line":236,"column":28},"end":{"line":258,"column":9}},"line":236},"24":{"name":"(anonymous_24)","decl":{"start":{"line":244,"column":20},"end":{"line":244,"column":21}},"loc":{"start":{"line":244,"column":29},"end":{"line":246,"column":15}},"line":244},"25":{"name":"(anonymous_25)","decl":{"start":{"line":247,"column":21},"end":{"line":247,"column":22}},"loc":{"start":{"line":247,"column":30},"end":{"line":256,"column":15}},"line":247},"26":{"name":"(anonymous_26)","decl":{"start":{"line":259,"column":15},"end":{"line":259,"column":16}},"loc":{"start":{"line":259,"column":24},"end":{"line":261,"column":9}},"line":259},"27":{"name":"confirmBooking","decl":{"start":{"line":272,"column":15},"end":{"line":272,"column":29}},"loc":{"start":{"line":272,"column":34},"end":{"line":306,"column":1}},"line":272},"28":{"name":"(anonymous_28)","decl":{"start":{"line":273,"column":21},"end":{"line":273,"column":22}},"loc":{"start":{"line":273,"column":42},"end":{"line":305,"column":3}},"line":273},"29":{"name":"(anonymous_29)","decl":{"start":{"line":284,"column":12},"end":{"line":284,"column":13}},"loc":{"start":{"line":284,"column":26},"end":{"line":301,"column":7}},"line":284},"30":{"name":"(anonymous_30)","decl":{"start":{"line":290,"column":18},"end":{"line":290,"column":19}},"loc":{"start":{"line":290,"column":27},"end":{"line":292,"column":13}},"line":290},"31":{"name":"(anonymous_31)","decl":{"start":{"line":293,"column":19},"end":{"line":293,"column":20}},"loc":{"start":{"line":293,"column":28},"end":{"line":299,"column":13}},"line":293},"32":{"name":"(anonymous_32)","decl":{"start":{"line":302,"column":13},"end":{"line":302,"column":14}},"loc":{"start":{"line":302,"column":22},"end":{"line":304,"column":7}},"line":302},"33":{"name":"newBookingMode","decl":{"start":{"line":308,"column":15},"end":{"line":308,"column":29}},"loc":{"start":{"line":308,"column":39},"end":{"line":340,"column":1}},"line":308},"34":{"name":"(anonymous_34)","decl":{"start":{"line":310,"column":21},"end":{"line":310,"column":22}},"loc":{"start":{"line":310,"column":42},"end":{"line":339,"column":3}},"line":310},"35":{"name":"(anonymous_35)","decl":{"start":{"line":318,"column":12},"end":{"line":318,"column":13}},"loc":{"start":{"line":318,"column":26},"end":{"line":335,"column":7}},"line":318},"36":{"name":"(anonymous_36)","decl":{"start":{"line":324,"column":18},"end":{"line":324,"column":19}},"loc":{"start":{"line":324,"column":27},"end":{"line":326,"column":13}},"line":324},"37":{"name":"(anonymous_37)","decl":{"start":{"line":327,"column":19},"end":{"line":327,"column":20}},"loc":{"start":{"line":327,"column":28},"end":{"line":333,"column":13}},"line":327},"38":{"name":"(anonymous_38)","decl":{"start":{"line":336,"column":13},"end":{"line":336,"column":14}},"loc":{"start":{"line":336,"column":22},"end":{"line":338,"column":7}},"line":336},"39":{"name":"editProductQty","decl":{"start":{"line":342,"column":15},"end":{"line":342,"column":29}},"loc":{"start":{"line":342,"column":47},"end":{"line":377,"column":1}},"line":342},"40":{"name":"(anonymous_40)","decl":{"start":{"line":344,"column":21},"end":{"line":344,"column":22}},"loc":{"start":{"line":344,"column":42},"end":{"line":376,"column":3}},"line":344},"41":{"name":"(anonymous_41)","decl":{"start":{"line":355,"column":12},"end":{"line":355,"column":13}},"loc":{"start":{"line":355,"column":26},"end":{"line":372,"column":7}},"line":355},"42":{"name":"(anonymous_42)","decl":{"start":{"line":361,"column":18},"end":{"line":361,"column":19}},"loc":{"start":{"line":361,"column":27},"end":{"line":363,"column":13}},"line":361},"43":{"name":"(anonymous_43)","decl":{"start":{"line":364,"column":19},"end":{"line":364,"column":20}},"loc":{"start":{"line":364,"column":28},"end":{"line":370,"column":13}},"line":364},"44":{"name":"(anonymous_44)","decl":{"start":{"line":373,"column":13},"end":{"line":373,"column":14}},"loc":{"start":{"line":373,"column":22},"end":{"line":375,"column":7}},"line":373},"45":{"name":"confirmAck","decl":{"start":{"line":379,"column":15},"end":{"line":379,"column":25}},"loc":{"start":{"line":379,"column":30},"end":{"line":413,"column":1}},"line":379},"46":{"name":"(anonymous_46)","decl":{"start":{"line":380,"column":21},"end":{"line":380,"column":22}},"loc":{"start":{"line":380,"column":42},"end":{"line":412,"column":3}},"line":380},"47":{"name":"(anonymous_47)","decl":{"start":{"line":391,"column":12},"end":{"line":391,"column":13}},"loc":{"start":{"line":391,"column":26},"end":{"line":408,"column":7}},"line":391},"48":{"name":"(anonymous_48)","decl":{"start":{"line":397,"column":18},"end":{"line":397,"column":19}},"loc":{"start":{"line":397,"column":27},"end":{"line":399,"column":13}},"line":397},"49":{"name":"(anonymous_49)","decl":{"start":{"line":400,"column":19},"end":{"line":400,"column":20}},"loc":{"start":{"line":400,"column":28},"end":{"line":406,"column":13}},"line":400},"50":{"name":"(anonymous_50)","decl":{"start":{"line":409,"column":13},"end":{"line":409,"column":14}},"loc":{"start":{"line":409,"column":22},"end":{"line":411,"column":7}},"line":409},"51":{"name":"confirmDeliveryProducts","decl":{"start":{"line":415,"column":15},"end":{"line":415,"column":38}},"loc":{"start":{"line":415,"column":52},"end":{"line":452,"column":1}},"line":415},"52":{"name":"(anonymous_52)","decl":{"start":{"line":416,"column":21},"end":{"line":416,"column":22}},"loc":{"start":{"line":416,"column":42},"end":{"line":451,"column":3}},"line":416},"53":{"name":"(anonymous_53)","decl":{"start":{"line":417,"column":41},"end":{"line":417,"column":42}},"loc":{"start":{"line":417,"column":54},"end":{"line":422,"column":5}},"line":417},"54":{"name":"(anonymous_54)","decl":{"start":{"line":430,"column":12},"end":{"line":430,"column":13}},"loc":{"start":{"line":430,"column":26},"end":{"line":447,"column":7}},"line":430},"55":{"name":"(anonymous_55)","decl":{"start":{"line":436,"column":18},"end":{"line":436,"column":19}},"loc":{"start":{"line":436,"column":27},"end":{"line":438,"column":13}},"line":436},"56":{"name":"(anonymous_56)","decl":{"start":{"line":439,"column":19},"end":{"line":439,"column":20}},"loc":{"start":{"line":439,"column":28},"end":{"line":445,"column":13}},"line":439},"57":{"name":"(anonymous_57)","decl":{"start":{"line":448,"column":13},"end":{"line":448,"column":14}},"loc":{"start":{"line":448,"column":22},"end":{"line":450,"column":7}},"line":448},"58":{"name":"confirmProductsFarmer","decl":{"start":{"line":454,"column":15},"end":{"line":454,"column":36}},"loc":{"start":{"line":454,"column":46},"end":{"line":485,"column":1}},"line":454},"59":{"name":"(anonymous_59)","decl":{"start":{"line":455,"column":21},"end":{"line":455,"column":22}},"loc":{"start":{"line":455,"column":42},"end":{"line":484,"column":3}},"line":455},"60":{"name":"(anonymous_60)","decl":{"start":{"line":463,"column":12},"end":{"line":463,"column":13}},"loc":{"start":{"line":463,"column":26},"end":{"line":480,"column":7}},"line":463},"61":{"name":"(anonymous_61)","decl":{"start":{"line":469,"column":18},"end":{"line":469,"column":19}},"loc":{"start":{"line":469,"column":27},"end":{"line":471,"column":13}},"line":469},"62":{"name":"(anonymous_62)","decl":{"start":{"line":472,"column":19},"end":{"line":472,"column":20}},"loc":{"start":{"line":472,"column":28},"end":{"line":478,"column":13}},"line":472},"63":{"name":"(anonymous_63)","decl":{"start":{"line":481,"column":13},"end":{"line":481,"column":14}},"loc":{"start":{"line":481,"column":22},"end":{"line":483,"column":7}},"line":481},"64":{"name":"newAck","decl":{"start":{"line":487,"column":15},"end":{"line":487,"column":21}},"loc":{"start":{"line":487,"column":39},"end":{"line":519,"column":1}},"line":487},"65":{"name":"(anonymous_65)","decl":{"start":{"line":489,"column":21},"end":{"line":489,"column":22}},"loc":{"start":{"line":489,"column":42},"end":{"line":518,"column":3}},"line":489},"66":{"name":"(anonymous_66)","decl":{"start":{"line":497,"column":12},"end":{"line":497,"column":13}},"loc":{"start":{"line":497,"column":26},"end":{"line":514,"column":7}},"line":497},"67":{"name":"(anonymous_67)","decl":{"start":{"line":503,"column":18},"end":{"line":503,"column":19}},"loc":{"start":{"line":503,"column":27},"end":{"line":505,"column":13}},"line":503},"68":{"name":"(anonymous_68)","decl":{"start":{"line":506,"column":19},"end":{"line":506,"column":20}},"loc":{"start":{"line":506,"column":28},"end":{"line":512,"column":13}},"line":506},"69":{"name":"(anonymous_69)","decl":{"start":{"line":515,"column":13},"end":{"line":515,"column":14}},"loc":{"start":{"line":515,"column":22},"end":{"line":517,"column":7}},"line":515},"70":{"name":"newFutureProduct","decl":{"start":{"line":521,"column":15},"end":{"line":521,"column":31}},"loc":{"start":{"line":521,"column":46},"end":{"line":557,"column":1}},"line":521},"71":{"name":"(anonymous_71)","decl":{"start":{"line":524,"column":4},"end":{"line":524,"column":5}},"loc":{"start":{"line":525,"column":6},"end":{"line":555,"column":10}},"line":525},"72":{"name":"(anonymous_72)","decl":{"start":{"line":532,"column":14},"end":{"line":532,"column":15}},"loc":{"start":{"line":532,"column":28},"end":{"line":552,"column":9}},"line":532},"73":{"name":"(anonymous_73)","decl":{"start":{"line":538,"column":20},"end":{"line":538,"column":21}},"loc":{"start":{"line":538,"column":29},"end":{"line":540,"column":15}},"line":538},"74":{"name":"(anonymous_74)","decl":{"start":{"line":541,"column":21},"end":{"line":541,"column":22}},"loc":{"start":{"line":541,"column":30},"end":{"line":550,"column":15}},"line":541},"75":{"name":"(anonymous_75)","decl":{"start":{"line":553,"column":15},"end":{"line":553,"column":16}},"loc":{"start":{"line":553,"column":24},"end":{"line":555,"column":9}},"line":553},"76":{"name":"confirmPreparation","decl":{"start":{"line":559,"column":15},"end":{"line":559,"column":33}},"loc":{"start":{"line":559,"column":38},"end":{"line":589,"column":1}},"line":559},"77":{"name":"(anonymous_77)","decl":{"start":{"line":560,"column":21},"end":{"line":560,"column":22}},"loc":{"start":{"line":560,"column":42},"end":{"line":588,"column":3}},"line":560},"78":{"name":"(anonymous_78)","decl":{"start":{"line":567,"column":12},"end":{"line":567,"column":13}},"loc":{"start":{"line":567,"column":26},"end":{"line":584,"column":7}},"line":567},"79":{"name":"(anonymous_79)","decl":{"start":{"line":573,"column":18},"end":{"line":573,"column":19}},"loc":{"start":{"line":573,"column":27},"end":{"line":575,"column":13}},"line":573},"80":{"name":"(anonymous_80)","decl":{"start":{"line":576,"column":19},"end":{"line":576,"column":20}},"loc":{"start":{"line":576,"column":28},"end":{"line":582,"column":13}},"line":576},"81":{"name":"(anonymous_81)","decl":{"start":{"line":585,"column":13},"end":{"line":585,"column":14}},"loc":{"start":{"line":585,"column":22},"end":{"line":587,"column":7}},"line":585},"82":{"name":"confirmPreparationFarmer","decl":{"start":{"line":591,"column":15},"end":{"line":591,"column":39}},"loc":{"start":{"line":591,"column":53},"end":{"line":628,"column":1}},"line":591},"83":{"name":"(anonymous_83)","decl":{"start":{"line":592,"column":21},"end":{"line":592,"column":22}},"loc":{"start":{"line":592,"column":42},"end":{"line":627,"column":3}},"line":592},"84":{"name":"(anonymous_84)","decl":{"start":{"line":593,"column":44},"end":{"line":593,"column":45}},"loc":{"start":{"line":593,"column":57},"end":{"line":598,"column":5}},"line":593},"85":{"name":"(anonymous_85)","decl":{"start":{"line":606,"column":12},"end":{"line":606,"column":13}},"loc":{"start":{"line":606,"column":26},"end":{"line":623,"column":7}},"line":606},"86":{"name":"(anonymous_86)","decl":{"start":{"line":612,"column":18},"end":{"line":612,"column":19}},"loc":{"start":{"line":612,"column":27},"end":{"line":614,"column":13}},"line":612},"87":{"name":"(anonymous_87)","decl":{"start":{"line":615,"column":19},"end":{"line":615,"column":20}},"loc":{"start":{"line":615,"column":28},"end":{"line":621,"column":13}},"line":615},"88":{"name":"(anonymous_88)","decl":{"start":{"line":624,"column":13},"end":{"line":624,"column":14}},"loc":{"start":{"line":624,"column":22},"end":{"line":626,"column":7}},"line":624},"89":{"name":"updateOrder","decl":{"start":{"line":630,"column":15},"end":{"line":630,"column":26}},"loc":{"start":{"line":630,"column":36},"end":{"line":650,"column":1}},"line":630},"90":{"name":"(anonymous_90)","decl":{"start":{"line":631,"column":17},"end":{"line":631,"column":18}},"loc":{"start":{"line":631,"column":36},"end":{"line":646,"column":3}},"line":631},"91":{"name":"setDate","decl":{"start":{"line":654,"column":15},"end":{"line":654,"column":22}},"loc":{"start":{"line":654,"column":29},"end":{"line":690,"column":1}},"line":654},"92":{"name":"(anonymous_92)","decl":{"start":{"line":656,"column":4},"end":{"line":656,"column":5}},"loc":{"start":{"line":657,"column":6},"end":{"line":688,"column":10}},"line":657},"93":{"name":"(anonymous_93)","decl":{"start":{"line":665,"column":14},"end":{"line":665,"column":15}},"loc":{"start":{"line":665,"column":28},"end":{"line":685,"column":9}},"line":665},"94":{"name":"(anonymous_94)","decl":{"start":{"line":671,"column":20},"end":{"line":671,"column":21}},"loc":{"start":{"line":671,"column":29},"end":{"line":673,"column":15}},"line":671},"95":{"name":"(anonymous_95)","decl":{"start":{"line":674,"column":21},"end":{"line":674,"column":22}},"loc":{"start":{"line":674,"column":30},"end":{"line":683,"column":15}},"line":674},"96":{"name":"(anonymous_96)","decl":{"start":{"line":686,"column":15},"end":{"line":686,"column":16}},"loc":{"start":{"line":686,"column":24},"end":{"line":688,"column":9}},"line":686},"97":{"name":"getTime","decl":{"start":{"line":693,"column":15},"end":{"line":693,"column":22}},"loc":{"start":{"line":693,"column":25},"end":{"line":699,"column":1}},"line":693},"98":{"name":"enableDisableVirtualClock","decl":{"start":{"line":701,"column":15},"end":{"line":701,"column":40}},"loc":{"start":{"line":701,"column":43},"end":{"line":707,"column":1}},"line":701},"99":{"name":"deleteProductBooking","decl":{"start":{"line":709,"column":15},"end":{"line":709,"column":35}},"loc":{"start":{"line":709,"column":45},"end":{"line":723,"column":1}},"line":709},"100":{"name":"attaccoDoS","decl":{"start":{"line":725,"column":15},"end":{"line":725,"column":25}},"loc":{"start":{"line":725,"column":36},"end":{"line":869,"column":1}},"line":725},"101":{"name":"(anonymous_101)","decl":{"start":{"line":726,"column":22},"end":{"line":726,"column":23}},"loc":{"start":{"line":726,"column":34},"end":{"line":761,"column":3}},"line":726},"102":{"name":"(anonymous_102)","decl":{"start":{"line":731,"column":26},"end":{"line":731,"column":27}},"loc":{"start":{"line":731,"column":46},"end":{"line":739,"column":7}},"line":731},"103":{"name":"(anonymous_103)","decl":{"start":{"line":737,"column":26},"end":{"line":737,"column":27}},"loc":{"start":{"line":737,"column":33},"end":{"line":737,"column":46}},"line":737},"104":{"name":"(anonymous_104)","decl":{"start":{"line":740,"column":27},"end":{"line":740,"column":28}},"loc":{"start":{"line":740,"column":47},"end":{"line":748,"column":7}},"line":740},"105":{"name":"(anonymous_105)","decl":{"start":{"line":746,"column":27},"end":{"line":746,"column":28}},"loc":{"start":{"line":746,"column":34},"end":{"line":746,"column":47}},"line":746},"106":{"name":"(anonymous_106)","decl":{"start":{"line":763,"column":22},"end":{"line":763,"column":23}},"loc":{"start":{"line":763,"column":34},"end":{"line":801,"column":3}},"line":763},"107":{"name":"(anonymous_107)","decl":{"start":{"line":803,"column":21},"end":{"line":803,"column":22}},"loc":{"start":{"line":803,"column":33},"end":{"line":812,"column":3}},"line":803},"108":{"name":"(anonymous_108)","decl":{"start":{"line":814,"column":20},"end":{"line":814,"column":21}},"loc":{"start":{"line":814,"column":32},"end":{"line":819,"column":3}},"line":814},"109":{"name":"(anonymous_109)","decl":{"start":{"line":821,"column":24},"end":{"line":821,"column":25}},"loc":{"start":{"line":821,"column":36},"end":{"line":828,"column":3}},"line":821},"110":{"name":"(anonymous_110)","decl":{"start":{"line":830,"column":25},"end":{"line":830,"column":26}},"loc":{"start":{"line":830,"column":37},"end":{"line":839,"column":3}},"line":830},"111":{"name":"(anonymous_111)","decl":{"start":{"line":841,"column":33},"end":{"line":841,"column":34}},"loc":{"start":{"line":841,"column":45},"end":{"line":850,"column":3}},"line":841}},"branchMap":{"0":{"loc":{"start":{"line":20,"column":8},"end":{"line":35,"column":9}},"type":"if","locations":[{"start":{"line":20,"column":8},"end":{"line":35,"column":9}},{"start":{"line":22,"column":15},"end":{"line":35,"column":9}}],"line":20},"1":{"loc":{"start":{"line":46,"column":2},"end":{"line":105,"column":3}},"type":"switch","locations":[{"start":{"line":47,"column":4},"end":{"line":55,"column":12}},{"start":{"line":56,"column":4},"end":{"line":64,"column":12}},{"start":{"line":65,"column":4},"end":{"line":73,"column":12}},{"start":{"line":74,"column":4},"end":{"line":82,"column":12}},{"start":{"line":83,"column":4},"end":{"line":91,"column":12}},{"start":{"line":92,"column":4},"end":{"line":100,"column":12}},{"start":{"line":101,"column":4},"end":{"line":104,"column":18}}],"line":46},"2":{"loc":{"start":{"line":106,"column":2},"end":{"line":117,"column":3}},"type":"if","locations":[{"start":{"line":106,"column":2},"end":{"line":117,"column":3}},{"start":{"line":110,"column":9},"end":{"line":117,"column":3}}],"line":106},"3":{"loc":{"start":{"line":127,"column":2},"end":{"line":131,"column":3}},"type":"if","locations":[{"start":{"line":127,"column":2},"end":{"line":131,"column":3}},{"start":{"line":129,"column":9},"end":{"line":131,"column":3}}],"line":127},"4":{"loc":{"start":{"line":144,"column":6},"end":{"line":148,"column":7}},"type":"if","locations":[{"start":{"line":144,"column":6},"end":{"line":148,"column":7}},{"start":{"line":146,"column":13},"end":{"line":148,"column":7}}],"line":144},"5":{"loc":{"start":{"line":163,"column":2},"end":{"line":167,"column":3}},"type":"if","locations":[{"start":{"line":163,"column":2},"end":{"line":167,"column":3}},{"start":{"line":165,"column":9},"end":{"line":167,"column":3}}],"line":163},"6":{"loc":{"start":{"line":183,"column":8},"end":{"line":198,"column":9}},"type":"if","locations":[{"start":{"line":183,"column":8},"end":{"line":198,"column":9}},{"start":{"line":185,"column":15},"end":{"line":198,"column":9}}],"line":183},"7":{"loc":{"start":{"line":218,"column":4},"end":{"line":220,"column":5}},"type":"if","locations":[{"start":{"line":218,"column":4},"end":{"line":220,"column":5}},{"start":{},"end":{}}],"line":218},"8":{"loc":{"start":{"line":237,"column":10},"end":{"line":257,"column":11}},"type":"if","locations":[{"start":{"line":237,"column":10},"end":{"line":257,"column":11}},{"start":{"line":241,"column":17},"end":{"line":257,"column":11}}],"line":237},"9":{"loc":{"start":{"line":285,"column":8},"end":{"line":300,"column":9}},"type":"if","locations":[{"start":{"line":285,"column":8},"end":{"line":300,"column":9}},{"start":{"line":287,"column":15},"end":{"line":300,"column":9}}],"line":285},"10":{"loc":{"start":{"line":319,"column":8},"end":{"line":334,"column":9}},"type":"if","locations":[{"start":{"line":319,"column":8},"end":{"line":334,"column":9}},{"start":{"line":321,"column":15},"end":{"line":334,"column":9}}],"line":319},"11":{"loc":{"start":{"line":356,"column":8},"end":{"line":371,"column":9}},"type":"if","locations":[{"start":{"line":356,"column":8},"end":{"line":371,"column":9}},{"start":{"line":358,"column":15},"end":{"line":371,"column":9}}],"line":356},"12":{"loc":{"start":{"line":392,"column":8},"end":{"line":407,"column":9}},"type":"if","locations":[{"start":{"line":392,"column":8},"end":{"line":407,"column":9}},{"start":{"line":394,"column":15},"end":{"line":407,"column":9}}],"line":392},"13":{"loc":{"start":{"line":431,"column":8},"end":{"line":446,"column":9}},"type":"if","locations":[{"start":{"line":431,"column":8},"end":{"line":446,"column":9}},{"start":{"line":433,"column":15},"end":{"line":446,"column":9}}],"line":431},"14":{"loc":{"start":{"line":464,"column":8},"end":{"line":479,"column":9}},"type":"if","locations":[{"start":{"line":464,"column":8},"end":{"line":479,"column":9}},{"start":{"line":466,"column":15},"end":{"line":479,"column":9}}],"line":464},"15":{"loc":{"start":{"line":498,"column":8},"end":{"line":513,"column":9}},"type":"if","locations":[{"start":{"line":498,"column":8},"end":{"line":513,"column":9}},{"start":{"line":500,"column":15},"end":{"line":513,"column":9}}],"line":498},"16":{"loc":{"start":{"line":533,"column":10},"end":{"line":551,"column":11}},"type":"if","locations":[{"start":{"line":533,"column":10},"end":{"line":551,"column":11}},{"start":{"line":535,"column":17},"end":{"line":551,"column":11}}],"line":533},"17":{"loc":{"start":{"line":568,"column":8},"end":{"line":583,"column":9}},"type":"if","locations":[{"start":{"line":568,"column":8},"end":{"line":583,"column":9}},{"start":{"line":570,"column":15},"end":{"line":583,"column":9}}],"line":568},"18":{"loc":{"start":{"line":607,"column":8},"end":{"line":622,"column":9}},"type":"if","locations":[{"start":{"line":607,"column":8},"end":{"line":622,"column":9}},{"start":{"line":609,"column":15},"end":{"line":622,"column":9}}],"line":607},"19":{"loc":{"start":{"line":641,"column":4},"end":{"line":645,"column":5}},"type":"if","locations":[{"start":{"line":641,"column":4},"end":{"line":645,"column":5}},{"start":{"line":643,"column":11},"end":{"line":645,"column":5}}],"line":641},"20":{"loc":{"start":{"line":666,"column":10},"end":{"line":684,"column":11}},"type":"if","locations":[{"start":{"line":666,"column":10},"end":{"line":684,"column":11}},{"start":{"line":668,"column":17},"end":{"line":684,"column":11}}],"line":666},"21":{"loc":{"start":{"line":696,"column":2},"end":{"line":698,"column":3}},"type":"if","locations":[{"start":{"line":696,"column":2},"end":{"line":698,"column":3}},{"start":{},"end":{}}],"line":696},"22":{"loc":{"start":{"line":704,"column":2},"end":{"line":706,"column":3}},"type":"if","locations":[{"start":{"line":704,"column":2},"end":{"line":706,"column":3}},{"start":{},"end":{}}],"line":704},"23":{"loc":{"start":{"line":729,"column":4},"end":{"line":760,"column":5}},"type":"if","locations":[{"start":{"line":729,"column":4},"end":{"line":760,"column":5}},{"start":{"line":754,"column":11},"end":{"line":760,"column":5}}],"line":729},"24":{"loc":{"start":{"line":729,"column":8},"end":{"line":729,"column":64}},"type":"binary-expr","locations":[{"start":{"line":729,"column":8},"end":{"line":729,"column":16}},{"start":{"line":729,"column":20},"end":{"line":729,"column":31}},{"start":{"line":729,"column":35},"end":{"line":729,"column":64}}],"line":729},"25":{"loc":{"start":{"line":736,"column":8},"end":{"line":738,"column":9}},"type":"if","locations":[{"start":{"line":736,"column":8},"end":{"line":738,"column":9}},{"start":{},"end":{}}],"line":736},"26":{"loc":{"start":{"line":745,"column":8},"end":{"line":747,"column":9}},"type":"if","locations":[{"start":{"line":745,"column":8},"end":{"line":747,"column":9}},{"start":{},"end":{}}],"line":745},"27":{"loc":{"start":{"line":757,"column":6},"end":{"line":759,"column":7}},"type":"if","locations":[{"start":{"line":757,"column":6},"end":{"line":759,"column":7}},{"start":{},"end":{}}],"line":757},"28":{"loc":{"start":{"line":765,"column":4},"end":{"line":800,"column":5}},"type":"if","locations":[{"start":{"line":765,"column":4},"end":{"line":800,"column":5}},{"start":{},"end":{}}],"line":765},"29":{"loc":{"start":{"line":765,"column":8},"end":{"line":765,"column":31}},"type":"binary-expr","locations":[{"start":{"line":765,"column":8},"end":{"line":765,"column":16}},{"start":{"line":765,"column":20},"end":{"line":765,"column":31}}],"line":765},"30":{"loc":{"start":{"line":768,"column":6},"end":{"line":799,"column":7}},"type":"switch","locations":[{"start":{"line":769,"column":8},"end":{"line":775,"column":16}},{"start":{"line":776,"column":8},"end":{"line":784,"column":16}},{"start":{"line":785,"column":8},"end":{"line":791,"column":16}},{"start":{"line":792,"column":8},"end":{"line":798,"column":16}}],"line":768},"31":{"loc":{"start":{"line":772,"column":10},"end":{"line":774,"column":11}},"type":"if","locations":[{"start":{"line":772,"column":10},"end":{"line":774,"column":11}},{"start":{},"end":{}}],"line":772},"32":{"loc":{"start":{"line":781,"column":10},"end":{"line":783,"column":11}},"type":"if","locations":[{"start":{"line":781,"column":10},"end":{"line":783,"column":11}},{"start":{},"end":{}}],"line":781},"33":{"loc":{"start":{"line":788,"column":10},"end":{"line":790,"column":11}},"type":"if","locations":[{"start":{"line":788,"column":10},"end":{"line":790,"column":11}},{"start":{},"end":{}}],"line":788},"34":{"loc":{"start":{"line":795,"column":10},"end":{"line":797,"column":11}},"type":"if","locations":[{"start":{"line":795,"column":10},"end":{"line":797,"column":11}},{"start":{},"end":{}}],"line":795},"35":{"loc":{"start":{"line":805,"column":4},"end":{"line":811,"column":5}},"type":"if","locations":[{"start":{"line":805,"column":4},"end":{"line":811,"column":5}},{"start":{},"end":{}}],"line":805},"36":{"loc":{"start":{"line":805,"column":8},"end":{"line":805,"column":64}},"type":"binary-expr","locations":[{"start":{"line":805,"column":8},"end":{"line":805,"column":16}},{"start":{"line":805,"column":20},"end":{"line":805,"column":31}},{"start":{"line":805,"column":35},"end":{"line":805,"column":64}}],"line":805},"37":{"loc":{"start":{"line":808,"column":6},"end":{"line":810,"column":7}},"type":"if","locations":[{"start":{"line":808,"column":6},"end":{"line":810,"column":7}},{"start":{},"end":{}}],"line":808},"38":{"loc":{"start":{"line":815,"column":4},"end":{"line":818,"column":5}},"type":"if","locations":[{"start":{"line":815,"column":4},"end":{"line":818,"column":5}},{"start":{},"end":{}}],"line":815},"39":{"loc":{"start":{"line":815,"column":8},"end":{"line":815,"column":64}},"type":"binary-expr","locations":[{"start":{"line":815,"column":8},"end":{"line":815,"column":16}},{"start":{"line":815,"column":20},"end":{"line":815,"column":31}},{"start":{"line":815,"column":35},"end":{"line":815,"column":64}}],"line":815},"40":{"loc":{"start":{"line":825,"column":4},"end":{"line":827,"column":5}},"type":"if","locations":[{"start":{"line":825,"column":4},"end":{"line":827,"column":5}},{"start":{},"end":{}}],"line":825},"41":{"loc":{"start":{"line":832,"column":4},"end":{"line":838,"column":5}},"type":"if","locations":[{"start":{"line":832,"column":4},"end":{"line":838,"column":5}},{"start":{},"end":{}}],"line":832},"42":{"loc":{"start":{"line":832,"column":8},"end":{"line":832,"column":64}},"type":"binary-expr","locations":[{"start":{"line":832,"column":8},"end":{"line":832,"column":16}},{"start":{"line":832,"column":20},"end":{"line":832,"column":31}},{"start":{"line":832,"column":35},"end":{"line":832,"column":64}}],"line":832},"43":{"loc":{"start":{"line":835,"column":6},"end":{"line":837,"column":7}},"type":"if","locations":[{"start":{"line":835,"column":6},"end":{"line":837,"column":7}},{"start":{},"end":{}}],"line":835},"44":{"loc":{"start":{"line":843,"column":4},"end":{"line":849,"column":5}},"type":"if","locations":[{"start":{"line":843,"column":4},"end":{"line":849,"column":5}},{"start":{},"end":{}}],"line":843},"45":{"loc":{"start":{"line":843,"column":8},"end":{"line":843,"column":64}},"type":"binary-expr","locations":[{"start":{"line":843,"column":8},"end":{"line":843,"column":16}},{"start":{"line":843,"column":20},"end":{"line":843,"column":31}},{"start":{"line":843,"column":35},"end":{"line":843,"column":64}}],"line":843},"46":{"loc":{"start":{"line":846,"column":6},"end":{"line":848,"column":7}},"type":"if","locations":[{"start":{"line":846,"column":6},"end":{"line":848,"column":7}},{"start":{},"end":{}}],"line":846}},"s":{"0":3,"1":1,"2":1,"3":0,"4":0,"5":0,"6":0,"7":0,"8":0,"9":1,"10":1,"11":0,"12":0,"13":0,"14":0,"15":0,"16":0,"17":0,"18":0,"19":0,"20":0,"21":0,"22":0,"23":1,"24":1,"25":0,"26":0,"27":0,"28":0,"29":0,"30":0,"31":0,"32":0,"33":1,"34":3,"35":3,"36":3,"37":0,"38":3,"39":1,"40":1,"41":1,"42":0,"43":1,"44":2,"45":2,"46":2,"47":0,"48":2,"49":1,"50":1,"51":1,"52":0,"53":1,"54":1,"55":0,"56":0,"57":1,"58":1,"59":1,"60":1,"61":0,"62":1,"63":1,"64":1,"65":0,"66":1,"67":1,"68":0,"69":0,"70":1,"71":1,"72":1,"73":0,"74":1,"75":1,"76":1,"77":0,"78":1,"79":1,"80":0,"81":0,"82":1,"83":1,"84":1,"85":0,"86":1,"87":1,"88":0,"89":0,"90":1,"91":1,"92":1,"93":0,"94":1,"95":1,"96":0,"97":0,"98":1,"99":1,"100":1,"101":0,"102":1,"103":1,"104":0,"105":0,"106":1,"107":1,"108":0,"109":0,"110":0,"111":0,"112":0,"113":0,"114":0,"115":0,"116":1,"117":1,"118":1,"119":0,"120":1,"121":1,"122":0,"123":0,"124":1,"125":1,"126":1,"127":0,"128":1,"129":1,"130":0,"131":0,"132":1,"133":1,"134":1,"135":0,"136":1,"137":1,"138":0,"139":0,"140":1,"141":1,"142":1,"143":0,"144":1,"145":1,"146":0,"147":0,"148":0,"149":0,"150":0,"151":0,"152":0,"153":0,"154":0,"155":0,"156":0,"157":0,"158":0,"159":0,"160":0,"161":0,"162":0,"163":0,"164":0,"165":0,"166":1,"167":1,"168":1,"169":0,"170":1,"171":1,"172":0,"173":0,"174":0,"175":0,"176":0,"177":0,"178":0,"179":0,"180":0,"181":0,"182":0,"183":7,"184":7,"185":1,"186":1,"187":1,"188":1,"189":1,"190":0,"191":0,"192":1,"193":1,"194":1,"195":1,"196":0,"197":0,"198":1,"199":1,"200":1,"201":6,"202":6,"203":6,"204":0,"205":7,"206":7,"207":4,"208":4,"209":4,"210":1,"211":1,"212":1,"213":0,"214":1,"215":1,"216":1,"217":1,"218":0,"219":1,"220":1,"221":1,"222":1,"223":0,"224":1,"225":0,"226":0,"227":0,"228":0,"229":0,"230":7,"231":7,"232":1,"233":1,"234":1,"235":0,"236":7,"237":7,"238":1,"239":0,"240":7,"241":7,"242":7,"243":7,"244":0,"245":7,"246":7,"247":1,"248":1,"249":1,"250":0,"251":7,"252":7,"253":0,"254":0,"255":0,"256":0,"257":7,"258":7,"259":7,"260":7,"261":7,"262":7,"263":7,"264":6,"265":3},"f":{"0":1,"1":1,"2":0,"3":0,"4":0,"5":0,"6":1,"7":1,"8":3,"9":1,"10":1,"11":1,"12":2,"13":1,"14":1,"15":1,"16":1,"17":0,"18":0,"19":1,"20":1,"21":1,"22":1,"23":1,"24":1,"25":0,"26":0,"27":1,"28":1,"29":1,"30":1,"31":0,"32":0,"33":1,"34":1,"35":1,"36":1,"37":0,"38":0,"39":1,"40":1,"41":1,"42":1,"43":0,"44":0,"45":1,"46":1,"47":1,"48":1,"49":0,"50":0,"51":1,"52":1,"53":0,"54":0,"55":0,"56":0,"57":0,"58":1,"59":1,"60":1,"61":1,"62":0,"63":0,"64":1,"65":1,"66":1,"67":1,"68":0,"69":0,"70":1,"71":1,"72":1,"73":1,"74":0,"75":0,"76":1,"77":1,"78":1,"79":1,"80":0,"81":0,"82":0,"83":0,"84":0,"85":0,"86":0,"87":0,"88":0,"89":0,"90":0,"91":1,"92":1,"93":1,"94":1,"95":0,"96":0,"97":0,"98":0,"99":0,"100":7,"101":7,"102":1,"103":0,"104":1,"105":0,"106":7,"107":7,"108":7,"109":7,"110":7,"111":7},"b":{"0":[0,0],"1":[0,0,0,0,0,0,1],"2":[0,0],"3":[0,3],"4":[0,1],"5":[0,2],"6":[0,1],"7":[0,1],"8":[0,1],"9":[0,1],"10":[0,1],"11":[0,1],"12":[0,1],"13":[0,0],"14":[0,1],"15":[0,1],"16":[0,1],"17":[0,1],"18":[0,0],"19":[0,0],"20":[0,1],"21":[0,0],"22":[0,0],"23":[1,6],"24":[7,7,4],"25":[0,1],"26":[0,1],"27":[0,6],"28":[4,3],"29":[7,7],"30":[1,1,1,0],"31":[0,1],"32":[0,1],"33":[0,1],"34":[0,0],"35":[1,6],"36":[7,7,4],"37":[0,1],"38":[1,6],"39":[7,7,4],"40":[0,7],"41":[1,6],"42":[7,7,4],"43":[0,1],"44":[0,7],"45":[7,7,4],"46":[0,0]},"_coverageSchema":"1a1c01bbd47fc00a2c39e90264f33305004495a9","hash":"3a5b66a7a40c13612a810d8186b766515c3a25d8"}
,"C:\\Users\\rocco\\AppData\\Roaming\\SPB_Data\\git\\SPG-P08\\SoftEngII-P08-SPG\\client\\src\\AcknowledgeDeliveryManager.js": {"path":"C:\\Users\\rocco\\AppData\\Roaming\\SPB_Data\\git\\SPG-P08\\SoftEngII-P08-SPG\\client\\src\\AcknowledgeDeliveryManager.js","statementMap":{"0":{"start":{"line":13,"column":8},"end":{"line":15,"column":9}},"1":{"start":{"line":14,"column":12},"end":{"line":14,"column":55}},"2":{"start":{"line":16,"column":8},"end":{"line":38,"column":11}},"3":{"start":{"line":17,"column":12},"end":{"line":37,"column":18}},"4":{"start":{"line":29,"column":32},"end":{"line":29,"column":57}},"5":{"start":{"line":41,"column":4},"end":{"line":48,"column":6}}},"fnMap":{"0":{"name":"AcknowledgeDeliveryFarmer","decl":{"start":{"line":10,"column":24},"end":{"line":10,"column":49}},"loc":{"start":{"line":10,"column":57},"end":{"line":49,"column":1}},"line":10},"1":{"name":"acknowledgeActions","decl":{"start":{"line":12,"column":13},"end":{"line":12,"column":31}},"loc":{"start":{"line":12,"column":34},"end":{"line":39,"column":5}},"line":12},"2":{"name":"(anonymous_2)","decl":{"start":{"line":16,"column":38},"end":{"line":16,"column":39}},"loc":{"start":{"line":17,"column":12},"end":{"line":37,"column":18}},"line":17},"3":{"name":"(anonymous_3)","decl":{"start":{"line":27,"column":37},"end":{"line":27,"column":38}},"loc":{"start":{"line":27,"column":43},"end":{"line":30,"column":29}},"line":27}},"branchMap":{"0":{"loc":{"start":{"line":13,"column":8},"end":{"line":15,"column":9}},"type":"if","locations":[{"start":{"line":13,"column":8},"end":{"line":15,"column":9}},{"start":{},"end":{}}],"line":13},"1":{"loc":{"start":{"line":45,"column":19},"end":{"line":45,"column":124}},"type":"cond-expr","locations":[{"start":{"line":45,"column":73},"end":{"line":45,"column":93}},{"start":{"line":45,"column":96},"end":{"line":45,"column":124}}],"line":45},"2":{"loc":{"start":{"line":45,"column":19},"end":{"line":45,"column":70}},"type":"binary-expr","locations":[{"start":{"line":45,"column":19},"end":{"line":45,"column":37}},{"start":{"line":45,"column":41},"end":{"line":45,"column":70}}],"line":45}},"s":{"0":1,"1":0,"2":1,"3":1,"4":1,"5":2},"f":{"0":2,"1":1,"2":1,"3":1},"b":{"0":[0,1],"1":[1,1],"2":[2,2]},"_coverageSchema":"1a1c01bbd47fc00a2c39e90264f33305004495a9","hash":"675f6dbd7291f857fed38c258b04e157ca1b75eb"}
,"C:\\Users\\rocco\\AppData\\Roaming\\SPB_Data\\git\\SPG-P08\\SoftEngII-P08-SPG\\client\\src\\App.js": {"path":"C:\\Users\\rocco\\AppData\\Roaming\\SPB_Data\\git\\SPG-P08\\SoftEngII-P08-SPG\\client\\src\\App.js","statementMap":{"0":{"start":{"line":40,"column":34},"end":{"line":40,"column":46}},"1":{"start":{"line":41,"column":46},"end":{"line":41,"column":58}},"2":{"start":{"line":42,"column":38},"end":{"line":42,"column":50}},"3":{"start":{"line":43,"column":32},"end":{"line":43,"column":44}},"4":{"start":{"line":44,"column":34},"end":{"line":44,"column":46}},"5":{"start":{"line":45,"column":40},"end":{"line":45,"column":52}},"6":{"start":{"line":46,"column":44},"end":{"line":46,"column":58}},"7":{"start":{"line":47,"column":40},"end":{"line":47,"column":55}},"8":{"start":{"line":48,"column":34},"end":{"line":48,"column":49}},"9":{"start":{"line":49,"column":34},"end":{"line":49,"column":46}},"10":{"start":{"line":50,"column":26},"end":{"line":50,"column":38}},"11":{"start":{"line":51,"column":30},"end":{"line":51,"column":45}},"12":{"start":{"line":52,"column":26},"end":{"line":52,"column":46}},"13":{"start":{"line":53,"column":40},"end":{"line":53,"column":55}},"14":{"start":{"line":54,"column":40},"end":{"line":54,"column":54}},"15":{"start":{"line":55,"column":30},"end":{"line":55,"column":40}},"16":{"start":{"line":56,"column":64},"end":{"line":56,"column":76}},"17":{"start":{"line":57,"column":44},"end":{"line":57,"column":58}},"18":{"start":{"line":58,"column":38},"end":{"line":58,"column":50}},"19":{"start":{"line":59,"column":42},"end":{"line":59,"column":54}},"20":{"start":{"line":60,"column":34},"end":{"line":60,"column":48}},"21":{"start":{"line":61,"column":62},"end":{"line":61,"column":74}},"22":{"start":{"line":62,"column":56},"end":{"line":62,"column":68}},"23":{"start":{"line":69,"column":2},"end":{"line":104,"column":20}},"24":{"start":{"line":70,"column":4},"end":{"line":70,"column":26}},"25":{"start":{"line":71,"column":4},"end":{"line":100,"column":5}},"26":{"start":{"line":73,"column":6},"end":{"line":79,"column":9}},"27":{"start":{"line":74,"column":8},"end":{"line":78,"column":10}},"28":{"start":{"line":76,"column":12},"end":{"line":76,"column":78}},"29":{"start":{"line":76,"column":47},"end":{"line":76,"column":76}},"30":{"start":{"line":81,"column":6},"end":{"line":99,"column":7}},"31":{"start":{"line":82,"column":8},"end":{"line":82,"column":32}},"32":{"start":{"line":83,"column":8},"end":{"line":87,"column":10}},"33":{"start":{"line":85,"column":12},"end":{"line":85,"column":78}},"34":{"start":{"line":85,"column":47},"end":{"line":85,"column":76}},"35":{"start":{"line":88,"column":8},"end":{"line":88,"column":30}},"36":{"start":{"line":91,"column":8},"end":{"line":98,"column":11}},"37":{"start":{"line":92,"column":10},"end":{"line":92,"column":34}},"38":{"start":{"line":93,"column":10},"end":{"line":97,"column":12}},"39":{"start":{"line":95,"column":14},"end":{"line":95,"column":80}},"40":{"start":{"line":95,"column":49},"end":{"line":95,"column":78}},"41":{"start":{"line":107,"column":2},"end":{"line":119,"column":9}},"42":{"start":{"line":108,"column":22},"end":{"line":117,"column":5}},"43":{"start":{"line":109,"column":6},"end":{"line":116,"column":7}},"44":{"start":{"line":110,"column":21},"end":{"line":110,"column":44}},"45":{"start":{"line":111,"column":8},"end":{"line":111,"column":26}},"46":{"start":{"line":112,"column":8},"end":{"line":112,"column":26}},"47":{"start":{"line":113,"column":8},"end":{"line":113,"column":24}},"48":{"start":{"line":115,"column":8},"end":{"line":115,"column":24}},"49":{"start":{"line":118,"column":4},"end":{"line":118,"column":16}},"50":{"start":{"line":122,"column":18},"end":{"line":141,"column":3}},"51":{"start":{"line":123,"column":4},"end":{"line":140,"column":5}},"52":{"start":{"line":124,"column":19},"end":{"line":124,"column":53}},"53":{"start":{"line":125,"column":6},"end":{"line":129,"column":8}},"54":{"start":{"line":130,"column":6},"end":{"line":130,"column":24}},"55":{"start":{"line":131,"column":6},"end":{"line":131,"column":24}},"56":{"start":{"line":133,"column":6},"end":{"line":139,"column":8}},"57":{"start":{"line":144,"column":19},"end":{"line":168,"column":3}},"58":{"start":{"line":145,"column":4},"end":{"line":161,"column":8}},"59":{"start":{"line":147,"column":8},"end":{"line":151,"column":9}},"60":{"start":{"line":154,"column":8},"end":{"line":160,"column":9}},"61":{"start":{"line":162,"column":4},"end":{"line":162,"column":23}},"62":{"start":{"line":163,"column":4},"end":{"line":163,"column":18}},"63":{"start":{"line":164,"column":4},"end":{"line":164,"column":20}},"64":{"start":{"line":165,"column":4},"end":{"line":165,"column":16}},"65":{"start":{"line":166,"column":4},"end":{"line":166,"column":27}},"66":{"start":{"line":167,"column":4},"end":{"line":167,"column":27}},"67":{"start":{"line":171,"column":18},"end":{"line":202,"column":3}},"68":{"start":{"line":172,"column":16},"end":{"line":184,"column":5}},"69":{"start":{"line":173,"column":18},"end":{"line":173,"column":44}},"70":{"start":{"line":174,"column":6},"end":{"line":176,"column":7}},"71":{"start":{"line":175,"column":8},"end":{"line":175,"column":34}},"72":{"start":{"line":177,"column":6},"end":{"line":183,"column":7}},"73":{"start":{"line":178,"column":28},"end":{"line":181,"column":9}},"74":{"start":{"line":182,"column":8},"end":{"line":182,"column":34}},"75":{"start":{"line":186,"column":4},"end":{"line":201,"column":9}},"76":{"start":{"line":188,"column":8},"end":{"line":188,"column":34}},"77":{"start":{"line":189,"column":8},"end":{"line":193,"column":10}},"78":{"start":{"line":196,"column":8},"end":{"line":200,"column":9}},"79":{"start":{"line":197,"column":10},"end":{"line":197,"column":79}},"80":{"start":{"line":199,"column":10},"end":{"line":199,"column":78}},"81":{"start":{"line":205,"column":21},"end":{"line":221,"column":3}},"82":{"start":{"line":209,"column":17},"end":{"line":215,"column":5}},"83":{"start":{"line":210,"column":18},"end":{"line":210,"column":58}},"84":{"start":{"line":211,"column":6},"end":{"line":214,"column":7}},"85":{"start":{"line":213,"column":8},"end":{"line":213,"column":29}},"86":{"start":{"line":216,"column":4},"end":{"line":220,"column":8}},"87":{"start":{"line":217,"column":18},"end":{"line":217,"column":43}},"88":{"start":{"line":219,"column":8},"end":{"line":219,"column":75}},"89":{"start":{"line":223,"column":25},"end":{"line":228,"column":3}},"90":{"start":{"line":224,"column":24},"end":{"line":226,"column":5}},"91":{"start":{"line":225,"column":6},"end":{"line":225,"column":40}},"92":{"start":{"line":227,"column":4},"end":{"line":227,"column":18}},"93":{"start":{"line":231,"column":2},"end":{"line":255,"column":55}},"94":{"start":{"line":232,"column":14},"end":{"line":232,"column":44}},"95":{"start":{"line":233,"column":4},"end":{"line":233,"column":30}},"96":{"start":{"line":234,"column":4},"end":{"line":234,"column":30}},"97":{"start":{"line":235,"column":4},"end":{"line":235,"column":28}},"98":{"start":{"line":236,"column":4},"end":{"line":236,"column":34}},"99":{"start":{"line":237,"column":4},"end":{"line":248,"column":5}},"100":{"start":{"line":238,"column":6},"end":{"line":242,"column":8}},"101":{"start":{"line":240,"column":39},"end":{"line":240,"column":60}},"102":{"start":{"line":243,"column":6},"end":{"line":247,"column":8}},"103":{"start":{"line":245,"column":39},"end":{"line":245,"column":61}},"104":{"start":{"line":249,"column":4},"end":{"line":251,"column":5}},"105":{"start":{"line":250,"column":6},"end":{"line":250,"column":38}},"106":{"start":{"line":252,"column":4},"end":{"line":254,"column":5}},"107":{"start":{"line":253,"column":6},"end":{"line":253,"column":54}},"108":{"start":{"line":257,"column":28},"end":{"line":265,"column":3}},"109":{"start":{"line":258,"column":14},"end":{"line":258,"column":15}},"110":{"start":{"line":259,"column":4},"end":{"line":263,"column":40}},"111":{"start":{"line":261,"column":8},"end":{"line":261,"column":45}},"112":{"start":{"line":263,"column":22},"end":{"line":263,"column":38}},"113":{"start":{"line":264,"column":4},"end":{"line":264,"column":15}},"114":{"start":{"line":268,"column":2},"end":{"line":282,"column":27}},"115":{"start":{"line":269,"column":4},"end":{"line":281,"column":5}},"116":{"start":{"line":270,"column":29},"end":{"line":277,"column":7}},"117":{"start":{"line":272,"column":25},"end":{"line":272,"column":52}},"118":{"start":{"line":273,"column":24},"end":{"line":273,"column":45}},"119":{"start":{"line":274,"column":8},"end":{"line":276,"column":9}},"120":{"start":{"line":275,"column":10},"end":{"line":275,"column":35}},"121":{"start":{"line":279,"column":6},"end":{"line":279,"column":23}},"122":{"start":{"line":280,"column":6},"end":{"line":280,"column":25}},"123":{"start":{"line":284,"column":33},"end":{"line":287,"column":3}},"124":{"start":{"line":285,"column":19},"end":{"line":285,"column":52}},"125":{"start":{"line":286,"column":4},"end":{"line":286,"column":18}},"126":{"start":{"line":290,"column":24},"end":{"line":298,"column":3}},"127":{"start":{"line":291,"column":14},"end":{"line":291,"column":15}},"128":{"start":{"line":292,"column":4},"end":{"line":296,"column":40}},"129":{"start":{"line":294,"column":8},"end":{"line":294,"column":29}},"130":{"start":{"line":296,"column":22},"end":{"line":296,"column":38}},"131":{"start":{"line":297,"column":4},"end":{"line":297,"column":15}},"132":{"start":{"line":300,"column":23},"end":{"line":317,"column":3}},"133":{"start":{"line":301,"column":4},"end":{"line":316,"column":5}},"134":{"start":{"line":302,"column":23},"end":{"line":302,"column":70}},"135":{"start":{"line":303,"column":6},"end":{"line":307,"column":8}},"136":{"start":{"line":308,"column":6},"end":{"line":308,"column":22}},"137":{"start":{"line":310,"column":6},"end":{"line":314,"column":8}},"138":{"start":{"line":315,"column":6},"end":{"line":315,"column":23}},"139":{"start":{"line":320,"column":30},"end":{"line":338,"column":3}},"140":{"start":{"line":321,"column":4},"end":{"line":337,"column":5}},"141":{"start":{"line":322,"column":6},"end":{"line":322,"column":35}},"142":{"start":{"line":323,"column":6},"end":{"line":329,"column":8}},"143":{"start":{"line":331,"column":6},"end":{"line":335,"column":8}},"144":{"start":{"line":336,"column":6},"end":{"line":336,"column":23}},"145":{"start":{"line":340,"column":21},"end":{"line":360,"column":3}},"146":{"start":{"line":341,"column":4},"end":{"line":359,"column":5}},"147":{"start":{"line":342,"column":6},"end":{"line":342,"column":31}},"148":{"start":{"line":343,"column":6},"end":{"line":343,"column":24}},"149":{"start":{"line":344,"column":6},"end":{"line":350,"column":8}},"150":{"start":{"line":352,"column":6},"end":{"line":352,"column":24}},"151":{"start":{"line":353,"column":6},"end":{"line":357,"column":8}},"152":{"start":{"line":358,"column":6},"end":{"line":358,"column":23}},"153":{"start":{"line":362,"column":37},"end":{"line":383,"column":3}},"154":{"start":{"line":363,"column":4},"end":{"line":382,"column":5}},"155":{"start":{"line":364,"column":6},"end":{"line":364,"column":53}},"156":{"start":{"line":365,"column":6},"end":{"line":365,"column":29}},"157":{"start":{"line":366,"column":6},"end":{"line":366,"column":68}},"158":{"start":{"line":367,"column":6},"end":{"line":367,"column":24}},"159":{"start":{"line":368,"column":6},"end":{"line":374,"column":8}},"160":{"start":{"line":376,"column":6},"end":{"line":380,"column":8}},"161":{"start":{"line":381,"column":6},"end":{"line":381,"column":23}},"162":{"start":{"line":385,"column":32},"end":{"line":417,"column":3}},"163":{"start":{"line":386,"column":4},"end":{"line":413,"column":5}},"164":{"start":{"line":387,"column":26},"end":{"line":392,"column":8}},"165":{"start":{"line":388,"column":8},"end":{"line":391,"column":10}},"166":{"start":{"line":393,"column":6},"end":{"line":395,"column":7}},"167":{"start":{"line":394,"column":8},"end":{"line":394,"column":49}},"168":{"start":{"line":397,"column":6},"end":{"line":397,"column":29}},"169":{"start":{"line":398,"column":6},"end":{"line":398,"column":36}},"170":{"start":{"line":398,"column":30},"end":{"line":398,"column":34}},"171":{"start":{"line":399,"column":6},"end":{"line":405,"column":8}},"172":{"start":{"line":407,"column":6},"end":{"line":411,"column":8}},"173":{"start":{"line":412,"column":6},"end":{"line":412,"column":23}},"174":{"start":{"line":419,"column":29},"end":{"line":439,"column":3}},"175":{"start":{"line":420,"column":4},"end":{"line":438,"column":5}},"176":{"start":{"line":421,"column":6},"end":{"line":421,"column":39}},"177":{"start":{"line":422,"column":6},"end":{"line":422,"column":36}},"178":{"start":{"line":422,"column":30},"end":{"line":422,"column":34}},"179":{"start":{"line":423,"column":6},"end":{"line":429,"column":8}},"180":{"start":{"line":431,"column":6},"end":{"line":431,"column":36}},"181":{"start":{"line":431,"column":30},"end":{"line":431,"column":34}},"182":{"start":{"line":432,"column":6},"end":{"line":436,"column":8}},"183":{"start":{"line":437,"column":6},"end":{"line":437,"column":23}},"184":{"start":{"line":441,"column":35},"end":{"line":461,"column":3}},"185":{"start":{"line":442,"column":4},"end":{"line":460,"column":5}},"186":{"start":{"line":443,"column":6},"end":{"line":443,"column":45}},"187":{"start":{"line":444,"column":6},"end":{"line":444,"column":36}},"188":{"start":{"line":444,"column":30},"end":{"line":444,"column":34}},"189":{"start":{"line":445,"column":6},"end":{"line":451,"column":8}},"190":{"start":{"line":453,"column":6},"end":{"line":453,"column":36}},"191":{"start":{"line":453,"column":30},"end":{"line":453,"column":34}},"192":{"start":{"line":454,"column":6},"end":{"line":458,"column":8}},"193":{"start":{"line":459,"column":6},"end":{"line":459,"column":23}},"194":{"start":{"line":465,"column":2},"end":{"line":1331,"column":4}},"195":{"start":{"line":485,"column":14},"end":{"line":536,"column":15}},"196":{"start":{"line":486,"column":16},"end":{"line":529,"column":17}},"197":{"start":{"line":488,"column":20},"end":{"line":492,"column":22}},"198":{"start":{"line":494,"column":20},"end":{"line":498,"column":22}},"199":{"start":{"line":500,"column":20},"end":{"line":504,"column":22}},"200":{"start":{"line":506,"column":20},"end":{"line":510,"column":22}},"201":{"start":{"line":512,"column":20},"end":{"line":516,"column":22}},"202":{"start":{"line":518,"column":20},"end":{"line":522,"column":22}},"203":{"start":{"line":524,"column":20},"end":{"line":528,"column":22}},"204":{"start":{"line":531,"column":16},"end":{"line":535,"column":18}},"205":{"start":{"line":544,"column":14},"end":{"line":573,"column":17}},"206":{"start":{"line":562,"column":44},"end":{"line":562,"column":56}},"207":{"start":{"line":581,"column":14},"end":{"line":610,"column":17}},"208":{"start":{"line":618,"column":14},"end":{"line":645,"column":17}},"209":{"start":{"line":654,"column":14},"end":{"line":676,"column":17}},"210":{"start":{"line":685,"column":14},"end":{"line":708,"column":17}},"211":{"start":{"line":716,"column":14},"end":{"line":743,"column":17}},"212":{"start":{"line":751,"column":14},"end":{"line":774,"column":17}},"213":{"start":{"line":782,"column":14},"end":{"line":813,"column":17}},"214":{"start":{"line":821,"column":14},"end":{"line":849,"column":17}},"215":{"start":{"line":857,"column":14},"end":{"line":880,"column":17}},"216":{"start":{"line":888,"column":14},"end":{"line":911,"column":17}},"217":{"start":{"line":919,"column":14},"end":{"line":947,"column":17}},"218":{"start":{"line":955,"column":14},"end":{"line":985,"column":17}},"219":{"start":{"line":993,"column":14},"end":{"line":1025,"column":17}},"220":{"start":{"line":1033,"column":14},"end":{"line":1057,"column":17}},"221":{"start":{"line":1065,"column":14},"end":{"line":1112,"column":17}},"222":{"start":{"line":1079,"column":32},"end":{"line":1079,"column":63}},"223":{"start":{"line":1080,"column":32},"end":{"line":1084,"column":34}},"224":{"start":{"line":1085,"column":32},"end":{"line":1085,"column":62}},"225":{"start":{"line":1085,"column":56},"end":{"line":1085,"column":60}},"226":{"start":{"line":1088,"column":32},"end":{"line":1088,"column":72}},"227":{"start":{"line":1089,"column":32},"end":{"line":1093,"column":34}},"228":{"start":{"line":1094,"column":32},"end":{"line":1094,"column":62}},"229":{"start":{"line":1094,"column":56},"end":{"line":1094,"column":60}},"230":{"start":{"line":1121,"column":14},"end":{"line":1149,"column":17}},"231":{"start":{"line":1157,"column":14},"end":{"line":1186,"column":17}},"232":{"start":{"line":1169,"column":49},"end":{"line":1169,"column":66}},"233":{"start":{"line":1194,"column":14},"end":{"line":1221,"column":17}},"234":{"start":{"line":1230,"column":14},"end":{"line":1268,"column":17}},"235":{"start":{"line":1276,"column":14},"end":{"line":1305,"column":17}},"236":{"start":{"line":1313,"column":14},"end":{"line":1316,"column":20}},"237":{"start":{"line":1323,"column":14},"end":{"line":1325,"column":17}}},"fnMap":{"0":{"name":"App","decl":{"start":{"line":39,"column":9},"end":{"line":39,"column":12}},"loc":{"start":{"line":39,"column":15},"end":{"line":1332,"column":1}},"line":39},"1":{"name":"(anonymous_1)","decl":{"start":{"line":69,"column":12},"end":{"line":69,"column":13}},"loc":{"start":{"line":69,"column":18},"end":{"line":104,"column":3}},"line":69},"2":{"name":"(anonymous_2)","decl":{"start":{"line":73,"column":43},"end":{"line":73,"column":44}},"loc":{"start":{"line":73,"column":49},"end":{"line":79,"column":7}},"line":73},"3":{"name":"(anonymous_3)","decl":{"start":{"line":75,"column":22},"end":{"line":75,"column":23}},"loc":{"start":{"line":75,"column":28},"end":{"line":77,"column":11}},"line":75},"4":{"name":"(anonymous_4)","decl":{"start":{"line":76,"column":31},"end":{"line":76,"column":32}},"loc":{"start":{"line":76,"column":47},"end":{"line":76,"column":76}},"line":76},"5":{"name":"(anonymous_5)","decl":{"start":{"line":84,"column":22},"end":{"line":84,"column":23}},"loc":{"start":{"line":84,"column":28},"end":{"line":86,"column":11}},"line":84},"6":{"name":"(anonymous_6)","decl":{"start":{"line":85,"column":31},"end":{"line":85,"column":32}},"loc":{"start":{"line":85,"column":47},"end":{"line":85,"column":76}},"line":85},"7":{"name":"(anonymous_7)","decl":{"start":{"line":91,"column":45},"end":{"line":91,"column":46}},"loc":{"start":{"line":91,"column":55},"end":{"line":98,"column":9}},"line":91},"8":{"name":"(anonymous_8)","decl":{"start":{"line":94,"column":24},"end":{"line":94,"column":25}},"loc":{"start":{"line":94,"column":30},"end":{"line":96,"column":13}},"line":94},"9":{"name":"(anonymous_9)","decl":{"start":{"line":95,"column":33},"end":{"line":95,"column":34}},"loc":{"start":{"line":95,"column":49},"end":{"line":95,"column":78}},"line":95},"10":{"name":"(anonymous_10)","decl":{"start":{"line":107,"column":12},"end":{"line":107,"column":13}},"loc":{"start":{"line":107,"column":18},"end":{"line":119,"column":3}},"line":107},"11":{"name":"(anonymous_11)","decl":{"start":{"line":108,"column":22},"end":{"line":108,"column":23}},"loc":{"start":{"line":108,"column":34},"end":{"line":117,"column":5}},"line":108},"12":{"name":"(anonymous_12)","decl":{"start":{"line":122,"column":18},"end":{"line":122,"column":19}},"loc":{"start":{"line":122,"column":47},"end":{"line":141,"column":3}},"line":122},"13":{"name":"(anonymous_13)","decl":{"start":{"line":144,"column":19},"end":{"line":144,"column":20}},"loc":{"start":{"line":144,"column":31},"end":{"line":168,"column":3}},"line":144},"14":{"name":"(anonymous_14)","decl":{"start":{"line":146,"column":12},"end":{"line":146,"column":13}},"loc":{"start":{"line":147,"column":8},"end":{"line":151,"column":9}},"line":147},"15":{"name":"(anonymous_15)","decl":{"start":{"line":153,"column":13},"end":{"line":153,"column":14}},"loc":{"start":{"line":154,"column":8},"end":{"line":160,"column":9}},"line":154},"16":{"name":"(anonymous_16)","decl":{"start":{"line":171,"column":18},"end":{"line":171,"column":19}},"loc":{"start":{"line":171,"column":31},"end":{"line":202,"column":3}},"line":171},"17":{"name":"(anonymous_17)","decl":{"start":{"line":172,"column":16},"end":{"line":172,"column":17}},"loc":{"start":{"line":172,"column":28},"end":{"line":184,"column":5}},"line":172},"18":{"name":"(anonymous_18)","decl":{"start":{"line":187,"column":12},"end":{"line":187,"column":13}},"loc":{"start":{"line":187,"column":18},"end":{"line":194,"column":7}},"line":187},"19":{"name":"(anonymous_19)","decl":{"start":{"line":195,"column":13},"end":{"line":195,"column":14}},"loc":{"start":{"line":195,"column":22},"end":{"line":201,"column":7}},"line":195},"20":{"name":"(anonymous_20)","decl":{"start":{"line":205,"column":21},"end":{"line":205,"column":22}},"loc":{"start":{"line":205,"column":51},"end":{"line":221,"column":3}},"line":205},"21":{"name":"(anonymous_21)","decl":{"start":{"line":209,"column":17},"end":{"line":209,"column":18}},"loc":{"start":{"line":209,"column":29},"end":{"line":215,"column":5}},"line":209},"22":{"name":"(anonymous_22)","decl":{"start":{"line":217,"column":12},"end":{"line":217,"column":13}},"loc":{"start":{"line":217,"column":18},"end":{"line":217,"column":43}},"line":217},"23":{"name":"(anonymous_23)","decl":{"start":{"line":218,"column":13},"end":{"line":218,"column":14}},"loc":{"start":{"line":219,"column":8},"end":{"line":219,"column":75}},"line":219},"24":{"name":"(anonymous_24)","decl":{"start":{"line":223,"column":25},"end":{"line":223,"column":26}},"loc":{"start":{"line":223,"column":38},"end":{"line":228,"column":3}},"line":223},"25":{"name":"(anonymous_25)","decl":{"start":{"line":224,"column":24},"end":{"line":224,"column":25}},"loc":{"start":{"line":224,"column":36},"end":{"line":226,"column":5}},"line":224},"26":{"name":"(anonymous_26)","decl":{"start":{"line":231,"column":12},"end":{"line":231,"column":13}},"loc":{"start":{"line":231,"column":24},"end":{"line":255,"column":3}},"line":231},"27":{"name":"(anonymous_27)","decl":{"start":{"line":240,"column":32},"end":{"line":240,"column":33}},"loc":{"start":{"line":240,"column":39},"end":{"line":240,"column":60}},"line":240},"28":{"name":"(anonymous_28)","decl":{"start":{"line":245,"column":32},"end":{"line":245,"column":33}},"loc":{"start":{"line":245,"column":39},"end":{"line":245,"column":61}},"line":245},"29":{"name":"(anonymous_29)","decl":{"start":{"line":257,"column":28},"end":{"line":257,"column":29}},"loc":{"start":{"line":257,"column":52},"end":{"line":265,"column":3}},"line":257},"30":{"name":"(anonymous_30)","decl":{"start":{"line":260,"column":12},"end":{"line":260,"column":13}},"loc":{"start":{"line":260,"column":26},"end":{"line":262,"column":7}},"line":260},"31":{"name":"(anonymous_31)","decl":{"start":{"line":263,"column":13},"end":{"line":263,"column":14}},"loc":{"start":{"line":263,"column":22}
[...]
:{"start":{"line":117,"column":11},"end":{"line":117,"column":12}},"loc":{"start":{"line":117,"column":24},"end":{"line":159,"column":5}},"line":117},"15":{"name":"(anonymous_15)","decl":{"start":{"line":143,"column":25},"end":{"line":143,"column":26}},"loc":{"start":{"line":143,"column":31},"end":{"line":151,"column":17}},"line":143},"16":{"name":"(anonymous_16)","decl":{"start":{"line":173,"column":41},"end":{"line":173,"column":42}},"loc":{"start":{"line":173,"column":53},"end":{"line":191,"column":19}},"line":173},"17":{"name":"(anonymous_17)","decl":{"start":{"line":174,"column":61},"end":{"line":174,"column":62}},"loc":{"start":{"line":174,"column":67},"end":{"line":182,"column":25}},"line":174},"18":{"name":"(anonymous_18)","decl":{"start":{"line":176,"column":44},"end":{"line":176,"column":45}},"loc":{"start":{"line":176,"column":55},"end":{"line":176,"column":97}},"line":176},"19":{"name":"(anonymous_19)","decl":{"start":{"line":176,"column":78},"end":{"line":176,"column":79}},"loc":{"start":{"line":176,"column":85},"end":{"line":176,"column":94}},"line":176},"20":{"name":"(anonymous_20)","decl":{"start":{"line":179,"column":44},"end":{"line":179,"column":45}},"loc":{"start":{"line":179,"column":55},"end":{"line":179,"column":82}},"line":179},"21":{"name":"(anonymous_21)","decl":{"start":{"line":204,"column":38},"end":{"line":204,"column":39}},"loc":{"start":{"line":204,"column":53},"end":{"line":223,"column":19}},"line":204},"22":{"name":"(anonymous_22)","decl":{"start":{"line":205,"column":86},"end":{"line":205,"column":87}},"loc":{"start":{"line":205,"column":92},"end":{"line":214,"column":25}},"line":205},"23":{"name":"(anonymous_23)","decl":{"start":{"line":208,"column":42},"end":{"line":208,"column":43}},"loc":{"start":{"line":208,"column":53},"end":{"line":208,"column":101}},"line":208},"24":{"name":"(anonymous_24)","decl":{"start":{"line":208,"column":76},"end":{"line":208,"column":77}},"loc":{"start":{"line":208,"column":86},"end":{"line":208,"column":98}},"line":208},"25":{"name":"(anonymous_25)","decl":{"start":{"line":211,"column":42},"end":{"line":211,"column":43}},"loc":{"start":{"line":211,"column":53},"end":{"line":211,"column":80}},"line":211},"26":{"name":"(anonymous_26)","decl":{"start":{"line":250,"column":30},"end":{"line":250,"column":31}},"loc":{"start":{"line":250,"column":37},"end":{"line":260,"column":21}},"line":250},"27":{"name":"(anonymous_27)","decl":{"start":{"line":270,"column":65},"end":{"line":270,"column":66}},"loc":{"start":{"line":270,"column":71},"end":{"line":270,"column":88}},"line":270}},"branchMap":{"0":{"loc":{"start":{"line":43,"column":8},"end":{"line":53,"column":9}},"type":"if","locations":[{"start":{"line":43,"column":8},"end":{"line":53,"column":9}},{"start":{"line":51,"column":15},"end":{"line":53,"column":9}}],"line":43},"1":{"loc":{"start":{"line":60,"column":8},"end":{"line":73,"column":9}},"type":"if","locations":[{"start":{"line":60,"column":8},"end":{"line":73,"column":9}},{"start":{"line":71,"column":15},"end":{"line":73,"column":9}}],"line":60},"2":{"loc":{"start":{"line":78,"column":4},"end":{"line":82,"column":5}},"type":"if","locations":[{"start":{"line":78,"column":4},"end":{"line":82,"column":5}},{"start":{},"end":{}}],"line":78},"3":{"loc":{"start":{"line":98,"column":19},"end":{"line":98,"column":129}},"type":"cond-expr","locations":[{"start":{"line":98,"column":50},"end":{"line":98,"column":64}},{"start":{"line":98,"column":67},"end":{"line":98,"column":128}}],"line":98},"4":{"loc":{"start":{"line":99,"column":27},"end":{"line":99,"column":125}},"type":"cond-expr","locations":[{"start":{"line":99,"column":56},"end":{"line":99,"column":64}},{"start":{"line":99,"column":67},"end":{"line":99,"column":124}}],"line":99},"5":{"loc":{"start":{"line":109,"column":6},"end":{"line":111,"column":7}},"type":"if","locations":[{"start":{"line":109,"column":6},"end":{"line":111,"column":7}},{"start":{},"end":{}}],"line":109},"6":{"loc":{"start":{"line":112,"column":6},"end":{"line":114,"column":7}},"type":"if","locations":[{"start":{"line":112,"column":6},"end":{"line":114,"column":7}},{"start":{},"end":{}}],"line":112},"7":{"loc":{"start":{"line":140,"column":15},"end":{"line":154,"column":23}},"type":"binary-expr","locations":[{"start":{"line":140,"column":15},"end":{"line":140,"column":29}},{"start":{"line":140,"column":33},"end":{"line":154,"column":23}}],"line":140},"8":{"loc":{"start":{"line":175,"column":24},"end":{"line":180,"column":25}},"type":"if","locations":[{"start":{"line":175,"column":24},"end":{"line":180,"column":25}},{"start":{"line":178,"column":28},"end":{"line":180,"column":25}}],"line":175},"9":{"loc":{"start":{"line":207,"column":24},"end":{"line":212,"column":25}},"type":"if","locations":[{"start":{"line":207,"column":24},"end":{"line":212,"column":25}},{"start":{"line":210,"column":28},"end":{"line":212,"column":25}}],"line":207},"10":{"loc":{"start":{"line":229,"column":14},"end":{"line":229,"column":99}},"type":"binary-expr","locations":[{"start":{"line":229,"column":14},"end":{"line":229,"column":28}},{"start":{"line":229,"column":32},"end":{"line":229,"column":99}}],"line":229},"11":{"loc":{"start":{"line":251,"column":22},"end":{"line":253,"column":23}},"type":"if","locations":[{"start":{"line":251,"column":22},"end":{"line":253,"column":23}},{"start":{},"end":{}}],"line":251},"12":{"loc":{"start":{"line":251,"column":26},"end":{"line":251,"column":74}},"type":"binary-expr","locations":[{"start":{"line":251,"column":26},"end":{"line":251,"column":44}},{"start":{"line":251,"column":48},"end":{"line":251,"column":74}}],"line":251},"13":{"loc":{"start":{"line":254,"column":22},"end":{"line":256,"column":23}},"type":"if","locations":[{"start":{"line":254,"column":22},"end":{"line":256,"column":23}},{"start":{},"end":{}}],"line":254},"14":{"loc":{"start":{"line":257,"column":22},"end":{"line":259,"column":23}},"type":"if","locations":[{"start":{"line":257,"column":22},"end":{"line":259,"column":23}},{"start":{},"end":{}}],"line":257},"15":{"loc":{"start":{"line":276,"column":13},"end":{"line":276,"column":89}},"type":"cond-expr","locations":[{"start":{"line":276,"column":43},"end":{"line":276,"column":60}},{"start":{"line":276,"column":63},"end":{"line":276,"column":89}}],"line":276}},"s":{"0":24,"1":24,"2":24,"3":24,"4":24,"5":24,"6":24,"7":24,"8":24,"9":24,"10":24,"11":48,"12":24,"13":48,"14":1,"15":1,"16":1,"17":0,"18":0,"19":0,"20":0,"21":0,"22":0,"23":1,"24":0,"25":0,"26":0,"27":0,"28":0,"29":1,"30":1,"31":0,"32":1,"33":24,"34":2,"35":2,"36":2,"37":2,"38":2,"39":2,"40":2,"41":24,"42":32,"43":24,"44":30,"45":24,"46":24,"47":24,"48":24,"49":0,"50":24,"51":24,"52":0,"53":48,"54":1,"55":1,"56":1,"57":1,"58":1,"59":1,"60":1,"61":24,"62":24,"63":1,"64":0,"65":0,"66":0,"67":1,"68":1,"69":24,"70":1,"71":1,"72":0,"73":0,"74":0,"75":1,"76":1,"77":1,"78":0,"79":1,"80":0,"81":1,"82":0,"83":1},"f":{"0":24,"1":48,"2":48,"3":1,"4":0,"5":0,"6":0,"7":0,"8":0,"9":2,"10":32,"11":30,"12":24,"13":24,"14":48,"15":1,"16":24,"17":1,"18":0,"19":0,"20":1,"21":24,"22":1,"23":0,"24":0,"25":1,"26":1,"27":1},"b":{"0":[0,0],"1":[0,0],"2":[1,0],"3":[8,16],"4":[9,15],"5":[0,24],"6":[24,0],"7":[48,48],"8":[0,1],"9":[0,1],"10":[24,24],"11":[0,1],"12":[1,0],"13":[0,1],"14":[0,1],"15":[24,0]},"_coverageSchema":"1a1c01bbd47fc00a2c39e90264f33305004495a9","hash":"0e6e0e7a0fdc688de43fa98d7315b9e0b1a6ea8d"}
,"C:\\Users\\rocco\\AppData\\Roaming\\SPB_Data\\git\\SPG-P08\\SoftEngII-P08-SPG\\client\\src\\ReportAvailability.js": {"path":"C:\\Users\\rocco\\AppData\\Roaming\\SPB_Data\\git\\SPG-P08\\SoftEngII-P08-SPG\\client\\src\\ReportAvailability.js","statementMap":{"0":{"start":{"line":9,"column":32},"end":{"line":9,"column":47}},"1":{"start":{"line":10,"column":38},"end":{"line":10,"column":53}},"2":{"start":{"line":14,"column":35},"end":{"line":14,"column":47}},"3":{"start":{"line":15,"column":36},"end":{"line":15,"column":141}},"4":{"start":{"line":16,"column":30},"end":{"line":16,"column":44}},"5":{"start":{"line":17,"column":26},"end":{"line":17,"column":37}},"6":{"start":{"line":18,"column":28},"end":{"line":18,"column":39}},"7":{"start":{"line":19,"column":46},"end":{"line":19,"column":60}},"8":{"start":{"line":24,"column":16},"end":{"line":24,"column":30}},"9":{"start":{"line":26,"column":4},"end":{"line":31,"column":5}},"10":{"start":{"line":27,"column":8},"end":{"line":30,"column":33}},"11":{"start":{"line":28,"column":12},"end":{"line":28,"column":48}},"12":{"start":{"line":30,"column":12},"end":{"line":30,"column":33}},"13":{"start":{"line":33,"column":25},"end":{"line":62,"column":5}},"14":{"start":{"line":34,"column":8},"end":{"line":34,"column":31}},"15":{"start":{"line":35,"column":21},"end":{"line":35,"column":40}},"16":{"start":{"line":36,"column":8},"end":{"line":36,"column":27}},"17":{"start":{"line":37,"column":8},"end":{"line":60,"column":9}},"18":{"start":{"line":38,"column":12},"end":{"line":38,"column":36}},"19":{"start":{"line":40,"column":28},"end":{"line":48,"column":13}},"20":{"start":{"line":49,"column":12},"end":{"line":49,"column":33}},"21":{"start":{"line":51,"column":12},"end":{"line":51,"column":55}},"22":{"start":{"line":52,"column":12},"end":{"line":52,"column":89}},"23":{"start":{"line":53,"column":12},"end":{"line":53,"column":24}},"24":{"start":{"line":54,"column":12},"end":{"line":54,"column":48}},"25":{"start":{"line":55,"column":12},"end":{"line":55,"column":27}},"26":{"start":{"line":56,"column":12},"end":{"line":56,"column":22}},"27":{"start":{"line":57,"column":12},"end":{"line":57,"column":23}},"28":{"start":{"line":58,"column":12},"end":{"line":58,"column":35}},"29":{"start":{"line":59,"column":12},"end":{"line":59,"column":32}},"30":{"start":{"line":64,"column":4},"end":{"line":192,"column":5}},"31":{"start":{"line":84,"column":52},"end":{"line":84,"column":76}},"32":{"start":{"line":98,"column":109},"end":{"line":98,"column":136}},"33":{"start":{"line":101,"column":44},"end":{"line":103,"column":53}},"34":{"start":{"line":119,"column":129},"end":{"line":119,"column":154}},"35":{"start":{"line":133,"column":124},"end":{"line":133,"column":147}},"36":{"start":{"line":147,"column":121},"end":{"line":147,"column":145}},"37":{"start":{"line":161,"column":109},"end":{"line":161,"column":141}},"38":{"start":{"line":164,"column":44},"end":{"line":166,"column":53}},"39":{"start":{"line":181,"column":70},"end":{"line":181,"column":82}},"40":{"start":{"line":181,"column":83},"end":{"line":181,"column":119}},"41":{"start":{"line":181,"column":120},"end":{"line":181,"column":135}},"42":{"start":{"line":181,"column":136},"end":{"line":181,"column":146}},"43":{"start":{"line":181,"column":147},"end":{"line":181,"column":168}},"44":{"start":{"line":181,"column":169},"end":{"line":181,"column":180}},"45":{"start":{"line":181,"column":181},"end":{"line":181,"column":201}}},"fnMap":{"0":{"name":"ReportAvailability","decl":{"start":{"line":6,"column":9},"end":{"line":6,"column":27}},"loc":{"start":{"line":6,"column":35},"end":{"line":193,"column":1}},"line":6},"1":{"name":"(anonymous_1)","decl":{"start":{"line":33,"column":25},"end":{"line":33,"column":26}},"loc":{"start":{"line":33,"column":36},"end":{"line":62,"column":5}},"line":33},"2":{"name":"(anonymous_2)","decl":{"start":{"line":84,"column":46},"end":{"line":84,"column":47}},"loc":{"start":{"line":84,"column":52},"end":{"line":84,"column":76}},"line":84},"3":{"name":"(anonymous_3)","decl":{"start":{"line":98,"column":104},"end":{"line":98,"column":105}},"loc":{"start":{"line":98,"column":109},"end":{"line":98,"column":136}},"line":98},"4":{"name":"(anonymous_4)","decl":{"start":{"line":100,"column":61},"end":{"line":100,"column":62}},"loc":{"start":{"line":101,"column":44},"end":{"line":103,"column":53}},"line":101},"5":{"name":"(anonymous_5)","decl":{"start":{"line":119,"column":123},"end":{"line":119,"column":124}},"loc":{"start":{"line":119,"column":129},"end":{"line":119,"column":154}},"line":119},"6":{"name":"(anonymous_6)","decl":{"start":{"line":133,"column":118},"end":{"line":133,"column":119}},"loc":{"start":{"line":133,"column":124},"end":{"line":133,"column":147}},"line":133},"7":{"name":"(anonymous_7)","decl":{"start":{"line":147,"column":115},"end":{"line":147,"column":116}},"loc":{"start":{"line":147,"column":121},"end":{"line":147,"column":145}},"line":147},"8":{"name":"(anonymous_8)","decl":{"start":{"line":161,"column":104},"end":{"line":161,"column":105}},"loc":{"start":{"line":161,"column":109},"end":{"line":161,"column":141}},"line":161},"9":{"name":"(anonymous_9)","decl":{"start":{"line":163,"column":48},"end":{"line":163,"column":49}},"loc":{"start":{"line":164,"column":44},"end":{"line":166,"column":53}},"line":164},"10":{"name":"(anonymous_10)","decl":{"start":{"line":181,"column":62},"end":{"line":181,"column":63}},"loc":{"start":{"line":181,"column":68},"end":{"line":181,"column":203}},"line":181}},"branchMap":{"0":{"loc":{"start":{"line":15,"column":45},"end":{"line":15,"column":140}},"type":"cond-expr","locations":[{"start":{"line":15,"column":113},"end":{"line":15,"column":135}},{"start":{"line":15,"column":138},"end":{"line":15,"column":140}}],"line":15},"1":{"loc":{"start":{"line":15,"column":45},"end":{"line":15,"column":110}},"type":"binary-expr","locations":[{"start":{"line":15,"column":45},"end":{"line":15,"column":61}},{"start":{"line":15,"column":65},"end":{"line":15,"column":84}},{"start":{"line":15,"column":88},"end":{"line":15,"column":110}}],"line":15},"2":{"loc":{"start":{"line":26,"column":4},"end":{"line":31,"column":5}},"type":"if","locations":[{"start":{"line":26,"column":4},"end":{"line":31,"column":5}},{"start":{},"end":{}}],"line":26},"3":{"loc":{"start":{"line":27,"column":8},"end":{"line":30,"column":33}},"type":"if","locations":[{"start":{"line":27,"column":8},"end":{"line":30,"column":33}},{"start":{"line":30,"column":12},"end":{"line":30,"column":33}}],"line":27},"4":{"loc":{"start":{"line":27,"column":12},"end":{"line":27,"column":77}},"type":"binary-expr","locations":[{"start":{"line":27,"column":12},"end":{"line":27,"column":28}},{"start":{"line":27,"column":32},"end":{"line":27,"column":51}},{"start":{"line":27,"column":55},"end":{"line":27,"column":77}}],"line":27},"5":{"loc":{"start":{"line":37,"column":8},"end":{"line":60,"column":9}},"type":"if","locations":[{"start":{"line":37,"column":8},"end":{"line":60,"column":9}},{"start":{"line":39,"column":15},"end":{"line":60,"column":9}}],"line":37},"6":{"loc":{"start":{"line":37,"column":12},"end":{"line":37,"column":73}},"type":"binary-expr","locations":[{"start":{"line":37,"column":12},"end":{"line":37,"column":42}},{"start":{"line":37,"column":46},"end":{"line":37,"column":55}},{"start":{"line":37,"column":59},"end":{"line":37,"column":73}}],"line":37},"7":{"loc":{"start":{"line":85,"column":33},"end":{"line":87,"column":56}},"type":"binary-expr","locations":[{"start":{"line":85,"column":34},"end":{"line":85,"column":46}},{"start":{"line":85,"column":50},"end":{"line":85,"column":73}},{"start":{"line":85,"column":78},"end":{"line":87,"column":56}}],"line":85},"8":{"loc":{"start":{"line":99,"column":37},"end":{"line":104,"column":49}},"type":"cond-expr","locations":[{"start":{"line":100,"column":40},"end":{"line":104,"column":41}},{"start":{"line":104,"column":44},"end":{"line":104,"column":49}}],"line":99},"9":{"loc":{"start":{"line":106,"column":33},"end":{"line":108,"column":56}},"type":"binary-expr","locations":[{"start":{"line":106,"column":33},"end":{"line":106,"column":46}},{"start":{"line":106,"column":50},"end":{"line":108,"column":56}}],"line":106},"10":{"loc":{"start":{"line":120,"column":33},"end":{"line":122,"column":56}},"type":"binary-expr","locations":[{"start":{"line":120,"column":33},"end":{"line":120,"column":45}},{"start":{"line":120,"column":49},"end":{"line":122,"column":56}}],"line":120},"11":{"loc":{"start":{"line":134,"column":33},"end":{"line":136,"column":56}},"type":"binary-expr","locations":[{"start":{"line":134,"column":33},"end":{"line":134,"column":41}},{"start":{"line":134,"column":45},"end":{"line":136,"column":56}}],"line":134},"12":{"loc":{"start":{"line":148,"column":33},"end":{"line":150,"column":56}},"type":"binary-expr","locations":[{"start":{"line":148,"column":33},"end":{"line":148,"column":41}},{"start":{"line":148,"column":45},"end":{"line":150,"column":56}}],"line":148},"13":{"loc":{"start":{"line":162,"column":37},"end":{"line":167,"column":49}},"type":"cond-expr","locations":[{"start":{"line":163,"column":40},"end":{"line":167,"column":41}},{"start":{"line":167,"column":44},"end":{"line":167,"column":49}}],"line":162},"14":{"loc":{"start":{"line":169,"column":33},"end":{"line":171,"column":56}},"type":"binary-expr","locations":[{"start":{"line":169,"column":33},"end":{"line":169,"column":46}},{"start":{"line":169,"column":50},"end":{"line":171,"column":56}}],"line":169}},"s":{"0":8,"1":8,"2":8,"3":8,"4":8,"5":8,"6":8,"7":8,"8":8,"9":8,"10":1,"11":0,"12":1,"13":8,"14":0,"15":0,"16":0,"17":0,"18":0,"19":0,"20":0,"21":0,"22":0,"23":0,"24":0,"25":0,"26":0,"27":0,"28":0,"29":0,"30":8,"31":1,"32":1,"33":14,"34":1,"35":1,"36":1,"37":1,"38":24,"39":0,"40":0,"41":0,"42":0,"43":0,"44":0,"45":0},"f":{"0":8,"1":0,"2":1,"3":1,"4":14,"5":1,"6":1,"7":1,"8":1,"9":24,"10":0},"b":{"0":[7,1],"1":[8,8,7],"2":[1,7],"3":[0,1],"4":[1,1,0],"5":[0,0],"6":[0,0,0],"7":[8,6,2],"8":[8,0],"9":[8,1],"10":[8,0],"11":[8,0],"12":[8,0],"13":[8,0],"14":[8,8]},"_coverageSchema":"1a1c01bbd47fc00a2c39e90264f33305004495a9","hash":"22eace638a30a8d11f13022be888763c54ee85e9"}
,"C:\\Users\\rocco\\AppData\\Roaming\\SPB_Data\\git\\SPG-P08\\SoftEngII-P08-SPG\\client\\src\\Sidebar.js": {"path":"C:\\Users\\rocco\\AppData\\Roaming\\SPB_Data\\git\\SPG-P08\\SoftEngII-P08-SPG\\client\\src\\Sidebar.js","statementMap":{"0":{"start":{"line":5,"column":2},"end":{"line":34,"column":4}}},"fnMap":{"0":{"name":"SidebarCustom","decl":{"start":{"line":4,"column":9},"end":{"line":4,"column":22}},"loc":{"start":{"line":4,"column":25},"end":{"line":35,"column":1}},"line":4}},"branchMap":{},"s":{"0":1},"f":{"0":1},"b":{},"_coverageSchema":"1a1c01bbd47fc00a2c39e90264f33305004495a9","hash":"8be9f8d374998acaf7aed4925e286d3a0de63418"}
,"C:\\Users\\rocco\\AppData\\Roaming\\SPB_Data\\git\\SPG-P08\\SoftEngII-P08-SPG\\client\\src\\WarehouseManager.js": {"path":"C:\\Users\\rocco\\AppData\\Roaming\\SPB_Data\\git\\SPG-P08\\SoftEngII-P08-SPG\\client\\src\\WarehouseManager.js","statementMap":{"0":{"start":{"line":8,"column":2},"end":{"line":33,"column":4}}},"fnMap":{"0":{"name":"WarehouseManager","decl":{"start":{"line":5,"column":9},"end":{"line":5,"column":25}},"loc":{"start":{"line":5,"column":33},"end":{"line":34,"column":1}},"line":5}},"branchMap":{},"s":{"0":1},"f":{"0":1},"b":{},"_coverageSchema":"1a1c01bbd47fc00a2c39e90264f33305004495a9","hash":"5fcfbe5938dca12bf2db866217d951c090707b31"}
,"C:\\Users\\rocco\\AppData\\Roaming\\SPB_Data\\git\\SPG-P08\\SoftEngII-P08-SPG\\client\\src\\WarehouseWorker.js": {"path":"C:\\Users\\rocco\\AppData\\Roaming\\SPB_Data\\git\\SPG-P08\\SoftEngII-P08-SPG\\client\\src\\WarehouseWorker.js","statementMap":{"0":{"start":{"line":7,"column":2},"end":{"line":24,"column":4}}},"fnMap":{"0":{"name":"WarehouseWorker","decl":{"start":{"line":5,"column":9},"end":{"line":5,"column":24}},"loc":{"start":{"line":5,"column":32},"end":{"line":25,"column":1}},"line":5}},"branchMap":{},"s":{"0":1},"f":{"0":1},"b":{},"_coverageSchema":"1a1c01bbd47fc00a2c39e90264f33305004495a9","hash":"7b37b50e6acecbd9c1787d94872a570834d89b84"}
,"C:\\Users\\rocco\\AppData\\Roaming\\SPB_Data\\git\\SPG-P08\\SoftEngII-P08-SPG\\client\\src\\styleMock.js": {"path":"C:\\Users\\rocco\\AppData\\Roaming\\SPB_Data\\git\\SPG-P08\\SoftEngII-P08-SPG\\client\\src\\styleMock.js","statementMap":{"0":{"start":{"line":1,"column":0},"end":{"line":1,"column":20}}},"fnMap":{},"branchMap":{},"s":{"0":2},"f":{},"b":{},"_coverageSchema":"1a1c01bbd47fc00a2c39e90264f33305004495a9","hash":"bd1ee46460d34f21a2ea7658e78b38631816b9b1"}
}
