{"C:\\Users\\rocco\\AppData\\Roaming\\SPB_Data\\git\\SPG-P08\\SoftEngII-P08-SPG\\client\\src\\API.js": {"path":"C:\\Users\\rocco\\AppData\\Roaming\\SPB_Data\\git\\SPG-P08\\SoftEngII-P08-SPG\\client\\src\\API.js","statementMap":{"0":{"start":{"line":1,"column":12},"end":{"line":1,"column":18}},"1":{"start":{"line":5,"column":2},"end":{"line":40,"column":5}},"2":{"start":{"line":6,"column":4},"end":{"line":39,"column":9}},"3":{"start":{"line":20,"column":8},"end":{"line":35,"column":9}},"4":{"start":{"line":21,"column":10},"end":{"line":21,"column":35}},"5":{"start":{"line":23,"column":10},"end":{"line":34,"column":15}},"6":{"start":{"line":26,"column":14},"end":{"line":26,"column":26}},"7":{"start":{"line":29,"column":14},"end":{"line":33,"column":17}},"8":{"start":{"line":38,"column":8},"end":{"line":38,"column":77}},"9":{"start":{"line":45,"column":17},"end":{"line":45,"column":21}},"10":{"start":{"line":46,"column":2},"end":{"line":105,"column":3}},"11":{"start":{"line":48,"column":6},"end":{"line":54,"column":9}},"12":{"start":{"line":55,"column":6},"end":{"line":55,"column":12}},"13":{"start":{"line":57,"column":6},"end":{"line":63,"column":9}},"14":{"start":{"line":64,"column":6},"end":{"line":64,"column":12}},"15":{"start":{"line":66,"column":6},"end":{"line":72,"column":9}},"16":{"start":{"line":73,"column":6},"end":{"line":73,"column":12}},"17":{"start":{"line":75,"column":6},"end":{"line":81,"column":9}},"18":{"start":{"line":82,"column":6},"end":{"line":82,"column":12}},"19":{"start":{"line":84,"column":6},"end":{"line":90,"column":9}},"20":{"start":{"line":91,"column":6},"end":{"line":91,"column":12}},"21":{"start":{"line":93,"column":6},"end":{"line":99,"column":9}},"22":{"start":{"line":100,"column":6},"end":{"line":100,"column":12}},"23":{"start":{"line":103,"column":6},"end":{"line":103,"column":43}},"24":{"start":{"line":104,"column":6},"end":{"line":104,"column":18}},"25":{"start":{"line":106,"column":2},"end":{"line":117,"column":3}},"26":{"start":{"line":107,"column":4},"end":{"line":107,"column":57}},"27":{"start":{"line":108,"column":17},"end":{"line":108,"column":38}},"28":{"start":{"line":109,"column":4},"end":{"line":109,"column":16}},"29":{"start":{"line":111,"column":4},"end":{"line":116,"column":5}},"30":{"start":{"line":112,"column":24},"end":{"line":112,"column":45}},"31":{"start":{"line":113,"column":6},"end":{"line":113,"column":30}},"32":{"start":{"line":115,"column":6},"end":{"line":115,"column":16}},"33":{"start":{"line":121,"column":2},"end":{"line":121,"column":53}},"34":{"start":{"line":127,"column":19},"end":{"line":127,"column":49}},"35":{"start":{"line":128,"column":19},"end":{"line":128,"column":40}},"36":{"start":{"line":129,"column":2},"end":{"line":133,"column":3}},"37":{"start":{"line":130,"column":4},"end":{"line":130,"column":20}},"38":{"start":{"line":132,"column":4},"end":{"line":132,"column":19}},"39":{"start":{"line":137,"column":2},"end":{"line":154,"column":5}},"40":{"start":{"line":139,"column":4},"end":{"line":152,"column":6}},"41":{"start":{"line":147,"column":6},"end":{"line":151,"column":7}},"42":{"start":{"line":148,"column":8},"end":{"line":148,"column":34}},"43":{"start":{"line":150,"column":8},"end":{"line":150,"column":21}},"44":{"start":{"line":159,"column":19},"end":{"line":165,"column":4}},"45":{"start":{"line":166,"column":17},"end":{"line":166,"column":38}},"46":{"start":{"line":167,"column":2},"end":{"line":171,"column":3}},"47":{"start":{"line":168,"column":4},"end":{"line":168,"column":18}},"48":{"start":{"line":170,"column":4},"end":{"line":170,"column":17}},"49":{"start":{"line":175,"column":2},"end":{"line":207,"column":5}},"50":{"start":{"line":176,"column":4},"end":{"line":206,"column":9}},"51":{"start":{"line":187,"column":8},"end":{"line":202,"column":9}},"52":{"start":{"line":188,"column":10},"end":{"line":188,"column":35}},"53":{"start":{"line":190,"column":10},"end":{"line":201,"column":15}},"54":{"start":{"line":193,"column":14},"end":{"line":193,"column":26}},"55":{"start":{"line":196,"column":14},"end":{"line":200,"column":17}},"56":{"start":{"line":205,"column":8},"end":{"line":205,"column":77}},"57":{"start":{"line":212,"column":16},"end":{"line":226,"column":3}},"58":{"start":{"line":214,"column":21},"end":{"line":220,"column":6}},"59":{"start":{"line":222,"column":15},"end":{"line":222,"column":36}},"60":{"start":{"line":223,"column":4},"end":{"line":225,"column":5}},"61":{"start":{"line":224,"column":6},"end":{"line":224,"column":26}},"62":{"start":{"line":230,"column":4},"end":{"line":267,"column":7}},"63":{"start":{"line":231,"column":6},"end":{"line":266,"column":11}},"64":{"start":{"line":242,"column":10},"end":{"line":262,"column":11}},"65":{"start":{"line":245,"column":12},"end":{"line":245,"column":37}},"66":{"start":{"line":247,"column":12},"end":{"line":261,"column":17}},"67":{"start":{"line":250,"column":16},"end":{"line":250,"column":28}},"68":{"start":{"line":253,"column":16},"end":{"line":260,"column":19}},"69":{"start":{"line":265,"column":10},"end":{"line":265,"column":79}},"70":{"start":{"line":270,"column":11},"end":{"line":270,"column":32}},"71":{"start":{"line":271,"column":2},"end":{"line":271,"column":18}},"72":{"start":{"line":272,"column":15},"end":{"line":272,"column":52}},"73":{"start":{"line":274,"column":2},"end":{"line":274,"column":16}},"74":{"start":{"line":278,"column":2},"end":{"line":310,"column":5}},"75":{"start":{"line":279,"column":4},"end":{"line":309,"column":9}},"76":{"start":{"line":290,"column":8},"end":{"line":305,"column":9}},"77":{"start":{"line":291,"column":10},"end":{"line":291,"column":35}},"78":{"start":{"line":293,"column":10},"end":{"line":304,"column":15}},"79":{"start":{"line":296,"column":14},"end":{"line":296,"column":26}},"80":{"start":{"line":299,"column":14},"end":{"line":303,"column":17}},"81":{"start":{"line":308,"column":8},"end":{"line":308,"column":77}},"82":{"start":{"line":315,"column":2},"end":{"line":344,"column":5}},"83":{"start":{"line":316,"column":4},"end":{"line":343,"column":9}},"84":{"start":{"line":324,"column":8},"end":{"line":339,"column":9}},"85":{"start":{"line":325,"column":10},"end":{"line":325,"column":35}},"86":{"start":{"line":327,"column":10},"end":{"line":338,"column":15}},"87":{"start":{"line":330,"column":14},"end":{"line":330,"column":26}},"88":{"start":{"line":333,"column":14},"end":{"line":337,"column":17}},"89":{"start":{"line":342,"column":8},"end":{"line":342,"column":77}},"90":{"start":{"line":349,"column":2},"end":{"line":381,"column":5}},"91":{"start":{"line":350,"column":4},"end":{"line":380,"column":9}},"92":{"start":{"line":361,"column":8},"end":{"line":376,"column":9}},"93":{"start":{"line":362,"column":10},"end":{"line":362,"column":35}},"94":{"start":{"line":364,"column":10},"end":{"line":375,"column":15}},"95":{"start":{"line":367,"column":14},"end":{"line":367,"column":26}},"96":{"start":{"line":370,"column":14},"end":{"line":374,"column":17}},"97":{"start":{"line":379,"column":8},"end":{"line":379,"column":77}},"98":{"start":{"line":385,"column":2},"end":{"line":417,"column":5}},"99":{"start":{"line":386,"column":4},"end":{"line":416,"column":9}},"100":{"start":{"line":397,"column":8},"end":{"line":412,"column":9}},"101":{"start":{"line":398,"column":10},"end":{"line":398,"column":35}},"102":{"start":{"line":400,"column":10},"end":{"line":411,"column":15}},"103":{"start":{"line":403,"column":14},"end":{"line":403,"column":26}},"104":{"start":{"line":406,"column":14},"end":{"line":410,"column":17}},"105":{"start":{"line":415,"column":8},"end":{"line":415,"column":77}},"106":{"start":{"line":421,"column":2},"end":{"line":456,"column":5}},"107":{"start":{"line":422,"column":25},"end":{"line":427,"column":6}},"108":{"start":{"line":423,"column":6},"end":{"line":426,"column":8}},"109":{"start":{"line":428,"column":4},"end":{"line":455,"column":9}},"110":{"start":{"line":436,"column":8},"end":{"line":451,"column":9}},"111":{"start":{"line":437,"column":10},"end":{"line":437,"column":35}},"112":{"start":{"line":439,"column":10},"end":{"line":450,"column":15}},"113":{"start":{"line":442,"column":14},"end":{"line":442,"column":26}},"114":{"start":{"line":445,"column":14},"end":{"line":449,"column":17}},"115":{"start":{"line":454,"column":8},"end":{"line":454,"column":77}},"116":{"start":{"line":460,"column":2},"end":{"line":489,"column":5}},"117":{"start":{"line":461,"column":4},"end":{"line":488,"column":9}},"118":{"start":{"line":469,"column":8},"end":{"line":484,"column":9}},"119":{"start":{"line":470,"column":10},"end":{"line":470,"column":35}},"120":{"start":{"line":472,"column":10},"end":{"line":483,"column":15}},"121":{"start":{"line":475,"column":14},"end":{"line":475,"column":26}},"122":{"start":{"line":478,"column":14},"end":{"line":482,"column":17}},"123":{"start":{"line":487,"column":8},"end":{"line":487,"column":77}},"124":{"start":{"line":494,"column":2},"end":{"line":523,"column":5}},"125":{"start":{"line":495,"column":4},"end":{"line":522,"column":9}},"126":{"start":{"line":503,"column":8},"end":{"line":518,"column":9}},"127":{"start":{"line":504,"column":10},"end":{"line":504,"column":35}},"128":{"start":{"line":506,"column":10},"end":{"line":517,"column":15}},"129":{"start":{"line":509,"column":14},"end":{"line":509,"column":26}},"130":{"start":{"line":512,"column":14},"end":{"line":516,"column":17}},"131":{"start":{"line":521,"column":8},"end":{"line":521,"column":77}},"132":{"start":{"line":528,"column":2},"end":{"line":561,"column":4}},"133":{"start":{"line":530,"column":6},"end":{"line":560,"column":10}},"134":{"start":{"line":538,"column":10},"end":{"line":556,"column":11}},"135":{"start":{"line":539,"column":12},"end":{"line":539,"column":37}},"136":{"start":{"line":541,"column":12},"end":{"line":555,"column":17}},"137":{"start":{"line":544,"column":16},"end":{"line":544,"column":28}},"138":{"start":{"line":547,"column":16},"end":{"line":554,"column":19}},"139":{"start":{"line":559,"column":10},"end":{"line":559,"column":79}},"140":{"start":{"line":565,"column":2},"end":{"line":594,"column":5}},"141":{"start":{"line":566,"column":4},"end":{"line":593,"column":9}},"142":{"start":{"line":574,"column":8},"end":{"line":589,"column":9}},"143":{"start":{"line":575,"column":10},"end":{"line":575,"column":35}},"144":{"start":{"line":577,"column":10},"end":{"line":588,"column":15}},"145":{"start":{"line":580,"column":14},"end":{"line":580,"column":26}},"146":{"start":{"line":583,"column":14},"end":{"line":587,"column":17}},"147":{"start":{"line":592,"column":8},"end":{"line":592,"column":77}},"148":{"start":{"line":598,"column":2},"end":{"line":633,"column":5}},"149":{"start":{"line":599,"column":28},"end":{"line":604,"column":6}},"150":{"start":{"line":600,"column":6},"end":{"line":603,"column":8}},"151":{"start":{"line":605,"column":4},"end":{"line":632,"column":9}},"152":{"start":{"line":613,"column":8},"end":{"line":628,"column":9}},"153":{"start":{"line":614,"column":10},"end":{"line":614,"column":35}},"154":{"start":{"line":616,"column":10},"end":{"line":627,"column":15}},"155":{"start":{"line":619,"column":14},"end":{"line":619,"column":26}},"156":{"start":{"line":622,"column":14},"end":{"line":626,"column":17}},"157":{"start":{"line":631,"column":8},"end":{"line":631,"column":77}},"158":{"start":{"line":638,"column":17},"end":{"line":653,"column":3}},"159":{"start":{"line":639,"column":21},"end":{"line":645,"column":6}},"160":{"start":{"line":647,"column":19},"end":{"line":647,"column":40}},"161":{"start":{"line":648,"column":4},"end":{"line":652,"column":5}},"162":{"start":{"line":649,"column":6},"end":{"line":649,"column":19}},"163":{"start":{"line":651,"column":6},"end":{"line":651,"column":21}},"164":{"start":{"line":655,"column":17},"end":{"line":655,"column":32}},"165":{"start":{"line":656,"column":2},"end":{"line":656,"column":18}},"166":{"start":{"line":664,"column":2},"end":{"line":698,"column":4}},"167":{"start":{"line":666,"column":6},"end":{"line":697,"column":10}},"168":{"start":{"line":675,"column":10},"end":{"line":693,"column":11}},"169":{"start":{"line":676,"column":12},"end":{"line":676,"column":37}},"170":{"start":{"line":678,"column":12},"end":{"line":692,"column":17}},"171":{"start":{"line":681,"column":16},"end":{"line":681,"column":28}},"172":{"start":{"line":684,"column":16},"end":{"line":691,"column":19}},"173":{"start":{"line":696,"column":10},"end":{"line":696,"column":79}},"174":{"start":{"line":703,"column":19},"end":{"line":703,"column":43}},"175":{"start":{"line":704,"column":15},"end":{"line":704,"column":36}},"176":{"start":{"line":705,"column":2},"end":{"line":707,"column":3}},"177":{"start":{"line":706,"column":4},"end":{"line":706,"column":16}},"178":{"start":{"line":711,"column":19},"end":{"line":711,"column":50}},"179":{"start":{"line":712,"column":15},"end":{"line":712,"column":36}},"180":{"start":{"line":713,"column":2},"end":{"line":715,"column":3}},"181":{"start":{"line":714,"column":4},"end":{"line":714,"column":16}},"182":{"start":{"line":720,"column":2},"end":{"line":720,"column":27}},"183":{"start":{"line":721,"column":2},"end":{"line":721,"column":22}},"184":{"start":{"line":722,"column":2},"end":{"line":733,"column":5}},"185":{"start":{"line":737,"column":22},"end":{"line":773,"column":3}},"186":{"start":{"line":741,"column":4},"end":{"line":772,"column":5}},"187":{"start":{"line":742,"column":18},"end":{"line":742,"column":20}},"188":{"start":{"line":743,"column":26},"end":{"line":751,"column":7}},"189":{"start":{"line":744,"column":25},"end":{"line":746,"column":9}},"190":{"start":{"line":747,"column":28},"end":{"line":747,"column":49}},"191":{"start":{"line":748,"column":8},"end":{"line":750,"column":9}},"192":{"start":{"line":749,"column":10},"end":{"line":749,"column":46}},"193":{"start":{"line":749,"column":32},"end":{"line":749,"column":45}},"194":{"start":{"line":752,"column":27},"end":{"line":760,"column":7}},"195":{"start":{"line":753,"column":26},"end":{"line":755,"column":9}},"196":{"start":{"line":756,"column":29},"end":{"line":756,"column":51}},"197":{"start":{"line":757,"column":8},"end":{"line":759,"column":9}},"198":{"start":{"line":758,"column":10},"end":{"line":758,"column":47}},"199":{"start":{"line":758,"column":33},"end":{"line":758,"column":46}},"200":{"start":{"line":762,"column":6},"end":{"line":762,"column":34}},"201":{"start":{"line":763,"column":6},"end":{"line":763,"column":35}},"202":{"start":{"line":765,"column":6},"end":{"line":765,"column":19}},"203":{"start":{"line":767,"column":23},"end":{"line":767,"column":51}},"204":{"start":{"line":768,"column":26},"end":{"line":768,"column":47}},"205":{"start":{"line":769,"column":6},"end":{"line":771,"column":7}},"206":{"start":{"line":770,"column":8},"end":{"line":770,"column":27}},"207":{"start":{"line":775,"column":22},"end":{"line":809,"column":3}},"208":{"start":{"line":777,"column":4},"end":{"line":808,"column":5}},"209":{"start":{"line":778,"column":23},"end":{"line":778,"column":66}},"210":{"start":{"line":779,"column":26},"end":{"line":779,"column":47}},"211":{"start":{"line":780,"column":6},"end":{"line":782,"column":7}},"212":{"start":{"line":781,"column":8},"end":{"line":781,"column":27}},"213":{"start":{"line":783,"column":11},"end":{"line":808,"column":5}},"214":{"start":{"line":784,"column":23},"end":{"line":786,"column":7}},"215":{"start":{"line":787,"column":26},"end":{"line":787,"column":47}},"216":{"start":{"line":788,"column":6},"end":{"line":790,"column":7}},"217":{"start":{"line":789,"column":8},"end":{"line":789,"column":27}},"218":{"start":{"line":791,"column":11},"end":{"line":808,"column":5}},"219":{"start":{"line":792,"column":23},"end":{"line":794,"column":7}},"220":{"start":{"line":795,"column":26},"end":{"line":795,"column":47}},"221":{"start":{"line":796,"column":6},"end":{"line":798,"column":7}},"222":{"start":{"line":797,"column":8},"end":{"line":797,"column":27}},"223":{"start":{"line":800,"column":9},"end":{"line":808,"column":5}},"224":{"start":{"line":801,"column":23},"end":{"line":803,"column":7}},"225":{"start":{"line":804,"column":26},"end":{"line":804,"column":47}},"226":{"start":{"line":805,"column":6},"end":{"line":807,"column":7}},"227":{"start":{"line":806,"column":8},"end":{"line":806,"column":27}},"228":{"start":{"line":811,"column":21},"end":{"line":820,"column":3}},"229":{"start":{"line":813,"column":4},"end":{"line":819,"column":5}},"230":{"start":{"line":814,"column":23},"end":{"line":814,"column":50}},"231":{"start":{"line":815,"column":25},"end":{"line":815,"column":46}},"232":{"start":{"line":816,"column":6},"end":{"line":818,"column":7}},"233":{"start":{"line":817,"column":8},"end":{"line":817,"column":26}},"234":{"start":{"line":822,"column":24},"end":{"line":829,"column":3}},"235":{"start":{"line":824,"column":21},"end":{"line":824,"column":51}},"236":{"start":{"line":825,"column":23},"end":{"line":825,"column":44}},"237":{"start":{"line":826,"column":4},"end":{"line":828,"column":5}},"238":{"start":{"line":827,"column":6},"end":{"line":827,"column":24}},"239":{"start":{"line":831,"column":25},"end":{"line":840,"column":3}},"240":{"start":{"line":833,"column":4},"end":{"line":839,"column":5}},"241":{"start":{"line":834,"column":23},"end":{"line":834,"column":51}},"242":{"start":{"line":835,"column":23},"end":{"line":835,"column":44}},"243":{"start":{"line":836,"column":6},"end":{"line":838,"column":7}},"244":{"start":{"line":837,"column":8},"end":{"line":837,"column":24}},"245":{"start":{"line":842,"column":33},"end":{"line":851,"column":3}},"246":{"start":{"line":844,"column":4},"end":{"line":850,"column":5}},"247":{"start":{"line":845,"column":23},"end":{"line":845,"column":62}},"248":{"start":{"line":846,"column":34},"end":{"line":846,"column":55}},"249":{"start":{"line":847,"column":6},"end":{"line":849,"column":7}},"250":{"start":{"line":848,"column":8},"end":{"line":848,"column":35}},"251":{"start":{"line":853,"column":17},"end":{"line":853,"column":36}},"252":{"start":{"line":854,"column":17},"end":{"line":854,"column":36}},"253":{"start":{"line":855,"column":16},"end":{"line":855,"column":34}},"254":{"start":{"line":856,"column":19},"end":{"line":856,"column":40}},"255":{"start":{"line":857,"column":20},"end":{"line":857,"column":42}},"256":{"start":{"line":858,"column":28},"end":{"line":858,"column":58}},"257":{"start":{"line":860,"column":2},"end":{"line":860,"column":87}},"258":{"start":{"line":865,"column":12},"end":{"line":890,"column":1}}},"fnMap":{"0":{"name":"addUser","decl":{"start":{"line":3,"column":9},"end":{"line":3,"column":16}},"loc":{"start":{"line":3,"column":26},"end":{"line":41,"column":1}},"line":3},"1":{"name":"(anonymous_1)","decl":{"start":{"line":5,"column":21},"end":{"line":5,"column":22}},"loc":{"start":{"line":5,"column":42},"end":{"line":40,"column":3}},"line":5},"2":{"name":"(anonymous_2)","decl":{"start":{"line":19,"column":12},"end":{"line":19,"column":13}},"loc":{"start":{"line":19,"column":26},"end":{"line":36,"column":7}},"line":19},"3":{"name":"(anonymous_3)","decl":{"start":{"line":25,"column":18},"end":{"line":25,"column":19}},"loc":{"start":{"line":25,"column":27},"end":{"line":27,"column":13}},"line":25},"4":{"name":"(anonymous_4)","decl":{"start":{"line":28,"column":19},"end":{"line":28,"column":20}},"loc":{"start":{"line":28,"column":28},"end":{"line":34,"column":13}},"line":28},"5":{"name":"(anonymous_5)","decl":{"start":{"line":37,"column":13},"end":{"line":37,"column":14}},"loc":{"start":{"line":37,"column":22},"end":{"line":39,"column":7}},"line":37},"6":{"name":"logIn","decl":{"start":{"line":43,"column":15},"end":{"line":43,"column":20}},"loc":{"start":{"line":43,"column":40},"end":{"line":118,"column":1}},"line":43},"7":{"name":"logOut","decl":{"start":{"line":120,"column":15},"end":{"line":120,"column":21}},"loc":{"start":{"line":120,"column":24},"end":{"line":122,"column":1}},"line":120},"8":{"name":"getUserInfo","decl":{"start":{"line":126,"column":15},"end":{"line":126,"column":26}},"loc":{"start":{"line":126,"column":29},"end":{"line":134,"column":1}},"line":126},"9":{"name":"getClientByEmail","decl":{"start":{"line":136,"column":15},"end":{"line":136,"column":31}},"loc":{"start":{"line":136,"column":39},"end":{"line":155,"column":1}},"line":136},"10":{"name":"(anonymous_10)","decl":{"start":{"line":137,"column":21},"end":{"line":137,"column":22}},"loc":{"start":{"line":137,"column":42},"end":{"line":154,"column":3}},"line":137},"11":{"name":"(anonymous_11)","decl":{"start":{"line":145,"column":12},"end":{"line":145,"column":13}},"loc":{"start":{"line":145,"column":24},"end":{"line":152,"column":5}},"line":145},"12":{"name":"getWalletById","decl":{"start":{"line":157,"column":15},"end":{"line":157,"column":28}},"loc":{"start":{"line":157,"column":33},"end":{"line":172,"column":1}},"line":157},"13":{"name":"setNewWallet","decl":{"start":{"line":174,"column":15},"end":{"line":174,"column":27}},"loc":{"start":{"line":174,"column":40},"end":{"line":208,"column":1}},"line":174},"14":{"name":"(anonymous_14)","decl":{"start":{"line":175,"column":21},"end":{"line":175,"column":22}},"loc":{"start":{"line":175,"column":42},"end":{"line":207,"column":3}},"line":175},"15":{"name":"(anonymous_15)","decl":{"start":{"line":186,"column":12},"end":{"line":186,"column":13}},"loc":{"start":{"line":186,"column":26},"end":{"line":203,"column":7}},"line":186},"16":{"name":"(anonymous_16)","decl":{"start":{"line":192,"column":18},"end":{"line":192,"column":19}},"loc":{"start":{"line":192,"column":27},"end":{"line":194,"column":13}},"line":192},"17":{"name":"(anonymous_17)","decl":{"start":{"line":195,"column":19},"end":{"line":195,"column":20}},"loc":{"start":{"line":195,"column":28},"end":{"line":201,"column":13}},"line":195},"18":{"name":"(anonymous_18)","decl":{"start":{"line":204,"column":13},"end":{"line":204,"column":14}},"loc":{"start":{"line":204,"column":22},"end":{"line":206,"column":7}},"line":204},"19":{"name":"newBooking","decl":{"start":{"line":210,"column":15},"end":{"line":210,"column":25}},"loc":{"start":{"line":210,"column":46},"end":{"line":275,"column":1}},"line":210},"20":{"name":"(anonymous_20)","decl":{"start":{"line":212,"column":16},"end":{"line":212,"column":17}},"loc":{"start":{"line":212,"column":36},"end":{"line":226,"column":3}},"line":212},"21":{"name":"newBookingProduct","decl":{"start":{"line":228,"column":17},"end":{"line":228,"column":34}},"loc":{"start":{"line":228,"column":57},"end":{"line":268,"column":3}},"line":228},"22":{"name":"(anonymous_22)","decl":{"start":{"line":230,"column":23},"end":{"line":230,"column":24}},"loc":{"start":{"line":230,"column":44},"end":{"line":267,"column":5}},"line":230},"23":{"name":"(anonymous_23)","decl":{"start":{"line":241,"column":14},"end":{"line":241,"column":15}},"loc":{"start":{"line":241,"column":28},"end":{"line":263,"column":9}},"line":241},"24":{"name":"(anonymous_24)","decl":{"start":{"line":249,"column":20},"end":{"line":249,"column":21}},"loc":{"start":{"line":249,"column":29},"end":{"line":251,"column":15}},"line":249},"25":{"name":"(anonymous_25)","decl":{"start":{"line":252,"column":21},"end":{"line":252,"column":22}},"loc":{"start":{"line":252,"column":30},"end":{"line":261,"column":15}},"line":252},"26":{"name":"(anonymous_26)","decl":{"start":{"line":264,"column":15},"end":{"line":264,"column":16}},"loc":{"start":{"line":264,"column":24},"end":{"line":266,"column":9}},"line":264},"27":{"name":"confirmBooking","decl":{"start":{"line":277,"column":15},"end":{"line":277,"column":29}},"loc":{"start":{"line":277,"column":34},"end":{"line":311,"column":1}},"line":277},"28":{"name":"(anonymous_28)","decl":{"start":{"line":278,"column":21},"end":{"line":278,"column":22}},"loc":{"start":{"line":278,"column":42},"end":{"line":310,"column":3}},"line":278},"29":{"name":"(anonymous_29)","decl":{"start":{"line":289,"column":12},"end":{"line":289,"column":13}},"loc":{"start":{"line":289,"column":26},"end":{"line":306,"column":7}},"line":289},"30":{"name":"(anonymous_30)","decl":{"start":{"line":295,"column":18},"end":{"line":295,"column":19}},"loc":{"start":{"line":295,"column":27},"end":{"line":297,"column":13}},"line":295},"31":{"name":"(anonymous_31)","decl":{"start":{"line":298,"column":19},"end":{"line":298,"column":20}},"loc":{"start":{"line":298,"column":28},"end":{"line":304,"column":13}},"line":298},"32":{"name":"(anonymous_32)","decl":{"start":{"line":307,"column":13},"end":{"line":307,"column":14}},"loc":{"start":{"line":307,"column":22},"end":{"line":309,"column":7}},"line":307},"33":{"name":"newBookingMode","decl":{"start":{"line":313,"column":15},"end":{"line":313,"column":29}},"loc":{"start":{"line":313,"column":39},"end":{"line":345,"column":1}},"line":313},"34":{"name":"(anonymous_34)","decl":{"start":{"line":315,"column":21},"end":{"line":315,"column":22}},"loc":{"start":{"line":315,"column":42},"end":{"line":344,"column":3}},"line":315},"35":{"name":"(anonymous_35)","decl":{"start":{"line":323,"column":12},"end":{"line":323,"column":13}},"loc":{"start":{"line":323,"column":26},"end":{"line":340,"column":7}},"line":323},"36":{"name":"(anonymous_36)","decl":{"start":{"line":329,"column":18},"end":{"line":329,"column":19}},"loc":{"start":{"line":329,"column":27},"end":{"line":331,"column":13}},"line":329},"37":{"name":"(anonymous_37)","decl":{"start":{"line":332,"column":19},"end":{"line":332,"column":20}},"loc":{"start":{"line":332,"column":28},"end":{"line":338,"column":13}},"line":332},"38":{"name":"(anonymous_38)","decl":{"start":{"line":341,"column":13},"end":{"line":341,"column":14}},"loc":{"start":{"line":341,"column":22},"end":{"line":343,"column":7}},"line":341},"39":{"name":"editProductQty","decl":{"start":{"line":347,"column":15},"end":{"line":347,"column":29}},"loc":{"start":{"line":347,"column":47},"end":{"line":382,"column":1}},"line":347},"40":{"name":"(anonymous_40)","decl":{"start":{"line":349,"column":21},"end":{"line":349,"column":22}},"loc":{"start":{"line":349,"column":42},"end":{"line":381,"column":3}},"line":349},"41":{"name":"(anonymous_41)","decl":{"start":{"line":360,"column":12},"end":{"line":360,"column":13}},"loc":{"start":{"line":360,"column":26},"end":{"line":377,"column":7}},"line":360},"42":{"name":"(anonymous_42)","decl":{"start":{"line":366,"column":18},"end":{"line":366,"column":19}},"loc":{"start":{"line":366,"column":27},"end":{"line":368,"column":13}},"line":366},"43":{"name":"(anonymous_43)","decl":{"start":{"line":369,"column":19},"end":{"line":369,"column":20}},"loc":{"start":{"line":369,"column":28},"end":{"line":375,"column":13}},"line":369},"44":{"name":"(anonymous_44)","decl":{"start":{"line":378,"column":13},"end":{"line":378,"column":14}},"loc":{"start":{"line":378,"column":22},"end":{"line":380,"column":7}},"line":378},"45":{"name":"confirmAck","decl":{"start":{"line":384,"column":15},"end":{"line":384,"column":25}},"loc":{"start":{"line":384,"column":30},"end":{"line":418,"column":1}},"line":384},"46":{"name":"(anonymous_46)","decl":{"start":{"line":385,"column":21},"end":{"line":385,"column":22}},"loc":{"start":{"line":385,"column":42},"end":{"line":417,"column":3}},"line":385},"47":{"name":"(anonymous_47)","decl":{"start":{"line":396,"column":12},"end":{"line":396,"column":13}},"loc":{"start":{"line":396,"column":26},"end":{"line":413,"column":7}},"line":396},"48":{"name":"(anonymous_48)","decl":{"start":{"line":402,"column":18},"end":{"line":402,"column":19}},"loc":{"start":{"line":402,"column":27},"end":{"line":404,"column":13}},"line":402},"49":{"name":"(anonymous_49)","decl":{"start":{"line":405,"column":19},"end":{"line":405,"column":20}},"loc":{"start":{"line":405,"column":28},"end":{"line":411,"column":13}},"line":405},"50":{"name":"(anonymous_50)","decl":{"start":{"line":414,"column":13},"end":{"line":414,"column":14}},"loc":{"start":{"line":414,"column":22},"end":{"line":416,"column":7}},"line":414},"51":{"name":"confirmDeliveryProducts","decl":{"start":{"line":420,"column":15},"end":{"line":420,"column":38}},"loc":{"start":{"line":420,"column":52},"end":{"line":457,"column":1}},"line":420},"52":{"name":"(anonymous_52)","decl":{"start":{"line":421,"column":21},"end":{"line":421,"column":22}},"loc":{"start":{"line":421,"column":42},"end":{"line":456,"column":3}},"line":421},"53":{"name":"(anonymous_53)","decl":{"start":{"line":422,"column":41},"end":{"line":422,"column":42}},"loc":{"start":{"line":422,"column":54},"end":{"line":427,"column":5}},"line":422},"54":{"name":"(anonymous_54)","decl":{"start":{"line":435,"column":12},"end":{"line":435,"column":13}},"loc":{"start":{"line":435,"column":26},"end":{"line":452,"column":7}},"line":435},"55":{"name":"(anonymous_55)","decl":{"start":{"line":441,"column":18},"end":{"line":441,"column":19}},"loc":{"start":{"line":441,"column":27},"end":{"line":443,"column":13}},"line":441},"56":{"name":"(anonymous_56)","decl":{"start":{"line":444,"column":19},"end":{"line":444,"column":20}},"loc":{"start":{"line":444,"column":28},"end":{"line":450,"column":13}},"line":444},"57":{"name":"(anonymous_57)","decl":{"start":{"line":453,"column":13},"end":{"line":453,"column":14}},"loc":{"start":{"line":453,"column":22},"end":{"line":455,"column":7}},"line":453},"58":{"name":"confirmProductsFarmer","decl":{"start":{"line":459,"column":15},"end":{"line":459,"column":36}},"loc":{"start":{"line":459,"column":46},"end":{"line":490,"column":1}},"line":459},"59":{"name":"(anonymous_59)","decl":{"start":{"line":460,"column":21},"end":{"line":460,"column":22}},"loc":{"start":{"line":460,"column":42},"end":{"line":489,"column":3}},"line":460},"60":{"name":"(anonymous_60)","decl":{"start":{"line":468,"column":12},"end":{"line":468,"column":13}},"loc":{"start":{"line":468,"column":26},"end":{"line":485,"column":7}},"line":468},"61":{"name":"(anonymous_61)","decl":{"start":{"line":474,"column":18},"end":{"line":474,"column":19}},"loc":{"start":{"line":474,"column":27},"end":{"line":476,"column":13}},"line":474},"62":{"name":"(anonymous_62)","decl":{"start":{"line":477,"column":19},"end":{"line":477,"column":20}},"loc":{"start":{"line":477,"column":28},"end":{"line":483,"column":13}},"line":477},"63":{"name":"(anonymous_63)","decl":{"start":{"line":486,"column":13},"end":{"line":486,"column":14}},"loc":{"start":{"line":486,"column":22},"end":{"line":488,"column":7}},"line":486},"64":{"name":"newAck","decl":{"start":{"line":492,"column":15},"end":{"line":492,"column":21}},"loc":{"start":{"line":492,"column":39},"end":{"line":524,"column":1}},"line":492},"65":{"name":"(anonymous_65)","decl":{"start":{"line":494,"column":21},"end":{"line":494,"column":22}},"loc":{"start":{"line":494,"column":42},"end":{"line":523,"column":3}},"line":494},"66":{"name":"(anonymous_66)","decl":{"start":{"line":502,"column":12},"end":{"line":502,"column":13}},"loc":{"start":{"line":502,"column":26},"end":{"line":519,"column":7}},"line":502},"67":{"name":"(anonymous_67)","decl":{"start":{"line":508,"column":18},"end":{"line":508,"column":19}},"loc":{"start":{"line":508,"column":27},"end":{"line":510,"column":13}},"line":508},"68":{"name":"(anonymous_68)","decl":{"start":{"line":511,"column":19},"end":{"line":511,"column":20}},"loc":{"start":{"line":511,"column":28},"end":{"line":517,"column":13}},"line":511},"69":{"name":"(anonymous_69)","decl":{"start":{"line":520,"column":13},"end":{"line":520,"column":14}},"loc":{"start":{"line":520,"column":22},"end":{"line":522,"column":7}},"line":520},"70":{"name":"newFutureProduct","decl":{"start":{"line":526,"column":15},"end":{"line":526,"column":31}},"loc":{"start":{"line":526,"column":46},"end":{"line":562,"column":1}},"line":526},"71":{"name":"(anonymous_71)","decl":{"start":{"line":529,"column":4},"end":{"line":529,"column":5}},"loc":{"start":{"line":530,"column":6},"end":{"line":560,"column":10}},"line":530},"72":{"name":"(anonymous_72)","decl":{"start":{"line":537,"column":14},"end":{"line":537,"column":15}},"loc":{"start":{"line":537,"column":28},"end":{"line":557,"column":9}},"line":537},"73":{"name":"(anonymous_73)","decl":{"start":{"line":543,"column":20},"end":{"line":543,"column":21}},"loc":{"start":{"line":543,"column":29},"end":{"line":545,"column":15}},"line":543},"74":{"name":"(anonymous_74)","decl":{"start":{"line":546,"column":21},"end":{"line":546,"column":22}},"loc":{"start":{"line":546,"column":30},"end":{"line":555,"column":15}},"line":546},"75":{"name":"(anonymous_75)","decl":{"start":{"line":558,"column":15},"end":{"line":558,"column":16}},"loc":{"start":{"line":558,"column":24},"end":{"line":560,"column":9}},"line":558},"76":{"name":"confirmPreparation","decl":{"start":{"line":564,"column":15},"end":{"line":564,"column":33}},"loc":{"start":{"line":564,"column":38},"end":{"line":595,"column":1}},"line":564},"77":{"name":"(anonymous_77)","decl":{"start":{"line":565,"column":21},"end":{"line":565,"column":22}},"loc":{"start":{"line":565,"column":42},"end":{"line":594,"column":3}},"line":565},"78":{"name":"(anonymous_78)","decl":{"start":{"line":573,"column":12},"end":{"line":573,"column":13}},"loc":{"start":{"line":573,"column":26},"end":{"line":590,"column":7}},"line":573},"79":{"name":"(anonymous_79)","decl":{"start":{"line":579,"column":18},"end":{"line":579,"column":19}},"loc":{"start":{"line":579,"column":27},"end":{"line":581,"column":13}},"line":579},"80":{"name":"(anonymous_80)","decl":{"start":{"line":582,"column":19},"end":{"line":582,"column":20}},"loc":{"start":{"line":582,"column":28},"end":{"line":588,"column":13}},"line":582},"81":{"name":"(anonymous_81)","decl":{"start":{"line":591,"column":13},"end":{"line":591,"column":14}},"loc":{"start":{"line":591,"column":22},"end":{"line":593,"column":7}},"line":591},"82":{"name":"confirmPreparationFarmer","decl":{"start":{"line":597,"column":15},"end":{"line":597,"column":39}},"loc":{"start":{"line":597,"column":53},"end":{"line":634,"column":1}},"line":597},"83":{"name":"(anonymous_83)","decl":{"start":{"line":598,"column":21},"end":{"line":598,"column":22}},"loc":{"start":{"line":598,"column":42},"end":{"line":633,"column":3}},"line":598},"84":{"name":"(anonymous_84)","decl":{"start":{"line":599,"column":44},"end":{"line":599,"column":45}},"loc":{"start":{"line":599,"column":57},"end":{"line":604,"column":5}},"line":599},"85":{"name":"(anonymous_85)","decl":{"start":{"line":612,"column":12},"end":{"line":612,"column":13}},"loc":{"start":{"line":612,"column":26},"end":{"line":629,"column":7}},"line":612},"86":{"name":"(anonymous_86)","decl":{"start":{"line":618,"column":18},"end":{"line":618,"column":19}},"loc":{"start":{"line":618,"column":27},"end":{"line":620,"column":13}},"line":618},"87":{"name":"(anonymous_87)","decl":{"start":{"line":621,"column":19},"end":{"line":621,"column":20}},"loc":{"start":{"line":621,"column":28},"end":{"line":627,"column":13}},"line":621},"88":{"name":"(anonymous_88)","decl":{"start":{"line":630,"column":13},"end":{"line":630,"column":14}},"loc":{"start":{"line":630,"column":22},"end":{"line":632,"column":7}},"line":630},"89":{"name":"updateOrder","decl":{"start":{"line":636,"column":15},"end":{"line":636,"column":26}},"loc":{"start":{"line":636,"column":36},"end":{"line":657,"column":1}},"line":636},"90":{"name":"(anonymous_90)","decl":{"start":{"line":638,"column":17},"end":{"line":638,"column":18}},"loc":{"start":{"line":638,"column":36},"end":{"line":653,"column":3}},"line":638},"91":{"name":"setDate","decl":{"start":{"line":663,"column":15},"end":{"line":663,"column":22}},"loc":{"start":{"line":663,"column":29},"end":{"line":699,"column":1}},"line":663},"92":{"name":"(anonymous_92)","decl":{"start":{"line":665,"column":4},"end":{"line":665,"column":5}},"loc":{"start":{"line":666,"column":6},"end":{"line":697,"column":10}},"line":666},"93":{"name":"(anonymous_93)","decl":{"start":{"line":674,"column":14},"end":{"line":674,"column":15}},"loc":{"start":{"line":674,"column":28},"end":{"line":694,"column":9}},"line":674},"94":{"name":"(anonymous_94)","decl":{"start":{"line":680,"column":20},"end":{"line":680,"column":21}},"loc":{"start":{"line":680,"column":29},"end":{"line":682,"column":15}},"line":680},"95":{"name":"(anonymous_95)","decl":{"start":{"line":683,"column":21},"end":{"line":683,"column":22}},"loc":{"start":{"line":683,"column":30},"end":{"line":692,"column":15}},"line":683},"96":{"name":"(anonymous_96)","decl":{"start":{"line":695,"column":15},"end":{"line":695,"column":16}},"loc":{"start":{"line":695,"column":24},"end":{"line":697,"column":9}},"line":695},"97":{"name":"getTime","decl":{"start":{"line":702,"column":15},"end":{"line":702,"column":22}},"loc":{"start":{"line":702,"column":25},"end":{"line":708,"column":1}},"line":702},"98":{"name":"enableDisableVirtualClock","decl":{"start":{"line":710,"column":15},"end":{"line":710,"column":40}},"loc":{"start":{"line":710,"column":43},"end":{"line":716,"column":1}},"line":710},"99":{"name":"deleteProductBooking","decl":{"start":{"line":718,"column":15},"end":{"line":718,"column":35}},"loc":{"start":{"line":718,"column":45},"end":{"line":734,"column":1}},"line":718},"100":{"name":"attaccoDoS","decl":{"start":{"line":736,"column":15},"end":{"line":736,"column":25}},"loc":{"start":{"line":736,"column":36},"end":{"line":861,"column":1}},"line":736},"101":{"name":"(anonymous_101)","decl":{"start":{"line":737,"column":22},"end":{"line":737,"column":23}},"loc":{"start":{"line":737,"column":34},"end":{"line":773,"column":3}},"line":737},"102":{"name":"(anonymous_102)","decl":{"start":{"line":743,"column":26},"end":{"line":743,"column":27}},"loc":{"start":{"line":743,"column":46},"end":{"line":751,"column":7}},"line":743},"103":{"name":"(anonymous_103)","decl":{"start":{"line":749,"column":26},"end":{"line":749,"column":27}},"loc":{"start":{"line":749,"column":32},"end":{"line":749,"column":45}},"line":749},"104":{"name":"(anonymous_104)","decl":{"start":{"line":752,"column":27},"end":{"line":752,"column":28}},"loc":{"start":{"line":752,"column":47},"end":{"line":760,"column":7}},"line":752},"105":{"name":"(anonymous_105)","decl":{"start":{"line":758,"column":27},"end":{"line":758,"column":28}},"loc":{"start":{"line":758,"column":33},"end":{"line":758,"column":46}},"line":758},"106":{"name":"(anonymous_106)","decl":{"start":{"line":775,"column":22},"end":{"line":775,"column":23}},"loc":{"start":{"line":775,"column":34},"end":{"line":809,"column":3}},"line":775},"107":{"name":"(anonymous_107)","decl":{"start":{"line":811,"column":21},"end":{"line":811,"column":22}},"loc":{"start":{"line":811,"column":33},"end":{"line":820,"column":3}},"line":811},"108":{"name":"(anonymous_108)","decl":{"start":{"line":822,"column":24},"end":{"line":822,"column":25}},"loc":{"start":{"line":822,"column":36},"end":{"line":829,"column":3}},"line":822},"109":{"name":"(anonymous_109)","decl":{"start":{"line":831,"column":25},"end":{"line":831,"column":26}},"loc":{"start":{"line":831,"column":35},"end":{"line":840,"column":3}},"line":831},"110":{"name":"(anonymous_110)","decl":{"start":{"line":842,"column":33},"end":{"line":842,"column":34}},"loc":{"start":{"line":842,"column":44},"end":{"line":851,"column":3}},"line":842}},"branchMap":{"0":{"loc":{"start":{"line":20,"column":8},"end":{"line":35,"column":9}},"type":"if","locations":[{"start":{"line":20,"column":8},"end":{"line":35,"column":9}},{"start":{"line":22,"column":15},"end":{"line":35,"column":9}}],"line":20},"1":{"loc":{"start":{"line":46,"column":2},"end":{"line":105,"column":3}},"type":"switch","locations":[{"start":{"line":47,"column":4},"end":{"line":55,"column":12}},{"start":{"line":56,"column":4},"end":{"line":64,"column":12}},{"start":{"line":65,"column":4},"end":{"line":73,"column":12}},{"start":{"line":74,"column":4},"end":{"line":82,"column":12}},{"start":{"line":83,"column":4},"end":{"line":91,"column":12}},{"start":{"line":92,"column":4},"end":{"line":100,"column":12}},{"start":{"line":101,"column":4},"end":{"line":104,"column":18}}],"line":46},"2":{"loc":{"start":{"line":106,"column":2},"end":{"line":117,"column":3}},"type":"if","locations":[{"start":{"line":106,"column":2},"end":{"line":117,"column":3}},{"start":{"line":110,"column":9},"end":{"line":117,"column":3}}],"line":106},"3":{"loc":{"start":{"line":129,"column":2},"end":{"line":133,"column":3}},"type":"if","locations":[{"start":{"line":129,"column":2},"end":{"line":133,"column":3}},{"start":{"line":131,"column":9},"end":{"line":133,"column":3}}],"line":129},"4":{"loc":{"start":{"line":147,"column":6},"end":{"line":151,"column":7}},"type":"if","locations":[{"start":{"line":147,"column":6},"end":{"line":151,"column":7}},{"start":{"line":149,"column":13},"end":{"line":151,"column":7}}],"line":147},"5":{"loc":{"start":{"line":167,"column":2},"end":{"line":171,"column":3}},"type":"if","locations":[{"start":{"line":167,"column":2},"end":{"line":171,"column":3}},{"start":{"line":169,"column":9},"end":{"line":171,"column":3}}],"line":167},"6":{"loc":{"start":{"line":187,"column":8},"end":{"line":202,"column":9}},"type":"if","locations":[{"start":{"line":187,"column":8},"end":{"line":202,"column":9}},{"start":{"line":189,"column":15},"end":{"line":202,"column":9}}],"line":187},"7":{"loc":{"start":{"line":223,"column":4},"end":{"line":225,"column":5}},"type":"if","locations":[{"start":{"line":223,"column":4},"end":{"line":225,"column":5}},{"start":{},"end":{}}],"line":223},"8":{"loc":{"start":{"line":242,"column":10},"end":{"line":262,"column":11}},"type":"if","locations":[{"start":{"line":242,"column":10},"end":{"line":262,"column":11}},{"start":{"line":246,"column":17},"end":{"line":262,"column":11}}],"line":242},"9":{"loc":{"start":{"line":290,"column":8},"end":{"line":305,"column":9}},"type":"if","locations":[{"start":{"line":290,"column":8},"end":{"line":305,"column":9}},{"start":{"line":292,"column":15},"end":{"line":305,"column":9}}],"line":290},"10":{"loc":{"start":{"line":324,"column":8},"end":{"line":339,"column":9}},"type":"if","locations":[{"start":{"line":324,"column":8},"end":{"line":339,"column":9}},{"start":{"line":326,"column":15},"end":{"line":339,"column":9}}],"line":324},"11":{"loc":{"start":{"line":361,"column":8},"end":{"line":376,"column":9}},"type":"if","locations":[{"start":{"line":361,"column":8},"end":{"line":376,"column":9}},{"start":{"line":363,"column":15},"end":{"line":376,"column":9}}],"line":361},"12":{"loc":{"start":{"line":397,"column":8},"end":{"line":412,"column":9}},"type":"if","locations":[{"start":{"line":397,"column":8},"end":{"line":412,"column":9}},{"start":{"line":399,"column":15},"end":{"line":412,"column":9}}],"line":397},"13":{"loc":{"start":{"line":436,"column":8},"end":{"line":451,"column":9}},"type":"if","locations":[{"start":{"line":436,"column":8},"end":{"line":451,"column":9}},{"start":{"line":438,"column":15},"end":{"line":451,"column":9}}],"line":436},"14":{"loc":{"start":{"line":469,"column":8},"end":{"line":484,"column":9}},"type":"if","locations":[{"start":{"line":469,"column":8},"end":{"line":484,"column":9}},{"start":{"line":471,"column":15},"end":{"line":484,"column":9}}],"line":469},"15":{"loc":{"start":{"line":503,"column":8},"end":{"line":518,"column":9}},"type":"if","locations":[{"start":{"line":503,"column":8},"end":{"line":518,"column":9}},{"start":{"line":505,"column":15},"end":{"line":518,"column":9}}],"line":503},"16":{"loc":{"start":{"line":538,"column":10},"end":{"line":556,"column":11}},"type":"if","locations":[{"start":{"line":538,"column":10},"end":{"line":556,"column":11}},{"start":{"line":540,"column":17},"end":{"line":556,"column":11}}],"line":538},"17":{"loc":{"start":{"line":574,"column":8},"end":{"line":589,"column":9}},"type":"if","locations":[{"start":{"line":574,"column":8},"end":{"line":589,"column":9}},{"start":{"line":576,"column":15},"end":{"line":589,"column":9}}],"line":574},"18":{"loc":{"start":{"line":613,"column":8},"end":{"line":628,"column":9}},"type":"if","locations":[{"start":{"line":613,"column":8},"end":{"line":628,"column":9}},{"start":{"line":615,"column":15},"end":{"line":628,"column":9}}],"line":613},"19":{"loc":{"start":{"line":648,"column":4},"end":{"line":652,"column":5}},"type":"if","locations":[{"start":{"line":648,"column":4},"end":{"line":652,"column":5}},{"start":{"line":650,"column":11},"end":{"line":652,"column":5}}],"line":648},"20":{"loc":{"start":{"line":675,"column":10},"end":{"line":693,"column":11}},"type":"if","locations":[{"start":{"line":675,"column":10},"end":{"line":693,"column":11}},{"start":{"line":677,"column":17},"end":{"line":693,"column":11}}],"line":675},"21":{"loc":{"start":{"line":705,"column":2},"end":{"line":707,"column":3}},"type":"if","locations":[{"start":{"line":705,"column":2},"end":{"line":707,"column":3}},{"start":{},"end":{}}],"line":705},"22":{"loc":{"start":{"line":713,"column":2},"end":{"line":715,"column":3}},"type":"if","locations":[{"start":{"line":713,"column":2},"end":{"line":715,"column":3}},{"start":{},"end":{}}],"line":713},"23":{"loc":{"start":{"line":741,"column":4},"end":{"line":772,"column":5}},"type":"if","locations":[{"start":{"line":741,"column":4},"end":{"line":772,"column":5}},{"start":{"line":766,"column":11},"end":{"line":772,"column":5}}],"line":741},"24":{"loc":{"start":{"line":741,"column":8},"end":{"line":741,"column":64}},"type":"binary-expr","locations":[{"start":{"line":741,"column":8},"end":{"line":741,"column":16}},{"start":{"line":741,"column":20},"end":{"line":741,"column":31}},{"start":{"line":741,"column":35},"end":{"line":741,"column":64}}],"line":741},"25":{"loc":{"start":{"line":748,"column":8},"end":{"line":750,"column":9}},"type":"if","locations":[{"start":{"line":748,"column":8},"end":{"line":750,"column":9}},{"start":{},"end":{}}],"line":748},"26":{"loc":{"start":{"line":757,"column":8},"end":{"line":759,"column":9}},"type":"if","locations":[{"start":{"line":757,"column":8},"end":{"line":759,"column":9}},{"start":{},"end":{}}],"line":757},"27":{"loc":{"start":{"line":769,"column":6},"end":{"line":771,"column":7}},"type":"if","locations":[{"start":{"line":769,"column":6},"end":{"line":771,"column":7}},{"start":{},"end":{}}],"line":769},"28":{"loc":{"start":{"line":777,"column":4},"end":{"line":808,"column":5}},"type":"if","locations":[{"start":{"line":777,"column":4},"end":{"line":808,"column":5}},{"start":{"line":783,"column":11},"end":{"line":808,"column":5}}],"line":777},"29":{"loc":{"start":{"line":777,"column":8},"end":{"line":777,"column":64}},"type":"binary-expr","locations":[{"start":{"line":777,"column":8},"end":{"line":777,"column":16}},{"start":{"line":777,"column":20},"end":{"line":777,"column":31}},{"start":{"line":777,"column":35},"end":{"line":777,"column":64}}],"line":777},"30":{"loc":{"start":{"line":780,"column":6},"end":{"line":782,"column":7}},"type":"if","locations":[{"start":{"line":780,"column":6},"end":{"line":782,"column":7}},{"start":{},"end":{}}],"line":780},"31":{"loc":{"start":{"line":783,"column":11},"end":{"line":808,"column":5}},"type":"if","locations":[{"start":{"line":783,"column":11},"end":{"line":808,"column":5}},{"start":{"line":791,"column":11},"end":{"line":808,"column":5}}],"line":783},"32":{"loc":{"start":{"line":783,"column":15},"end":{"line":783,"column":71}},"type":"binary-expr","locations":[{"start":{"line":783,"column":15},"end":{"line":783,"column":23}},{"start":{"line":783,"column":27},"end":{"line":783,"column":38}},{"start":{"line":783,"column":42},"end":{"line":783,"column":71}}],"line":783},"33":{"loc":{"start":{"line":788,"column":6},"end":{"line":790,"column":7}},"type":"if","locations":[{"start":{"line":788,"column":6},"end":{"line":790,"column":7}},{"start":{},"end":{}}],"line":788},"34":{"loc":{"start":{"line":791,"column":11},"end":{"line":808,"column":5}},"type":"if","locations":[{"start":{"line":791,"column":11},"end":{"line":808,"column":5}},{"start":{"line":800,"column":9},"end":{"line":808,"column":5}}],"line":791},"35":{"loc":{"start":{"line":791,"column":15},"end":{"line":791,"column":71}},"type":"binary-expr","locations":[{"start":{"line":791,"column":15},"end":{"line":791,"column":23}},{"start":{"line":791,"column":27},"end":{"line":791,"column":38}},{"start":{"line":791,"column":42},"end":{"line":791,"column":71}}],"line":791},"36":{"loc":{"start":{"line":796,"column":6},"end":{"line":798,"column":7}},"type":"if","locations":[{"start":{"line":796,"column":6},"end":{"line":798,"column":7}},{"start":{},"end":{}}],"line":796},"37":{"loc":{"start":{"line":800,"column":9},"end":{"line":808,"column":5}},"type":"if","locations":[{"start":{"line":800,"column":9},"end":{"line":808,"column":5}},{"start":{},"end":{}}],"line":800},"38":{"loc":{"start":{"line":800,"column":13},"end":{"line":800,"column":69}},"type":"binary-expr","locations":[{"start":{"line":800,"column":13},"end":{"line":800,"column":21}},{"start":{"line":800,"column":25},"end":{"line":800,"column":36}},{"start":{"line":800,"column":40},"end":{"line":800,"column":69}}],"line":800},"39":{"loc":{"start":{"line":805,"column":6},"end":{"line":807,"column":7}},"type":"if","locations":[{"start":{"line":805,"column":6},"end":{"line":807,"column":7}},{"start":{},"end":{}}],"line":805},"40":{"loc":{"start":{"line":813,"column":4},"end":{"line":819,"column":5}},"type":"if","locations":[{"start":{"line":813,"column":4},"end":{"line":819,"column":5}},{"start":{},"end":{}}],"line":813},"41":{"loc":{"start":{"line":813,"column":8},"end":{"line":813,"column":64}},"type":"binary-expr","locations":[{"start":{"line":813,"column":8},"end":{"line":813,"column":16}},{"start":{"line":813,"column":20},"end":{"line":813,"column":31}},{"start":{"line":813,"column":35},"end":{"line":813,"column":64}}],"line":813},"42":{"loc":{"start":{"line":816,"column":6},"end":{"line":818,"column":7}},"type":"if","locations":[{"start":{"line":816,"column":6},"end":{"line":818,"column":7}},{"start":{},"end":{}}],"line":816},"43":{"loc":{"start":{"line":826,"column":4},"end":{"line":828,"column":5}},"type":"if","locations":[{"start":{"line":826,"column":4},"end":{"line":828,"column":5}},{"start":{},"end":{}}],"line":826},"44":{"loc":{"start":{"line":833,"column":4},"end":{"line":839,"column":5}},"type":"if","locations":[{"start":{"line":833,"column":4},"end":{"line":839,"column":5}},{"start":{},"end":{}}],"line":833},"45":{"loc":{"start":{"line":833,"column":8},"end":{"line":833,"column":64}},"type":"binary-expr","locations":[{"start":{"line":833,"column":8},"end":{"line":833,"column":16}},{"start":{"line":833,"column":20},"end":{"line":833,"column":31}},{"start":{"line":833,"column":35},"end":{"line":833,"column":64}}],"line":833},"46":{"loc":{"start":{"line":836,"column":6},"end":{"line":838,"column":7}},"type":"if","locations":[{"start":{"line":836,"column":6},"end":{"line":838,"column":7}},{"start":{},"end":{}}],"line":836},"47":{"loc":{"start":{"line":844,"column":4},"end":{"line":850,"column":5}},"type":"if","locations":[{"start":{"line":844,"column":4},"end":{"line":850,"column":5}},{"start":{},"end":{}}],"line":844},"48":{"loc":{"start":{"line":844,"column":8},"end":{"line":844,"column":64}},"type":"binary-expr","locations":[{"start":{"line":844,"column":8},"end":{"line":844,"column":16}},{"start":{"line":844,"column":20},"end":{"line":844,"column":31}},{"start":{"line":844,"column":35},"end":{"line":844,"column":64}}],"line":844},"49":{"loc":{"start":{"line":847,"column":6},"end":{"line":849,"column":7}},"type":"if","locations":[{"start":{"line":847,"column":6},"end":{"line":849,"column":7}},{"start":{},"end":{}}],"line":847}},"s":{"0":3,"1":1,"2":1,"3":0,"4":0,"5":0,"6":0,"7":0,"8":0,"9":1,"10":1,"11":0,"12":0,"13":0,"14":0,"15":0,"16":0,"17":0,"18":0,"19":0,"20":0,"21":0,"22":0,"23":1,"24":1,"25":0,"26":0,"27":0,"28":0,"29":0,"30":0,"31":0,"32":0,"33":1,"34":5,"35":1,"36":1,"37":0,"38":1,"39":1,"40":1,"41":1,"42":0,"43":1,"44":1,"45":1,"46":1,"47":0,"48":1,"49":1,"50":1,"51":1,"52":0,"53":1,"54":1,"55":0,"56":0,"57":1,"58":1,"59":1,"60":1,"61":0,"62":1,"63":1,"64":1,"65":0,"66":1,"67":1,"68":0,"69":0,"70":1,"71":1,"72":1,"73":0,"74":1,"75":1,"76":1,"77":0,"78":1,"79":1,"80":0,"81":0,"82":1,"83":1,"84":1,"85":0,"86":1,"87":1,"88":0,"89":0,"90":1,"91":1,"92":1,"93":0,"94":1,"95":1,"96":0,"97":0,"98":1,"99":1,"100":1,"101":0,"102":1,"103":1,"104":0,"105":0,"106":1,"107":1,"108":0,"109":0,"110":0,"111":0,"112":0,"113":0,"114":0,"115":0,"116":1,"117":1,"118":1,"119":0,"120":1,"121":1,"122":0,"123":0,"124":1,"125":1,"126":1,"127":0,"128":1,"129":1,"130":0,"131":0,"132":1,"133":1,"134":1,"135":0,"136":1,"137":1,"138":0,"139":0,"140":1,"141":1,"142":1,"143":0,"144":1,"145":1,"146":0,"147":0,"148":0,"149":0,"150":0,"151":0,"152":0,"153":0,"154":0,"155":0,"156":0,"157":0,"158":0,"159":0,"160":0,"161":0,"162":0,"163":0,"164":0,"165":0,"166":1,"167":1,"168":1,"169":0,"170":1,"171":1,"172":0,"173":0,"174":0,"175":0,"176":0,"177":0,"178":0,"179":0,"180":0,"181":0,"182":0,"183":0,"184":0,"185":12,"186":12,"187":1,"188":1,"189":1,"190":1,"191":1,"192":0,"193":0,"194":1,"195":1,"196":1,"197":1,"198":0,"199":0,"200":1,"201":1,"202":1,"203":11,"204":3,"205":3,"206":0,"207":12,"208":4,"209":1,"210":1,"211":1,"212":0,"213":3,"214":1,"215":1,"216":1,"217":0,"218":2,"219":1,"220":1,"221":1,"222":0,"223":1,"224":0,"225":0,"226":0,"227":0,"228":12,"229":4,"230":1,"231":1,"232":1,"233":0,"234":12,"235":4,"236":4,"237":4,"238":0,"239":12,"240":4,"241":1,"242":1,"243":1,"244":0,"245":12,"246":4,"247":0,"248":0,"249":0,"250":0,"251":12,"252":4,"253":4,"254":4,"255":4,"256":4,"257":4,"258":3},"f":{"0":1,"1":1,"2":0,"3":0,"4":0,"5":0,"6":1,"7":1,"8":5,"9":1,"10":1,"11":1,"12":1,"13":1,"14":1,"15":1,"16":1,"17":0,"18":0,"19":1,"20":1,"21":1,"22":1,"23":1,"24":1,"25":0,"26":0,"27":1,"28":1,"29":1,"30":1,"31":0,"32":0,"33":1,"34":1,"35":1,"36":1,"37":0,"38":0,"39":1,"40":1,"41":1,"42":1,"43":0,"44":0,"45":1,"46":1,"47":1,"48":1,"49":0,"50":0,"51":1,"52":1,"53":0,"54":0,"55":0,"56":0,"57":0,"58":1,"59":1,"60":1,"61":1,"62":0,"63":0,"64":1,"65":1,"66":1,"67":1,"68":0,"69":0,"70":1,"71":1,"72":1,"73":1,"74":0,"75":0,"76":1,"77":1,"78":1,"79":1,"80":0,"81":0,"82":0,"83":0,"84":0,"85":0,"86":0,"87":0,"88":0,"89":0,"90":0,"91":1,"92":1,"93":1,"94":1,"95":0,"96":0,"97":0,"98":0,"99":0,"100":12,"101":12,"102":1,"103":0,"104":1,"105":0,"106":4,"107":4,"108":4,"109":4,"110":4},"b":{"0":[0,0],"1":[0,0,0,0,0,0,1],"2":[0,0],"3":[0,1],"4":[0,1],"5":[0,1],"6":[0,1],"7":[0,1],"8":[0,1],"9":[0,1],"10":[0,1],"11":[0,1],"12":[0,1],"13":[0,0],"14":[0,1],"15":[0,1],"16":[0,1],"17":[0,1],"18":[0,0],"19":[0,0],"20":[0,1],"21":[0,0],"22":[0,0],"23":[1,11],"24":[12,12,4],"25":[0,1],"26":[0,1],"27":[0,3],"28":[1,3],"29":[4,4,4],"30":[0,1],"31":[1,2],"32":[3,3,3],"33":[0,1],"34":[1,1],"35":[2,2,2],"36":[0,1],"37":[0,1],"38":[1,1,1],"39":[0,0],"40":[1,3],"41":[4,4,4],"42":[0,1],"43":[0,4],"44":[1,3],"45":[4,4,4],"46":[0,1],"47":[0,4],"48":[4,4,4],"49":[0,0]},"_coverageSchema":"1a1c01bbd47fc00a2c39e90264f33305004495a9","hash":"015084f9ad1d02d2fd24e1b5b6292716de709615"}
,"C:\\Users\\rocco\\AppData\\Roaming\\SPB_Data\\git\\SPG-P08\\SoftEngII-P08-SPG\\client\\src\\AcknowledgeDeliveryManager.js": {"path":"C:\\Users\\rocco\\AppData\\Roaming\\SPB_Data\\git\\SPG-P08\\SoftEngII-P08-SPG\\client\\src\\AcknowledgeDeliveryManager.js","statementMap":{"0":{"start":{"line":13,"column":8},"end":{"line":15,"column":9}},"1":{"start":{"line":14,"column":12},"end":{"line":14,"column":55}},"2":{"start":{"line":16,"column":8},"end":{"line":38,"column":11}},"3":{"start":{"line":17,"column":12},"end":{"line":37,"column":18}},"4":{"start":{"line":29,"column":32},"end":{"line":29,"column":57}},"5":{"start":{"line":41,"column":4},"end":{"line":48,"column":6}}},"fnMap":{"0":{"name":"AcknowledgeDeliveryFarmer","decl":{"start":{"line":10,"column":24},"end":{"line":10,"column":49}},"loc":{"start":{"line":10,"column":57},"end":{"line":49,"column":1}},"line":10},"1":{"name":"acknowledgeActions","decl":{"start":{"line":12,"column":13},"end":{"line":12,"column":31}},"loc":{"start":{"line":12,"column":34},"end":{"line":39,"column":5}},"line":12},"2":{"name":"(anonymous_2)","decl":{"start":{"line":16,"column":38},"end":{"line":16,"column":39}},"loc":{"start":{"line":17,"column":12},"end":{"line":37,"column":18}},"line":17},"3":{"name":"(anonymous_3)","decl":{"start":{"line":27,"column":37},"end":{"line":27,"column":38}},"loc":{"start":{"line":27,"column":43},"end":{"line":30,"column":29}},"line":27}},"branchMap":{"0":{"loc":{"start":{"line":13,"column":8},"end":{"line":15,"column":9}},"type":"if","locations":[{"start":{"line":13,"column":8},"end":{"line":15,"column":9}},{"start":{},"end":{}}],"line":13},"1":{"loc":{"start":{"line":45,"column":19},"end":{"line":45,"column":124}},"type":"cond-expr","locations":[{"start":{"line":45,"column":73},"end":{"line":45,"column":93}},{"start":{"line":45,"column":96},"end":{"line":45,"column":124}}],"line":45},"2":{"loc":{"start":{"line":45,"column":19},"end":{"line":45,"column":70}},"type":"binary-expr","locations":[{"start":{"line":45,"column":19},"end":{"line":45,"column":37}},{"start":{"line":45,"column":41},"end":{"line":45,"column":70}}],"line":45}},"s":{"0":1,"1":0,"2":1,"3":1,"4":1,"5":2},"f":{"0":2,"1":1,"2":1,"3":1},"b":{"0":[0,1],"1":[1,1],"2":[2,2]},"_coverageSchema":"1a1c01bbd47fc00a2c39e90264f33305004495a9","hash":"675f6dbd7291f857fed38c258b04e157ca1b75eb"}
,"C:\\Users\\rocco\\AppData\\Roaming\\SPB_Data\\git\\SPG-P08\\SoftEngII-P08-SPG\\client\\src\\App.js": {"path":"C:\\Users\\rocco\\AppData\\Roaming\\SPB_Data\\git\\SPG-P08\\SoftEngII-P08-SPG\\client\\src\\App.js","statementMap":{"0":{"start":{"line":40,"column":34},"end":{"line":40,"column":46}},"1":{"start":{"line":41,"column":46},"end":{"line":41,"column":58}},"2":{"start":{"line":42,"column":38},"end":{"line":42,"column":50}},"3":{"start":{"line":43,"column":32},"end":{"line":43,"column":44}},"4":{"start":{"line":44,"column":34},"end":{"line":44,"column":46}},"5":{"start":{"line":45,"column":40},"end":{"line":45,"column":52}},"6":{"start":{"line":46,"column":44},"end":{"line":46,"column":58}},"7":{"start":{"line":47,"column":40},"end":{"line":47,"column":55}},"8":{"start":{"line":48,"column":34},"end":{"line":48,"column":49}},"9":{"start":{"line":49,"column":34},"end":{"line":49,"column":46}},"10":{"start":{"line":50,"column":26},"end":{"line":50,"column":38}},"11":{"start":{"line":51,"column":30},"end":{"line":51,"column":45}},"12":{"start":{"line":52,"column":26},"end":{"line":52,"column":46}},"13":{"start":{"line":53,"column":40},"end":{"line":53,"column":55}},"14":{"start":{"line":54,"column":40},"end":{"line":54,"column":54}},"15":{"start":{"line":55,"column":30},"end":{"line":55,"column":40}},"16":{"start":{"line":56,"column":64},"end":{"line":56,"column":76}},"17":{"start":{"line":57,"column":44},"end":{"line":57,"column":58}},"18":{"start":{"line":58,"column":38},"end":{"line":58,"column":50}},"19":{"start":{"line":59,"column":42},"end":{"line":59,"column":54}},"20":{"start":{"line":60,"column":34},"end":{"line":60,"column":48}},"21":{"start":{"line":61,"column":62},"end":{"line":61,"column":74}},"22":{"start":{"line":62,"column":55},"end":{"line":62,"column":67}},"23":{"start":{"line":69,"column":2},"end":{"line":110,"column":20}},"24":{"start":{"line":70,"column":4},"end":{"line":70,"column":26}},"25":{"start":{"line":71,"column":4},"end":{"line":106,"column":5}},"26":{"start":{"line":73,"column":6},"end":{"line":82,"column":8}},"27":{"start":{"line":74,"column":8},"end":{"line":81,"column":10}},"28":{"start":{"line":77,"column":14},"end":{"line":77,"column":80}},"29":{"start":{"line":77,"column":49},"end":{"line":77,"column":78}},"30":{"start":{"line":85,"column":6},"end":{"line":105,"column":7}},"31":{"start":{"line":86,"column":8},"end":{"line":86,"column":32}},"32":{"start":{"line":87,"column":8},"end":{"line":90,"column":19}},"33":{"start":{"line":88,"column":10},"end":{"line":88,"column":76}},"34":{"start":{"line":88,"column":45},"end":{"line":88,"column":74}},"35":{"start":{"line":91,"column":8},"end":{"line":91,"column":30}},"36":{"start":{"line":97,"column":8},"end":{"line":103,"column":11}},"37":{"start":{"line":98,"column":10},"end":{"line":98,"column":34}},"38":{"start":{"line":99,"column":10},"end":{"line":102,"column":21}},"39":{"start":{"line":100,"column":12},"end":{"line":100,"column":78}},"40":{"start":{"line":100,"column":47},"end":{"line":100,"column":76}},"41":{"start":{"line":113,"column":2},"end":{"line":125,"column":9}},"42":{"start":{"line":114,"column":22},"end":{"line":123,"column":5}},"43":{"start":{"line":115,"column":6},"end":{"line":122,"column":7}},"44":{"start":{"line":116,"column":21},"end":{"line":116,"column":44}},"45":{"start":{"line":117,"column":8},"end":{"line":117,"column":26}},"46":{"start":{"line":118,"column":8},"end":{"line":118,"column":26}},"47":{"start":{"line":119,"column":8},"end":{"line":119,"column":24}},"48":{"start":{"line":121,"column":8},"end":{"line":121,"column":24}},"49":{"start":{"line":124,"column":4},"end":{"line":124,"column":16}},"50":{"start":{"line":128,"column":18},"end":{"line":139,"column":3}},"51":{"start":{"line":129,"column":4},"end":{"line":138,"column":5}},"52":{"start":{"line":130,"column":19},"end":{"line":130,"column":53}},"53":{"start":{"line":131,"column":6},"end":{"line":131,"column":93}},"54":{"start":{"line":132,"column":6},"end":{"line":132,"column":24}},"55":{"start":{"line":133,"column":6},"end":{"line":133,"column":24}},"56":{"start":{"line":135,"column":6},"end":{"line":137,"column":26}},"57":{"start":{"line":142,"column":19},"end":{"line":156,"column":3}},"58":{"start":{"line":143,"column":4},"end":{"line":149,"column":8}},"59":{"start":{"line":144,"column":18},"end":{"line":144,"column":95}},"60":{"start":{"line":146,"column":8},"end":{"line":148,"column":27}},"61":{"start":{"line":150,"column":4},"end":{"line":150,"column":23}},"62":{"start":{"line":151,"column":4},"end":{"line":151,"column":18}},"63":{"start":{"line":152,"column":4},"end":{"line":152,"column":20}},"64":{"start":{"line":153,"column":4},"end":{"line":153,"column":16}},"65":{"start":{"line":154,"column":4},"end":{"line":154,"column":27}},"66":{"start":{"line":155,"column":4},"end":{"line":155,"column":27}},"67":{"start":{"line":159,"column":18},"end":{"line":187,"column":3}},"68":{"start":{"line":160,"column":16},"end":{"line":173,"column":5}},"69":{"start":{"line":161,"column":18},"end":{"line":161,"column":44}},"70":{"start":{"line":162,"column":6},"end":{"line":165,"column":7}},"71":{"start":{"line":163,"column":8},"end":{"line":163,"column":34}},"72":{"start":{"line":166,"column":6},"end":{"line":172,"column":7}},"73":{"start":{"line":167,"column":28},"end":{"line":170,"column":9}},"74":{"start":{"line":171,"column":8},"end":{"line":171,"column":34}},"75":{"start":{"line":175,"column":4},"end":{"line":186,"column":9}},"76":{"start":{"line":177,"column":8},"end":{"line":177,"column":34}},"77":{"start":{"line":178,"column":8},"end":{"line":178,"column":92}},"78":{"start":{"line":181,"column":8},"end":{"line":185,"column":9}},"79":{"start":{"line":182,"column":10},"end":{"line":182,"column":79}},"80":{"start":{"line":184,"column":10},"end":{"line":184,"column":78}},"81":{"start":{"line":190,"column":21},"end":{"line":206,"column":3}},"82":{"start":{"line":194,"column":17},"end":{"line":200,"column":5}},"83":{"start":{"line":195,"column":18},"end":{"line":195,"column":58}},"84":{"start":{"line":196,"column":6},"end":{"line":199,"column":7}},"85":{"start":{"line":198,"column":8},"end":{"line":198,"column":29}},"86":{"start":{"line":201,"column":4},"end":{"line":205,"column":91}},"87":{"start":{"line":203,"column":8},"end":{"line":203,"column":33}},"88":{"start":{"line":205,"column":22},"end":{"line":205,"column":89}},"89":{"start":{"line":209,"column":25},"end":{"line":214,"column":3}},"90":{"start":{"line":210,"column":24},"end":{"line":212,"column":5}},"91":{"start":{"line":211,"column":6},"end":{"line":211,"column":40}},"92":{"start":{"line":213,"column":4},"end":{"line":213,"column":18}},"93":{"start":{"line":217,"column":2},"end":{"line":235,"column":55}},"94":{"start":{"line":219,"column":14},"end":{"line":219,"column":44}},"95":{"start":{"line":220,"column":4},"end":{"line":220,"column":29}},"96":{"start":{"line":221,"column":4},"end":{"line":221,"column":29}},"97":{"start":{"line":222,"column":4},"end":{"line":222,"column":27}},"98":{"start":{"line":223,"column":4},"end":{"line":223,"column":33}},"99":{"start":{"line":224,"column":4},"end":{"line":227,"column":5}},"100":{"start":{"line":225,"column":6},"end":{"line":225,"column":119}},"101":{"start":{"line":225,"column":91},"end":{"line":225,"column":112}},"102":{"start":{"line":226,"column":6},"end":{"line":226,"column":121}},"103":{"start":{"line":226,"column":92},"end":{"line":226,"column":114}},"104":{"start":{"line":228,"column":4},"end":{"line":230,"column":5}},"105":{"start":{"line":229,"column":6},"end":{"line":229,"column":38}},"106":{"start":{"line":231,"column":4},"end":{"line":233,"column":5}},"107":{"start":{"line":232,"column":6},"end":{"line":232,"column":54}},"108":{"start":{"line":237,"column":28},"end":{"line":245,"column":3}},"109":{"start":{"line":238,"column":14},"end":{"line":238,"column":15}},"110":{"start":{"line":239,"column":4},"end":{"line":243,"column":40}},"111":{"start":{"line":241,"column":8},"end":{"line":241,"column":45}},"112":{"start":{"line":243,"column":22},"end":{"line":243,"column":38}},"113":{"start":{"line":244,"column":4},"end":{"line":244,"column":15}},"114":{"start":{"line":248,"column":2},"end":{"line":262,"column":27}},"115":{"start":{"line":249,"column":4},"end":{"line":261,"column":5}},"116":{"start":{"line":250,"column":29},"end":{"line":257,"column":7}},"117":{"start":{"line":252,"column":25},"end":{"line":252,"column":52}},"118":{"start":{"line":253,"column":24},"end":{"line":253,"column":45}},"119":{"start":{"line":254,"column":8},"end":{"line":256,"column":9}},"120":{"start":{"line":255,"column":10},"end":{"line":255,"column":35}},"121":{"start":{"line":259,"column":6},"end":{"line":259,"column":23}},"122":{"start":{"line":260,"column":6},"end":{"line":260,"column":25}},"123":{"start":{"line":264,"column":33},"end":{"line":267,"column":3}},"124":{"start":{"line":265,"column":19},"end":{"line":265,"column":52}},"125":{"start":{"line":266,"column":4},"end":{"line":266,"column":18}},"126":{"start":{"line":270,"column":24},"end":{"line":278,"column":3}},"127":{"start":{"line":271,"column":14},"end":{"line":271,"column":15}},"128":{"start":{"line":272,"column":4},"end":{"line":276,"column":40}},"129":{"start":{"line":274,"column":8},"end":{"line":274,"column":29}},"130":{"start":{"line":276,"column":22},"end":{"line":276,"column":38}},"131":{"start":{"line":277,"column":4},"end":{"line":277,"column":15}},"132":{"start":{"line":280,"column":23},"end":{"line":289,"column":3}},"133":{"start":{"line":281,"column":4},"end":{"line":288,"column":5}},"134":{"start":{"line":282,"column":23},"end":{"line":282,"column":70}},"135":{"start":{"line":283,"column":6},"end":{"line":283,"column":96}},"136":{"start":{"line":284,"column":6},"end":{"line":284,"column":22}},"137":{"start":{"line":286,"column":6},"end":{"line":286,"column":91}},"138":{"start":{"line":287,"column":6},"end":{"line":287,"column":23}},"139":{"start":{"line":292,"column":30},"end":{"line":302,"column":3}},"140":{"start":{"line":293,"column":4},"end":{"line":301,"column":5}},"141":{"start":{"line":294,"column":6},"end":{"line":294,"column":35}},"142":{"start":{"line":295,"column":6},"end":{"line":297,"column":25}},"143":{"start":{"line":299,"column":6},"end":{"line":299,"column":92}},"144":{"start":{"line":300,"column":6},"end":{"line":300,"column":23}},"145":{"start":{"line":304,"column":21},"end":{"line":316,"column":3}},"146":{"start":{"line":305,"column":4},"end":{"line":315,"column":5}},"147":{"start":{"line":306,"column":6},"end":{"line":306,"column":31}},"148":{"start":{"line":307,"column":6},"end":{"line":307,"column":24}},"149":{"start":{"line":308,"column":6},"end":{"line":310,"column":26}},"150":{"start":{"line":312,"column":6},"end":{"line":312,"column":24}},"151":{"start":{"line":313,"column":6},"end":{"line":313,"column":94}},"152":{"start":{"line":314,"column":6},"end":{"line":314,"column":23}},"153":{"start":{"line":318,"column":37},"end":{"line":331,"column":3}},"154":{"start":{"line":319,"column":4},"end":{"line":330,"column":5}},"155":{"start":{"line":320,"column":6},"end":{"line":320,"column":53}},"156":{"start":{"line":321,"column":6},"end":{"line":321,"column":29}},"157":{"start":{"line":322,"column":6},"end":{"line":322,"column":68}},"158":{"start":{"line":323,"column":6},"end":{"line":323,"column":24}},"159":{"start":{"line":324,"column":6},"end":{"line":326,"column":26}},"160":{"start":{"line":328,"column":6},"end":{"line":328,"column":94}},"161":{"start":{"line":329,"column":6},"end":{"line":329,"column":23}},"162":{"start":{"line":333,"column":32},"end":{"line":357,"column":3}},"163":{"start":{"line":334,"column":4},"end":{"line":353,"column":5}},"164":{"start":{"line":335,"column":26},"end":{"line":340,"column":8}},"165":{"start":{"line":336,"column":8},"end":{"line":339,"column":10}},"166":{"start":{"line":341,"column":6},"end":{"line":343,"column":7}},"167":{"start":{"line":342,"column":8},"end":{"line":342,"column":49}},"168":{"start":{"line":345,"column":6},"end":{"line":345,"column":29}},"169":{"start":{"line":346,"column":6},"end":{"line":346,"column":34}},"170":{"start":{"line":346,"column":28},"end":{"line":346,"column":32}},"171":{"start":{"line":347,"column":6},"end":{"line":349,"column":26}},"172":{"start":{"line":351,"column":6},"end":{"line":351,"column":94}},"173":{"start":{"line":352,"column":6},"end":{"line":352,"column":23}},"174":{"start":{"line":360,"column":29},"end":{"line":372,"column":3}},"175":{"start":{"line":361,"column":4},"end":{"line":371,"column":5}},"176":{"start":{"line":362,"column":6},"end":{"line":362,"column":39}},"177":{"start":{"line":363,"column":6},"end":{"line":363,"column":34}},"178":{"start":{"line":363,"column":28},"end":{"line":363,"column":32}},"179":{"start":{"line":364,"column":6},"end":{"line":366,"column":26}},"180":{"start":{"line":368,"column":6},"end":{"line":368,"column":34}},"181":{"start":{"line":368,"column":28},"end":{"line":368,"column":32}},"182":{"start":{"line":369,"column":6},"end":{"line":369,"column":95}},"183":{"start":{"line":370,"column":6},"end":{"line":370,"column":23}},"184":{"start":{"line":374,"column":35},"end":{"line":386,"column":3}},"185":{"start":{"line":375,"column":4},"end":{"line":385,"column":5}},"186":{"start":{"line":376,"column":6},"end":{"line":376,"column":45}},"187":{"start":{"line":377,"column":6},"end":{"line":377,"column":34}},"188":{"start":{"line":377,"column":28},"end":{"line":377,"column":32}},"189":{"start":{"line":378,"column":6},"end":{"line":380,"column":26}},"190":{"start":{"line":382,"column":6},"end":{"line":382,"column":34}},"191":{"start":{"line":382,"column":28},"end":{"line":382,"column":32}},"192":{"start":{"line":383,"column":6},"end":{"line":383,"column":95}},"193":{"start":{"line":384,"column":6},"end":{"line":384,"column":23}},"194":{"start":{"line":391,"column":2},"end":{"line":1260,"column":4}},"195":{"start":{"line":412,"column":14},"end":{"line":452,"column":17}},"196":{"start":{"line":460,"column":14},"end":{"line":488,"column":17}},"197":{"start":{"line":475,"column":44},"end":{"line":475,"column":56}},"198":{"start":{"line":496,"column":14},"end":{"line":526,"column":17}},"199":{"start":{"line":507,"column":63},"end":{"line":507,"column":85}},"200":{"start":{"line":534,"column":14},"end":{"line":563,"column":17}},"201":{"start":{"line":571,"column":14},"end":{"line":598,"column":17}},"202":{"start":{"line":607,"column":14},"end":{"line":629,"column":17}},"203":{"start":{"line":638,"column":14},"end":{"line":661,"column":17}},"204":{"start":{"line":669,"column":14},"end":{"line":696,"column":17}},"205":{"start":{"line":704,"column":14},"end":{"line":727,"column":17}},"206":{"start":{"line":735,"column":14},"end":{"line":759,"column":17}},"207":{"start":{"line":767,"column":14},"end":{"line":791,"column":17}},"208":{"start":{"line":800,"column":14},"end":{"line":823,"column":17}},"209":{"start":{"line":831,"column":14},"end":{"line":855,"column":17}},"210":{"start":{"line":863,"column":14},"end":{"line":891,"column":17}},"211":{"start":{"line":899,"column":14},"end":{"line":927,"column":17}},"212":{"start":{"line":935,"column":14},"end":{"line":963,"column":17}},"213":{"start":{"line":971,"column":14},"end":{"line":995,"column":17}},"214":{"start":{"line":1003,"column":14},"end":{"line":1043,"column":17}},"215":{"start":{"line":1017,"column":32},"end":{"line":1017,"column":63}},"216":{"start":{"line":1018,"column":32},"end":{"line":1018,"column":110}},"217":{"start":{"line":1019,"column":32},"end":{"line":1019,"column":60}},"218":{"start":{"line":1019,"column":54},"end":{"line":1019,"column":58}},"219":{"start":{"line":1023,"column":32},"end":{"line":1023,"column":72}},"220":{"start":{"line":1024,"column":32},"end":{"line":1024,"column":110}},"221":{"start":{"line":1025,"column":32},"end":{"line":1025,"column":60}},"222":{"start":{"line":1025,"column":54},"end":{"line":1025,"column":58}},"223":{"start":{"line":1052,"column":14},"end":{"line":1080,"column":17}},"224":{"start":{"line":1088,"column":14},"end":{"line":1117,"column":17}},"225":{"start":{"line":1100,"column":49},"end":{"line":1100,"column":66}},"226":{"start":{"line":1125,"column":14},"end":{"line":1153,"column":17}},"227":{"start":{"line":1162,"column":14},"end":{"line":1200,"column":17}},"228":{"start":{"line":1208,"column":14},"end":{"line":1238,"column":17}},"229":{"start":{"line":1247,"column":14},"end":{"line":1250,"column":20}},"230":{"start":{"line":1254,"column":41},"end":{"line":1256,"column":13}}},"fnMap":{"0":{"name":"App","decl":{"start":{"line":39,"column":9},"end":{"line":39,"column":12}},"loc":{"start":{"line":39,"column":15},"end":{"line":1261,"column":1}},"line":39},"1":{"name":"(anonymous_1)","decl":{"start":{"line":69,"column":12},"end":{"line":69,"column":13}},"loc":{"start":{"line":69,"column":18},"end":{"line":110,"column":3}},"line":69},"2":{"name":"(anonymous_2)","decl":{"start":{"line":73,"column":43},"end":{"line":73,"column":44}},"loc":{"start":{"line":73,"column":49},"end":{"line":82,"column":7}},"line":73},"3":{"name":"(anonymous_3)","decl":{"start":{"line":76,"column":12},"end":{"line":76,"column":13}},"loc":{"start":{"line":76,"column":18},"end":{"line":78,"column":13}},"line":76},"4":{"name":"(anonymous_4)","decl":{"start":{"line":77,"column":33},"end":{"line":77,"column":34}},"loc":{"start":{"line":77,"column":49},"end":{"line":77,"column":78}},"line":77},"5":{"name":"(anonymous_5)","decl":{"start":{"line":87,"column":30},"end":{"line":87,"column":31}},"loc":{"start":{"line":87,"column":36},"end":{"line":90,"column":9}},"line":87},"6":{"name":"(anonymous_6)","decl":{"start":{"line":88,"column":29},"end":{"line":88,"column":30}},"loc":{"start":{"line":88,"column":45},"end":{"line":88,"column":74}},"line":88},"7":{"name":"(anonymous_7)","decl":{"start":{"line":97,"column":45},"end":{"line":97,"column":46}},"loc":{"start":{"line":97,"column":55},"end":{"line":103,"column":9}},"line":97},"8":{"name":"(anonymous_8)","decl":{"start":{"line":99,"column":32},"end":{"line":99,"column":33}},"loc":{"start":{"line":99,"column":38},"end":{"line":102,"column":11}},"line":99},"9":{"name":"(anonymous_9)","decl":{"start":{"line":100,"column":31},"end":{"line":100,"column":32}},"loc":{"start":{"line":100,"column":47},"end":{"line":100,"column":76}},"line":100},"10":{"name":"(anonymous_10)","decl":{"start":{"line":113,"column":12},"end":{"line":113,"column":13}},"loc":{"start":{"line":113,"column":18},"end":{"line":125,"column":3}},"line":113},"11":{"name":"(anonymous_11)","decl":{"start":{"line":114,"column":22},"end":{"line":114,"column":23}},"loc":{"start":{"line":114,"column":34},"end":{"line":123,"column":5}},"line":114},"12":{"name":"(anonymous_12)","decl":{"start":{"line":128,"column":18},"end":{"line":128,"column":19}},"loc":{"start":{"line":128,"column":47},"end":{"line":139,"column":3}},"line":128},"13":{"name":"(anonymous_13)","decl":{"start":{"line":142,"column":19},"end":{"line":142,"column":20}},"loc":{"start":{"line":142,"column":31},"end":{"line":156,"column":3}},"line":142},"14":{"name":"(anonymous_14)","decl":{"start":{"line":144,"column":12},"end":{"line":144,"column":13}},"loc":{"start":{"line":144,"column":18},"end":{"line":144,"column":95}},"line":144},"15":{"name":"(anonymous_15)","decl":{"start":{"line":145,"column":13},"end":{"line":145,"column":14}},"loc":{"start":{"line":146,"column":8},"end":{"line":148,"column":27}},"line":146},"16":{"name":"(anonymous_16)","decl":{"start":{"line":159,"column":18},"end":{"line":159,"column":19}},"loc":{"start":{"line":159,"column":31},"end":{"line":187,"column":3}},"line":159},"17":{"name":"(anonymous_17)","decl":{"start":{"line":160,"column":16},"end":{"line":160,"column":17}},"loc":{"start":{"line":160,"column":28},"end":{"line":173,"column":5}},"line":160},"18":{"name":"(anonymous_18)","decl":{"start":{"line":176,"column":12},"end":{"line":176,"column":13}},"loc":{"start":{"line":176,"column":18},"end":{"line":179,"column":7}},"line":176},"19":{"name":"(anonymous_19)","decl":{"start":{"line":180,"column":13},"end":{"line":180,"column":14}},"loc":{"start":{"line":180,"column":22},"end":{"line":186,"column":7}},"line":180},"20":{"name":"(anonymous_20)","decl":{"start":{"line":190,"column":21},"end":{"line":190,"column":22}},"loc":{"start":{"line":190,"column":51},"end":{"line":206,"column":3}},"line":190},"21":{"name":"(anonymous_21)","decl":{"start":{"line":194,"column":17},"end":{"line":194,"column":18}},"loc":{"start":{"line":194,"column":29},"end":{"line":200,"column":5}},"line":194},"22":{"name":"(anonymous_22)","decl":{"start":{"line":202,"column":12},"end":{"line":202,"column":13}},"loc":{"start":{"line":203,"column":8},"end":{"line":203,"column":33}},"line":203},"23":{"name":"(anonymous_23)","decl":{"start":{"line":205,"column":13},"end":{"line":205,"column":14}},"loc":{"start":{"line":205,"column":22},"end":{"line":205,"column":89}},"line":205},"24":{"name":"(anonymous_24)","decl":{"start":{"line":209,"column":25},"end":{"line":209,"column":26}},"loc":{"start":{"line":209,"column":38},"end":{"line":214,"column":3}},"line":209},"25":{"name":"(anonymous_25)","decl":{"start":{"line":210,"column":24},"end":{"line":210,"column":25}},"loc":{"start":{"line":210,"column":36},"end":{"line":212,"column":5}},"line":210},"26":{"name":"(anonymous_26)","decl":{"start":{"line":217,"column":12},"end":{"line":217,"column":13}},"loc":{"start":{"line":217,"column":24},"end":{"line":235,"column":3}},"line":217},"27":{"name":"(anonymous_27)","decl":{"start":{"line":225,"column":84},"end":{"line":225,"column":85}},"loc":{"start":{"line":225,"column":91},"end":{"line":225,"column":112}},"line":225},"28":{"name":"(anonymous_28)","decl":{"start":{"line":226,"column":85},"end":{"line":226,"column":86}},"loc":{"start":{"line":226,"column":92},"end":{"line":226,"column":114}},"line":226},"29":{"name":"(anonymous_29)","decl":{"start":{"line":237,"column":28},"end":{"line":237,"column":29}},"loc":{"start":{"line":237,"column":52},"end":{"line":245,"column":3}},"line":237},"30":{"name":"(anonymous_30)","decl":{"start":{"line":240,"column":12},"end":{"line":240,"column":13}},"loc":{"start":{"line":240,"column":26},"end":{"line":242,"column":7}},"line":240},"31":{"name":"(anonymous_31)","decl":{"start":{"line":243,"column":13},"end":{"line":243,"column":14}},"loc":{"start":{"line":243,"column":22},"end":{"line":243,"column":38}},"line":243},"32":{"name":"(anonymous_32)","decl":{"start":{"line":248,"column":12},"end":{"line":248,"column":13}},"loc":{"start":{"line":248,"column":18},"end":{"line":262,"column":3}},"line":248},"33":{"name":"(anonymous_33)","decl":{"start":{"line":250,"column":29},"end":{"line":250,"column":3
[...]
:{"start":{"line":117,"column":11},"end":{"line":117,"column":12}},"loc":{"start":{"line":117,"column":24},"end":{"line":159,"column":5}},"line":117},"15":{"name":"(anonymous_15)","decl":{"start":{"line":143,"column":25},"end":{"line":143,"column":26}},"loc":{"start":{"line":143,"column":31},"end":{"line":151,"column":17}},"line":143},"16":{"name":"(anonymous_16)","decl":{"start":{"line":173,"column":41},"end":{"line":173,"column":42}},"loc":{"start":{"line":173,"column":53},"end":{"line":191,"column":19}},"line":173},"17":{"name":"(anonymous_17)","decl":{"start":{"line":174,"column":61},"end":{"line":174,"column":62}},"loc":{"start":{"line":174,"column":67},"end":{"line":182,"column":25}},"line":174},"18":{"name":"(anonymous_18)","decl":{"start":{"line":176,"column":44},"end":{"line":176,"column":45}},"loc":{"start":{"line":176,"column":55},"end":{"line":176,"column":97}},"line":176},"19":{"name":"(anonymous_19)","decl":{"start":{"line":176,"column":78},"end":{"line":176,"column":79}},"loc":{"start":{"line":176,"column":85},"end":{"line":176,"column":94}},"line":176},"20":{"name":"(anonymous_20)","decl":{"start":{"line":179,"column":44},"end":{"line":179,"column":45}},"loc":{"start":{"line":179,"column":55},"end":{"line":179,"column":82}},"line":179},"21":{"name":"(anonymous_21)","decl":{"start":{"line":204,"column":38},"end":{"line":204,"column":39}},"loc":{"start":{"line":204,"column":53},"end":{"line":223,"column":19}},"line":204},"22":{"name":"(anonymous_22)","decl":{"start":{"line":205,"column":86},"end":{"line":205,"column":87}},"loc":{"start":{"line":205,"column":92},"end":{"line":214,"column":25}},"line":205},"23":{"name":"(anonymous_23)","decl":{"start":{"line":208,"column":42},"end":{"line":208,"column":43}},"loc":{"start":{"line":208,"column":53},"end":{"line":208,"column":101}},"line":208},"24":{"name":"(anonymous_24)","decl":{"start":{"line":208,"column":76},"end":{"line":208,"column":77}},"loc":{"start":{"line":208,"column":86},"end":{"line":208,"column":98}},"line":208},"25":{"name":"(anonymous_25)","decl":{"start":{"line":211,"column":42},"end":{"line":211,"column":43}},"loc":{"start":{"line":211,"column":53},"end":{"line":211,"column":80}},"line":211},"26":{"name":"(anonymous_26)","decl":{"start":{"line":250,"column":30},"end":{"line":250,"column":31}},"loc":{"start":{"line":250,"column":37},"end":{"line":260,"column":21}},"line":250},"27":{"name":"(anonymous_27)","decl":{"start":{"line":270,"column":65},"end":{"line":270,"column":66}},"loc":{"start":{"line":270,"column":71},"end":{"line":270,"column":88}},"line":270}},"branchMap":{"0":{"loc":{"start":{"line":43,"column":8},"end":{"line":53,"column":9}},"type":"if","locations":[{"start":{"line":43,"column":8},"end":{"line":53,"column":9}},{"start":{"line":51,"column":15},"end":{"line":53,"column":9}}],"line":43},"1":{"loc":{"start":{"line":60,"column":8},"end":{"line":73,"column":9}},"type":"if","locations":[{"start":{"line":60,"column":8},"end":{"line":73,"column":9}},{"start":{"line":71,"column":15},"end":{"line":73,"column":9}}],"line":60},"2":{"loc":{"start":{"line":78,"column":4},"end":{"line":82,"column":5}},"type":"if","locations":[{"start":{"line":78,"column":4},"end":{"line":82,"column":5}},{"start":{},"end":{}}],"line":78},"3":{"loc":{"start":{"line":98,"column":19},"end":{"line":98,"column":129}},"type":"cond-expr","locations":[{"start":{"line":98,"column":50},"end":{"line":98,"column":64}},{"start":{"line":98,"column":67},"end":{"line":98,"column":128}}],"line":98},"4":{"loc":{"start":{"line":99,"column":27},"end":{"line":99,"column":125}},"type":"cond-expr","locations":[{"start":{"line":99,"column":56},"end":{"line":99,"column":64}},{"start":{"line":99,"column":67},"end":{"line":99,"column":124}}],"line":99},"5":{"loc":{"start":{"line":109,"column":6},"end":{"line":111,"column":7}},"type":"if","locations":[{"start":{"line":109,"column":6},"end":{"line":111,"column":7}},{"start":{},"end":{}}],"line":109},"6":{"loc":{"start":{"line":112,"column":6},"end":{"line":114,"column":7}},"type":"if","locations":[{"start":{"line":112,"column":6},"end":{"line":114,"column":7}},{"start":{},"end":{}}],"line":112},"7":{"loc":{"start":{"line":140,"column":15},"end":{"line":154,"column":23}},"type":"binary-expr","locations":[{"start":{"line":140,"column":15},"end":{"line":140,"column":29}},{"start":{"line":140,"column":33},"end":{"line":154,"column":23}}],"line":140},"8":{"loc":{"start":{"line":175,"column":24},"end":{"line":180,"column":25}},"type":"if","locations":[{"start":{"line":175,"column":24},"end":{"line":180,"column":25}},{"start":{"line":178,"column":28},"end":{"line":180,"column":25}}],"line":175},"9":{"loc":{"start":{"line":207,"column":24},"end":{"line":212,"column":25}},"type":"if","locations":[{"start":{"line":207,"column":24},"end":{"line":212,"column":25}},{"start":{"line":210,"column":28},"end":{"line":212,"column":25}}],"line":207},"10":{"loc":{"start":{"line":229,"column":14},"end":{"line":229,"column":99}},"type":"binary-expr","locations":[{"start":{"line":229,"column":14},"end":{"line":229,"column":28}},{"start":{"line":229,"column":32},"end":{"line":229,"column":99}}],"line":229},"11":{"loc":{"start":{"line":251,"column":22},"end":{"line":253,"column":23}},"type":"if","locations":[{"start":{"line":251,"column":22},"end":{"line":253,"column":23}},{"start":{},"end":{}}],"line":251},"12":{"loc":{"start":{"line":251,"column":26},"end":{"line":251,"column":74}},"type":"binary-expr","locations":[{"start":{"line":251,"column":26},"end":{"line":251,"column":44}},{"start":{"line":251,"column":48},"end":{"line":251,"column":74}}],"line":251},"13":{"loc":{"start":{"line":254,"column":22},"end":{"line":256,"column":23}},"type":"if","locations":[{"start":{"line":254,"column":22},"end":{"line":256,"column":23}},{"start":{},"end":{}}],"line":254},"14":{"loc":{"start":{"line":257,"column":22},"end":{"line":259,"column":23}},"type":"if","locations":[{"start":{"line":257,"column":22},"end":{"line":259,"column":23}},{"start":{},"end":{}}],"line":257},"15":{"loc":{"start":{"line":276,"column":13},"end":{"line":276,"column":89}},"type":"cond-expr","locations":[{"start":{"line":276,"column":43},"end":{"line":276,"column":60}},{"start":{"line":276,"column":63},"end":{"line":276,"column":89}}],"line":276}},"s":{"0":24,"1":24,"2":24,"3":24,"4":24,"5":24,"6":24,"7":24,"8":24,"9":24,"10":24,"11":48,"12":24,"13":48,"14":1,"15":1,"16":1,"17":0,"18":0,"19":0,"20":0,"21":0,"22":0,"23":1,"24":0,"25":0,"26":0,"27":0,"28":0,"29":1,"30":1,"31":0,"32":1,"33":24,"34":2,"35":2,"36":2,"37":2,"38":2,"39":2,"40":2,"41":24,"42":32,"43":24,"44":30,"45":24,"46":24,"47":24,"48":24,"49":0,"50":24,"51":24,"52":0,"53":48,"54":1,"55":1,"56":1,"57":1,"58":1,"59":1,"60":1,"61":24,"62":24,"63":1,"64":0,"65":0,"66":0,"67":1,"68":1,"69":24,"70":1,"71":1,"72":0,"73":0,"74":0,"75":1,"76":1,"77":1,"78":0,"79":1,"80":0,"81":1,"82":0,"83":1},"f":{"0":24,"1":48,"2":48,"3":1,"4":0,"5":0,"6":0,"7":0,"8":0,"9":2,"10":32,"11":30,"12":24,"13":24,"14":48,"15":1,"16":24,"17":1,"18":0,"19":0,"20":1,"21":24,"22":1,"23":0,"24":0,"25":1,"26":1,"27":1},"b":{"0":[0,0],"1":[0,0],"2":[1,0],"3":[8,16],"4":[9,15],"5":[0,24],"6":[24,0],"7":[48,48],"8":[0,1],"9":[0,1],"10":[24,24],"11":[0,1],"12":[1,0],"13":[0,1],"14":[0,1],"15":[24,0]},"_coverageSchema":"1a1c01bbd47fc00a2c39e90264f33305004495a9","hash":"0e6e0e7a0fdc688de43fa98d7315b9e0b1a6ea8d"}
,"C:\\Users\\rocco\\AppData\\Roaming\\SPB_Data\\git\\SPG-P08\\SoftEngII-P08-SPG\\client\\src\\ReportAvailability.js": {"path":"C:\\Users\\rocco\\AppData\\Roaming\\SPB_Data\\git\\SPG-P08\\SoftEngII-P08-SPG\\client\\src\\ReportAvailability.js","statementMap":{"0":{"start":{"line":9,"column":32},"end":{"line":9,"column":47}},"1":{"start":{"line":10,"column":38},"end":{"line":10,"column":53}},"2":{"start":{"line":14,"column":35},"end":{"line":14,"column":47}},"3":{"start":{"line":15,"column":36},"end":{"line":15,"column":141}},"4":{"start":{"line":16,"column":30},"end":{"line":16,"column":44}},"5":{"start":{"line":17,"column":26},"end":{"line":17,"column":37}},"6":{"start":{"line":18,"column":28},"end":{"line":18,"column":39}},"7":{"start":{"line":19,"column":46},"end":{"line":19,"column":60}},"8":{"start":{"line":24,"column":16},"end":{"line":24,"column":30}},"9":{"start":{"line":26,"column":4},"end":{"line":31,"column":5}},"10":{"start":{"line":27,"column":8},"end":{"line":30,"column":33}},"11":{"start":{"line":28,"column":12},"end":{"line":28,"column":48}},"12":{"start":{"line":30,"column":12},"end":{"line":30,"column":33}},"13":{"start":{"line":33,"column":25},"end":{"line":62,"column":5}},"14":{"start":{"line":34,"column":8},"end":{"line":34,"column":31}},"15":{"start":{"line":35,"column":21},"end":{"line":35,"column":40}},"16":{"start":{"line":36,"column":8},"end":{"line":36,"column":27}},"17":{"start":{"line":37,"column":8},"end":{"line":60,"column":9}},"18":{"start":{"line":38,"column":12},"end":{"line":38,"column":36}},"19":{"start":{"line":40,"column":28},"end":{"line":48,"column":13}},"20":{"start":{"line":49,"column":12},"end":{"line":49,"column":33}},"21":{"start":{"line":51,"column":12},"end":{"line":51,"column":55}},"22":{"start":{"line":52,"column":12},"end":{"line":52,"column":89}},"23":{"start":{"line":53,"column":12},"end":{"line":53,"column":24}},"24":{"start":{"line":54,"column":12},"end":{"line":54,"column":48}},"25":{"start":{"line":55,"column":12},"end":{"line":55,"column":27}},"26":{"start":{"line":56,"column":12},"end":{"line":56,"column":22}},"27":{"start":{"line":57,"column":12},"end":{"line":57,"column":23}},"28":{"start":{"line":58,"column":12},"end":{"line":58,"column":35}},"29":{"start":{"line":59,"column":12},"end":{"line":59,"column":32}},"30":{"start":{"line":64,"column":4},"end":{"line":192,"column":5}},"31":{"start":{"line":84,"column":52},"end":{"line":84,"column":76}},"32":{"start":{"line":98,"column":109},"end":{"line":98,"column":136}},"33":{"start":{"line":101,"column":44},"end":{"line":103,"column":53}},"34":{"start":{"line":119,"column":129},"end":{"line":119,"column":154}},"35":{"start":{"line":133,"column":124},"end":{"line":133,"column":147}},"36":{"start":{"line":147,"column":121},"end":{"line":147,"column":145}},"37":{"start":{"line":161,"column":109},"end":{"line":161,"column":141}},"38":{"start":{"line":164,"column":44},"end":{"line":166,"column":53}},"39":{"start":{"line":181,"column":70},"end":{"line":181,"column":82}},"40":{"start":{"line":181,"column":83},"end":{"line":181,"column":119}},"41":{"start":{"line":181,"column":120},"end":{"line":181,"column":135}},"42":{"start":{"line":181,"column":136},"end":{"line":181,"column":146}},"43":{"start":{"line":181,"column":147},"end":{"line":181,"column":168}},"44":{"start":{"line":181,"column":169},"end":{"line":181,"column":180}},"45":{"start":{"line":181,"column":181},"end":{"line":181,"column":201}}},"fnMap":{"0":{"name":"ReportAvailability","decl":{"start":{"line":6,"column":9},"end":{"line":6,"column":27}},"loc":{"start":{"line":6,"column":35},"end":{"line":193,"column":1}},"line":6},"1":{"name":"(anonymous_1)","decl":{"start":{"line":33,"column":25},"end":{"line":33,"column":26}},"loc":{"start":{"line":33,"column":36},"end":{"line":62,"column":5}},"line":33},"2":{"name":"(anonymous_2)","decl":{"start":{"line":84,"column":46},"end":{"line":84,"column":47}},"loc":{"start":{"line":84,"column":52},"end":{"line":84,"column":76}},"line":84},"3":{"name":"(anonymous_3)","decl":{"start":{"line":98,"column":104},"end":{"line":98,"column":105}},"loc":{"start":{"line":98,"column":109},"end":{"line":98,"column":136}},"line":98},"4":{"name":"(anonymous_4)","decl":{"start":{"line":100,"column":61},"end":{"line":100,"column":62}},"loc":{"start":{"line":101,"column":44},"end":{"line":103,"column":53}},"line":101},"5":{"name":"(anonymous_5)","decl":{"start":{"line":119,"column":123},"end":{"line":119,"column":124}},"loc":{"start":{"line":119,"column":129},"end":{"line":119,"column":154}},"line":119},"6":{"name":"(anonymous_6)","decl":{"start":{"line":133,"column":118},"end":{"line":133,"column":119}},"loc":{"start":{"line":133,"column":124},"end":{"line":133,"column":147}},"line":133},"7":{"name":"(anonymous_7)","decl":{"start":{"line":147,"column":115},"end":{"line":147,"column":116}},"loc":{"start":{"line":147,"column":121},"end":{"line":147,"column":145}},"line":147},"8":{"name":"(anonymous_8)","decl":{"start":{"line":161,"column":104},"end":{"line":161,"column":105}},"loc":{"start":{"line":161,"column":109},"end":{"line":161,"column":141}},"line":161},"9":{"name":"(anonymous_9)","decl":{"start":{"line":163,"column":48},"end":{"line":163,"column":49}},"loc":{"start":{"line":164,"column":44},"end":{"line":166,"column":53}},"line":164},"10":{"name":"(anonymous_10)","decl":{"start":{"line":181,"column":62},"end":{"line":181,"column":63}},"loc":{"start":{"line":181,"column":68},"end":{"line":181,"column":203}},"line":181}},"branchMap":{"0":{"loc":{"start":{"line":15,"column":45},"end":{"line":15,"column":140}},"type":"cond-expr","locations":[{"start":{"line":15,"column":113},"end":{"line":15,"column":135}},{"start":{"line":15,"column":138},"end":{"line":15,"column":140}}],"line":15},"1":{"loc":{"start":{"line":15,"column":45},"end":{"line":15,"column":110}},"type":"binary-expr","locations":[{"start":{"line":15,"column":45},"end":{"line":15,"column":61}},{"start":{"line":15,"column":65},"end":{"line":15,"column":84}},{"start":{"line":15,"column":88},"end":{"line":15,"column":110}}],"line":15},"2":{"loc":{"start":{"line":26,"column":4},"end":{"line":31,"column":5}},"type":"if","locations":[{"start":{"line":26,"column":4},"end":{"line":31,"column":5}},{"start":{},"end":{}}],"line":26},"3":{"loc":{"start":{"line":27,"column":8},"end":{"line":30,"column":33}},"type":"if","locations":[{"start":{"line":27,"column":8},"end":{"line":30,"column":33}},{"start":{"line":30,"column":12},"end":{"line":30,"column":33}}],"line":27},"4":{"loc":{"start":{"line":27,"column":12},"end":{"line":27,"column":77}},"type":"binary-expr","locations":[{"start":{"line":27,"column":12},"end":{"line":27,"column":28}},{"start":{"line":27,"column":32},"end":{"line":27,"column":51}},{"start":{"line":27,"column":55},"end":{"line":27,"column":77}}],"line":27},"5":{"loc":{"start":{"line":37,"column":8},"end":{"line":60,"column":9}},"type":"if","locations":[{"start":{"line":37,"column":8},"end":{"line":60,"column":9}},{"start":{"line":39,"column":15},"end":{"line":60,"column":9}}],"line":37},"6":{"loc":{"start":{"line":37,"column":12},"end":{"line":37,"column":73}},"type":"binary-expr","locations":[{"start":{"line":37,"column":12},"end":{"line":37,"column":42}},{"start":{"line":37,"column":46},"end":{"line":37,"column":55}},{"start":{"line":37,"column":59},"end":{"line":37,"column":73}}],"line":37},"7":{"loc":{"start":{"line":85,"column":33},"end":{"line":87,"column":56}},"type":"binary-expr","locations":[{"start":{"line":85,"column":34},"end":{"line":85,"column":46}},{"start":{"line":85,"column":50},"end":{"line":85,"column":73}},{"start":{"line":85,"column":78},"end":{"line":87,"column":56}}],"line":85},"8":{"loc":{"start":{"line":99,"column":37},"end":{"line":104,"column":49}},"type":"cond-expr","locations":[{"start":{"line":100,"column":40},"end":{"line":104,"column":41}},{"start":{"line":104,"column":44},"end":{"line":104,"column":49}}],"line":99},"9":{"loc":{"start":{"line":106,"column":33},"end":{"line":108,"column":56}},"type":"binary-expr","locations":[{"start":{"line":106,"column":33},"end":{"line":106,"column":46}},{"start":{"line":106,"column":50},"end":{"line":108,"column":56}}],"line":106},"10":{"loc":{"start":{"line":120,"column":33},"end":{"line":122,"column":56}},"type":"binary-expr","locations":[{"start":{"line":120,"column":33},"end":{"line":120,"column":45}},{"start":{"line":120,"column":49},"end":{"line":122,"column":56}}],"line":120},"11":{"loc":{"start":{"line":134,"column":33},"end":{"line":136,"column":56}},"type":"binary-expr","locations":[{"start":{"line":134,"column":33},"end":{"line":134,"column":41}},{"start":{"line":134,"column":45},"end":{"line":136,"column":56}}],"line":134},"12":{"loc":{"start":{"line":148,"column":33},"end":{"line":150,"column":56}},"type":"binary-expr","locations":[{"start":{"line":148,"column":33},"end":{"line":148,"column":41}},{"start":{"line":148,"column":45},"end":{"line":150,"column":56}}],"line":148},"13":{"loc":{"start":{"line":162,"column":37},"end":{"line":167,"column":49}},"type":"cond-expr","locations":[{"start":{"line":163,"column":40},"end":{"line":167,"column":41}},{"start":{"line":167,"column":44},"end":{"line":167,"column":49}}],"line":162},"14":{"loc":{"start":{"line":169,"column":33},"end":{"line":171,"column":56}},"type":"binary-expr","locations":[{"start":{"line":169,"column":33},"end":{"line":169,"column":46}},{"start":{"line":169,"column":50},"end":{"line":171,"column":56}}],"line":169}},"s":{"0":8,"1":8,"2":8,"3":8,"4":8,"5":8,"6":8,"7":8,"8":8,"9":8,"10":1,"11":0,"12":1,"13":8,"14":0,"15":0,"16":0,"17":0,"18":0,"19":0,"20":0,"21":0,"22":0,"23":0,"24":0,"25":0,"26":0,"27":0,"28":0,"29":0,"30":8,"31":1,"32":1,"33":14,"34":1,"35":1,"36":1,"37":1,"38":24,"39":0,"40":0,"41":0,"42":0,"43":0,"44":0,"45":0},"f":{"0":8,"1":0,"2":1,"3":1,"4":14,"5":1,"6":1,"7":1,"8":1,"9":24,"10":0},"b":{"0":[7,1],"1":[8,8,7],"2":[1,7],"3":[0,1],"4":[1,1,0],"5":[0,0],"6":[0,0,0],"7":[8,6,2],"8":[8,0],"9":[8,1],"10":[8,0],"11":[8,0],"12":[8,0],"13":[8,0],"14":[8,8]},"_coverageSchema":"1a1c01bbd47fc00a2c39e90264f33305004495a9","hash":"22eace638a30a8d11f13022be888763c54ee85e9"}
,"C:\\Users\\rocco\\AppData\\Roaming\\SPB_Data\\git\\SPG-P08\\SoftEngII-P08-SPG\\client\\src\\Sidebar.js": {"path":"C:\\Users\\rocco\\AppData\\Roaming\\SPB_Data\\git\\SPG-P08\\SoftEngII-P08-SPG\\client\\src\\Sidebar.js","statementMap":{"0":{"start":{"line":5,"column":2},"end":{"line":34,"column":4}}},"fnMap":{"0":{"name":"SidebarCustom","decl":{"start":{"line":4,"column":9},"end":{"line":4,"column":22}},"loc":{"start":{"line":4,"column":25},"end":{"line":35,"column":1}},"line":4}},"branchMap":{},"s":{"0":1},"f":{"0":1},"b":{},"_coverageSchema":"1a1c01bbd47fc00a2c39e90264f33305004495a9","hash":"8be9f8d374998acaf7aed4925e286d3a0de63418"}
,"C:\\Users\\rocco\\AppData\\Roaming\\SPB_Data\\git\\SPG-P08\\SoftEngII-P08-SPG\\client\\src\\WarehouseManager.js": {"path":"C:\\Users\\rocco\\AppData\\Roaming\\SPB_Data\\git\\SPG-P08\\SoftEngII-P08-SPG\\client\\src\\WarehouseManager.js","statementMap":{"0":{"start":{"line":8,"column":2},"end":{"line":33,"column":4}}},"fnMap":{"0":{"name":"WarehouseManager","decl":{"start":{"line":5,"column":9},"end":{"line":5,"column":25}},"loc":{"start":{"line":5,"column":33},"end":{"line":34,"column":1}},"line":5}},"branchMap":{},"s":{"0":0},"f":{"0":0},"b":{},"_coverageSchema":"1a1c01bbd47fc00a2c39e90264f33305004495a9","hash":"5fcfbe5938dca12bf2db866217d951c090707b31"}
,"C:\\Users\\rocco\\AppData\\Roaming\\SPB_Data\\git\\SPG-P08\\SoftEngII-P08-SPG\\client\\src\\WarehouseWorker.js": {"path":"C:\\Users\\rocco\\AppData\\Roaming\\SPB_Data\\git\\SPG-P08\\SoftEngII-P08-SPG\\client\\src\\WarehouseWorker.js","statementMap":{"0":{"start":{"line":7,"column":2},"end":{"line":24,"column":4}}},"fnMap":{"0":{"name":"WarehouseWorker","decl":{"start":{"line":5,"column":9},"end":{"line":5,"column":24}},"loc":{"start":{"line":5,"column":32},"end":{"line":25,"column":1}},"line":5}},"branchMap":{},"s":{"0":1},"f":{"0":1},"b":{},"_coverageSchema":"1a1c01bbd47fc00a2c39e90264f33305004495a9","hash":"7b37b50e6acecbd9c1787d94872a570834d89b84"}
,"C:\\Users\\rocco\\AppData\\Roaming\\SPB_Data\\git\\SPG-P08\\SoftEngII-P08-SPG\\client\\src\\styleMock.js": {"path":"C:\\Users\\rocco\\AppData\\Roaming\\SPB_Data\\git\\SPG-P08\\SoftEngII-P08-SPG\\client\\src\\styleMock.js","statementMap":{"0":{"start":{"line":1,"column":0},"end":{"line":1,"column":20}}},"fnMap":{},"branchMap":{},"s":{"0":2},"f":{},"b":{},"_coverageSchema":"1a1c01bbd47fc00a2c39e90264f33305004495a9","hash":"bd1ee46460d34f21a2ea7658e78b38631816b9b1"}
}
