TN:
SF:src\API.js
FN:3,addUser
FN:5,(anonymous_1)
FN:18,(anonymous_2)
FN:24,(anonymous_3)
FN:27,(anonymous_4)
FN:36,(anonymous_5)
FN:42,logIn
FN:110,logOut
FN:114,getUserInfo
FN:124,getClientByEmail
FN:140,getWalletById
FN:157,setNewWallet
FN:158,(anonymous_12)
FN:169,(anonymous_13)
FN:175,(anonymous_14)
FN:178,(anonymous_15)
FN:187,(anonymous_16)
FN:193,newBooking
FN:195,(anonymous_18)
FN:211,newBookingProduct
FN:213,(anonymous_20)
FN:224,(anonymous_21)
FN:232,(anonymous_22)
FN:235,(anonymous_23)
FN:247,(anonymous_24)
FN:260,confirmBooking
FN:261,(anonymous_26)
FN:272,(anonymous_27)
FN:278,(anonymous_28)
FN:281,(anonymous_29)
FN:290,(anonymous_30)
FN:296,newBookingMode
FN:298,(anonymous_32)
FN:306,(anonymous_33)
FN:312,(anonymous_34)
FN:315,(anonymous_35)
FN:324,(anonymous_36)
FN:330,editProductQty
FN:332,(anonymous_38)
FN:343,(anonymous_39)
FN:349,(anonymous_40)
FN:352,(anonymous_41)
FN:361,(anonymous_42)
FN:367,confirmAck
FN:368,(anonymous_44)
FN:379,(anonymous_45)
FN:385,(anonymous_46)
FN:388,(anonymous_47)
FN:397,(anonymous_48)
FN:403,confirmDeliveryProducts
FN:404,(anonymous_50)
FN:405,(anonymous_51)
FN:418,(anonymous_52)
FN:424,(anonymous_53)
FN:427,(anonymous_54)
FN:436,(anonymous_55)
FN:442,confirmProductsFarmer
FN:443,(anonymous_57)
FN:451,(anonymous_58)
FN:457,(anonymous_59)
FN:460,(anonymous_60)
FN:469,(anonymous_61)
FN:475,newAck
FN:477,(anonymous_63)
FN:485,(anonymous_64)
FN:491,(anonymous_65)
FN:494,(anonymous_66)
FN:503,(anonymous_67)
FN:509,newFutureProduct
FN:512,(anonymous_69)
FN:520,(anonymous_70)
FN:526,(anonymous_71)
FN:529,(anonymous_72)
FN:541,(anonymous_73)
FN:549,setDate
FN:551,(anonymous_75)
FN:559,(anonymous_76)
FN:565,(anonymous_77)
FN:568,(anonymous_78)
FN:580,(anonymous_79)
FN:586,attaccoDoS
FN:587,(anonymous_81)
FN:602,(anonymous_82)
FN:611,(anonymous_83)
FN:628,(anonymous_84)
FN:655,(anonymous_85)
FN:666,(anonymous_86)
FN:683,confirmPreparation
FN:684,(anonymous_88)
FN:692,(anonymous_89)
FN:698,(anonymous_90)
FN:701,(anonymous_91)
FN:710,(anonymous_92)
FNF:93
FNH:2
FNDA:1,addUser
FNDA:1,(anonymous_1)
FNDA:0,(anonymous_2)
FNDA:0,(anonymous_3)
FNDA:0,(anonymous_4)
FNDA:0,(anonymous_5)
FNDA:0,logIn
FNDA:0,logOut
FNDA:0,getUserInfo
FNDA:0,getClientByEmail
FNDA:0,getWalletById
FNDA:0,setNewWallet
FNDA:0,(anonymous_12)
FNDA:0,(anonymous_13)
FNDA:0,(anonymous_14)
FNDA:0,(anonymous_15)
FNDA:0,(anonymous_16)
FNDA:0,newBooking
FNDA:0,(anonymous_18)
FNDA:0,newBookingProduct
FNDA:0,(anonymous_20)
FNDA:0,(anonymous_21)
FNDA:0,(anonymous_22)
FNDA:0,(anonymous_23)
FNDA:0,(anonymous_24)
FNDA:0,confirmBooking
FNDA:0,(anonymous_26)
FNDA:0,(anonymous_27)
FNDA:0,(anonymous_28)
FNDA:0,(anonymous_29)
FNDA:0,(anonymous_30)
FNDA:0,newBookingMode
FNDA:0,(anonymous_32)
FNDA:0,(anonymous_33)
FNDA:0,(anonymous_34)
FNDA:0,(anonymous_35)
FNDA:0,(anonymous_36)
FNDA:0,editProductQty
FNDA:0,(anonymous_38)
FNDA:0,(anonymous_39)
FNDA:0,(anonymous_40)
FNDA:0,(anonymous_41)
FNDA:0,(anonymous_42)
FNDA:0,confirmAck
FNDA:0,(anonymous_44)
FNDA:0,(anonymous_45)
FNDA:0,(anonymous_46)
FNDA:0,(anonymous_47)
FNDA:0,(anonymous_48)
FNDA:0,confirmDeliveryProducts
FNDA:0,(anonymous_50)
FNDA:0,(anonymous_51)
FNDA:0,(anonymous_52)
FNDA:0,(anonymous_53)
FNDA:0,(anonymous_54)
FNDA:0,(anonymous_55)
FNDA:0,confirmProductsFarmer
FNDA:0,(anonymous_57)
FNDA:0,(anonymous_58)
FNDA:0,(anonymous_59)
FNDA:0,(anonymous_60)
FNDA:0,(anonymous_61)
FNDA:0,newAck
FNDA:0,(anonymous_63)
FNDA:0,(anonymous_64)
FNDA:0,(anonymous_65)
FNDA:0,(anonymous_66)
FNDA:0,(anonymous_67)
FNDA:0,newFutureProduct
FNDA:0,(anonymous_69)
FNDA:0,(anonymous_70)
FNDA:0,(anonymous_71)
FNDA:0,(anonymous_72)
FNDA:0,(anonymous_73)
FNDA:0,setDate
FNDA:0,(anonymous_75)
FNDA:0,(anonymous_76)
FNDA:0,(anonymous_77)
FNDA:0,(anonymous_78)
FNDA:0,(anonymous_79)
FNDA:0,attaccoDoS
FNDA:0,(anonymous_81)
FNDA:0,(anonymous_82)
FNDA:0,(anonymous_83)
FNDA:0,(anonymous_84)
FNDA:0,(anonymous_85)
FNDA:0,(anonymous_86)
FNDA:0,confirmPreparation
FNDA:0,(anonymous_88)
FNDA:0,(anonymous_89)
FNDA:0,(anonymous_90)
FNDA:0,(anonymous_91)
FNDA:0,(anonymous_92)
DA:1,2
DA:5,1
DA:6,1
DA:19,0
DA:20,0
DA:22,0
DA:25,0
DA:28,0
DA:37,0
DA:44,0
DA:45,0
DA:47,0
DA:54,0
DA:56,0
DA:63,0
DA:65,0
DA:72,0
DA:74,0
DA:81,0
DA:83,0
DA:90,0
DA:93,0
DA:94,0
DA:96,0
DA:97,0
DA:98,0
DA:99,0
DA:101,0
DA:102,0
DA:103,0
DA:105,0
DA:111,0
DA:115,0
DA:116,0
DA:117,0
DA:118,0
DA:120,0
DA:126,0
DA:133,0
DA:134,0
DA:136,0
DA:142,0
DA:149,0
DA:150,0
DA:151,0
DA:153,0
DA:158,0
DA:159,0
DA:170,0
DA:171,0
DA:173,0
DA:176,0
DA:179,0
DA:188,0
DA:195,0
DA:197,0
DA:205,0
DA:206,0
DA:207,0
DA:213,0
DA:214,0
DA:225,0
DA:228,0
DA:230,0
DA:233,0
DA:236,0
DA:248,0
DA:253,0
DA:254,0
DA:255,0
DA:257,0
DA:261,0
DA:262,0
DA:273,0
DA:274,0
DA:276,0
DA:279,0
DA:282,0
DA:291,0
DA:298,0
DA:299,0
DA:307,0
DA:308,0
DA:310,0
DA:313,0
DA:316,0
DA:325,0
DA:332,0
DA:333,0
DA:344,0
DA:345,0
DA:347,0
DA:350,0
DA:353,0
DA:362,0
DA:368,0
DA:369,0
DA:380,0
DA:381,0
DA:383,0
DA:386,0
DA:389,0
DA:398,0
DA:404,0
DA:405,0
DA:406,0
DA:411,0
DA:419,0
DA:420,0
DA:422,0
DA:425,0
DA:428,0
DA:437,0
DA:443,0
DA:444,0
DA:452,0
DA:453,0
DA:455,0
DA:458,0
DA:461,0
DA:470,0
DA:477,0
DA:478,0
DA:486,0
DA:487,0
DA:489,0
DA:492,0
DA:495,0
DA:504,0
DA:511,0
DA:513,0
DA:521,0
DA:522,0
DA:524,0
DA:527,0
DA:530,0
DA:542,0
DA:550,0
DA:552,0
DA:560,0
DA:561,0
DA:563,0
DA:566,0
DA:569,0
DA:581,0
DA:587,0
DA:590,0
DA:595,0
DA:596,0
DA:597,0
DA:598,0
DA:600,0
DA:601,0
DA:602,0
DA:603,0
DA:606,0
DA:607,0
DA:608,0
DA:611,0
DA:612,0
DA:615,0
DA:616,0
DA:617,0
DA:621,0
DA:622,0
DA:624,0
DA:628,0
DA:630,0
DA:631,0
DA:632,0
DA:633,0
DA:634,0
DA:636,0
DA:637,0
DA:640,0
DA:641,0
DA:642,0
DA:644,0
DA:645,0
DA:648,0
DA:649,0
DA:650,0
DA:655,0
DA:657,0
DA:658,0
DA:659,0
DA:660,0
DA:661,0
DA:666,0
DA:668,0
DA:669,0
DA:670,0
DA:671,0
DA:675,0
DA:676,0
DA:677,0
DA:678,0
DA:680,0
DA:684,0
DA:685,0
DA:693,0
DA:694,0
DA:696,0
DA:699,0
DA:702,0
DA:711,0
DA:716,2
LF:207
LH:4
BRDA:19,0,0,0
BRDA:19,0,1,0
BRDA:45,1,0,0
BRDA:45,1,1,0
BRDA:45,1,2,0
BRDA:45,1,3,0
BRDA:45,1,4,0
BRDA:45,1,5,0
BRDA:96,2,0,0
BRDA:96,2,1,0
BRDA:117,3,0,0
BRDA:117,3,1,0
BRDA:133,4,0,0
BRDA:133,4,1,0
BRDA:150,5,0,0
BRDA:150,5,1,0
BRDA:170,6,0,0
BRDA:170,6,1,0
BRDA:206,7,0,0
BRDA:206,7,1,0
BRDA:225,8,0,0
BRDA:225,8,1,0
BRDA:273,9,0,0
BRDA:273,9,1,0
BRDA:307,10,0,0
BRDA:307,10,1,0
BRDA:344,11,0,0
BRDA:344,11,1,0
BRDA:380,12,0,0
BRDA:380,12,1,0
BRDA:419,13,0,0
BRDA:419,13,1,0
BRDA:452,14,0,0
BRDA:452,14,1,0
BRDA:486,15,0,0
BRDA:486,15,1,0
BRDA:521,16,0,0
BRDA:521,16,1,0
BRDA:560,17,0,0
BRDA:560,17,1,0
BRDA:590,18,0,0
BRDA:590,18,1,0
BRDA:591,19,0,0
BRDA:591,19,1,0
BRDA:591,19,2,0
BRDA:591,19,3,0
BRDA:597,20,0,0
BRDA:597,20,1,0
BRDA:600,21,0,0
BRDA:600,21,1,0
BRDA:600,22,0,0
BRDA:600,22,1,0
BRDA:600,22,2,0
BRDA:607,23,0,0
BRDA:607,23,1,0
BRDA:616,24,0,0
BRDA:616,24,1,0
BRDA:630,25,0,0
BRDA:630,25,1,0
BRDA:630,26,0,0
BRDA:630,26,1,0
BRDA:630,26,2,0
BRDA:633,27,0,0
BRDA:633,27,1,0
BRDA:636,28,0,0
BRDA:636,28,1,0
BRDA:636,29,0,0
BRDA:636,29,1,0
BRDA:636,29,2,0
BRDA:641,30,0,0
BRDA:641,30,1,0
BRDA:644,31,0,0
BRDA:644,31,1,0
BRDA:644,32,0,0
BRDA:644,32,1,0
BRDA:644,32,2,0
BRDA:649,33,0,0
BRDA:649,33,1,0
BRDA:657,34,0,0
BRDA:657,34,1,0
BRDA:657,35,0,0
BRDA:657,35,1,0
BRDA:657,35,2,0
BRDA:660,36,0,0
BRDA:660,36,1,0
BRDA:670,37,0,0
BRDA:670,37,1,0
BRDA:693,38,0,0
BRDA:693,38,1,0
BRF:89
BRH:0
end_of_record
TN:
SF:src\AcknowledgeDeliveryManager.js
FN:10,AcknowledgeDeliveryFarmer
FN:12,acknowledgeActions
FN:16,(anonymous_2)
FN:26,(anonymous_3)
FNF:4
FNH:0
FNDA:0,AcknowledgeDeliveryFarmer
FNDA:0,acknowledgeActions
FNDA:0,(anonymous_2)
FNDA:0,(anonymous_3)
DA:13,0
DA:14,0
DA:16,0
DA:17,0
DA:28,0
DA:40,0
LF:6
LH:0
BRDA:13,0,0,0
BRDA:13,0,1,0
BRDA:44,1,0,0
BRDA:44,1,1,0
BRDA:44,2,0,0
BRDA:44,2,1,0
BRF:6
BRH:0
end_of_record
TN:
SF:src\App.js
FN:35,App
FN:62,(anonymous_1)
FN:68,(anonymous_2)
FN:69,(anonymous_3)
FN:80,(anonymous_4)
FN:88,(anonymous_5)
FN:89,(anonymous_6)
FN:103,(anonymous_7)
FN:117,(anonymous_8)
FN:119,(anonymous_9)
FN:120,(anonymous_10)
FN:134,(anonymous_11)
FN:135,(anonymous_12)
FN:151,(anonymous_13)
FN:154,(anonymous_14)
FN:164,(anonymous_15)
FN:168,(anonymous_16)
FN:176,(anonymous_17)
FN:179,(anonymous_18)
FN:183,(anonymous_19)
FN:184,(anonymous_20)
FN:191,(anonymous_21)
FN:202,(anonymous_22)
FN:205,(anonymous_23)
FN:208,(anonymous_24)
FN:213,(anonymous_25)
FN:215,(anonymous_26)
FN:229,(anonymous_27)
FN:232,(anonymous_28)
FN:238,(anonymous_29)
FN:241,(anonymous_30)
FN:244,(anonymous_31)
FN:248,(anonymous_32)
FN:260,(anonymous_33)
FN:272,(anonymous_34)
FN:286,(anonymous_35)
FN:301,(anonymous_36)
FN:303,(anonymous_37)
FN:326,(anonymous_38)
FN:329,(anonymous_39)
FN:334,(anonymous_40)
FN:360,(anonymous_41)
FN:405,(anonymous_42)
FN:421,(anonymous_43)
FN:444,(anonymous_44)
FN:456,(anonymous_45)
FN:480,(anonymous_46)
FN:515,(anonymous_47)
FN:549,(anonymous_48)
FN:578,(anonymous_49)
FN:607,(anonymous_50)
FN:640,(anonymous_51)
FN:669,(anonymous_52)
FN:698,(anonymous_53)
FN:708,(anonymous_54)
FN:729,(anonymous_55)
FN:740,(anonymous_56)
FN:763,(anonymous_57)
FN:797,(anonymous_58)
FN:827,(anonymous_59)
FN:862,(anonymous_60)
FN:875,(anonymous_61)
FN:897,(anonymous_62)
FN:930,(anonymous_63)
FN:975,(anonymous_64)
FN:1009,(anonymous_65)
FN:1039,(anonymous_66)
FN:1048,(anonymous_67)
FNF:68
FNH:1
FNDA:2,App
FNDA:0,(anonymous_1)
FNDA:0,(anonymous_2)
FNDA:0,(anonymous_3)
FNDA:0,(anonymous_4)
FNDA:0,(anonymous_5)
FNDA:0,(anonymous_6)
FNDA:0,(anonymous_7)
FNDA:0,(anonymous_8)
FNDA:0,(anonymous_9)
FNDA:0,(anonymous_10)
FNDA:0,(anonymous_11)
FNDA:0,(anonymous_12)
FNDA:0,(anonymous_13)
FNDA:0,(anonymous_14)
FNDA:0,(anonymous_15)
FNDA:0,(anonymous_16)
FNDA:0,(anonymous_17)
FNDA:0,(anonymous_18)
FNDA:0,(anonymous_19)
FNDA:0,(anonymous_20)
FNDA:0,(anonymous_21)
FNDA:0,(anonymous_22)
FNDA:0,(anonymous_23)
FNDA:0,(anonymous_24)
FNDA:0,(anonymous_25)
FNDA:0,(anonymous_26)
FNDA:0,(anonymous_27)
FNDA:0,(anonymous_28)
FNDA:0,(anonymous_29)
FNDA:0,(anonymous_30)
FNDA:0,(anonymous_31)
FNDA:0,(anonymous_32)
FNDA:0,(anonymous_33)
FNDA:0,(anonymous_34)
FNDA:0,(anonymous_35)
FNDA:0,(anonymous_36)
FNDA:0,(anonymous_37)
FNDA:0,(anonymous_38)
FNDA:0,(anonymous_39)
FNDA:0,(anonymous_40)
FNDA:0,(anonymous_41)
FNDA:0,(anonymous_42)
FNDA:0,(anonymous_43)
FNDA:0,(anonymous_44)
FNDA:0,(anonymous_45)
FNDA:0,(anonymous_46)
FNDA:0,(anonymous_47)
FNDA:0,(anonymous_48)
FNDA:0,(anonymous_49)
FNDA:0,(anonymous_50)
FNDA:0,(anonymous_51)
FNDA:0,(anonymous_52)
FNDA:0,(anonymous_53)
FNDA:0,(anonymous_54)
FNDA:0,(anonymous_55)
FNDA:0,(anonymous_56)
FNDA:0,(anonymous_57)
FNDA:0,(anonymous_58)
FNDA:0,(anonymous_59)
FNDA:0,(anonymous_60)
FNDA:0,(anonymous_61)
FNDA:0,(anonymous_62)
FNDA:0,(anonymous_63)
FNDA:0,(anonymous_64)
FNDA:0,(anonymous_65)
FNDA:0,(anonymous_66)
FNDA:0,(anonymous_67)
DA:36,2
DA:37,2
DA:38,2
DA:39,2
DA:40,2
DA:41,2
DA:42,2
DA:43,2
DA:44,2
DA:45,2
DA:46,2
DA:47,2
DA:48,2
DA:49,2
DA:50,2
DA:51,2
DA:52,2
DA:53,2
DA:54,2
DA:55,2
DA:62,2
DA:63,0
DA:64,0
DA:66,0
DA:69,0
DA:70,0
DA:71,0
DA:72,0
DA:79,0
DA:80,0
DA:88,2
DA:89,0
DA:90,0
DA:91,0
DA:92,0
DA:93,0
DA:94,0
DA:96,0
DA:99,0
DA:103,2
DA:104,0
DA:105,0
DA:106,0
DA:107,0
DA:108,0
DA:110,0
DA:117,2
DA:118,0
DA:119,0
DA:121,0
DA:125,0
DA:126,0
DA:127,0
DA:128,0
DA:129,0
DA:130,0
DA:134,2
DA:135,0
DA:136,0
DA:137,0
DA:138,0
DA:139,0
DA:141,0
DA:142,0
DA:146,0
DA:150,0
DA:152,0
DA:155,0
DA:156,0
DA:158,0
DA:164,2
DA:168,0
DA:169,0
DA:170,0
DA:172,0
DA:175,0
DA:177,0
DA:179,0
DA:183,2
DA:184,0
DA:185,0
DA:187,0
DA:191,2
DA:193,0
DA:195,0
DA:196,0
DA:197,0
DA:198,0
DA:202,2
DA:203,0
DA:204,0
DA:206,0
DA:208,0
DA:209,0
DA:213,2
DA:214,0
DA:215,0
DA:217,0
DA:218,0
DA:219,0
DA:220,0
DA:224,0
DA:225,0
DA:229,2
DA:231,0
DA:232,0
DA:234,0
DA:238,2
DA:239,0
DA:240,0
DA:242,0
DA:244,0
DA:245,0
DA:248,2
DA:249,0
DA:250,0
DA:251,0
DA:252,0
DA:254,0
DA:255,0
DA:260,2
DA:261,0
DA:262,0
DA:263,0
DA:267,0
DA:268,0
DA:272,2
DA:273,0
DA:274,0
DA:275,0
DA:276,0
DA:280,0
DA:281,0
DA:282,0
DA:286,2
DA:287,0
DA:288,0
DA:289,0
DA:290,0
DA:291,0
DA:292,0
DA:296,0
DA:297,0
DA:301,2
DA:302,0
DA:303,0
DA:304,0
DA:309,0
DA:310,0
DA:313,0
DA:314,0
DA:318,0
DA:319,0
DA:326,2
DA:327,0
DA:328,0
DA:329,0
DA:330,0
DA:334,0
DA:335,0
DA:336,0
DA:341,2
DA:362,0
DA:406,0
DA:421,0
DA:445,0
DA:456,0
DA:481,0
DA:516,0
DA:550,0
DA:579,0
DA:608,0
DA:641,0
DA:670,0
DA:699,0
DA:708,0
DA:730,0
DA:740,0
DA:764,0
DA:798,0
DA:829,0
DA:863,0
DA:875,0
DA:898,0
DA:932,0
DA:976,0
DA:1012,0
DA:1041,0
DA:1048,0
LF:189
LH:39
BRDA:64,0,0,0
BRDA:64,0,1,0
BRDA:137,1,0,0
BRDA:137,1,1,0
BRDA:137,2,0,0
BRDA:137,2,1,0
BRDA:141,3,0,0
BRDA:141,3,1,0
BRDA:155,4,0,0
BRDA:155,4,1,0
BRDA:155,5,0,0
BRDA:155,5,1,0
BRDA:170,6,0,0
BRDA:170,6,1,0
BRDA:170,7,0,0
BRDA:170,7,1,0
BRDA:214,8,0,0
BRDA:214,8,1,0
BRDA:214,9,0,0
BRDA:214,9,1,0
BRDA:214,9,2,0
BRDA:214,9,3,0
BRDA:219,10,0,0
BRDA:219,10,1,0
BRDA:231,11,0,0
BRDA:231,11,1,0
BRDA:363,12,0,0
BRDA:363,12,1,0
BRDA:365,13,0,0
BRDA:365,13,1,0
BRDA:369,14,0,0
BRDA:369,14,1,0
BRDA:373,15,0,0
BRDA:373,15,1,0
BRDA:377,16,0,0
BRDA:377,16,1,0
BRDA:381,17,0,0
BRDA:381,17,1,0
BRDA:407,18,0,0
BRDA:407,18,1,0
BRDA:409,19,0,0
BRDA:409,19,1,0
BRDA:411,20,0,0
BRDA:411,20,1,0
BRDA:411,21,0,0
BRDA:411,21,1,0
BRDA:411,21,2,0
BRDA:446,22,0,0
BRDA:446,22,1,0
BRDA:448,23,0,0
BRDA:448,23,1,0
BRDA:450,24,0,0
BRDA:450,24,1,0
BRDA:450,25,0,0
BRDA:450,25,1,0
BRDA:450,25,2,0
BRDA:482,26,0,0
BRDA:482,26,1,0
BRDA:484,27,0,0
BRDA:484,27,1,0
BRDA:486,28,0,0
BRDA:486,28,1,0
BRDA:486,29,0,0
BRDA:486,29,1,0
BRDA:494,30,0,0
BRDA:494,30,1,0
BRDA:517,31,0,0
BRDA:517,31,1,0
BRDA:519,32,0,0
BRDA:519,32,1,0
BRDA:521,33,0,0
BRDA:521,33,1,0
BRDA:521,34,0,0
BRDA:521,34,1,0
BRDA:551,35,0,0
BRDA:551,35,1,0
BRDA:553,36,0,0
BRDA:553,36,1,0
BRDA:553,37,0,0
BRDA:553,37,1,0
BRDA:553,37,2,0
BRDA:553,37,3,0
BRDA:580,38,0,0
BRDA:580,38,1,0
BRDA:582,39,0,0
BRDA:582,39,1,0
BRDA:584,40,0,0
BRDA:584,40,1,0
BRDA:584,41,0,0
BRDA:584,41,1,0
BRDA:609,42,0,0
BRDA:609,42,1,0
BRDA:611,43,0,0
BRDA:611,43,1,0
BRDA:613,44,0,0
BRDA:613,44,1,0
BRDA:613,45,0,0
BRDA:613,45,1,0
BRDA:642,46,0,0
BRDA:642,46,1,0
BRDA:644,47,0,0
BRDA:644,47,1,0
BRDA:646,48,0,0
BRDA:646,48,1,0
BRDA:646,49,0,0
BRDA:646,49,1,0
BRDA:671,50,0,0
BRDA:671,50,1,0
BRDA:673,51,0,0
BRDA:673,51,1,0
BRDA:675,52,0,0
BRDA:675,52,1,0
BRDA:675,53,0,0
BRDA:675,53,1,0
BRDA:700,54,0,0
BRDA:700,54,1,0
BRDA:702,55,0,0
BRDA:702,55,1,0
BRDA:704,56,0,0
BRDA:704,56,1,0
BRDA:704,57,0,0
BRDA:704,57,1,0
BRDA:708,58,0,0
BRDA:708,58,1,0
BRDA:731,59,0,0
BRDA:731,59,1,0
BRDA:733,60,0,0
BRDA:733,60,1,0
BRDA:735,61,0,0
BRDA:735,61,1,0
BRDA:735,62,0,0
BRDA:735,62,1,0
BRDA:740,63,0,0
BRDA:740,63,1,0
BRDA:765,64,0,0
BRDA:765,64,1,0
BRDA:767,65,0,0
BRDA:767,65,1,0
BRDA:769,66,0,0
BRDA:769,66,1,0
BRDA:769,67,0,0
BRDA:769,67,1,0
BRDA:774,68,0,0
BRDA:774,68,1,0
BRDA:799,69,0,0
BRDA:799,69,1,0
BRDA:801,70,0,0
BRDA:801,70,1,0
BRDA:804,71,0,0
BRDA:804,71,1,0
BRDA:804,72,0,0
BRDA:804,72,1,0
BRDA:830,73,0,0
BRDA:830,73,1,0
BRDA:832,74,0,0
BRDA:832,74,1,0
BRDA:835,75,0,0
BRDA:835,75,1,0
BRDA:835,76,0,0
BRDA:835,76,1,0
BRDA:864,77,0,0
BRDA:864,77,1,0
BRDA:866,78,0,0
BRDA:866,78,1,0
BRDA:868,79,0,0
BRDA:868,79,1,0
BRDA:868,80,0,0
BRDA:868,80,1,0
BRDA:899,81,0,0
BRDA:899,81,1,0
BRDA:901,82,0,0
BRDA:901,82,1,0
BRDA:903,83,0,0
BRDA:903,83,1,0
BRDA:903,84,0,0
BRDA:903,84,1,0
BRDA:933,85,0,0
BRDA:933,85,1,0
BRDA:935,86,0,0
BRDA:935,86,1,0
BRDA:937,87,0,0
BRDA:937,87,1,0
BRDA:937,88,0,0
BRDA:937,88,1,0
BRDA:937,88,2,0
BRDA:977,89,0,0
BRDA:977,89,1,0
BRDA:979,90,0,0
BRDA:979,90,1,0
BRDA:981,91,0,0
BRDA:981,91,1,0
BRDA:981,92,0,0
BRDA:981,92,1,0
BRDA:1013,93,0,0
BRDA:1013,93,1,0
BRDA:1015,94,0,0
BRDA:1015,94,1,0
BRDA:1017,95,0,0
BRDA:1017,95,1,0
BRDA:1017,96,0,0
BRDA:1017,96,1,0
BRF:201
BRH:0
end_of_record
TN:
SF:src\BookingAcceptance.js
FN:10,BookingAcceptance
FN:20,bookingActions
FN:22,(anonymous_2)
FN:26,(anonymous_3)
FN:35,(anonymous_4)
FN:46,(anonymous_5)
FNF:6
FNH:0
FNDA:0,BookingAcceptance
FNDA:0,bookingActions
FNDA:0,(anonymous_2)
FNDA:0,(anonymous_3)
FNDA:0,(anonymous_4)
FNDA:0,(anonymous_5)
DA:22,0
DA:23,0
DA:24,0
DA:26,0
DA:27,0
DA:36,0
DA:47,0
DA:48,0
DA:61,0
LF:9
LH:0
BRDA:23,0,0,0
BRDA:23,0,1,0
BRDA:65,1,0,0
BRDA:65,1,1,0
BRDA:65,2,0,0
BRDA:65,2,1,0
BRF:6
BRH:0
end_of_record
TN:
SF:src\BookingConfirmFarmer.js
FN:11,BookingConfirmFarmer
FN:15,confirmActions
FN:24,(anonymous_2)
FN:34,(anonymous_3)
FN:63,(anonymous_4)
FNF:5
FNH:0
FNDA:0,BookingConfirmFarmer
FNDA:0,confirmActions
FNDA:0,(anonymous_2)
FNDA:0,(anonymous_3)
FNDA:0,(anonymous_4)
DA:13,0
DA:16,0
DA:17,0
DA:19,0
DA:25,0
DA:35,0
DA:36,0
DA:39,0
DA:51,0
DA:65,0
LF:10
LH:0
BRDA:16,0,0,0
BRDA:16,0,1,0
BRDA:35,1,0,0
BRDA:35,1,1,0
BRDA:35,2,0,0
BRDA:35,2,1,0
BRDA:75,3,0,0
BRDA:75,3,1,0
BRDA:75,4,0,0
BRDA:75,4,1,0
BRF:10
BRH:0
end_of_record
TN:
SF:src\BookingDeliveryFarmer.js
FN:11,BookingDeliveryFarmer
FN:15,deliveryActions
FN:24,(anonymous_2)
FN:34,(anonymous_3)
FN:65,(anonymous_4)
FNF:5
FNH:0
FNDA:0,BookingDeliveryFarmer
FNDA:0,deliveryActions
FNDA:0,(anonymous_2)
FNDA:0,(anonymous_3)
FNDA:0,(anonymous_4)
DA:13,0
DA:16,0
DA:17,0
DA:19,0
DA:25,0
DA:35,0
DA:37,0
DA:39,0
DA:54,0
DA:67,0
LF:10
LH:0
BRDA:16,0,0,0
BRDA:16,0,1,0
BRDA:35,1,0,0
BRDA:35,1,1,0
BRDA:77,2,0,0
BRDA:77,2,1,0
BRDA:77,3,0,0
BRDA:77,3,1,0
BRF:8
BRH:0
end_of_record
TN:
SF:src\BookingReview.js
FN:20,BookingReview
FN:45,computeMaxDate
FN:57,computeMinDate
FN:65,newBooking
FN:70,(anonymous_4)
FN:74,(anonymous_5)
FN:92,(anonymous_6)
FN:95,(anonymous_7)
FN:107,(anonymous_8)
FN:111,(anonymous_9)
FN:153,productsActions
FN:154,(anonymous_11)
FN:176,(anonymous_12)
FN:177,(anonymous_13)
FN:178,(anonymous_14)
FN:195,(anonymous_15)
FN:226,(anonymous_16)
FN:227,(anonymous_17)
FN:228,(anonymous_18)
FN:229,(anonymous_19)
FN:265,(anonymous_20)
FN:282,(anonymous_21)
FN:298,(anonymous_22)
FN:320,(anonymous_23)
FN:323,(anonymous_24)
FN:346,(anonymous_25)
FN:380,(anonymous_26)
FN:399,(anonymous_27)
FN:419,(anonymous_28)
FN:438,(anonymous_29)
FN:457,(anonymous_30)
FN:476,(anonymous_31)
FN:495,(anonymous_32)
FN:518,(anonymous_33)
FN:537,(anonymous_34)
FN:581,(anonymous_35)
FN:590,(anonymous_36)
FNF:37
FNH:7
FNDA:11,BookingReview
FNDA:11,computeMaxDate
FNDA:11,computeMinDate
FNDA:0,newBooking
FNDA:0,(anonymous_4)
FNDA:0,(anonymous_5)
FNDA:0,(anonymous_6)
FNDA:1,(anonymous_7)
FNDA:0,(anonymous_8)
FNDA:0,(anonymous_9)
FNDA:11,productsActions
FNDA:22,(anonymous_11)
FNDA:0,(anonymous_12)
FNDA:0,(anonymous_13)
FNDA:0,(anonymous_14)
FNDA:0,(anonymous_15)
FNDA:0,(anonymous_16)
FNDA:0,(anonymous_17)
FNDA:0,(anonymous_18)
FNDA:0,(anonymous_19)
FNDA:0,(anonymous_20)
FNDA:0,(anonymous_21)
FNDA:0,(anonymous_22)
FNDA:0,(anonymous_23)
FNDA:0,(anonymous_24)
FNDA:0,(anonymous_25)
FNDA:0,(anonymous_26)
FNDA:0,(anonymous_27)
FNDA:0,(anonymous_28)
FNDA:0,(anonymous_29)
FNDA:0,(anonymous_30)
FNDA:0,(anonymous_31)
FNDA:0,(anonymous_32)
FNDA:0,(anonymous_33)
FNDA:0,(anonymous_34)
FNDA:0,(anonymous_35)
FNDA:1,(anonymous_36)
DA:21,11
DA:26,11
DA:27,11
DA:28,11
DA:29,11
DA:30,11
DA:32,11
DA:34,11
DA:35,11
DA:36,11
DA:37,11
DA:38,11
DA:39,11
DA:40,11
DA:41,11
DA:42,11
DA:43,11
DA:46,11
DA:49,11
DA:50,0
DA:51,11
DA:52,44
DA:54,11
DA:58,11
DA:59,11
DA:60,22
DA:62,11
DA:68,0
DA:70,0
DA:71,0
DA:73,0
DA:75,0
DA:87,0
DA:88,0
DA:89,0
DA:90,0
DA:92,0
DA:95,11
DA:96,1
DA:97,1
DA:98,1
DA:99,1
DA:100,1
DA:101,1
DA:102,1
DA:103,1
DA:104,1
DA:107,11
DA:108,0
DA:109,0
DA:111,0
DA:112,0
DA:114,0
DA:119,0
DA:132,0
DA:135,0
DA:136,0
DA:137,0
DA:141,0
DA:145,0
DA:146,0
DA:148,0
DA:149,0
DA:154,11
DA:155,22
DA:177,0
DA:178,0
DA:179,0
DA:180,0
DA:189,0
DA:192,0
DA:195,0
DA:196,0
DA:206,11
DA:227,0
DA:228,0
DA:229,0
DA:230,0
DA:231,0
DA:240,0
DA:243,0
DA:247,0
DA:248,0
DA:266,0
DA:283,0
DA:299,0
DA:320,0
DA:324,0
DA:346,0
DA:380,0
DA:399,0
DA:419,0
DA:438,0
DA:457,0
DA:476,0
DA:495,0
DA:518,0
DA:537,0
DA:581,0
DA:592,1
DA:598,0
DA:600,1
LF:102
LH:42
BRDA:22,0,0,0
BRDA:22,0,1,11
BRDA:49,1,0,0
BRDA:49,1,1,11
BRDA:49,2,0,11
BRDA:49,2,1,11
BRDA:77,3,0,0
BRDA:77,3,1,0
BRDA:85,4,0,0
BRDA:85,4,1,0
BRDA:114,5,0,0
BRDA:114,5,1,0
BRDA:115,6,0,0
BRDA:115,6,1,0
BRDA:115,6,2,0
BRDA:119,7,0,0
BRDA:119,7,1,0
BRDA:120,8,0,0
BRDA:120,8,1,0
BRDA:120,8,2,0
BRDA:120,8,3,0
BRDA:120,8,4,0
BRDA:120,8,5,0
BRDA:120,8,6,0
BRDA:120,8,7,0
BRDA:120,8,8,0
BRDA:120,8,9,0
BRDA:120,8,10,0
BRDA:135,9,0,0
BRDA:135,9,1,0
BRDA:145,10,0,0
BRDA:145,10,1,0
BRDA:179,11,0,0
BRDA:179,11,1,0
BRDA:230,12,0,0
BRDA:230,12,1,0
BRDA:313,13,0,11
BRDA:313,13,1,0
BRDA:322,14,0,0
BRDA:322,14,1,0
BRDA:357,15,0,0
BRDA:357,15,1,11
BRDA:367,16,0,0
BRDA:367,16,1,11
BRDA:575,17,0,11
BRDA:575,17,1,0
BRDA:577,18,0,11
BRDA:577,18,1,0
BRDA:592,19,0,0
BRDA:592,19,1,1
BRDA:593,20,0,1
BRDA:593,20,1,0
BRDA:593,20,2,1
BRDA:593,20,3,0
BRF:54
BRH:12
end_of_record
TN:
SF:src\CarouselCustom.js
FN:13,CarouselCustom
FN:16,(anonymous_1)
FNF:2
FNH:1
FNDA:1,CarouselCustom
FNDA:0,(anonymous_1)
DA:14,1
DA:16,1
DA:17,0
DA:20,1
LF:4
LH:3
BRDA:27,0,0,0
BRDA:27,0,1,1
BRDA:32,1,0,0
BRDA:32,1,1,1
BRDA:46,2,0,0
BRDA:46,2,1,1
BRDA:51,3,0,0
BRDA:51,3,1,1
BRDA:66,4,0,0
BRDA:66,4,1,1
BRF:10
BRH:5
end_of_record
TN:
SF:src\CheckPending.js
FN:10,CheckPending
FN:12,bookingActions
FN:13,(anonymous_2)
FN:17,(anonymous_3)
FN:26,(anonymous_4)
FNF:5
FNH:0
FNDA:0,CheckPending
FNDA:0,bookingActions
FNDA:0,(anonymous_2)
FNDA:0,(anonymous_3)
FNDA:0,(anonymous_4)
DA:13,0
DA:14,0
DA:15,0
DA:17,0
DA:18,0
DA:27,0
DA:43,0
LF:7
LH:0
BRDA:14,0,0,0
BRDA:14,0,1,0
BRDA:47,1,0,0
BRDA:47,1,1,0
BRDA:47,2,0,0
BRDA:47,2,1,0
BRF:6
BRH:0
end_of_record
TN:
SF:src\ClientData.js
FN:4,ClientData
FN:10,(anonymous_1)
FN:12,(anonymous_2)
FN:40,(anonymous_3)
FN:44,(anonymous_4)
FN:58,(anonymous_5)
FN:58,(anonymous_6)
FN:75,(anonymous_7)
FN:80,(anonymous_8)
FNF:9
FNH:0
FNDA:0,ClientData
FNDA:0,(anonymous_1)
FNDA:0,(anonymous_2)
FNDA:0,(anonymous_3)
FNDA:0,(anonymous_4)
FNDA:0,(anonymous_5)
FNDA:0,(anonymous_6)
FNDA:0,(anonymous_7)
FNDA:0,(anonymous_8)
DA:5,0
DA:6,0
DA:7,0
DA:8,0
DA:10,0
DA:11,0
DA:12,0
DA:14,0
DA:16,0
DA:17,0
DA:18,0
DA:20,0
DA:25,0
DA:40,0
DA:45,0
DA:58,0
DA:75,0
DA:80,0
LF:18
LH:0
BRDA:11,0,0,0
BRDA:11,0,1,0
BRDA:28,1,0,0
BRDA:28,1,1,0
BRDA:43,2,0,0
BRDA:43,2,1,0
BRDA:58,3,0,0
BRDA:58,3,1,0
BRF:8
BRH:0
end_of_record
TN:
SF:src\Clock.js
FN:5,Clock
FN:34,(anonymous_1)
FN:34,(anonymous_2)
FN:39,(anonymous_3)
FN:39,(anonymous_4)
FNF:5
FNH:1
FNDA:1,Clock
FNDA:0,(anonymous_1)
FNDA:0,(anonymous_2)
FNDA:0,(anonymous_3)
FNDA:0,(anonymous_4)
DA:6,1
DA:34,0
DA:39,0
LF:3
LH:1
BRDA:9,0,0,0
BRDA:9,0,1,1
BRDA:20,1,0,0
BRDA:20,1,1,1
BRDA:31,2,0,0
BRDA:31,2,1,1
BRDA:32,3,0,0
BRDA:32,3,1,1
BRDA:34,4,0,0
BRDA:34,4,1,0
BRDA:34,5,0,0
BRDA:34,5,1,0
BRF:12
BRH:4
end_of_record
TN:
SF:src\Customer.js
FN:5,Customer
FNF:1
FNH:1
FNDA:1,Customer
DA:8,1
LF:1
LH:1
BRF:0
BRH:0
end_of_record
TN:
SF:src\Employee.js
FN:5,Employee
FNF:1
FNH:1
FNDA:1,Employee
DA:8,1
LF:1
LH:1
BRF:0
BRH:0
end_of_record
TN:
SF:src\Farmer.js
FN:5,Farmer
FNF:1
FNH:1
FNDA:1,Farmer
DA:8,1
LF:1
LH:1
BRF:0
BRH:0
end_of_record
TN:
SF:src\ImageFinder.js
FN:3,ImageFinder
FN:4,(anonymous_1)
FN:14,(anonymous_2)
FNF:3
FNH:3
FNDA:24,ImageFinder
FNDA:1224,(anonymous_1)
FNDA:1224,(anonymous_2)
DA:4,24
DA:5,1224
DA:8,0
DA:11,24
DA:12,0
DA:14,24
DA:16,1224
DA:18,0
LF:8
LH:5
BRDA:5,0,0,0
BRDA:5,0,1,1224
BRDA:11,1,0,0
BRDA:11,1,1,24
BRDA:16,2,0,0
BRDA:16,2,1,1224
BRF:6
BRH:3
end_of_record
TN:
SF:src\Login.js
FN:8,Login
FN:13,validateForm
FN:17,(anonymous_2)
FN:32,(anonymous_3)
FN:40,(anonymous_4)
FN:45,(anonymous_5)
FN:71,LogButton
FNF:7
FNH:3
FNDA:1,Login
FNDA:1,validateForm
FNDA:0,(anonymous_2)
FNDA:0,(anonymous_3)
FNDA:0,(anonymous_4)
FNDA:0,(anonymous_5)
FNDA:1,LogButton
DA:9,1
DA:10,1
DA:11,1
DA:14,1
DA:17,1
DA:18,0
DA:19,0
DA:22,1
DA:32,0
DA:40,0
DA:45,0
DA:72,1
LF:12
LH:7
BRDA:14,0,0,1
BRDA:14,0,1,0
BRDA:73,1,0,0
BRDA:73,1,1,1
BRF:4
BRH:2
end_of_record
TN:
SF:src\Manager.js
FN:5,Manager
FNF:1
FNH:1
FNDA:1,Manager
DA:8,1
LF:1
LH:1
BRF:0
BRH:0
end_of_record
TN:
SF:src\NavbarCustom.js
FN:11,NavbarCustom
FN:30,(anonymous_1)
FN:40,checkType
FN:46,(anonymous_3)
FNF:4
FNH:1
FNDA:1,NavbarCustom
FNDA:0,(anonymous_1)
FNDA:0,checkType
FNDA:0,(anonymous_3)
DA:12,1
DA:13,1
DA:15,1
DA:16,1
DA:19,1
DA:29,1
DA:30,0
DA:34,1
DA:35,0
DA:36,0
DA:41,0
DA:42,0
DA:46,0
DA:57,0
DA:58,0
DA:66,0
DA:67,0
DA:75,0
DA:76,0
DA:85,0
DA:95,1
LF:21
LH:8
BRDA:29,0,0,0
BRDA:29,0,1,1
BRDA:29,1,0,1
BRDA:29,1,1,0
BRDA:34,2,0,0
BRDA:34,2,1,1
BRDA:34,3,0,1
BRDA:34,3,1,1
BRDA:41,4,0,0
BRDA:41,4,1,0
BRDA:41,5,0,0
BRDA:41,5,1,0
BRDA:41,5,2,0
BRDA:46,6,0,0
BRDA:46,6,1,0
BRDA:47,7,0,0
BRDA:47,7,1,0
BRDA:57,8,0,0
BRDA:57,8,1,0
BRDA:57,9,0,0
BRDA:57,9,1,0
BRDA:57,9,2,0
BRDA:66,10,0,0
BRDA:66,10,1,0
BRDA:66,11,0,0
BRDA:66,11,1,0
BRDA:66,11,2,0
BRDA:75,12,0,0
BRDA:75,12,1,0
BRDA:75,13,0,0
BRDA:75,13,1,0
BRDA:75,13,2,0
BRDA:127,14,0,0
BRDA:127,14,1,1
BRDA:145,15,0,1
BRDA:145,15,1,0
BRF:36
BRH:7
end_of_record
TN:
SF:src\NewClientForm.js
FN:7,NewClientForm
FN:19,(anonymous_1)
FN:72,(anonymous_2)
FN:90,(anonymous_3)
FN:108,(anonymous_4)
FN:136,(anonymous_5)
FN:148,(anonymous_6)
FNF:7
FNH:1
FNDA:1,NewClientForm
FNDA:0,(anonymous_1)
FNDA:0,(anonymous_2)
FNDA:0,(anonymous_3)
FNDA:0,(anonymous_4)
FNDA:0,(anonymous_5)
FNDA:0,(anonymous_6)
DA:8,1
DA:9,1
DA:10,1
DA:11,1
DA:12,1
DA:13,1
DA:14,1
DA:17,1
DA:19,1
DA:20,0
DA:21,0
DA:22,0
DA:23,0
DA:24,0
DA:25,0
DA:28,0
DA:30,0
DA:31,0
DA:32,0
DA:33,0
DA:34,0
DA:35,0
DA:39,0
DA:48,0
DA:49,0
DA:50,0
DA:55,1
DA:72,0
DA:90,0
DA:108,0
DA:136,0
DA:148,0
LF:32
LH:10
BRDA:24,0,0,0
BRDA:24,0,1,0
BRDA:31,1,0,0
BRDA:31,1,1,0
BRDA:31,2,0,0
BRDA:31,2,1,0
BRDA:33,3,0,0
BRDA:33,3,1,0
BRDA:109,4,0,1
BRDA:109,4,1,1
BRDA:112,5,0,1
BRDA:112,5,1,1
BRDA:112,5,2,0
BRDA:119,6,0,1
BRDA:119,6,1,1
BRF:15
BRH:6
end_of_record
TN:
SF:src\PickupSchedule.js
FN:10,PickupSchedule
FN:12,(anonymous_1)
FN:23,pickupScheduleActions
FN:27,(anonymous_3)
FN:39,(anonymous_4)
FNF:5
FNH:0
FNDA:0,PickupSchedule
FNDA:0,(anonymous_1)
FNDA:0,pickupScheduleActions
FNDA:0,(anonymous_3)
FNDA:0,(anonymous_4)
DA:12,0
DA:13,0
DA:14,0
DA:16,0
DA:17,0
DA:19,0
DA:24,0
DA:25,0
DA:27,0
DA:28,0
DA:41,0
DA:53,0
LF:12
LH:0
BRDA:13,0,0,0
BRDA:13,0,1,0
BRDA:13,1,0,0
BRDA:13,1,1,0
BRDA:16,2,0,0
BRDA:16,2,1,0
BRDA:16,3,0,0
BRDA:16,3,1,0
BRDA:24,4,0,0
BRDA:24,4,1,0
BRDA:57,5,0,0
BRDA:57,5,1,0
BRDA:57,6,0,0
BRDA:57,6,1,0
BRF:14
BRH:0
end_of_record
TN:
SF:src\ProductImages.js
FNF:0
FNH:0
LF:0
LH:0
BRF:0
BRH:0
end_of_record
TN:
SF:src\ProductsList.js
FN:9,ProductsList
FN:26,(anonymous_1)
FN:27,(anonymous_2)
FN:30,handleAddToCart
FN:41,(anonymous_4)
FN:42,(anonymous_5)
FN:58,(anonymous_6)
FN:59,(anonymous_7)
FN:77,(anonymous_8)
FN:86,(anonymous_9)
FN:95,(anonymous_10)
FN:96,(anonymous_11)
FN:100,productsActions
FN:103,(anonymous_13)
FN:114,(anonymous_14)
FN:140,(anonymous_15)
FN:170,(anonymous_16)
FN:171,(anonymous_17)
FN:173,(anonymous_18)
FN:173,(anonymous_19)
FN:176,(anonymous_20)
FN:201,(anonymous_21)
FN:202,(anonymous_22)
FN:205,(anonymous_23)
FN:205,(anonymous_24)
FN:208,(anonymous_25)
FN:246,(anonymous_26)
FN:266,(anonymous_27)
FNF:28
FNH:8
FNDA:1,ProductsList
FNDA:2,(anonymous_1)
FNDA:2,(anonymous_2)
FNDA:0,handleAddToCart
FNDA:0,(anonymous_4)
FNDA:0,(anonymous_5)
FNDA:0,(anonymous_6)
FNDA:0,(anonymous_7)
FNDA:0,(anonymous_8)
FNDA:0,(anonymous_9)
FNDA:0,(anonymous_10)
FNDA:0,(anonymous_11)
FNDA:1,productsActions
FNDA:1,(anonymous_13)
FNDA:2,(anonymous_14)
FNDA:0,(anonymous_15)
FNDA:1,(anonymous_16)
FNDA:0,(anonymous_17)
FNDA:0,(anonymous_18)
FNDA:0,(anonymous_19)
FNDA:0,(anonymous_20)
FNDA:1,(anonymous_21)
FNDA:0,(anonymous_22)
FNDA:0,(anonymous_23)
FNDA:0,(anonymous_24)
FNDA:0,(anonymous_25)
FNDA:0,(anonymous_26)
FNDA:0,(anonymous_27)
DA:10,1
DA:12,1
DA:13,1
DA:14,1
DA:15,1
DA:16,1
DA:17,1
DA:20,1
DA:21,1
DA:23,1
DA:26,2
DA:27,2
DA:31,0
DA:32,0
DA:41,0
DA:42,0
DA:43,0
DA:44,0
DA:45,0
DA:52,0
DA:55,0
DA:58,0
DA:59,0
DA:60,0
DA:61,0
DA:70,0
DA:73,0
DA:76,0
DA:77,0
DA:78,0
DA:83,0
DA:86,1
DA:87,0
DA:88,0
DA:89,0
DA:90,0
DA:91,0
DA:92,0
DA:95,1
DA:96,1
DA:103,1
DA:104,1
DA:105,1
DA:106,1
DA:107,0
DA:109,1
DA:110,1
DA:113,0
DA:115,2
DA:116,2
DA:141,0
DA:142,0
DA:143,0
DA:144,0
DA:145,0
DA:146,0
DA:147,0
DA:159,1
DA:170,1
DA:172,0
DA:173,0
DA:176,0
DA:201,1
DA:203,0
DA:204,0
DA:205,0
DA:208,0
DA:247,0
DA:248,0
DA:250,0
DA:251,0
DA:253,0
DA:254,0
DA:266,0
LF:74
LH:26
BRDA:43,0,0,0
BRDA:43,0,1,0
BRDA:60,1,0,0
BRDA:60,1,1,0
BRDA:76,2,0,0
BRDA:76,2,1,0
BRDA:95,3,0,1
BRDA:95,3,1,0
BRDA:96,4,0,1
BRDA:96,4,1,0
BRDA:106,5,0,0
BRDA:106,5,1,1
BRDA:109,6,0,1
BRDA:109,6,1,0
BRDA:172,7,0,0
BRDA:172,7,1,0
BRDA:204,8,0,0
BRDA:204,8,1,0
BRDA:247,9,0,0
BRDA:247,9,1,0
BRDA:247,10,0,0
BRDA:247,10,1,0
BRDA:250,11,0,0
BRDA:250,11,1,0
BRDA:253,12,0,0
BRDA:253,12,1,0
BRDA:272,13,0,1
BRDA:272,13,1,0
BRF:28
BRH:5
end_of_record
TN:
SF:src\ReportAvailability.js
FN:6,ReportAvailability
FN:30,(anonymous_1)
FN:71,(anonymous_2)
FN:85,(anonymous_3)
FN:87,(anonymous_4)
FN:106,(anonymous_5)
FN:120,(anonymous_6)
FN:134,(anonymous_7)
FN:147,(anonymous_8)
FNF:9
FNH:0
FNDA:0,ReportAvailability
FNDA:0,(anonymous_1)
FNDA:0,(anonymous_2)
FNDA:0,(anonymous_3)
FNDA:0,(anonymous_4)
FNDA:0,(anonymous_5)
FNDA:0,(anonymous_6)
FNDA:0,(anonymous_7)
FNDA:0,(anonymous_8)
DA:9,0
DA:10,0
DA:14,0
DA:15,0
DA:16,0
DA:17,0
DA:18,0
DA:23,0
DA:24,0
DA:25,0
DA:27,0
DA:30,0
DA:31,0
DA:32,0
DA:33,0
DA:34,0
DA:36,0
DA:44,0
DA:46,0
DA:47,0
DA:48,0
DA:52,0
DA:71,0
DA:85,0
DA:88,0
DA:106,0
DA:120,0
DA:134,0
DA:147,0
LF:29
LH:0
BRDA:15,0,0,0
BRDA:15,0,1,0
BRDA:15,1,0,0
BRDA:15,1,1,0
BRDA:15,1,2,0
BRDA:23,2,0,0
BRDA:23,2,1,0
BRDA:24,3,0,0
BRDA:24,3,1,0
BRDA:24,4,0,0
BRDA:24,4,1,0
BRDA:24,4,2,0
BRDA:33,5,0,0
BRDA:33,5,1,0
BRDA:33,6,0,0
BRDA:33,6,1,0
BRDA:33,6,2,0
BRDA:72,7,0,0
BRDA:72,7,1,0
BRDA:72,7,2,0
BRDA:86,8,0,0
BRDA:86,8,1,0
BRDA:93,9,0,0
BRDA:93,9,1,0
BRDA:107,10,0,0
BRDA:107,10,1,0
BRDA:121,11,0,0
BRDA:121,11,1,0
BRDA:135,12,0,0
BRDA:135,12,1,0
BRF:30
BRH:0
end_of_record
TN:
SF:src\Sidebar.js
FN:4,SidebarCustom
FNF:1
FNH:1
FNDA:1,SidebarCustom
DA:5,1
LF:1
LH:1
BRF:0
BRH:0
end_of_record
TN:
SF:src\WarehouseWorker.js
FN:5,WarehouseWorker
FNF:1
FNH:1
FNDA:1,WarehouseWorker
DA:7,1
LF:1
LH:1
BRF:0
BRH:0
end_of_record
TN:
SF:src\styleMock.js
FNF:0
FNH:0
DA:1,1
LF:1
LH:1
BRF:0
BRH:0
end_of_record
