TN:
SF:src\API.js
FN:3,addUser
FN:5,(anonymous_1)
FN:18,(anonymous_2)
FN:24,(anonymous_3)
FN:27,(anonymous_4)
FN:36,(anonymous_5)
FN:42,logIn
FN:110,logOut
FN:114,getUserInfo
FN:124,getClientByEmail
FN:140,getWalletById
FN:157,setNewWallet
FN:158,(anonymous_12)
FN:169,(anonymous_13)
FN:175,(anonymous_14)
FN:178,(anonymous_15)
FN:187,(anonymous_16)
FN:193,newBooking
FN:195,(anonymous_18)
FN:211,newBookingProduct
FN:213,(anonymous_20)
FN:224,(anonymous_21)
FN:232,(anonymous_22)
FN:235,(anonymous_23)
FN:247,(anonymous_24)
FN:260,confirmBooking
FN:261,(anonymous_26)
FN:272,(anonymous_27)
FN:278,(anonymous_28)
FN:281,(anonymous_29)
FN:290,(anonymous_30)
FN:296,newBookingMode
FN:298,(anonymous_32)
FN:306,(anonymous_33)
FN:312,(anonymous_34)
FN:315,(anonymous_35)
FN:324,(anonymous_36)
FN:330,editProductQty
FN:332,(anonymous_38)
FN:343,(anonymous_39)
FN:349,(anonymous_40)
FN:352,(anonymous_41)
FN:361,(anonymous_42)
FN:367,confirmAck
FN:368,(anonymous_44)
FN:379,(anonymous_45)
FN:385,(anonymous_46)
FN:388,(anonymous_47)
FN:397,(anonymous_48)
FN:403,confirmDeliveryProducts
FN:404,(anonymous_50)
FN:405,(anonymous_51)
FN:418,(anonymous_52)
FN:424,(anonymous_53)
FN:427,(anonymous_54)
FN:436,(anonymous_55)
FN:442,confirmProductsFarmer
FN:443,(anonymous_57)
FN:451,(anonymous_58)
FN:457,(anonymous_59)
FN:460,(anonymous_60)
FN:469,(anonymous_61)
FN:475,newAck
FN:477,(anonymous_63)
FN:485,(anonymous_64)
FN:491,(anonymous_65)
FN:494,(anonymous_66)
FN:503,(anonymous_67)
FN:509,newFutureProduct
FN:512,(anonymous_69)
FN:520,(anonymous_70)
FN:526,(anonymous_71)
FN:529,(anonymous_72)
FN:541,(anonymous_73)
FN:549,setDate
FN:551,(anonymous_75)
FN:559,(anonymous_76)
FN:565,(anonymous_77)
FN:568,(anonymous_78)
FN:580,(anonymous_79)
FN:586,attaccoDoS
FN:587,(anonymous_81)
FN:603,(anonymous_82)
FN:613,(anonymous_83)
FN:631,(anonymous_84)
FN:658,(anonymous_85)
FN:669,(anonymous_86)
FN:687,confirmPreparation
FN:688,(anonymous_88)
FN:696,(anonymous_89)
FN:702,(anonymous_90)
FN:705,(anonymous_91)
FN:714,(anonymous_92)
FN:720,confirmPreparationFarmer
FN:721,(anonymous_94)
FN:722,(anonymous_95)
FN:735,(anonymous_96)
FN:741,(anonymous_97)
FN:744,(anonymous_98)
FN:753,(anonymous_99)
FNF:100
FNH:62
FNDA:1,addUser
FNDA:1,(anonymous_1)
FNDA:0,(anonymous_2)
FNDA:0,(anonymous_3)
FNDA:0,(anonymous_4)
FNDA:0,(anonymous_5)
FNDA:1,logIn
FNDA:1,logOut
FNDA:1,getUserInfo
FNDA:1,getClientByEmail
FNDA:1,getWalletById
FNDA:1,setNewWallet
FNDA:1,(anonymous_12)
FNDA:1,(anonymous_13)
FNDA:1,(anonymous_14)
FNDA:0,(anonymous_15)
FNDA:0,(anonymous_16)
FNDA:1,newBooking
FNDA:1,(anonymous_18)
FNDA:1,newBookingProduct
FNDA:1,(anonymous_20)
FNDA:1,(anonymous_21)
FNDA:1,(anonymous_22)
FNDA:0,(anonymous_23)
FNDA:0,(anonymous_24)
FNDA:1,confirmBooking
FNDA:1,(anonymous_26)
FNDA:1,(anonymous_27)
FNDA:1,(anonymous_28)
FNDA:0,(anonymous_29)
FNDA:0,(anonymous_30)
FNDA:1,newBookingMode
FNDA:1,(anonymous_32)
FNDA:1,(anonymous_33)
FNDA:1,(anonymous_34)
FNDA:0,(anonymous_35)
FNDA:0,(anonymous_36)
FNDA:1,editProductQty
FNDA:1,(anonymous_38)
FNDA:1,(anonymous_39)
FNDA:1,(anonymous_40)
FNDA:0,(anonymous_41)
FNDA:0,(anonymous_42)
FNDA:1,confirmAck
FNDA:1,(anonymous_44)
FNDA:1,(anonymous_45)
FNDA:1,(anonymous_46)
FNDA:0,(anonymous_47)
FNDA:0,(anonymous_48)
FNDA:1,confirmDeliveryProducts
FNDA:1,(anonymous_50)
FNDA:0,(anonymous_51)
FNDA:0,(anonymous_52)
FNDA:0,(anonymous_53)
FNDA:0,(anonymous_54)
FNDA:0,(anonymous_55)
FNDA:1,confirmProductsFarmer
FNDA:1,(anonymous_57)
FNDA:1,(anonymous_58)
FNDA:1,(anonymous_59)
FNDA:0,(anonymous_60)
FNDA:0,(anonymous_61)
FNDA:1,newAck
FNDA:1,(anonymous_63)
FNDA:1,(anonymous_64)
FNDA:1,(anonymous_65)
FNDA:0,(anonymous_66)
FNDA:0,(anonymous_67)
FNDA:1,newFutureProduct
FNDA:1,(anonymous_69)
FNDA:1,(anonymous_70)
FNDA:1,(anonymous_71)
FNDA:0,(anonymous_72)
FNDA:0,(anonymous_73)
FNDA:1,setDate
FNDA:1,(anonymous_75)
FNDA:1,(anonymous_76)
FNDA:1,(anonymous_77)
FNDA:0,(anonymous_78)
FNDA:0,(anonymous_79)
FNDA:4,attaccoDoS
FNDA:4,(anonymous_81)
FNDA:1,(anonymous_82)
FNDA:1,(anonymous_83)
FNDA:4,(anonymous_84)
FNDA:4,(anonymous_85)
FNDA:4,(anonymous_86)
FNDA:1,confirmPreparation
FNDA:1,(anonymous_88)
FNDA:1,(anonymous_89)
FNDA:1,(anonymous_90)
FNDA:0,(anonymous_91)
FNDA:0,(anonymous_92)
FNDA:0,confirmPreparationFarmer
FNDA:0,(anonymous_94)
FNDA:0,(anonymous_95)
FNDA:0,(anonymous_96)
FNDA:0,(anonymous_97)
FNDA:0,(anonymous_98)
FNDA:0,(anonymous_99)
DA:1,2
DA:5,1
DA:6,1
DA:19,0
DA:20,0
DA:22,0
DA:25,0
DA:28,0
DA:37,0
DA:44,1
DA:45,1
DA:47,0
DA:54,0
DA:56,0
DA:63,0
DA:65,0
DA:72,0
DA:74,0
DA:81,0
DA:83,0
DA:90,0
DA:93,1
DA:94,1
DA:96,0
DA:97,0
DA:98,0
DA:99,0
DA:101,0
DA:102,0
DA:103,0
DA:105,0
DA:111,1
DA:115,1
DA:116,1
DA:117,1
DA:118,0
DA:120,1
DA:126,1
DA:133,1
DA:134,0
DA:136,1
DA:142,1
DA:149,1
DA:150,1
DA:151,0
DA:153,1
DA:158,1
DA:159,1
DA:170,1
DA:171,0
DA:173,1
DA:176,1
DA:179,0
DA:188,0
DA:195,1
DA:197,1
DA:205,1
DA:206,1
DA:207,0
DA:213,1
DA:214,1
DA:225,1
DA:228,0
DA:230,1
DA:233,1
DA:236,0
DA:248,0
DA:253,1
DA:254,1
DA:255,1
DA:257,0
DA:261,1
DA:262,1
DA:273,1
DA:274,0
DA:276,1
DA:279,1
DA:282,0
DA:291,0
DA:298,1
DA:299,1
DA:307,1
DA:308,0
DA:310,1
DA:313,1
DA:316,0
DA:325,0
DA:332,1
DA:333,1
DA:344,1
DA:345,0
DA:347,1
DA:350,1
DA:353,0
DA:362,0
DA:368,1
DA:369,1
DA:380,1
DA:381,0
DA:383,1
DA:386,1
DA:389,0
DA:398,0
DA:404,1
DA:405,1
DA:406,0
DA:411,0
DA:419,0
DA:420,0
DA:422,0
DA:425,0
DA:428,0
DA:437,0
DA:443,1
DA:444,1
DA:452,1
DA:453,0
DA:455,1
DA:458,1
DA:461,0
DA:470,0
DA:477,1
DA:478,1
DA:486,1
DA:487,0
DA:489,1
DA:492,1
DA:495,0
DA:504,0
DA:511,1
DA:513,1
DA:521,1
DA:522,0
DA:524,1
DA:527,1
DA:530,0
DA:542,0
DA:550,1
DA:552,1
DA:560,1
DA:561,0
DA:563,1
DA:566,1
DA:569,0
DA:581,0
DA:587,4
DA:590,4
DA:595,2
DA:596,2
DA:597,2
DA:598,0
DA:600,2
DA:601,1
DA:602,1
DA:603,1
DA:604,1
DA:607,1
DA:608,1
DA:609,0
DA:613,1
DA:614,1
DA:617,1
DA:618,1
DA:619,0
DA:624,1
DA:625,1
DA:627,1
DA:631,4
DA:633,4
DA:634,1
DA:635,1
DA:636,1
DA:637,0
DA:639,3
DA:640,1
DA:643,1
DA:644,1
DA:645,0
DA:647,2
DA:648,1
DA:651,1
DA:652,1
DA:653,0
DA:658,4
DA:660,4
DA:661,1
DA:662,1
DA:663,1
DA:664,0
DA:669,4
DA:671,4
DA:672,4
DA:673,4
DA:674,0
DA:678,4
DA:679,4
DA:680,4
DA:681,4
DA:682,4
DA:684,4
DA:688,1
DA:689,1
DA:697,1
DA:698,0
DA:700,1
DA:703,1
DA:706,0
DA:715,0
DA:721,0
DA:722,0
DA:723,0
DA:728,0
DA:736,0
DA:737,0
DA:739,0
DA:742,0
DA:745,0
DA:754,0
DA:759,2
LF:219
LH:131
BRDA:19,0,0,0
BRDA:19,0,1,0
BRDA:45,1,0,0
BRDA:45,1,1,0
BRDA:45,1,2,0
BRDA:45,1,3,0
BRDA:45,1,4,0
BRDA:45,1,5,1
BRDA:96,2,0,0
BRDA:96,2,1,0
BRDA:117,3,0,0
BRDA:117,3,1,1
BRDA:133,4,0,0
BRDA:133,4,1,1
BRDA:150,5,0,0
BRDA:150,5,1,1
BRDA:170,6,0,0
BRDA:170,6,1,1
BRDA:206,7,0,0
BRDA:206,7,1,1
BRDA:225,8,0,0
BRDA:225,8,1,1
BRDA:273,9,0,0
BRDA:273,9,1,1
BRDA:307,10,0,0
BRDA:307,10,1,1
BRDA:344,11,0,0
BRDA:344,11,1,1
BRDA:380,12,0,0
BRDA:380,12,1,1
BRDA:419,13,0,0
BRDA:419,13,1,0
BRDA:452,14,0,0
BRDA:452,14,1,1
BRDA:486,15,0,0
BRDA:486,15,1,1
BRDA:521,16,0,0
BRDA:521,16,1,1
BRDA:560,17,0,0
BRDA:560,17,1,1
BRDA:590,18,0,2
BRDA:590,18,1,2
BRDA:591,19,0,4
BRDA:591,19,1,4
BRDA:591,19,2,4
BRDA:591,19,3,3
BRDA:597,20,0,0
BRDA:597,20,1,2
BRDA:600,21,0,1
BRDA:600,21,1,1
BRDA:600,22,0,2
BRDA:600,22,1,2
BRDA:600,22,2,2
BRDA:608,23,0,0
BRDA:608,23,1,1
BRDA:618,24,0,0
BRDA:618,24,1,1
BRDA:633,25,0,1
BRDA:633,25,1,3
BRDA:633,26,0,4
BRDA:633,26,1,4
BRDA:633,26,2,4
BRDA:636,27,0,0
BRDA:636,27,1,1
BRDA:639,28,0,1
BRDA:639,28,1,2
BRDA:639,29,0,3
BRDA:639,29,1,3
BRDA:639,29,2,3
BRDA:644,30,0,0
BRDA:644,30,1,1
BRDA:647,31,0,1
BRDA:647,31,1,1
BRDA:647,32,0,2
BRDA:647,32,1,2
BRDA:647,32,2,2
BRDA:652,33,0,0
BRDA:652,33,1,1
BRDA:660,34,0,1
BRDA:660,34,1,3
BRDA:660,35,0,4
BRDA:660,35,1,4
BRDA:660,35,2,4
BRDA:663,36,0,0
BRDA:663,36,1,1
BRDA:673,37,0,0
BRDA:673,37,1,4
BRDA:697,38,0,0
BRDA:697,38,1,1
BRDA:736,39,0,0
BRDA:736,39,1,0
BRF:91
BRH:55
end_of_record
TN:
SF:src\AcknowledgeDeliveryManager.js
FN:10,AcknowledgeDeliveryFarmer
FN:12,acknowledgeActions
FN:16,(anonymous_2)
FN:27,(anonymous_3)
FNF:4
FNH:4
FNDA:2,AcknowledgeDeliveryFarmer
FNDA:1,acknowledgeActions
FNDA:1,(anonymous_2)
FNDA:1,(anonymous_3)
DA:13,1
DA:14,0
DA:16,1
DA:17,1
DA:29,1
DA:41,2
LF:6
LH:5
BRDA:13,0,0,0
BRDA:13,0,1,1
BRDA:45,1,0,1
BRDA:45,1,1,1
BRDA:45,2,0,2
BRDA:45,2,1,2
BRF:6
BRH:5
end_of_record
TN:
SF:src\App.js
FN:36,App
FN:63,(anonymous_1)
FN:69,(anonymous_2)
FN:70,(anonymous_3)
FN:81,(anonymous_4)
FN:89,(anonymous_5)
FN:90,(anonymous_6)
FN:104,(anonymous_7)
FN:118,(anonymous_8)
FN:120,(anonymous_9)
FN:121,(anonymous_10)
FN:135,(anonymous_11)
FN:136,(anonymous_12)
FN:152,(anonymous_13)
FN:155,(anonymous_14)
FN:165,(anonymous_15)
FN:169,(anonymous_16)
FN:177,(anonymous_17)
FN:180,(anonymous_18)
FN:184,(anonymous_19)
FN:185,(anonymous_20)
FN:192,(anonymous_21)
FN:207,(anonymous_22)
FN:210,(anonymous_23)
FN:213,(anonymous_24)
FN:218,(anonymous_25)
FN:220,(anonymous_26)
FN:234,(anonymous_27)
FN:237,(anonymous_28)
FN:243,(anonymous_29)
FN:246,(anonymous_30)
FN:249,(anonymous_31)
FN:253,(anonymous_32)
FN:265,(anonymous_33)
FN:277,(anonymous_34)
FN:291,(anonymous_35)
FN:306,(anonymous_36)
FN:308,(anonymous_37)
FN:332,(anonymous_38)
FN:335,(anonymous_39)
FN:340,(anonymous_40)
FN:346,(anonymous_41)
FN:349,(anonymous_42)
FN:354,(anonymous_43)
FN:382,(anonymous_44)
FN:427,(anonymous_45)
FN:443,(anonymous_46)
FN:466,(anonymous_47)
FN:478,(anonymous_48)
FN:502,(anonymous_49)
FN:537,(anonymous_50)
FN:571,(anonymous_51)
FN:600,(anonymous_52)
FN:629,(anonymous_53)
FN:662,(anonymous_54)
FN:691,(anonymous_55)
FN:720,(anonymous_56)
FN:750,(anonymous_57)
FN:784,(anonymous_58)
FN:818,(anonymous_59)
FN:852,(anonymous_60)
FN:882,(anonymous_61)
FN:917,(anonymous_62)
FN:930,(anonymous_63)
FN:952,(anonymous_64)
FN:985,(anonymous_65)
FN:1030,(anonymous_66)
FN:1064,(anonymous_67)
FN:1094,(anonymous_68)
FN:1103,(anonymous_69)
FNF:70
FNH:1
FNDA:2,App
FNDA:0,(anonymous_1)
FNDA:0,(anonymous_2)
FNDA:0,(anonymous_3)
FNDA:0,(anonymous_4)
FNDA:0,(anonymous_5)
FNDA:0,(anonymous_6)
FNDA:0,(anonymous_7)
FNDA:0,(anonymous_8)
FNDA:0,(anonymous_9)
FNDA:0,(anonymous_10)
FNDA:0,(anonymous_11)
FNDA:0,(anonymous_12)
FNDA:0,(anonymous_13)
FNDA:0,(anonymous_14)
FNDA:0,(anonymous_15)
FNDA:0,(anonymous_16)
FNDA:0,(anonymous_17)
FNDA:0,(anonymous_18)
FNDA:0,(anonymous_19)
FNDA:0,(anonymous_20)
FNDA:0,(anonymous_21)
FNDA:0,(anonymous_22)
FNDA:0,(anonymous_23)
FNDA:0,(anonymous_24)
FNDA:0,(anonymous_25)
FNDA:0,(anonymous_26)
FNDA:0,(anonymous_27)
FNDA:0,(anonymous_28)
FNDA:0,(anonymous_29)
FNDA:0,(anonymous_30)
FNDA:0,(anonymous_31)
FNDA:0,(anonymous_32)
FNDA:0,(anonymous_33)
FNDA:0,(anonymous_34)
FNDA:0,(anonymous_35)
FNDA:0,(anonymous_36)
FNDA:0,(anonymous_37)
FNDA:0,(anonymous_38)
FNDA:0,(anonymous_39)
FNDA:0,(anonymous_40)
FNDA:0,(anonymous_41)
FNDA:0,(anonymous_42)
FNDA:0,(anonymous_43)
FNDA:0,(anonymous_44)
FNDA:0,(anonymous_45)
FNDA:0,(anonymous_46)
FNDA:0,(anonymous_47)
FNDA:0,(anonymous_48)
FNDA:0,(anonymous_49)
FNDA:0,(anonymous_50)
FNDA:0,(anonymous_51)
FNDA:0,(anonymous_52)
FNDA:0,(anonymous_53)
FNDA:0,(anonymous_54)
FNDA:0,(anonymous_55)
FNDA:0,(anonymous_56)
FNDA:0,(anonymous_57)
FNDA:0,(anonymous_58)
FNDA:0,(anonymous_59)
FNDA:0,(anonymous_60)
FNDA:0,(anonymous_61)
FNDA:0,(anonymous_62)
FNDA:0,(anonymous_63)
FNDA:0,(anonymous_64)
FNDA:0,(anonymous_65)
FNDA:0,(anonymous_66)
FNDA:0,(anonymous_67)
FNDA:0,(anonymous_68)
FNDA:0,(anonymous_69)
DA:37,2
DA:38,2
DA:39,2
DA:40,2
DA:41,2
DA:42,2
DA:43,2
DA:44,2
DA:45,2
DA:46,2
DA:47,2
DA:48,2
DA:49,2
DA:50,2
DA:51,2
DA:52,2
DA:53,2
DA:54,2
DA:55,2
DA:56,2
DA:63,2
DA:64,0
DA:65,0
DA:67,0
DA:70,0
DA:71,0
DA:72,0
DA:73,0
DA:80,0
DA:81,0
DA:89,2
DA:90,0
DA:91,0
DA:92,0
DA:93,0
DA:94,0
DA:95,0
DA:97,0
DA:100,0
DA:104,2
DA:105,0
DA:106,0
DA:107,0
DA:108,0
DA:109,0
DA:111,0
DA:118,2
DA:119,0
DA:120,0
DA:122,0
DA:126,0
DA:127,0
DA:128,0
DA:129,0
DA:130,0
DA:131,0
DA:135,2
DA:136,0
DA:137,0
DA:138,0
DA:139,0
DA:140,0
DA:142,0
DA:143,0
DA:147,0
DA:151,0
DA:153,0
DA:156,0
DA:157,0
DA:159,0
DA:165,2
DA:169,0
DA:170,0
DA:171,0
DA:173,0
DA:176,0
DA:178,0
DA:180,0
DA:184,2
DA:185,0
DA:186,0
DA:188,0
DA:192,2
DA:194,0
DA:195,0
DA:196,0
DA:197,0
DA:198,0
DA:199,0
DA:200,0
DA:201,0
DA:202,0
DA:207,2
DA:208,0
DA:209,0
DA:211,0
DA:213,0
DA:214,0
DA:218,2
DA:219,0
DA:220,0
DA:222,0
DA:223,0
DA:224,0
DA:225,0
DA:229,0
DA:230,0
DA:234,2
DA:236,0
DA:237,0
DA:239,0
DA:243,2
DA:244,0
DA:245,0
DA:247,0
DA:249,0
DA:250,0
DA:253,2
DA:254,0
DA:255,0
DA:256,0
DA:257,0
DA:259,0
DA:260,0
DA:265,2
DA:266,0
DA:267,0
DA:268,0
DA:272,0
DA:273,0
DA:277,2
DA:278,0
DA:279,0
DA:280,0
DA:281,0
DA:285,0
DA:286,0
DA:287,0
DA:291,2
DA:292,0
DA:293,0
DA:294,0
DA:295,0
DA:296,0
DA:297,0
DA:301,0
DA:302,0
DA:306,2
DA:307,0
DA:308,0
DA:309,0
DA:314,0
DA:315,0
DA:318,0
DA:319,0
DA:323,0
DA:324,0
DA:332,2
DA:333,0
DA:334,0
DA:335,0
DA:336,0
DA:340,0
DA:341,0
DA:342,0
DA:346,2
DA:347,0
DA:348,0
DA:349,0
DA:350,0
DA:354,0
DA:355,0
DA:356,0
DA:363,2
DA:384,0
DA:428,0
DA:443,0
DA:467,0
DA:478,0
DA:503,0
DA:538,0
DA:572,0
DA:601,0
DA:630,0
DA:663,0
DA:692,0
DA:721,0
DA:751,0
DA:785,0
DA:819,0
DA:853,0
DA:884,0
DA:918,0
DA:930,0
DA:953,0
DA:987,0
DA:1031,0
DA:1067,0
DA:1096,0
DA:1103,0
LF:200
LH:40
BRDA:65,0,0,0
BRDA:65,0,1,0
BRDA:138,1,0,0
BRDA:138,1,1,0
BRDA:138,2,0,0
BRDA:138,2,1,0
BRDA:142,3,0,0
BRDA:142,3,1,0
BRDA:156,4,0,0
BRDA:156,4,1,0
BRDA:156,5,0,0
BRDA:156,5,1,0
BRDA:171,6,0,0
BRDA:171,6,1,0
BRDA:171,7,0,0
BRDA:171,7,1,0
BRDA:200,8,0,0
BRDA:200,8,1,0
BRDA:200,9,0,0
BRDA:200,9,1,0
BRDA:201,10,0,0
BRDA:201,10,1,0
BRDA:202,11,0,0
BRDA:202,11,1,0
BRDA:219,12,0,0
BRDA:219,12,1,0
BRDA:219,13,0,0
BRDA:219,13,1,0
BRDA:219,13,2,0
BRDA:219,13,3,0
BRDA:224,14,0,0
BRDA:224,14,1,0
BRDA:236,15,0,0
BRDA:236,15,1,0
BRDA:385,16,0,0
BRDA:385,16,1,0
BRDA:387,17,0,0
BRDA:387,17,1,0
BRDA:391,18,0,0
BRDA:391,18,1,0
BRDA:395,19,0,0
BRDA:395,19,1,0
BRDA:399,20,0,0
BRDA:399,20,1,0
BRDA:403,21,0,0
BRDA:403,21,1,0
BRDA:429,22,0,0
BRDA:429,22,1,0
BRDA:431,23,0,0
BRDA:431,23,1,0
BRDA:433,24,0,0
BRDA:433,24,1,0
BRDA:433,25,0,0
BRDA:433,25,1,0
BRDA:433,25,2,0
BRDA:468,26,0,0
BRDA:468,26,1,0
BRDA:470,27,0,0
BRDA:470,27,1,0
BRDA:472,28,0,0
BRDA:472,28,1,0
BRDA:472,29,0,0
BRDA:472,29,1,0
BRDA:472,29,2,0
BRDA:504,30,0,0
BRDA:504,30,1,0
BRDA:506,31,0,0
BRDA:506,31,1,0
BRDA:508,32,0,0
BRDA:508,32,1,0
BRDA:508,33,0,0
BRDA:508,33,1,0
BRDA:516,34,0,0
BRDA:516,34,1,0
BRDA:539,35,0,0
BRDA:539,35,1,0
BRDA:541,36,0,0
BRDA:541,36,1,0
BRDA:543,37,0,0
BRDA:543,37,1,0
BRDA:543,38,0,0
BRDA:543,38,1,0
BRDA:573,39,0,0
BRDA:573,39,1,0
BRDA:575,40,0,0
BRDA:575,40,1,0
BRDA:575,41,0,0
BRDA:575,41,1,0
BRDA:575,41,2,0
BRDA:575,41,3,0
BRDA:602,42,0,0
BRDA:602,42,1,0
BRDA:604,43,0,0
BRDA:604,43,1,0
BRDA:606,44,0,0
BRDA:606,44,1,0
BRDA:606,45,0,0
BRDA:606,45,1,0
BRDA:631,46,0,0
BRDA:631,46,1,0
BRDA:633,47,0,0
BRDA:633,47,1,0
BRDA:635,48,0,0
BRDA:635,48,1,0
BRDA:635,49,0,0
BRDA:635,49,1,0
BRDA:664,50,0,0
BRDA:664,50,1,0
BRDA:666,51,0,0
BRDA:666,51,1,0
BRDA:668,52,0,0
BRDA:668,52,1,0
BRDA:668,53,0,0
BRDA:668,53,1,0
BRDA:693,54,0,0
BRDA:693,54,1,0
BRDA:695,55,0,0
BRDA:695,55,1,0
BRDA:697,56,0,0
BRDA:697,56,1,0
BRDA:697,57,0,0
BRDA:697,57,1,0
BRDA:722,58,0,0
BRDA:722,58,1,0
BRDA:724,59,0,0
BRDA:724,59,1,0
BRDA:726,60,0,0
BRDA:726,60,1,0
BRDA:726,61,0,0
BRDA:726,61,1,0
BRDA:752,62,0,0
BRDA:752,62,1,0
BRDA:754,63,0,0
BRDA:754,63,1,0
BRDA:756,64,0,0
BRDA:756,64,1,0
BRDA:756,65,0,0
BRDA:756,65,1,0
BRDA:786,66,0,0
BRDA:786,66,1,0
BRDA:788,67,0,0
BRDA:788,67,1,0
BRDA:790,68,0,0
BRDA:790,68,1,0
BRDA:790,69,0,0
BRDA:790,69,1,0
BRDA:820,70,0,0
BRDA:820,70,1,0
BRDA:822,71,0,0
BRDA:822,71,1,0
BRDA:824,72,0,0
BRDA:824,72,1,0
BRDA:824,73,0,0
BRDA:824,73,1,0
BRDA:829,74,0,0
BRDA:829,74,1,0
BRDA:854,75,0,0
BRDA:854,75,1,0
BRDA:856,76,0,0
BRDA:856,76,1,0
BRDA:859,77,0,0
BRDA:859,77,1,0
BRDA:859,78,0,0
BRDA:859,78,1,0
BRDA:885,79,0,0
BRDA:885,79,1,0
BRDA:887,80,0,0
BRDA:887,80,1,0
BRDA:890,81,0,0
BRDA:890,81,1,0
BRDA:890,82,0,0
BRDA:890,82,1,0
BRDA:919,83,0,0
BRDA:919,83,1,0
BRDA:921,84,0,0
BRDA:921,84,1,0
BRDA:923,85,0,0
BRDA:923,85,1,0
BRDA:923,86,0,0
BRDA:923,86,1,0
BRDA:954,87,0,0
BRDA:954,87,1,0
BRDA:956,88,0,0
BRDA:956,88,1,0
BRDA:958,89,0,0
BRDA:958,89,1,0
BRDA:958,90,0,0
BRDA:958,90,1,0
BRDA:988,91,0,0
BRDA:988,91,1,0
BRDA:990,92,0,0
BRDA:990,92,1,0
BRDA:992,93,0,0
BRDA:992,93,1,0
BRDA:992,94,0,0
BRDA:992,94,1,0
BRDA:992,94,2,0
BRDA:1032,95,0,0
BRDA:1032,95,1,0
BRDA:1034,96,0,0
BRDA:1034,96,1,0
BRDA:1036,97,0,0
BRDA:1036,97,1,0
BRDA:1036,98,0,0
BRDA:1036,98,1,0
BRDA:1068,99,0,0
BRDA:1068,99,1,0
BRDA:1070,100,0,0
BRDA:1070,100,1,0
BRDA:1072,101,0,0
BRDA:1072,101,1,0
BRDA:1072,102,0,0
BRDA:1072,102,1,0
BRF:213
BRH:0
end_of_record
TN:
SF:src\BookingAcceptance.js
FN:10,BookingAcceptance
FN:20,bookingActions
FN:22,(anonymous_2)
FN:26,(anonymous_3)
FN:35,(anonymous_4)
FN:47,(anonymous_5)
FNF:6
FNH:6
FNDA:2,BookingAcceptance
FNDA:1,bookingActions
FNDA:1,(anonymous_2)
FNDA:1,(anonymous_3)
FNDA:1,(anonymous_4)
FNDA:1,(anonymous_5)
DA:22,1
DA:23,1
DA:24,0
DA:26,1
DA:27,1
DA:36,1
DA:48,1
DA:49,1
DA:62,2
LF:9
LH:8
BRDA:23,0,0,0
BRDA:23,0,1,1
BRDA:66,1,0,1
BRDA:66,1,1,1
BRDA:66,2,0,2
BRDA:66,2,1,2
BRF:6
BRH:5
end_of_record
TN:
SF:src\BookingConfirmFarmer.js
FN:11,BookingConfirmFarmer
FN:15,confirmActions
FN:21,(anonymous_2)
FN:37,(anonymous_3)
FN:69,(anonymous_4)
FNF:5
FNH:5
FNDA:3,BookingConfirmFarmer
FNDA:2,confirmActions
FNDA:4,(anonymous_2)
FNDA:1,(anonymous_3)
FNDA:1,(anonymous_4)
DA:13,3
DA:16,2
DA:17,0
DA:19,2
DA:22,4
DA:38,1
DA:39,1
DA:42,0
DA:56,3
DA:71,1
LF:10
LH:8
BRDA:16,0,0,0
BRDA:16,0,1,2
BRDA:38,1,0,1
BRDA:38,1,1,0
BRDA:38,2,0,1
BRDA:38,2,1,1
BRDA:81,3,0,2
BRDA:81,3,1,1
BRDA:81,4,0,3
BRDA:81,4,1,3
BRF:10
BRH:8
end_of_record
TN:
SF:src\BookingDeliveryFarmer.js
FN:11,BookingDeliveryFarmer
FN:15,deliveryActions
FN:24,(anonymous_2)
FN:35,(anonymous_3)
FN:67,(anonymous_4)
FNF:5
FNH:5
FNDA:4,BookingDeliveryFarmer
FNDA:3,deliveryActions
FNDA:6,(anonymous_2)
FNDA:1,(anonymous_3)
FNDA:1,(anonymous_4)
DA:13,4
DA:16,3
DA:17,0
DA:19,3
DA:25,6
DA:36,1
DA:38,0
DA:40,1
DA:55,4
DA:69,1
LF:10
LH:8
BRDA:16,0,0,0
BRDA:16,0,1,3
BRDA:36,1,0,0
BRDA:36,1,1,1
BRDA:79,2,0,3
BRDA:79,2,1,1
BRDA:79,3,0,4
BRDA:79,3,1,4
BRF:8
BRH:6
end_of_record
TN:
SF:src\BookingReview.js
FN:20,BookingReview
FN:45,computeMaxDate
FN:57,computeMinDate
FN:65,newBooking
FN:70,(anonymous_4)
FN:74,(anonymous_5)
FN:92,(anonymous_6)
FN:95,(anonymous_7)
FN:107,(anonymous_8)
FN:111,(anonymous_9)
FN:153,productsActions
FN:154,(anonymous_11)
FN:176,(anonymous_12)
FN:177,(anonymous_13)
FN:178,(anonymous_14)
FN:195,(anonymous_15)
FN:227,(anonymous_16)
FN:228,(anonymous_17)
FN:229,(anonymous_18)
FN:230,(anonymous_19)
FN:266,(anonymous_20)
FN:283,(anonymous_21)
FN:299,(anonymous_22)
FN:321,(anonymous_23)
FN:324,(anonymous_24)
FN:347,(anonymous_25)
FN:381,(anonymous_26)
FN:400,(anonymous_27)
FN:420,(anonymous_28)
FN:439,(anonymous_29)
FN:458,(anonymous_30)
FN:477,(anonymous_31)
FN:496,(anonymous_32)
FN:519,(anonymous_33)
FN:538,(anonymous_34)
FN:582,(anonymous_35)
FN:591,(anonymous_36)
FNF:37
FNH:11
FNDA:14,BookingReview
FNDA:14,computeMaxDate
FNDA:14,computeMinDate
FNDA:0,newBooking
FNDA:0,(anonymous_4)
FNDA:0,(anonymous_5)
FNDA:0,(anonymous_6)
FNDA:1,(anonymous_7)
FNDA:1,(anonymous_8)
FNDA:1,(anonymous_9)
FNDA:14,productsActions
FNDA:28,(anonymous_11)
FNDA:0,(anonymous_12)
FNDA:0,(anonymous_13)
FNDA:0,(anonymous_14)
FNDA:0,(anonymous_15)
FNDA:1,(anonymous_16)
FNDA:2,(anonymous_17)
FNDA:0,(anonymous_18)
FNDA:0,(anonymous_19)
FNDA:0,(anonymous_20)
FNDA:0,(anonymous_21)
FNDA:0,(anonymous_22)
FNDA:0,(anonymous_23)
FNDA:0,(anonymous_24)
FNDA:0,(anonymous_25)
FNDA:0,(anonymous_26)
FNDA:0,(anonymous_27)
FNDA:0,(anonymous_28)
FNDA:0,(anonymous_29)
FNDA:0,(anonymous_30)
FNDA:0,(anonymous_31)
FNDA:0,(anonymous_32)
FNDA:0,(anonymous_33)
FNDA:0,(anonymous_34)
FNDA:0,(anonymous_35)
FNDA:1,(anonymous_36)
DA:21,14
DA:26,14
DA:27,14
DA:28,14
DA:29,14
DA:30,14
DA:32,14
DA:34,14
DA:35,14
DA:36,14
DA:37,14
DA:38,14
DA:39,14
DA:40,14
DA:41,14
DA:42,14
DA:43,14
DA:46,14
DA:49,14
DA:50,0
DA:51,14
DA:52,56
DA:54,14
DA:58,14
DA:59,14
DA:60,28
DA:62,14
DA:68,0
DA:70,0
DA:71,0
DA:73,0
DA:75,0
DA:87,0
DA:88,0
DA:89,0
DA:90,0
DA:92,0
DA:95,14
DA:96,1
DA:97,1
DA:98,1
DA:99,1
DA:100,1
DA:101,1
DA:102,1
DA:103,1
DA:104,1
DA:107,14
DA:108,1
DA:109,1
DA:111,1
DA:112,1
DA:114,1
DA:119,0
DA:132,0
DA:135,0
DA:136,0
DA:137,0
DA:141,1
DA:145,1
DA:146,0
DA:148,1
DA:149,1
DA:154,14
DA:155,28
DA:177,0
DA:178,0
DA:179,0
DA:180,0
DA:189,0
DA:192,0
DA:195,0
DA:196,0
DA:206,14
DA:228,1
DA:229,2
DA:230,0
DA:231,0
DA:232,0
DA:241,0
DA:244,0
DA:248,1
DA:249,1
DA:267,0
DA:284,0
DA:300,0
DA:321,0
DA:325,0
DA:347,0
DA:381,0
DA:400,0
DA:420,0
DA:439,0
DA:458,0
DA:477,0
DA:496,0
DA:519,0
DA:538,0
DA:582,0
DA:593,1
DA:599,0
DA:601,1
LF:102
LH:55
BRDA:22,0,0,0
BRDA:22,0,1,14
BRDA:49,1,0,0
BRDA:49,1,1,14
BRDA:49,2,0,14
BRDA:49,2,1,14
BRDA:77,3,0,0
BRDA:77,3,1,0
BRDA:85,4,0,0
BRDA:85,4,1,0
BRDA:114,5,0,0
BRDA:114,5,1,1
BRDA:115,6,0,1
BRDA:115,6,1,1
BRDA:115,6,2,1
BRDA:119,7,0,0
BRDA:119,7,1,0
BRDA:120,8,0,0
BRDA:120,8,1,0
BRDA:120,8,2,0
BRDA:120,8,3,0
BRDA:120,8,4,0
BRDA:120,8,5,0
BRDA:120,8,6,0
BRDA:120,8,7,0
BRDA:120,8,8,0
BRDA:120,8,9,0
BRDA:120,8,10,0
BRDA:135,9,0,0
BRDA:135,9,1,0
BRDA:145,10,0,0
BRDA:145,10,1,1
BRDA:179,11,0,0
BRDA:179,11,1,0
BRDA:231,12,0,0
BRDA:231,12,1,0
BRDA:314,13,0,14
BRDA:314,13,1,0
BRDA:323,14,0,0
BRDA:323,14,1,0
BRDA:358,15,0,0
BRDA:358,15,1,14
BRDA:368,16,0,0
BRDA:368,16,1,14
BRDA:576,17,0,14
BRDA:576,17,1,0
BRDA:578,18,0,14
BRDA:578,18,1,0
BRDA:593,19,0,0
BRDA:593,19,1,1
BRDA:594,20,0,1
BRDA:594,20,1,0
BRDA:594,20,2,1
BRDA:594,20,3,0
BRF:54
BRH:17
end_of_record
TN:
SF:src\CarouselCustom.js
FN:13,CarouselCustom
FN:16,(anonymous_1)
FNF:2
FNH:2
FNDA:3,CarouselCustom
FNDA:1,(anonymous_1)
DA:14,3
DA:16,3
DA:17,1
DA:20,3
LF:4
LH:4
BRDA:27,0,0,0
BRDA:27,0,1,3
BRDA:32,1,0,1
BRDA:32,1,1,2
BRDA:46,2,0,0
BRDA:46,2,1,3
BRDA:51,3,0,1
BRDA:51,3,1,2
BRDA:66,4,0,0
BRDA:66,4,1,3
BRF:10
BRH:7
end_of_record
TN:
SF:src\CheckPending.js
FN:10,CheckPending
FN:12,bookingActions
FN:13,(anonymous_2)
FN:17,(anonymous_3)
FN:26,(anonymous_4)
FNF:5
FNH:5
FNDA:2,CheckPending
FNDA:2,bookingActions
FNDA:2,(anonymous_2)
FNDA:1,(anonymous_3)
FNDA:1,(anonymous_4)
DA:13,2
DA:14,2
DA:15,1
DA:17,1
DA:18,1
DA:27,1
DA:43,2
LF:7
LH:7
BRDA:14,0,0,1
BRDA:14,0,1,1
BRDA:47,1,0,2
BRDA:47,1,1,0
BRDA:47,2,0,2
BRDA:47,2,1,2
BRF:6
BRH:5
end_of_record
TN:
SF:src\ClientData.js
FN:5,ClientData
FN:11,(anonymous_1)
FN:13,(anonymous_2)
FN:42,(anonymous_3)
FN:46,(anonymous_4)
FN:60,(anonymous_5)
FN:60,(anonymous_6)
FN:77,(anonymous_7)
FN:82,(anonymous_8)
FNF:9
FNH:7
FNDA:5,ClientData
FNDA:0,(anonymous_1)
FNDA:0,(anonymous_2)
FNDA:1,(anonymous_3)
FNDA:4,(anonymous_4)
FNDA:1,(anonymous_5)
FNDA:1,(anonymous_6)
FNDA:1,(anonymous_7)
FNDA:1,(anonymous_8)
DA:6,5
DA:7,5
DA:8,5
DA:9,5
DA:11,5
DA:12,0
DA:13,0
DA:15,0
DA:17,0
DA:18,0
DA:19,0
DA:21,0
DA:26,5
DA:42,1
DA:47,4
DA:60,1
DA:77,1
DA:82,1
LF:18
LH:11
BRDA:12,0,0,0
BRDA:12,0,1,0
BRDA:29,1,0,2
BRDA:29,1,1,3
BRDA:45,2,0,2
BRDA:45,2,1,0
BRDA:60,3,0,2
BRDA:60,3,1,2
BRF:8
BRH:5
end_of_record
TN:
SF:src\Clock.js
FN:5,Clock
FN:34,(anonymous_1)
FN:34,(anonymous_2)
FN:39,(anonymous_3)
FN:39,(anonymous_4)
FNF:5
FNH:3
FNDA:2,Clock
FNDA:1,(anonymous_1)
FNDA:0,(anonymous_2)
FNDA:1,(anonymous_3)
FNDA:0,(anonymous_4)
DA:6,2
DA:34,1
DA:39,1
LF:3
LH:3
BRDA:9,0,0,1
BRDA:9,0,1,1
BRDA:20,1,0,1
BRDA:20,1,1,1
BRDA:31,2,0,1
BRDA:31,2,1,1
BRDA:32,3,0,1
BRDA:32,3,1,1
BRDA:34,4,0,0
BRDA:34,4,1,1
BRDA:34,5,0,0
BRDA:34,5,1,1
BRF:12
BRH:10
end_of_record
TN:
SF:src\Customer.js
FN:5,Customer
FNF:1
FNH:1
FNDA:1,Customer
DA:8,1
LF:1
LH:1
BRF:0
BRH:0
end_of_record
TN:
SF:src\Employee.js
FN:5,Employee
FNF:1
FNH:1
FNDA:1,Employee
DA:8,1
LF:1
LH:1
BRF:0
BRH:0
end_of_record
TN:
SF:src\Farmer.js
FN:5,Farmer
FNF:1
FNH:1
FNDA:1,Farmer
DA:8,1
LF:1
LH:1
BRF:0
BRH:0
end_of_record
TN:
SF:src\ImageFinder.js
FN:3,ImageFinder
FN:4,(anonymous_1)
FN:14,(anonymous_2)
FNF:3
FNH:3
FNDA:30,ImageFinder
FNDA:1530,(anonymous_1)
FNDA:1530,(anonymous_2)
DA:4,30
DA:5,1530
DA:8,0
DA:11,30
DA:12,0
DA:14,30
DA:16,1530
DA:18,0
LF:8
LH:5
BRDA:5,0,0,0
BRDA:5,0,1,1530
BRDA:11,1,0,0
BRDA:11,1,1,30
BRDA:16,2,0,0
BRDA:16,2,1,1530
BRF:6
BRH:3
end_of_record
TN:
SF:src\Login.js
FN:8,Login
FN:13,validateForm
FN:17,(anonymous_2)
FN:33,(anonymous_3)
FN:42,(anonymous_4)
FN:47,(anonymous_5)
FN:73,LogButton
FNF:7
FNH:6
FNDA:4,Login
FNDA:4,validateForm
FNDA:0,(anonymous_2)
FNDA:1,(anonymous_3)
FNDA:1,(anonymous_4)
FNDA:1,(anonymous_5)
FNDA:1,LogButton
DA:9,4
DA:10,4
DA:11,4
DA:14,4
DA:17,4
DA:18,0
DA:19,0
DA:22,4
DA:33,1
DA:42,1
DA:47,1
DA:74,1
LF:12
LH:10
BRDA:14,0,0,4
BRDA:14,0,1,3
BRDA:75,1,0,0
BRDA:75,1,1,1
BRF:4
BRH:3
end_of_record
TN:
SF:src\Manager.js
FN:5,Manager
FNF:1
FNH:1
FNDA:1,Manager
DA:8,1
LF:1
LH:1
BRF:0
BRH:0
end_of_record
TN:
SF:src\NavbarCustom.js
FN:11,NavbarCustom
FN:30,(anonymous_1)
FN:40,checkType
FN:46,(anonymous_3)
FNF:4
FNH:4
FNDA:9,NavbarCustom
FNDA:9,(anonymous_1)
FNDA:8,checkType
FNDA:1,(anonymous_3)
DA:12,9
DA:13,9
DA:15,9
DA:16,9
DA:19,9
DA:29,9
DA:30,9
DA:34,9
DA:35,4
DA:36,4
DA:41,8
DA:42,2
DA:46,1
DA:57,6
DA:58,2
DA:66,4
DA:67,2
DA:75,2
DA:76,2
DA:85,0
DA:95,9
LF:21
LH:20
BRDA:29,0,0,9
BRDA:29,0,1,0
BRDA:29,1,0,9
BRDA:29,1,1,9
BRDA:34,2,0,4
BRDA:34,2,1,5
BRDA:34,3,0,9
BRDA:34,3,1,5
BRDA:41,4,0,2
BRDA:41,4,1,6
BRDA:41,5,0,8
BRDA:41,5,1,8
BRDA:41,5,2,8
BRDA:46,6,0,1
BRDA:46,6,1,1
BRDA:47,7,0,2
BRDA:47,7,1,1
BRDA:57,8,0,2
BRDA:57,8,1,4
BRDA:57,9,0,6
BRDA:57,9,1,6
BRDA:57,9,2,6
BRDA:66,10,0,2
BRDA:66,10,1,2
BRDA:66,11,0,4
BRDA:66,11,1,4
BRDA:66,11,2,4
BRDA:75,12,0,2
BRDA:75,12,1,0
BRDA:75,13,0,2
BRDA:75,13,1,2
BRDA:75,13,2,2
BRDA:127,14,0,8
BRDA:127,14,1,1
BRDA:145,15,0,9
BRDA:145,15,1,8
BRF:36
BRH:34
end_of_record
TN:
SF:src\NewClientForm.js
FN:7,NewClientForm
FN:19,(anonymous_1)
FN:72,(anonymous_2)
FN:90,(anonymous_3)
FN:108,(anonymous_4)
FN:136,(anonymous_5)
FN:148,(anonymous_6)
FNF:7
FNH:1
FNDA:1,NewClientForm
FNDA:0,(anonymous_1)
FNDA:0,(anonymous_2)
FNDA:0,(anonymous_3)
FNDA:0,(anonymous_4)
FNDA:0,(anonymous_5)
FNDA:0,(anonymous_6)
DA:8,1
DA:9,1
DA:10,1
DA:11,1
DA:12,1
DA:13,1
DA:14,1
DA:17,1
DA:19,1
DA:20,0
DA:21,0
DA:22,0
DA:23,0
DA:24,0
DA:25,0
DA:28,0
DA:30,0
DA:31,0
DA:32,0
DA:33,0
DA:34,0
DA:35,0
DA:39,0
DA:48,0
DA:49,0
DA:50,0
DA:55,1
DA:72,0
DA:90,0
DA:108,0
DA:136,0
DA:148,0
LF:32
LH:10
BRDA:24,0,0,0
BRDA:24,0,1,0
BRDA:31,1,0,0
BRDA:31,1,1,0
BRDA:31,2,0,0
BRDA:31,2,1,0
BRDA:33,3,0,0
BRDA:33,3,1,0
BRDA:109,4,0,1
BRDA:109,4,1,1
BRDA:112,5,0,1
BRDA:112,5,1,1
BRDA:112,5,2,0
BRDA:119,6,0,1
BRDA:119,6,1,1
BRF:15
BRH:6
end_of_record
TN:
SF:src\PickupSchedule.js
FN:10,PickupSchedule
FN:12,(anonymous_1)
FN:23,pickupScheduleActions
FN:27,(anonymous_3)
FN:40,(anonymous_4)
FNF:5
FNH:5
FNDA:2,PickupSchedule
FNDA:2,(anonymous_1)
FNDA:1,pickupScheduleActions
FNDA:3,(anonymous_3)
FNDA:1,(anonymous_4)
DA:12,2
DA:13,2
DA:14,0
DA:16,2
DA:17,0
DA:19,2
DA:24,1
DA:25,0
DA:27,1
DA:28,3
DA:42,1
DA:54,2
LF:12
LH:9
BRDA:13,0,0,0
BRDA:13,0,1,2
BRDA:13,1,0,2
BRDA:13,1,1,2
BRDA:16,2,0,0
BRDA:16,2,1,2
BRDA:16,3,0,2
BRDA:16,3,1,0
BRDA:24,4,0,0
BRDA:24,4,1,1
BRDA:58,5,0,1
BRDA:58,5,1,1
BRDA:58,6,0,2
BRDA:58,6,1,2
BRF:14
BRH:10
end_of_record
TN:
SF:src\PreparationConfirmFarmer.js
FN:11,PreparationConfirmFarmer
FN:15,confirmActions
FN:22,(anonymous_2)
FN:35,(anonymous_3)
FN:66,(anonymous_4)
FNF:5
FNH:0
FNDA:0,PreparationConfirmFarmer
FNDA:0,confirmActions
FNDA:0,(anonymous_2)
FNDA:0,(anonymous_3)
FNDA:0,(anonymous_4)
DA:13,0
DA:16,0
DA:17,0
DA:18,0
DA:20,0
DA:23,0
DA:36,0
DA:37,0
DA:40,0
DA:54,0
DA:68,0
LF:11
LH:0
BRDA:17,0,0,0
BRDA:17,0,1,0
BRDA:36,1,0,0
BRDA:36,1,1,0
BRDA:36,2,0,0
BRDA:36,2,1,0
BRDA:78,3,0,0
BRDA:78,3,1,0
BRDA:78,4,0,0
BRDA:78,4,1,0
BRF:10
BRH:0
end_of_record
TN:
SF:src\ProductImages.js
FNF:0
FNH:0
LF:0
LH:0
BRF:0
BRH:0
end_of_record
TN:
SF:src\ProductsList.js
FN:9,ProductsList
FN:26,(anonymous_1)
FN:27,(anonymous_2)
FN:30,handleAddToCart
FN:41,(anonymous_4)
FN:42,(anonymous_5)
FN:58,(anonymous_6)
FN:59,(anonymous_7)
FN:77,(anonymous_8)
FN:86,(anonymous_9)
FN:95,(anonymous_10)
FN:96,(anonymous_11)
FN:100,productsActions
FN:103,(anonymous_13)
FN:114,(anonymous_14)
FN:140,(anonymous_15)
FN:170,(anonymous_16)
FN:171,(anonymous_17)
FN:173,(anonymous_18)
FN:173,(anonymous_19)
FN:176,(anonymous_20)
FN:201,(anonymous_21)
FN:202,(anonymous_22)
FN:205,(anonymous_23)
FN:205,(anonymous_24)
FN:208,(anonymous_25)
FN:246,(anonymous_26)
FN:266,(anonymous_27)
FNF:28
FNH:8
FNDA:1,ProductsList
FNDA:2,(anonymous_1)
FNDA:2,(anonymous_2)
FNDA:0,handleAddToCart
FNDA:0,(anonymous_4)
FNDA:0,(anonymous_5)
FNDA:0,(anonymous_6)
FNDA:0,(anonymous_7)
FNDA:0,(anonymous_8)
FNDA:0,(anonymous_9)
FNDA:0,(anonymous_10)
FNDA:0,(anonymous_11)
FNDA:1,productsActions
FNDA:1,(anonymous_13)
FNDA:2,(anonymous_14)
FNDA:0,(anonymous_15)
FNDA:1,(anonymous_16)
FNDA:0,(anonymous_17)
FNDA:0,(anonymous_18)
FNDA:0,(anonymous_19)
FNDA:0,(anonymous_20)
FNDA:1,(anonymous_21)
FNDA:0,(anonymous_22)
FNDA:0,(anonymous_23)
FNDA:0,(anonymous_24)
FNDA:0,(anonymous_25)
FNDA:0,(anonymous_26)
FNDA:0,(anonymous_27)
DA:10,1
DA:12,1
DA:13,1
DA:14,1
DA:15,1
DA:16,1
DA:17,1
DA:20,1
DA:21,1
DA:23,1
DA:26,2
DA:27,2
DA:31,0
DA:32,0
DA:41,0
DA:42,0
DA:43,0
DA:44,0
DA:45,0
DA:52,0
DA:55,0
DA:58,0
DA:59,0
DA:60,0
DA:61,0
DA:70,0
DA:73,0
DA:76,0
DA:77,0
DA:78,0
DA:83,0
DA:86,1
DA:87,0
DA:88,0
DA:89,0
DA:90,0
DA:91,0
DA:92,0
DA:95,1
DA:96,1
DA:103,1
DA:104,1
DA:105,1
DA:106,1
DA:107,0
DA:109,1
DA:110,1
DA:113,0
DA:115,2
DA:116,2
DA:141,0
DA:142,0
DA:143,0
DA:144,0
DA:145,0
DA:146,0
DA:147,0
DA:159,1
DA:170,1
DA:172,0
DA:173,0
DA:176,0
DA:201,1
DA:203,0
DA:204,0
DA:205,0
DA:208,0
DA:247,0
DA:248,0
DA:250,0
DA:251,0
DA:253,0
DA:254,0
DA:266,0
LF:74
LH:26
BRDA:43,0,0,0
BRDA:43,0,1,0
BRDA:60,1,0,0
BRDA:60,1,1,0
BRDA:76,2,0,0
BRDA:76,2,1,0
BRDA:95,3,0,1
BRDA:95,3,1,0
BRDA:96,4,0,1
BRDA:96,4,1,0
BRDA:106,5,0,0
BRDA:106,5,1,1
BRDA:109,6,0,1
BRDA:109,6,1,0
BRDA:172,7,0,0
BRDA:172,7,1,0
BRDA:204,8,0,0
BRDA:204,8,1,0
BRDA:247,9,0,0
BRDA:247,9,1,0
BRDA:247,10,0,0
BRDA:247,10,1,0
BRDA:250,11,0,0
BRDA:250,11,1,0
BRDA:253,12,0,0
BRDA:253,12,1,0
BRDA:272,13,0,1
BRDA:272,13,1,0
BRF:28
BRH:5
end_of_record
TN:
SF:src\ReportAvailability.js
FN:6,ReportAvailability
FN:33,(anonymous_1)
FN:76,(anonymous_2)
FN:90,(anonymous_3)
FN:92,(anonymous_4)
FN:111,(anonymous_5)
FN:125,(anonymous_6)
FN:139,(anonymous_7)
FN:153,(anonymous_8)
FN:155,(anonymous_9)
FN:173,(anonymous_10)
FNF:11
FNH:10
FNDA:14,ReportAvailability
FNDA:0,(anonymous_1)
FNDA:1,(anonymous_2)
FNDA:1,(anonymous_3)
FNDA:26,(anonymous_4)
FNDA:1,(anonymous_5)
FNDA:1,(anonymous_6)
FNDA:1,(anonymous_7)
FNDA:1,(anonymous_8)
FNDA:42,(anonymous_9)
FNDA:1,(anonymous_10)
DA:9,14
DA:10,14
DA:14,14
DA:15,14
DA:16,14
DA:17,14
DA:18,14
DA:19,14
DA:24,14
DA:26,14
DA:27,1
DA:28,0
DA:30,1
DA:33,14
DA:34,0
DA:35,0
DA:36,0
DA:37,0
DA:39,0
DA:48,0
DA:50,0
DA:51,0
DA:52,0
DA:56,14
DA:76,1
DA:90,1
DA:93,26
DA:111,1
DA:125,1
DA:139,1
DA:153,1
DA:156,42
DA:173,1
LF:33
LH:23
BRDA:15,0,0,13
BRDA:15,0,1,1
BRDA:15,1,0,14
BRDA:15,1,1,14
BRDA:15,1,2,13
BRDA:26,2,0,1
BRDA:26,2,1,13
BRDA:27,3,0,0
BRDA:27,3,1,1
BRDA:27,4,0,1
BRDA:27,4,1,1
BRDA:27,4,2,0
BRDA:36,5,0,0
BRDA:36,5,1,0
BRDA:36,6,0,0
BRDA:36,6,1,0
BRDA:36,6,2,0
BRDA:77,7,0,14
BRDA:77,7,1,6
BRDA:77,7,2,8
BRDA:91,8,0,14
BRDA:91,8,1,0
BRDA:98,9,0,14
BRDA:98,9,1,1
BRDA:112,10,0,14
BRDA:112,10,1,8
BRDA:126,11,0,14
BRDA:126,11,1,8
BRDA:140,12,0,14
BRDA:140,12,1,8
BRDA:154,13,0,14
BRDA:154,13,1,0
BRDA:161,14,0,14
BRDA:161,14,1,5
BRF:34
BRH:25
end_of_record
TN:
SF:src\Sidebar.js
FN:4,SidebarCustom
FNF:1
FNH:1
FNDA:1,SidebarCustom
DA:5,1
LF:1
LH:1
BRF:0
BRH:0
end_of_record
TN:
SF:src\WarehouseWorker.js
FN:5,WarehouseWorker
FNF:1
FNH:1
FNDA:1,WarehouseWorker
DA:7,1
LF:1
LH:1
BRF:0
BRH:0
end_of_record
TN:
SF:src\styleMock.js
FNF:0
FNH:0
DA:1,1
LF:1
LH:1
BRF:0
BRH:0
end_of_record
